<?xml version="1.0" encoding="utf-8"?><TestRun id="4fdb4937-0b86-49e2-b564-3132971b4e30" name="dt-impact@SIEBL-4303-04 2018-11-11 16:39:15" runUser="SIEBL-4303-04\dt-impact" xmlns="http://microsoft.com/schemas/VisualStudio/TeamTest/2010"><Times creation="2018-11-11T16:39:15.7891599-06:00" queuing="2018-11-11T16:39:15.7891599-06:00" start="2018-11-11T16:39:14.4352085-06:00" finish="2018-11-11T16:39:34.9753297-06:00" /><TestSettings name="default" id="8eace6bd-493f-47cc-8c71-1704e3a5369d"><Deployment runDeploymentRoot="dt-impact_SIEBL-4303-04_2018-11-11_16_39_15" /></TestSettings><Results><UnitTestResult executionId="6f60a398-982d-49d3-bcde-cfe770b21e5a" testId="1b56f294-822a-4f0e-832b-cddc14259392" testName="JilTests.SerializeTests.Issue159" computerName="SIEBL-4303-04" duration="00:00:00.1200000" startTime="2018-11-11T16:39:16.5334690-06:00" endTime="2018-11-11T16:39:16.5334690-06:00" testType="13cdc9d9-ddb5-4fa4-a97d-d965ccfc6d4b" outcome="Passed" testListId="8c84fa94-04c1-424b-9868-57a2d4851a1d" relativeResultsDirectory="6f60a398-982d-49d3-bcde-cfe770b21e5a" /><UnitTestResult executionId="a178de59-63ed-429f-a8dc-9cf366664c5f" testId="9ebbf5d4-9eab-41bc-a951-30866019f243" testName="JilTests.DynamicSerializationTests.Issue87" computerName="SIEBL-4303-04" duration="00:00:00.0150000" startTime="2018-11-11T16:39:17.8104517-06:00" endTime="2018-11-11T16:39:17.8104517-06:00" testType="13cdc9d9-ddb5-4fa4-a97d-d965ccfc6d4b" outcome="Passed" testListId="8c84fa94-04c1-424b-9868-57a2d4851a1d" relativeResultsDirectory="a178de59-63ed-429f-a8dc-9cf366664c5f" /><UnitTestResult executionId="70aadaac-a7c9-48ff-a558-163043790120" testId="1da47d44-de3c-4d95-bed1-383fb294bde6" testName="JilTests.DeserializeTests.Dictionaries" computerName="SIEBL-4303-04" duration="00:00:00.2460000" startTime="2018-11-11T16:39:26.5898158-06:00" endTime="2018-11-11T16:39:26.5898158-06:00" testType="13cdc9d9-ddb5-4fa4-a97d-d965ccfc6d4b" outcome="Passed" testListId="8c84fa94-04c1-424b-9868-57a2d4851a1d" relativeResultsDirectory="70aadaac-a7c9-48ff-a558-163043790120" /><UnitTestResult executionId="457dbd64-f2f4-4f1d-90a8-39d469cf86ba" testId="eda3c037-ff1e-4aa3-8eab-b78f7e87cbd9" testName="JilTests.DeserializeDynamicTests.LessThanOrEquals" computerName="SIEBL-4303-04" duration="00:00:00.0100000" startTime="2018-11-11T16:39:19.7320145-06:00" endTime="2018-11-11T16:39:19.7320145-06:00" testType="13cdc9d9-ddb5-4fa4-a97d-d965ccfc6d4b" outcome="Passed" testListId="8c84fa94-04c1-424b-9868-57a2d4851a1d" relativeResultsDirectory="457dbd64-f2f4-4f1d-90a8-39d469cf86ba" /><UnitTestResult executionId="7d3b6a27-1afe-4749-95df-4f219b2cd3eb" testId="98183d19-ce01-496d-af1a-de16b6a15061" testName="JilTests.DeserializeTests.UnionTypeMisconfiguration" computerName="SIEBL-4303-04" duration="00:00:00.0480000" startTime="2018-11-11T16:39:27.1389397-06:00" endTime="2018-11-11T16:39:27.1389397-06:00" testType="13cdc9d9-ddb5-4fa4-a97d-d965ccfc6d4b" outcome="Passed" testListId="8c84fa94-04c1-424b-9868-57a2d4851a1d" relativeResultsDirectory="7d3b6a27-1afe-4749-95df-4f219b2cd3eb" /><UnitTestResult executionId="6221084b-6bc1-4d8b-8a97-d81eb8bc55ad" testId="c52bb509-14b9-483f-8c27-8253dac045d8" testName="JilTests.DeserializeDynamicTests.Enums" computerName="SIEBL-4303-04" duration="00:00:00.0170000" startTime="2018-11-11T16:39:19.2535552-06:00" endTime="2018-11-11T16:39:19.2535552-06:00" testType="13cdc9d9-ddb5-4fa4-a97d-d965ccfc6d4b" outcome="Passed" testListId="8c84fa94-04c1-424b-9868-57a2d4851a1d" relativeResultsDirectory="6221084b-6bc1-4d8b-8a97-d81eb8bc55ad" /><UnitTestResult executionId="eeaf49b8-9224-469d-82fb-e6e8a1dcd8e2" testId="71d71d78-5c4b-4df2-87e7-ad03b838d38b" testName="JilTests.DeserializeTests.ILists" computerName="SIEBL-4303-04" duration="00:00:00.1310000" startTime="2018-11-11T16:39:24.7735185-06:00" endTime="2018-11-11T16:39:24.7735185-06:00" testType="13cdc9d9-ddb5-4fa4-a97d-d965ccfc6d4b" outcome="Passed" testListId="8c84fa94-04c1-424b-9868-57a2d4851a1d" relativeResultsDirectory="eeaf49b8-9224-469d-82fb-e6e8a1dcd8e2" /><UnitTestResult executionId="f4ecff97-fc6a-48fc-b5b5-069b4c6ecb10" testId="c3043f89-e65c-4813-a75e-d0c112d4843a" testName="JilTests.SerializeTests.JilDirectiveAttributeTest" computerName="SIEBL-4303-04" duration="00:00:00.0040000" startTime="2018-11-11T16:39:29.8457770-06:00" endTime="2018-11-11T16:39:29.8457770-06:00" testType="13cdc9d9-ddb5-4fa4-a97d-d965ccfc6d4b" outcome="Passed" testListId="8c84fa94-04c1-424b-9868-57a2d4851a1d" relativeResultsDirectory="f4ecff97-fc6a-48fc-b5b5-069b4c6ecb10" /><UnitTestResult executionId="62937dd7-519e-4f29-961d-419dec648e3d" testId="4b27e4e6-a7ee-4d03-8254-1d5d0cf1cc30" testName="JilTests.DeserializeTests.Strings" computerName="SIEBL-4303-04" duration="00:00:00.0890000" startTime="2018-11-11T16:39:22.2137148-06:00" endTime="2018-11-11T16:39:22.2137148-06:00" testType="13cdc9d9-ddb5-4fa4-a97d-d965ccfc6d4b" outcome="Passed" testListId="8c84fa94-04c1-424b-9868-57a2d4851a1d" relativeResultsDirectory="62937dd7-519e-4f29-961d-419dec648e3d" /><UnitTestResult executionId="c9798b6e-27f6-4a8a-9b99-e2a755410571" testId="4a4ddc9a-401b-4a7b-9dad-6311a315f512" testName="JilTests.DeepObjectGraphTests.DeepObjectGraphShouldNotBeEmpty" computerName="SIEBL-4303-04" duration="00:00:00.9960000" startTime="2018-11-11T16:39:16.6105207-06:00" endTime="2018-11-11T16:39:16.6105207-06:00" testType="13cdc9d9-ddb5-4fa4-a97d-d965ccfc6d4b" outcome="Passed" testListId="8c84fa94-04c1-424b-9868-57a2d4851a1d" relativeResultsDirectory="c9798b6e-27f6-4a8a-9b99-e2a755410571" /><UnitTestResult executionId="419fc402-549b-46ca-a71d-46663e0e4f79" testId="99fa18bf-9ab7-4ca1-b213-decf676b1e80" testName="JilTests.SerializeTests.DateTimeFormats" computerName="SIEBL-4303-04" duration="00:00:00.0290000" startTime="2018-11-11T16:39:23.9438213-06:00" endTime="2018-11-11T16:39:23.9438213-06:00" testType="13cdc9d9-ddb5-4fa4-a97d-d965ccfc6d4b" outcome="Passed" testListId="8c84fa94-04c1-424b-9868-57a2d4851a1d" relativeResultsDirectory="419fc402-549b-46ca-a71d-46663e0e4f79" /><UnitTestResult executionId="33186651-4e5c-46b0-ae21-abe350d5e7d0" testId="38cbf0c7-2885-4340-afd1-147294fa94d0" testName="JilTests.DeserializeDynamicTests.Array" computerName="SIEBL-4303-04" duration="00:00:00.0070000" startTime="2018-11-11T16:39:18.5305624-06:00" endTime="2018-11-11T16:39:18.5305624-06:00" testType="13cdc9d9-ddb5-4fa4-a97d-d965ccfc6d4b" outcome="Passed" testListId="8c84fa94-04c1-424b-9868-57a2d4851a1d" relativeResultsDirectory="33186651-4e5c-46b0-ae21-abe350d5e7d0" /><UnitTestResult executionId="bf10833b-6c05-4d90-806b-1ed443a4a9d5" testId="9edf416f-f9ee-4255-b6b3-56ff174d9789" testName="JilTests.BadlySpecifiedTypeTests.SerializeString" computerName="SIEBL-4303-04" duration="00:00:00.0010000" startTime="2018-11-11T16:39:16.1602200-06:00" endTime="2018-11-11T16:39:16.1602200-06:00" testType="13cdc9d9-ddb5-4fa4-a97d-d965ccfc6d4b" outcome="Passed" testListId="8c84fa94-04c1-424b-9868-57a2d4851a1d" relativeResultsDirectory="bf10833b-6c05-4d90-806b-1ed443a4a9d5" /><UnitTestResult executionId="b33cb428-0de8-4a2b-8e8c-437ed16af605" testId="e6726369-1933-4f31-a729-4473d9cb7e5d" testName="JilTests.DeserializeTests.Issue48" computerName="SIEBL-4303-04" duration="00:00:00.0350000" startTime="2018-11-11T16:39:27.3913202-06:00" endTime="2018-11-11T16:39:27.3913202-06:00" testType="13cdc9d9-ddb5-4fa4-a97d-d965ccfc6d4b" outcome="Passed" testListId="8c84fa94-04c1-424b-9868-57a2d4851a1d" relativeResultsDirectory="b33cb428-0de8-4a2b-8e8c-437ed16af605" /><UnitTestResult executionId="b9bf7033-2f06-4542-a5a7-99a223e59df9" testId="9ba836be-2248-428b-8ede-61a28dd1e6c8" testName="JilTests.DeserializeTests.Issue73" computerName="SIEBL-4303-04" duration="00:00:00.0750000" startTime="2018-11-11T16:39:21.6479674-06:00" endTime="2018-11-11T16:39:21.6479674-06:00" testType="13cdc9d9-ddb5-4fa4-a97d-d965ccfc6d4b" outcome="Passed" testListId="8c84fa94-04c1-424b-9868-57a2d4851a1d" relativeResultsDirectory="b9bf7033-2f06-4542-a5a7-99a223e59df9" /><UnitTestResult executionId="569c17c4-016f-42c9-a509-e07e88e68979" testId="f71608a9-aca8-432f-bfd4-07ebf3842a83" testName="JilTests.DeserializeTests.Issue150" computerName="SIEBL-4303-04" duration="00:00:00.7560000" startTime="2018-11-11T16:39:24.0920638-06:00" endTime="2018-11-11T16:39:24.0920638-06:00" testType="13cdc9d9-ddb5-4fa4-a97d-d965ccfc6d4b" outcome="Passed" testListId="8c84fa94-04c1-424b-9868-57a2d4851a1d" relativeResultsDirectory="569c17c4-016f-42c9-a509-e07e88e68979" /><UnitTestResult executionId="7c7a429d-55c7-4750-a604-12c83be65be5" testId="beb85d9d-92d1-4d73-84d8-24d4cb7bcfc7" testName="JilTests.DynamicSerializationTests.SecondsTimeSpans" computerName="SIEBL-4303-04" duration="00:00:00.0060000" startTime="2018-11-11T16:39:18.0000980-06:00" endTime="2018-11-11T16:39:18.0000980-06:00" testType="13cdc9d9-ddb5-4fa4-a97d-d965ccfc6d4b" outcome="Passed" testListId="8c84fa94-04c1-424b-9868-57a2d4851a1d" relativeResultsDirectory="7c7a429d-55c7-4750-a604-12c83be65be5" /><UnitTestResult executionId="e7494bcc-2f1e-4671-b1fa-8789a9161117" testId="daa61c03-e7a0-431f-b434-3aa8c18c85ea" testName="JilTests.SerializeTests.EnumVariations" computerName="SIEBL-4303-04" duration="00:00:02.2530000" startTime="2018-11-11T16:39:26.2966205-06:00" endTime="2018-11-11T16:39:26.2966205-06:00" testType="13cdc9d9-ddb5-4fa4-a97d-d965ccfc6d4b" outcome="Passed" testListId="8c84fa94-04c1-424b-9868-57a2d4851a1d" relativeResultsDirectory="e7494bcc-2f1e-4671-b1fa-8789a9161117" /><UnitTestResult executionId="7f01032b-f32b-4e9a-ab2d-e3a560855806" testId="3bdf2ced-184b-45ff-868b-f6e0d61db6e7" testName="JilTests.SerializeTests.ValueTypes" computerName="SIEBL-4303-04" duration="00:00:00.3940000" startTime="2018-11-11T16:39:17.7299377-06:00" endTime="2018-11-11T16:39:17.7299377-06:00" testType="13cdc9d9-ddb5-4fa4-a97d-d965ccfc6d4b" outcome="Passed" testListId="8c84fa94-04c1-424b-9868-57a2d4851a1d" relativeResultsDirectory="7f01032b-f32b-4e9a-ab2d-e3a560855806" /><UnitTestResult executionId="cd419bb7-2864-49a0-80d9-dbf83a193b2e" testId="c22c1d30-5596-4940-8e19-447fbe5098e3" testName="JilTests.DeserializeTests.Issue143TimeSpanFractionOverflow" computerName="SIEBL-4303-04" duration="00:00:00.0050000" startTime="2018-11-11T16:39:30.7430369-06:00" endTime="2018-11-11T16:39:30.7430369-06:00" testType="13cdc9d9-ddb5-4fa4-a97d-d965ccfc6d4b" outcome="Passed" testListId="8c84fa94-04c1-424b-9868-57a2d4851a1d" relativeResultsDirectory="cd419bb7-2864-49a0-80d9-dbf83a193b2e" /><UnitTestResult executionId="7d9e5251-8a32-4ee8-b405-754379d48605" testId="95398eea-45ad-4980-84be-951c6b852c80" testName="JilTests.DeserializeDynamicTests.IEnumerableDynamic" computerName="SIEBL-4303-04" duration="00:00:00.0070000" startTime="2018-11-11T16:39:19.8353595-06:00" endTime="2018-11-11T16:39:19.8353595-06:00" testType="13cdc9d9-ddb5-4fa4-a97d-d965ccfc6d4b" outcome="Passed" testListId="8c84fa94-04c1-424b-9868-57a2d4851a1d" relativeResultsDirectory="7d9e5251-8a32-4ee8-b405-754379d48605" /><UnitTestResult executionId="b4ae2ec7-306e-4e29-8a44-d5295dfaed8d" testId="01de45ab-5475-486c-ba53-b62e08e056a0" testName="JilTests.DeserializeTests.Lists" computerName="SIEBL-4303-04" duration="00:00:00.0180000" startTime="2018-11-11T16:39:31.3944716-06:00" endTime="2018-11-11T16:39:31.3944716-06:00" testType="13cdc9d9-ddb5-4fa4-a97d-d965ccfc6d4b" outcome="Passed" testListId="8c84fa94-04c1-424b-9868-57a2d4851a1d" relativeResultsDirectory="b4ae2ec7-306e-4e29-8a44-d5295dfaed8d" /><UnitTestResult executionId="4416ef00-e843-4273-b127-69744ba490bb" testId="fc95f805-8f5e-47a6-83be-71fa518bb3c4" testName="JilTests.SerializeTests.Issue165" computerName="SIEBL-4303-04" duration="00:00:00.0070000" startTime="2018-11-11T16:39:23.9158026-06:00" endTime="2018-11-11T16:39:23.9158026-06:00" testType="13cdc9d9-ddb5-4fa4-a97d-d965ccfc6d4b" outcome="Passed" testListId="8c84fa94-04c1-424b-9868-57a2d4851a1d" relativeResultsDirectory="4416ef00-e843-4273-b127-69744ba490bb" /><UnitTestResult executionId="5debc3c5-a91e-49e4-83cb-5de052ca957e" testId="6f645a14-7b39-467d-bafe-78e76814c9ad" testName="JilTests.DeserializeDynamicTests.Not" computerName="SIEBL-4303-04" duration="00:00:00.0060000" startTime="2018-11-11T16:39:19.5238928-06:00" endTime="2018-11-11T16:39:19.5238928-06:00" testType="13cdc9d9-ddb5-4fa4-a97d-d965ccfc6d4b" outcome="Passed" testListId="8c84fa94-04c1-424b-9868-57a2d4851a1d" relativeResultsDirectory="5debc3c5-a91e-49e4-83cb-5de052ca957e" /><UnitTestResult executionId="bbe6ed8b-167f-43c5-89aa-6867232b042a" testId="bb4811c3-bc8f-46df-9127-3fb0a1b82215" testName="JilTests.DeserializeTests.PrimitiveWrappers" computerName="SIEBL-4303-04" duration="00:00:00.0260000" startTime="2018-11-11T16:39:33.2547138-06:00" endTime="2018-11-11T16:39:33.2547138-06:00" testType="13cdc9d9-ddb5-4fa4-a97d-d965ccfc6d4b" outcome="Passed" testListId="8c84fa94-04c1-424b-9868-57a2d4851a1d" relativeResultsDirectory="bbe6ed8b-167f-43c5-89aa-6867232b042a" /><UnitTestResult executionId="4fa8801e-7ac6-47c2-98b1-d3ac26308a96" testId="2943ecb8-6f3a-48aa-9d80-f16ad2bb36af" testName="JilTests.DeserializeDynamicTests.Number" computerName="SIEBL-4303-04" duration="00:00:00.0030000" startTime="2018-11-11T16:39:18.9823758-06:00" endTime="2018-11-11T16:39:18.9823758-06:00" testType="13cdc9d9-ddb5-4fa4-a97d-d965ccfc6d4b" outcome="Passed" testListId="8c84fa94-04c1-424b-9868-57a2d4851a1d" relativeResultsDirectory="4fa8801e-7ac6-47c2-98b1-d3ac26308a96" /><UnitTestResult executionId="4d0b4478-f818-42e5-b7ee-410029668cc1" testId="e4b85f62-2d08-4b52-bb73-7eae02f93e36" testName="JilTests.EnumFlagsTest.TestEnumFlagsSerialize" computerName="SIEBL-4303-04" duration="00:00:00.0900000" startTime="2018-11-11T16:39:16.3333352-06:00" endTime="2018-11-11T16:39:16.3333352-06:00" testType="13cdc9d9-ddb5-4fa4-a97d-d965ccfc6d4b" outcome="Passed" testListId="8c84fa94-04c1-424b-9868-57a2d4851a1d" relativeResultsDirectory="4d0b4478-f818-42e5-b7ee-410029668cc1" /><UnitTestResult executionId="77b39ca0-c3f8-4979-b574-20bd3c8d9687" testId="c53457cb-370d-47a2-8694-fcd26db89181" testName="JilTests.DeserializeDynamicTests.And" computerName="SIEBL-4303-04" duration="00:00:00.0590000" startTime="2018-11-11T16:39:18.6780617-06:00" endTime="2018-11-11T16:39:18.6780617-06:00" testType="13cdc9d9-ddb5-4fa4-a97d-d965ccfc6d4b" outcome="Passed" testListId="8c84fa94-04c1-424b-9868-57a2d4851a1d" relativeResultsDirectory="77b39ca0-c3f8-4979-b574-20bd3c8d9687" /><UnitTestResult executionId="c03ee784-c51d-40d0-a9c4-92b452b02339" testId="b90fda5e-3a44-4ae3-8ef3-be4648f35b38" testName="JilTests.DeserializeTests.MalformedISO8601(dateString: &quot;\&quot;19991200\&quot;&quot;, expectedError: &quot;Expected day to be between 01 and 31&quot;)" computerName="SIEBL-4303-04" duration="00:00:00.0010000" startTime="2018-11-11T16:39:15.9360707-06:00" endTime="2018-11-11T16:39:15.9360707-06:00" testType="13cdc9d9-ddb5-4fa4-a97d-d965ccfc6d4b" outcome="Passed" testListId="8c84fa94-04c1-424b-9868-57a2d4851a1d" relativeResultsDirectory="c03ee784-c51d-40d0-a9c4-92b452b02339" /><UnitTestResult executionId="d2112fab-d66d-44d8-9ef1-8eddc98ab835" testId="f8b756c3-0041-4479-8702-c84f0df6c53c" testName="JilTests.DynamicSerializationTests.DynamicObject" computerName="SIEBL-4303-04" duration="00:00:00.0480000" startTime="2018-11-11T16:39:17.5097902-06:00" endTime="2018-11-11T16:39:17.5097902-06:00" testType="13cdc9d9-ddb5-4fa4-a97d-d965ccfc6d4b" outcome="Passed" testListId="8c84fa94-04c1-424b-9868-57a2d4851a1d" relativeResultsDirectory="d2112fab-d66d-44d8-9ef1-8eddc98ab835" /><UnitTestResult executionId="2d771be2-20b0-4983-b8f7-5896bb44675b" testId="7171fc35-b1ed-46d9-8fd2-a67dc7d91e43" testName="JilTests.DeserializeTests.Issue143TimeSpan" computerName="SIEBL-4303-04" duration="00:00:00.0010000" startTime="2018-11-11T16:39:34.1633210-06:00" endTime="2018-11-11T16:39:34.1633210-06:00" testType="13cdc9d9-ddb5-4fa4-a97d-d965ccfc6d4b" outcome="Passed" testListId="8c84fa94-04c1-424b-9868-57a2d4851a1d" relativeResultsDirectory="2d771be2-20b0-4983-b8f7-5896bb44675b" /><UnitTestResult executionId="564d84e0-052d-4540-ab9d-11c8e65d77ba" testId="2c90a0c9-a755-4249-aec3-4dbea0cf6ba3" testName="JilTests.UtilsTests.PropertyFieldUsage" computerName="SIEBL-4303-04" duration="00:00:00.0110000" startTime="2018-11-11T16:39:15.6869044-06:00" endTime="2018-11-11T16:39:15.6869044-06:00" testType="13cdc9d9-ddb5-4fa4-a97d-d965ccfc6d4b" outcome="Passed" testListId="8c84fa94-04c1-424b-9868-57a2d4851a1d" relativeResultsDirectory="564d84e0-052d-4540-ab9d-11c8e65d77ba" /><UnitTestResult executionId="d7e65a10-8b21-467d-b474-848f66cf26ae" testId="dc54c187-9083-4046-a4ff-c077c0a76bb9" testName="JilTests.SerializeTests.ExcludeNulls" computerName="SIEBL-4303-04" duration="00:00:00.0550000" startTime="2018-11-11T16:39:16.4143896-06:00" endTime="2018-11-11T16:39:16.4143896-06:00" testType="13cdc9d9-ddb5-4fa4-a97d-d965ccfc6d4b" outcome="Passed" testListId="8c84fa94-04c1-424b-9868-57a2d4851a1d" relativeResultsDirectory="d7e65a10-8b21-467d-b474-848f66cf26ae" /><UnitTestResult executionId="fc1d9297-9aa3-49cd-815f-c5b458f43182" testId="6c23bd29-ec4c-488c-9e28-e346489dfe5d" testName="JilTests.DeserializeTests.InfoFailure" computerName="SIEBL-4303-04" duration="00:00:00.1640000" startTime="2018-11-11T16:39:21.4414296-06:00" endTime="2018-11-11T16:39:21.4414296-06:00" testType="13cdc9d9-ddb5-4fa4-a97d-d965ccfc6d4b" outcome="Passed" testListId="8c84fa94-04c1-424b-9868-57a2d4851a1d" relativeResultsDirectory="fc1d9297-9aa3-49cd-815f-c5b458f43182" /><UnitTestResult executionId="f517938f-a9ff-4d63-8150-2cca9763559a" testId="ec39b888-7856-4bf4-bfe1-b72a066d2261" testName="JilTests.DeserializeTests.Issue270" computerName="SIEBL-4303-04" duration="00:00:00.0210000" startTime="2018-11-11T16:39:21.7800565-06:00" endTime="2018-11-11T16:39:21.7800565-06:00" testType="13cdc9d9-ddb5-4fa4-a97d-d965ccfc6d4b" outcome="Passed" testListId="8c84fa94-04c1-424b-9868-57a2d4851a1d" relativeResultsDirectory="f517938f-a9ff-4d63-8150-2cca9763559a" /><UnitTestResult executionId="53880b22-b35f-4598-b7c3-333fe51a35c6" testId="b7f3a25b-72c7-4c99-9453-896215c93c3b" testName="JilTests.SerializeTests.NullArrayElements" computerName="SIEBL-4303-04" duration="00:00:00.0040000" startTime="2018-11-11T16:39:32.8404364-06:00" endTime="2018-11-11T16:39:32.8404364-06:00" testType="13cdc9d9-ddb5-4fa4-a97d-d965ccfc6d4b" outcome="Passed" testListId="8c84fa94-04c1-424b-9868-57a2d4851a1d" relativeResultsDirectory="53880b22-b35f-4598-b7c3-333fe51a35c6" /><UnitTestResult executionId="bf2a8f06-8ac0-490b-a8e3-5719bc821da9" testId="0416cbfd-5778-4921-be89-bd93c2c5c352" testName="JilTests.DeserializeTests.NoNameDataMember" computerName="SIEBL-4303-04" duration="00:00:00.0250000" startTime="2018-11-11T16:39:22.3729088-06:00" endTime="2018-11-11T16:39:22.3729088-06:00" testType="13cdc9d9-ddb5-4fa4-a97d-d965ccfc6d4b" outcome="Passed" testListId="8c84fa94-04c1-424b-9868-57a2d4851a1d" relativeResultsDirectory="bf2a8f06-8ac0-490b-a8e3-5719bc821da9" /><UnitTestResult executionId="943db82e-fbd4-4645-8260-8163748f2c30" testId="e41a68bb-15af-4a69-b38f-4851322783bf" testName="JilTests.DeserializeDynamicTests.Issue117(input: &quot;-123.&quot;, expectedError: &quot;Expected digit&quot;)" computerName="SIEBL-4303-04" duration="00:00:00.0010000" startTime="2018-11-11T16:39:16.2682924-06:00" endTime="2018-11-11T16:39:16.2682924-06:00" testType="13cdc9d9-ddb5-4fa4-a97d-d965ccfc6d4b" outcome="Passed" testListId="8c84fa94-04c1-424b-9868-57a2d4851a1d" relativeResultsDirectory="943db82e-fbd4-4645-8260-8163748f2c30" /><UnitTestResult executionId="5b3da416-6dc3-45ef-922f-2caeb6f30096" testId="4675155d-471c-47c9-8475-b564a46cca00" testName="JilTests.DynamicSerializationTests.TopLevelNulls" computerName="SIEBL-4303-04" duration="00:00:00.0660000" startTime="2018-11-11T16:39:17.4617581-06:00" endTime="2018-11-11T16:39:17.4617581-06:00" testType="13cdc9d9-ddb5-4fa4-a97d-d965ccfc6d4b" outcome="Passed" testListId="8c84fa94-04c1-424b-9868-57a2d4851a1d" relativeResultsDirectory="5b3da416-6dc3-45ef-922f-2caeb6f30096" /><UnitTestResult executionId="b91c8851-efa8-457a-b70e-b1f267687d14" testId="18f68709-c2b6-44d0-87c1-8a7aae8f1731" testName="JilTests.DeserializeTests.EnumMemberAttributeOverride" computerName="SIEBL-4303-04" duration="00:00:00.0570000" startTime="2018-11-11T16:39:30.6199545-06:00" endTime="2018-11-11T16:39:30.6199545-06:00" testType="13cdc9d9-ddb5-4fa4-a97d-d965ccfc6d4b" outcome="Passed" testListId="8c84fa94-04c1-424b-9868-57a2d4851a1d" relativeResultsDirectory="b91c8851-efa8-457a-b70e-b1f267687d14" /><UnitTestResult executionId="a9a78772-70ef-49ee-93a7-d90f77a2b271" testId="310dbafd-301c-4421-8d77-44655387d4d9" testName="JilTests.SerializeTests.FlagOption" computerName="SIEBL-4303-04" duration="00:00:01.5990000" startTime="2018-11-11T16:39:28.0594429-06:00" endTime="2018-11-11T16:39:28.0594429-06:00" testType="13cdc9d9-ddb5-4fa4-a97d-d965ccfc6d4b" outcome="Passed" testListId="8c84fa94-04c1-424b-9868-57a2d4851a1d" relativeResultsDirectory="a9a78772-70ef-49ee-93a7-d90f77a2b271" /><UnitTestResult executionId="16a02ffd-6808-4780-a77d-edb99bbf06d6" testId="adc840be-685a-4777-a5af-391f5555783d" testName="JilTests.DeserializeTests.MalformedISO8601(dateString: &quot;\&quot;1900-\&quot;&quot;, expectedError: &quot;Unexpected date string length&quot;)" computerName="SIEBL-4303-04" duration="00:00:00.0010000" startTime="2018-11-11T16:39:15.8700263-06:00" endTime="2018-11-11T16:39:15.8700263-06:00" testType="13cdc9d9-ddb5-4fa4-a97d-d965ccfc6d4b" outcome="Passed" testListId="8c84fa94-04c1-424b-9868-57a2d4851a1d" relativeResultsDirectory="16a02ffd-6808-4780-a77d-edb99bbf06d6" /><UnitTestResult executionId="9253e748-8db6-4aa3-a0fa-bb2294d0daa7" testId="abd998c2-532a-4e4b-b750-3596470098ae" testName="JilTests.DeserializeTests.MalformedISO8601(dateString: &quot;\&quot;1900-01-01T19:19+00:\&quot;&quot;, expectedError: &quot;Not enough character for ISO8601 timezone offset&quot;)" computerName="SIEBL-4303-04" duration="00:00:00.0010000" startTime="2018-11-11T16:39:15.8770313-06:00" endTime="2018-11-11T16:39:15.8770313-06:00" testType="13cdc9d9-ddb5-4fa4-a97d-d965ccfc6d4b" outcome="Passed" testListId="8c84fa94-04c1-424b-9868-57a2d4851a1d" relativeResultsDirectory="9253e748-8db6-4aa3-a0fa-bb2294d0daa7" /><UnitTestResult executionId="a6f9a4d0-1124-4090-932c-f1fea99d8db6" testId="36058d4d-45fc-4419-8bd0-12a9f57f391b" testName="JilTests.DeserializeTests.SerializationNameFormatsDeserialization" computerName="SIEBL-4303-04" duration="00:00:00.6100000" startTime="2018-11-11T16:39:30.5032416-06:00" endTime="2018-11-11T16:39:30.5032416-06:00" testType="13cdc9d9-ddb5-4fa4-a97d-d965ccfc6d4b" outcome="Passed" testListId="8c84fa94-04c1-424b-9868-57a2d4851a1d" relativeResultsDirectory="a6f9a4d0-1124-4090-932c-f1fea99d8db6" /><UnitTestResult executionId="eb513d2d-6ec2-4ab0-959c-94eac5fe67ce" testId="8da7d795-a03f-4921-abdd-e2b1d9ec66a0" testName="JilTests.DeserializeDynamicTests.Issue134" computerName="SIEBL-4303-04" duration="00:00:00.0030000" startTime="2018-11-11T16:39:19.3396142-06:00" endTime="2018-11-11T16:39:19.3396142-06:00" testType="13cdc9d9-ddb5-4fa4-a97d-d965ccfc6d4b" outcome="Passed" testListId="8c84fa94-04c1-424b-9868-57a2d4851a1d" relativeResultsDirectory="eb513d2d-6ec2-4ab0-959c-94eac5fe67ce" /><UnitTestResult executionId="afb7190f-5ce2-4d42-9949-fbebe08bc1b9" testId="b5d36001-6bf6-4329-b21b-96ed3aa590ae" testName="JilTests.DeserializeTests.DateTimeOffsetPreservesOffset" computerName="SIEBL-4303-04" duration="00:00:00.0120000" startTime="2018-11-11T16:39:29.8948094-06:00" endTime="2018-11-11T16:39:29.8948094-06:00" testType="13cdc9d9-ddb5-4fa4-a97d-d965ccfc6d4b" outcome="Passed" testListId="8c84fa94-04c1-424b-9868-57a2d4851a1d" relativeResultsDirectory="afb7190f-5ce2-4d42-9949-fbebe08bc1b9" /><UnitTestResult executionId="670eeeb7-bdd7-4e2b-b95b-ec27208d4b97" testId="bd1c6b68-15be-4e7a-9e5e-70fd73b173bf" testName="JilTests.DeserializeTests.Issue143DateTimeOffsetFractionOverflow" computerName="SIEBL-4303-04" duration="00:00:00.0010000" startTime="2018-11-11T16:39:30.6389678-06:00" endTime="2018-11-11T16:39:30.6389678-06:00" testType="13cdc9d9-ddb5-4fa4-a97d-d965ccfc6d4b" outcome="Passed" testListId="8c84fa94-04c1-424b-9868-57a2d4851a1d" relativeResultsDirectory="670eeeb7-bdd7-4e2b-b95b-ec27208d4b97" /><UnitTestResult executionId="a927a250-e75b-4c19-8d61-fb1767e8affe" testId="f2402b2a-62a1-483e-a5b1-72fcbd57834c" testName="JilTests.DeserializeTests.Issue117_Decimal" computerName="SIEBL-4303-04" duration="00:00:00.0030000" startTime="2018-11-11T16:39:28.1184823-06:00" endTime="2018-11-11T16:39:28.1184823-06:00" testType="13cdc9d9-ddb5-4fa4-a97d-d965ccfc6d4b" outcome="Passed" testListId="8c84fa94-04c1-424b-9868-57a2d4851a1d" relativeResultsDirectory="a927a250-e75b-4c19-8d61-fb1767e8affe" /><UnitTestResult executionId="df87fa77-0fb4-4db4-bf58-f95ae2487319" testId="e0d9189d-54ee-492b-afc3-1a7977e63d08" testName="JilTests.EnumFlagsTest.TestEnumFlagsDeserialize3" computerName="SIEBL-4303-04" duration="00:00:00.0010000" startTime="2018-11-11T16:39:16.3453435-06:00" endTime="2018-11-11T16:39:16.3453435-06:00" testType="13cdc9d9-ddb5-4fa4-a97d-d965ccfc6d4b" outcome="Passed" testListId="8c84fa94-04c1-424b-9868-57a2d4851a1d" relativeResultsDirectory="df87fa77-0fb4-4db4-bf58-f95ae2487319" /><UnitTestResult executionId="52bc28c0-09a8-4191-85c7-7ad27c48403e" testId="c7c247de-678e-4e56-b7c0-b9bc0b1cb99c" testName="JilTests.DeserializeTests.Issue203" computerName="SIEBL-4303-04" duration="00:00:00.0930000" startTime="2018-11-11T16:39:18.5065464-06:00" endTime="2018-11-11T16:39:18.5065464-06:00" testType="13cdc9d9-ddb5-4fa4-a97d-d965ccfc6d4b" outcome="Passed" testListId="8c84fa94-04c1-424b-9868-57a2d4851a1d" relativeResultsDirectory="52bc28c0-09a8-4191-85c7-7ad27c48403e" /><UnitTestResult executionId="84662a6a-28b2-4982-93d9-3d4a903ee7a4" testId="35a34e8a-6925-49b2-836d-4a69fb8af639" testName="JilTests.DeserializeTests.NonDiscriminantUnion" computerName="SIEBL-4303-04" duration="00:00:00.0260000" startTime="2018-11-11T16:39:28.3616437-06:00" endTime="2018-11-11T16:39:28.3616437-06:00" testType="13cdc9d9-ddb5-4fa4-a97d-d965ccfc6d4b" outcome="Passed" testListId="8c84fa94-04c1-424b-9868-57a2d4851a1d" relativeResultsDirectory="84662a6a-28b2-4982-93d9-3d4a903ee7a4" /><UnitTestResult executionId="0fd714a7-12ca-4bd4-80c5-d0639f342c8a" testId="a65d50f0-6147-419e-89ef-95bba6ec859b" testName="JilTests.DeserializeTests.IllegalUTF16Char" computerName="SIEBL-4303-04" duration="00:00:00.0010000" startTime="2018-11-11T16:39:20.6018697-06:00" endTime="2018-11-11T16:39:20.6018697-06:00" testType="13cdc9d9-ddb5-4fa4-a97d-d965ccfc6d4b" outcome="Passed" testListId="8c84fa94-04c1-424b-9868-57a2d4851a1d" relativeResultsDirectory="0fd714a7-12ca-4bd4-80c5-d0639f342c8a" /><UnitTestResult executionId="aef2215a-61b4-4fc7-89ba-7d3d0beceaed" testId="e93c3424-4c70-4694-8494-92feb0a69331" testName="JilTests.DeserializeTests.MalformedISO8601(dateString: &quot;\&quot;1900366\&quot;&quot;, expectedError: &quot;Ordinal day can only be 366 in a leap year&quot;)" computerName="SIEBL-4303-04" duration="00:00:00.0010000" startTime="2018-11-11T16:39:15.9140557-06:00" endTime="2018-11-11T16:39:15.9140557-06:00" testType="13cdc9d9-ddb5-4fa4-a97d-d965ccfc6d4b" outcome="Passed" testListId="8c84fa94-04c1-424b-9868-57a2d4851a1d" relativeResultsDirectory="aef2215a-61b4-4fc7-89ba-7d3d0beceaed" /><UnitTestResult executionId="79deeae9-a925-4efd-a186-7c73d8b94268" testId="44133293-6f9b-4853-a835-eedaf8641cfa" testName="JilTests.DeserializeTests.EmptyEnum" computerName="SIEBL-4303-04" duration="00:00:00.0760000" startTime="2018-11-11T16:39:33.2287000-06:00" endTime="2018-11-11T16:39:33.2287000-06:00" testType="13cdc9d9-ddb5-4fa4-a97d-d965ccfc6d4b" outcome="Passed" testListId="8c84fa94-04c1-424b-9868-57a2d4851a1d" relativeResultsDirectory="79deeae9-a925-4efd-a186-7c73d8b94268" /><UnitTestResult executionId="9ccb8b4e-29c6-43a7-a4d6-36a990541bb0" testId="f04d95fa-6576-4414-be3b-36f4f7afce03" testName="JilTests.DeserializeDynamicTests.Null" computerName="SIEBL-4303-04" duration="00:00:00.0010000" startTime="2018-11-11T16:39:19.5248935-06:00" endTime="2018-11-11T16:39:19.5248935-06:00" testType="13cdc9d9-ddb5-4fa4-a97d-d965ccfc6d4b" outcome="Passed" testListId="8c84fa94-04c1-424b-9868-57a2d4851a1d" relativeResultsDirectory="9ccb8b4e-29c6-43a7-a4d6-36a990541bb0" /><UnitTestResult executionId="781d7ce4-7c9f-424a-b186-7ce2aa9db101" testId="9cc7e44f-4a52-4823-a39d-a33a45628b96" testName="JilTests.UtilsTests.FindRecursiveTypes_DictDict" computerName="SIEBL-4303-04" duration="00:00:00.0530000" startTime="2018-11-11T16:39:15.6768975-06:00" endTime="2018-11-11T16:39:15.6768975-06:00" testType="13cdc9d9-ddb5-4fa4-a97d-d965ccfc6d4b" outcome="Passed" testListId="8c84fa94-04c1-424b-9868-57a2d4851a1d" relativeResultsDirectory="781d7ce4-7c9f-424a-b186-7ce2aa9db101" /><UnitTestResult executionId="90819d75-d94c-4f3f-b77b-211fe467ed3d" testId="35bb7384-6e4b-46f9-ae3b-d38f2d72d929" testName="JilTests.DeserializeDynamicTests.Issue117(input: &quot;-001&quot;, expectedError: &quot;Number cannot have leading zeros&quot;)" computerName="SIEBL-4303-04" duration="00:00:00.0010000" startTime="2018-11-11T16:39:16.2562841-06:00" endTime="2018-11-11T16:39:16.2562841-06:00" testType="13cdc9d9-ddb5-4fa4-a97d-d965ccfc6d4b" outcome="Passed" testListId="8c84fa94-04c1-424b-9868-57a2d4851a1d" relativeResultsDirectory="90819d75-d94c-4f3f-b77b-211fe467ed3d" /><UnitTestResult executionId="1ff7c23b-6bd2-47f1-a10a-c341b920d63c" testId="e63cefc1-a683-4a1e-9037-e47d8e764867" testName="JilTests.DeserializeTests.CaseInsensitiveEnums" computerName="SIEBL-4303-04" duration="00:00:00.1040000" startTime="2018-11-11T16:39:27.0809004-06:00" endTime="2018-11-11T16:39:27.0809004-06:00" testType="13cdc9d9-ddb5-4fa4-a97d-d965ccfc6d4b" outcome="Passed" testListId="8c84fa94-04c1-424b-9868-57a2d4851a1d" relativeResultsDirectory="1ff7c23b-6bd2-47f1-a10a-c341b920d63c" /><UnitTestResult executionId="5eeec8ec-6cf0-4e2c-bce1-64cabec535d2" testId="cd0aaf3c-ae48-4ca1-8652-56ad98edd268" testName="JilTests.SerializeTests.Issue231" computerName="SIEBL-4303-04" duration="00:00:00.0040000" startTime="2018-11-11T16:39:32.1839984-06:00" endTime="2018-11-11T16:39:32.1839984-06:00" testType="13cdc9d9-ddb5-4fa4-a97d-d965ccfc6d4b" outcome="Passed" testListId="8c84fa94-04c1-424b-9868-57a2d4851a1d" relativeResultsDirectory="5eeec8ec-6cf0-4e2c-bce1-64cabec535d2" /><UnitTestResult executionId="92a793d0-2900-4724-a5a2-7f9ff06241ee" testId="341163c2-9424-4fe6-bd17-1f15fc218708" testName="JilTests.DeserializeTests.Enums" computerName="SIEBL-4303-04" duration="00:00:00.0980000" startTime="2018-11-11T16:39:20.4247515-06:00" endTime="2018-11-11T16:39:20.4247515-06:00" testType="13cdc9d9-ddb5-4fa4-a97d-d965ccfc6d4b" outcome="Passed" testListId="8c84fa94-04c1-424b-9868-57a2d4851a1d" relativeResultsDirectory="92a793d0-2900-4724-a5a2-7f9ff06241ee" /><UnitTestResult executionId="9ceb9def-bfe5-4794-91c6-3ba6343ef1f8" testId="d4ed1629-072d-4a3b-b256-d5fab80a88b6" testName="JilTests.SerializeTests.IReadOnlyList" computerName="SIEBL-4303-04" duration="00:00:00.0110000" startTime="2018-11-11T16:39:16.7886393-06:00" endTime="2018-11-11T16:39:16.7886393-06:00" testType="13cdc9d9-ddb5-4fa4-a97d-d965ccfc6d4b" outcome="Passed" testListId="8c84fa94-04c1-424b-9868-57a2d4851a1d" relativeResultsDirectory="9ceb9def-bfe5-4794-91c6-3ba6343ef1f8" /><UnitTestResult executionId="ddc6c07f-4f2f-43db-b8c6-ce51c4d4c942" testId="649c9d59-9041-421b-8b84-705107f05a9d" testName="JilTests.SerializeTests.Issue127" computerName="SIEBL-4303-04" duration="00:00:00.0290000" startTime="2018-11-11T16:39:28.5327575-06:00" endTime="2018-11-11T16:39:28.5327575-06:00" testType="13cdc9d9-ddb5-4fa4-a97d-d965ccfc6d4b" outcome="Passed" testListId="8c84fa94-04c1-424b-9868-57a2d4851a1d" relativeResultsDirectory="ddc6c07f-4f2f-43db-b8c6-ce51c4d4c942" /><UnitTestResult executionId="f12e1e21-f3ca-44e1-808b-c98ae875d8fb" testId="aadcb02d-161a-4951-acd2-57e4b073e60b" testName="JilTests.SerializeTests.List" computerName="SIEBL-4303-04" duration="00:00:00.0060000" startTime="2018-11-11T16:39:26.4607312-06:00" endTime="2018-11-11T16:39:26.4607312-06:00" testType="13cdc9d9-ddb5-4fa4-a97d-d965ccfc6d4b" outcome="Passed" testListId="8c84fa94-04c1-424b-9868-57a2d4851a1d" relativeResultsDirectory="f12e1e21-f3ca-44e1-808b-c98ae875d8fb" /><UnitTestResult executionId="e86ee934-5d98-48bb-adc4-2fdac9cb4a63" testId="9e3b1a3e-7416-4289-9446-88d1d47cad3f" testName="JilTests.DeserializeTests.Bytes" computerName="SIEBL-4303-04" duration="00:00:00.0090000" startTime="2018-11-11T16:39:28.3366264-06:00" endTime="2018-11-11T16:39:28.3366264-06:00" testType="13cdc9d9-ddb5-4fa4-a97d-d965ccfc6d4b" outcome="Passed" testListId="8c84fa94-04c1-424b-9868-57a2d4851a1d" relativeResultsDirectory="e86ee934-5d98-48bb-adc4-2fdac9cb4a63" /><UnitTestResult executionId="684bac8b-4edb-4afb-a041-f47300d1654c" testId="c523aef9-d572-42f1-9654-8a808be9f1d7" testName="JilTests.DeserializeTests.MalformedISO8601(dateString: &quot;\&quot;1999W1\&quot;&quot;, expectedError: &quot;Unexpected date string length&quot;)" computerName="SIEBL-4303-04" duration="00:00:00.0010000" startTime="2018-11-11T16:39:15.9120547-06:00" endTime="2018-11-11T16:39:15.9120547-06:00" testType="13cdc9d9-ddb5-4fa4-a97d-d965ccfc6d4b" outcome="Passed" testListId="8c84fa94-04c1-424b-9868-57a2d4851a1d" relativeResultsDirectory="684bac8b-4edb-4afb-a041-f47300d1654c" /><UnitTestResult executionId="49ec928d-ddd8-4ef2-86a3-b26cb93c50cc" testId="f5092287-aa6e-4aff-bd00-93364176290c" testName="JilTests.DeserializeTests.IReadOnlyDictionaryEnumKeys" computerName="SIEBL-4303-04" duration="00:00:00.4480000" startTime="2018-11-11T16:39:24.6424310-06:00" endTime="2018-11-11T16:39:24.6424310-06:00" testType="13cdc9d9-ddb5-4fa4-a97d-d965ccfc6d4b" outcome="Passed" testListId="8c84fa94-04c1-424b-9868-57a2d4851a1d" relativeResultsDirectory="49ec928d-ddd8-4ef2-86a3-b26cb93c50cc" /><UnitTestResult executionId="76fcd63c-0fd4-4548-a178-4fc91b46b3f2" testId="9a85ac97-d454-43a5-b4aa-8cb6680d958d" testName="JilTests.DeserializeTests.Issue53" computerName="SIEBL-4303-04" duration="00:00:00.0750000" startTime="2018-11-11T16:39:28.3266194-06:00" endTime="2018-11-11T16:39:28.3266194-06:00" testType="13cdc9d9-ddb5-4fa4-a97d-d965ccfc6d4b" outcome="Passed" testListId="8c84fa94-04c1-424b-9868-57a2d4851a1d" relativeResultsDirectory="76fcd63c-0fd4-4548-a178-4fc91b46b3f2" /><UnitTestResult executionId="e1908c11-8dd2-4cce-9426-50b807a50311" testId="91c6bd3b-5dbf-4212-ac19-e461f40f6c4a" testName="JilTests.DeserializeTests.ISO8601TimeSpan_Weeks" computerName="SIEBL-4303-04" duration="00:00:00.0010000" startTime="2018-11-11T16:39:33.3868025-06:00" endTime="2018-11-11T16:39:33.3868025-06:00" testType="13cdc9d9-ddb5-4fa4-a97d-d965ccfc6d4b" outcome="Passed" testListId="8c84fa94-04c1-424b-9868-57a2d4851a1d" relativeResultsDirectory="e1908c11-8dd2-4cce-9426-50b807a50311" /><UnitTestResult executionId="010b13f1-fe96-44f8-aa5a-1c42864e7f2b" testId="dda95192-077f-4185-882d-2aea6eb77a58" testName="JilTests.SerializeTests.Guids" computerName="SIEBL-4303-04" duration="00:00:00.1660000" startTime="2018-11-11T16:39:29.8337686-06:00" endTime="2018-11-11T16:39:29.8337686-06:00" testType="13cdc9d9-ddb5-4fa4-a97d-d965ccfc6d4b" outcome="Passed" testListId="8c84fa94-04c1-424b-9868-57a2d4851a1d" relativeResultsDirectory="010b13f1-fe96-44f8-aa5a-1c42864e7f2b" /><UnitTestResult executionId="5294b2a9-4b00-47cc-b051-19e217b889df" testId="1dc42193-2614-4cc3-8e85-47857b552cc0" testName="JilTests.DynamicSerializationTests.ExcludingNulls" computerName="SIEBL-4303-04" duration="00:00:00.0460000" startTime="2018-11-11T16:39:16.6815681-06:00" endTime="2018-11-11T16:39:16.6815681-06:00" testType="13cdc9d9-ddb5-4fa4-a97d-d965ccfc6d4b" outcome="Passed" testListId="8c84fa94-04c1-424b-9868-57a2d4851a1d" relativeResultsDirectory="5294b2a9-4b00-47cc-b051-19e217b889df" /><UnitTestResult executionId="8c014dc9-4fa7-4faa-a415-1e16327ecad8" testId="0507bd9b-8c35-4eb6-9128-01eabe356925" testName="JilTests.DeserializeTests.Objects" computerName="SIEBL-4303-04" duration="00:00:00.1590000" startTime="2018-11-11T16:39:16.0731622-06:00" endTime="2018-11-11T16:39:16.0731622-06:00" testType="13cdc9d9-ddb5-4fa4-a97d-d965ccfc6d4b" outcome="Passed" testListId="8c84fa94-04c1-424b-9868-57a2d4851a1d" relativeResultsDirectory="8c014dc9-4fa7-4faa-a415-1e16327ecad8" /><UnitTestResult executionId="4ad78d3e-713a-48aa-88f6-993795d9f644" testId="30e47775-1683-4fe5-ae0c-611166c2022a" testName="JilTests.DeserializeTests.Chars" computerName="SIEBL-4303-04" duration="00:00:00.0140000" startTime="2018-11-11T16:39:23.3354165-06:00" endTime="2018-11-11T16:39:23.3354165-06:00" testType="13cdc9d9-ddb5-4fa4-a97d-d965ccfc6d4b" outcome="Passed" testListId="8c84fa94-04c1-424b-9868-57a2d4851a1d" relativeResultsDirectory="4ad78d3e-713a-48aa-88f6-993795d9f644" /><UnitTestResult executionId="d16675dd-e861-4d04-a17f-caa872387556" testId="76455f61-6052-4ab0-9df3-d43adc771dc8" testName="JilTests.DeserializeTests.MissingConstructor" computerName="SIEBL-4303-04" duration="00:00:00.0050000" startTime="2018-11-11T16:39:18.7621175-06:00" endTime="2018-11-11T16:39:18.7621175-06:00" testType="13cdc9d9-ddb5-4fa4-a97d-d965ccfc6d4b" outcome="Passed" testListId="8c84fa94-04c1-424b-9868-57a2d4851a1d" relativeResultsDirectory="d16675dd-e861-4d04-a17f-caa872387556" /><UnitTestResult executionId="a1b2109d-2bd3-433b-90c5-8ae870e88def" testId="8f356afd-fbaf-4e5e-aa86-97f96f170883" testName="JilTests.SerializeTests.MillsecondsTimeSpans" computerName="SIEBL-4303-04" duration="00:00:00.0050000" startTime="2018-11-11T16:39:26.3136318-06:00" endTime="2018-11-11T16:39:26.3136318-06:00" testType="13cdc9d9-ddb5-4fa4-a97d-d965ccfc6d4b" outcome="Passed" testListId="8c84fa94-04c1-424b-9868-57a2d4851a1d" relativeResultsDirectory="a1b2109d-2bd3-433b-90c5-8ae870e88def" /><UnitTestResult executionId="a21e2255-6d90-4e2d-8363-e6ceacec1026" testId="55d500d0-0584-4acf-8b79-70a8b40a7fdd" testName="JilTests.UtilsTests.UnionConfigs" computerName="SIEBL-4303-04" duration="00:00:01.0300000" startTime="2018-11-11T16:39:16.7456106-06:00" endTime="2018-11-11T16:39:16.7456106-06:00" testType="13cdc9d9-ddb5-4fa4-a97d-d965ccfc6d4b" outcome="Passed" testListId="8c84fa94-04c1-424b-9868-57a2d4851a1d" relativeResultsDirectory="a21e2255-6d90-4e2d-8363-e6ceacec1026" /><UnitTestResult executionId="c0a31d5a-63fa-41f8-820f-bc5cb2478660" testId="4fc7adb1-0ff4-4d37-91e1-dd531896f6d7" testName="JilTests.SerializeTests.AllOptions" computerName="SIEBL-4303-04" duration="00:00:00.7120000" startTime="2018-11-11T16:39:29.3824675-06:00" endTime="2018-11-11T16:39:29.3824675-06:00" testType="13cdc9d9-ddb5-4fa4-a97d-d965ccfc6d4b" outcome="Passed" testListId="8c84fa94-04c1-424b-9868-57a2d4851a1d" relativeResultsDirectory="c0a31d5a-63fa-41f8-820f-bc5cb2478660" /><UnitTestResult executionId="56d34e00-c951-4dd8-8775-cab0d91e4ba1" testId="e4382f3d-1968-46fc-a13c-93748d400f43" testName="JilTests.DeserializeTests.PrivateConstructor_Object" computerName="SIEBL-4303-04" duration="00:00:00.0220000" startTime="2018-11-11T16:39:34.4234943-06:00" endTime="2018-11-11T16:39:34.4234943-06:00" testType="13cdc9d9-ddb5-4fa4-a97d-d965ccfc6d4b" outcome="Passed" testListId="8c84fa94-04c1-424b-9868-57a2d4851a1d" relativeResultsDirectory="56d34e00-c951-4dd8-8775-cab0d91e4ba1" /><UnitTestResult executionId="50f6a757-7071-4321-b42d-459157040c4f" testId="03e07e8b-90df-48b7-a023-baaaf4f995e2" testName="JilTests.SerializeTests.EnumMemberAttributeOverride" computerName="SIEBL-4303-04" duration="00:00:00.0360000" startTime="2018-11-11T16:39:26.4227046-06:00" endTime="2018-11-11T16:39:26.4227046-06:00" testType="13cdc9d9-ddb5-4fa4-a97d-d965ccfc6d4b" outcome="Passed" testListId="8c84fa94-04c1-424b-9868-57a2d4851a1d" relativeResultsDirectory="50f6a757-7071-4321-b42d-459157040c4f" /><UnitTestResult executionId="dac597c5-4c81-439b-8daa-a1e41c974464" testId="85fa87ec-7fe3-412d-a91d-c4e9d0bf52a7" testName="JilTests.DeserializeDynamicTests.SignedSmallNumberTests" computerName="SIEBL-4303-04" duration="00:00:00.0960000" startTime="2018-11-11T16:39:19.8283548-06:00" endTime="2018-11-11T16:39:19.8283548-06:00" testType="13cdc9d9-ddb5-4fa4-a97d-d965ccfc6d4b" outcome="Passed" testListId="8c84fa94-04c1-424b-9868-57a2d4851a1d" relativeResultsDirectory="dac597c5-4c81-439b-8daa-a1e41c974464" /><UnitTestResult executionId="89c912d2-e68e-489e-ac7f-11d20f4c47e3" testId="9ac4e5ea-a628-42c5-a3bb-307c6e5b3466" testName="JilTests.DeserializeDynamicTests.Issue117(input: &quot;1.&quot;, expectedError: &quot;Expected digit&quot;)" computerName="SIEBL-4303-04" duration="00:00:00.0010000" startTime="2018-11-11T16:39:16.2923084-06:00" endTime="2018-11-11T16:39:16.2923084-06:00" testType="13cdc9d9-ddb5-4fa4-a97d-d965ccfc6d4b" outcome="Passed" testListId="8c84fa94-04c1-424b-9868-57a2d4851a1d" relativeResultsDirectory="89c912d2-e68e-489e-ac7f-11d20f4c47e3" /><UnitTestResult executionId="67b6fd0e-504c-4b1b-97e5-2afd1634d897" testId="49c3eef5-ab8c-4864-813d-6851c1512570" testName="JilTests.DeserializeTests.MalformedISO8601(dateString: &quot;\&quot;99\&quot;&quot;, expectedError: &quot;ISO8601 date must begin with a 4 character year&quot;)" computerName="SIEBL-4303-04" duration="00:00:00.0060000" startTime="2018-11-11T16:39:15.9030487-06:00" endTime="2018-11-11T16:39:15.9030487-06:00" testType="13cdc9d9-ddb5-4fa4-a97d-d965ccfc6d4b" outcome="Passed" testListId="8c84fa94-04c1-424b-9868-57a2d4851a1d" relativeResultsDirectory="67b6fd0e-504c-4b1b-97e5-2afd1634d897" /><UnitTestResult executionId="1ddba338-3b91-423f-8e12-6484e8e6107f" testId="8b9fb536-25c8-4c25-a7b0-cc6caebafb7d" testName="JilTests.DeserializeTests.ObjectsSkipMembers" computerName="SIEBL-4303-04" duration="00:00:00.0040000" startTime="2018-11-11T16:39:30.5569127-06:00" endTime="2018-11-11T16:39:30.5569127-06:00" testType="13cdc9d9-ddb5-4fa4-a97d-d965ccfc6d4b" outcome="Passed" testListId="8c84fa94-04c1-424b-9868-57a2d4851a1d" relativeResultsDirectory="1ddba338-3b91-423f-8e12-6484e8e6107f" /><UnitTestResult executionId="fa5e662e-2aca-4502-938a-731271067488" testId="d0afadad-0086-48de-b027-321e983bee9e" testName="JilTests.DynamicSerializationTests.Issue230" computerName="SIEBL-4303-04" duration="00:00:00.0030000" startTime="2018-11-11T16:39:18.1493086-06:00" endTime="2018-11-11T16:39:18.1493086-06:00" testType="13cdc9d9-ddb5-4fa4-a97d-d965ccfc6d4b" outcome="Passed" testListId="8c84fa94-04c1-424b-9868-57a2d4851a1d" relativeResultsDirectory="fa5e662e-2aca-4502-938a-731271067488" /><UnitTestResult executionId="363e7c8c-8d86-4e57-8c36-4327790a6450" testId="01a5383c-3eee-4434-98b9-080cb6ebff84" testName="JilTests.SerializeTests.CyclicalValueTypes" computerName="SIEBL-4303-04" duration="00:00:00.0490000" startTime="2018-11-11T16:39:23.5585648-06:00" endTime="2018-11-11T16:39:23.5585648-06:00" testType="13cdc9d9-ddb5-4fa4-a97d-d965ccfc6d4b" outcome="Passed" testListId="8c84fa94-04c1-424b-9868-57a2d4851a1d" relativeResultsDirectory="363e7c8c-8d86-4e57-8c36-4327790a6450" /><UnitTestResult executionId="e4f97464-34bd-450c-89ec-a59b70ddb170" testId="010fccfe-efbf-4132-94dc-79fecd79f4f2" testName="JilTests.DeserializeDynamicTests.EmptyArrayWithSpace" computerName="SIEBL-4303-04" duration="00:00:00.0090000" startTime="2018-11-11T16:39:19.3376116-06:00" endTime="2018-11-11T16:39:19.3376116-06:00" testType="13cdc9d9-ddb5-4fa4-a97d-d965ccfc6d4b" outcome="Passed" testListId="8c84fa94-04c1-424b-9868-57a2d4851a1d" relativeResultsDirectory="e4f97464-34bd-450c-89ec-a59b70ddb170" /><UnitTestResult executionId="fa50425b-0443-4e52-aab8-daff76a8819a" testId="08d8aaec-6574-46dd-a586-2ba5d13e19d7" testName="JilTests.DeserializeDynamicTests.DictionaryCoercion" computerName="SIEBL-4303-04" duration="00:00:00.0140000" startTime="2018-11-11T16:39:18.3934718-06:00" endTime="2018-11-11T16:39:18.3934718-06:00" testType="13cdc9d9-ddb5-4fa4-a97d-d965ccfc6d4b" outcome="Passed" testListId="8c84fa94-04c1-424b-9868-57a2d4851a1d" relativeResultsDirectory="fa50425b-0443-4e52-aab8-daff76a8819a" /><UnitTestResult executionId="623c7e2a-ff29-49fd-b564-5e2639f7d44b" testId="d1272dec-b767-4e7f-814a-aa19e0951ebc" testName="JilTests.DeserializeTests.Bools" computerName="SIEBL-4303-04" duration="00:00:00.0190000" startTime="2018-11-11T16:39:30.6559788-06:00" endTime="2018-11-11T16:39:30.6559788-06:00" testType="13cdc9d9-ddb5-4fa4-a97d-d965ccfc6d4b" outcome="Passed" testListId="8c84fa94-04c1-424b-9868-57a2d4851a1d" relativeResultsDirectory="623c7e2a-ff29-49fd-b564-5e2639f7d44b" /><UnitTestResult executionId="943ac81c-1f7c-4ff9-8205-6c212e65f84a" testId="15eb2f15-dad2-46b1-b9df-dd20a06c40b5" testName="JilTests.DeserializeTests.BadFloat(input: &quot;1.2.3.4.5.6&quot;, expectedSnippetAfter: &quot;.3.4.5.6&quot;)" computerName="SIEBL-4303-04" duration="00:00:00.0010000" startTime="2018-11-11T16:39:26.9800765-06:00" endTime="2018-11-11T16:39:26.9800765-06:00" testType="13cdc9d9-ddb5-4fa4-a97d-d965ccfc6d4b" outcome="Passed" testListId="8c84fa94-04c1-424b-9868-57a2d4851a1d" relativeResultsDirectory="943ac81c-1f7c-4ff9-8205-6c212e65f84a" /><UnitTestResult executionId="3dff29bc-4bf3-461b-9036-563ba6b55190" testId="f12ee795-b256-40c5-bad8-37879ee99e22" testName="JilTests.DeserializeTests.Issue162" computerName="SIEBL-4303-04" duration="00:00:00.0050000" startTime="2018-11-11T16:39:26.6128315-06:00" endTime="2018-11-11T16:39:26.6128315-06:00" testType="13cdc9d9-ddb5-4fa4-a97d-d965ccfc6d4b" outcome="Passed" testListId="8c84fa94-04c1-424b-9868-57a2d4851a1d" relativeResultsDirectory="3dff29bc-4bf3-461b-9036-563ba6b55190" /><UnitTestResult executionId="bf6e8131-55ac-4a28-af56-a9b107dd4aeb" testId="c975dbab-fdf0-4d0b-9b76-6905213193f9" testName="JilTests.DynamicSerializationTests.RFC1123" computerName="SIEBL-4303-04" duration="00:00:00.0110000" startTime="2018-11-11T16:39:17.9870894-06:00" endTime="2018-11-11T16:39:17.9870894-06:00" testType="13cdc9d9-ddb5-4fa4-a97d-d965ccfc6d4b" outcome="Passed" testListId="8c84fa94-04c1-424b-9868-57a2d4851a1d" relativeResultsDirectory="bf6e8131-55ac-4a28-af56-a9b107dd4aeb" /><UnitTestResult executionId="1a974f4e-de38-49b6-8a2b-e2f457646ebe" testId="adedf090-4aa6-496e-be01-4680b8cb7684" testName="JilTests.SerializeTests.IntegerDictionaryKeysWithoutNulls" computerName="SIEBL-4303-04" duration="00:00:00.0800000" startTime="2018-11-11T16:39:17.9392852-06:00" endTime="2018-11-11T16:39:17.9392852-06:00" testType="13cdc9d9-ddb5-4fa4-a97d-d965ccfc6d4b" outcome="Passed" testListId="8c84fa94-04c1-424b-9868-57a2d4851a1d" relativeResultsDirectory="1a974f4e-de38-49b6-8a2b-e2f457646ebe" /><UnitTestResult executionId="d73d191b-ca1f-4e44-a4a8-c74bbb608c6a" testId="1eaa6b55-0b20-4809-b29a-2872362c434d" testName="JilTests.DynamicSerializationTests.HeterogenousCollection" computerName="SIEBL-4303-04" duration="00:00:00.0100000" startTime="2018-11-11T16:39:17.3420882-06:00" endTime="2018-11-11T16:39:17.3420882-06:00" testType="13cdc9d9-ddb5-4fa4-a97d-d965ccfc6d4b" outcome="Passed" testListId="8c84fa94-04c1-424b-9868-57a2d4851a1d" relativeResultsDirectory="d73d191b-ca1f-4e44-a4a8-c74bbb608c6a" /><UnitTestResult executionId="1fc5ede1-38f2-4941-908d-c15bd8a7b9b5" testId="9bf2119f-b4b0-4bee-a646-3f2dc8b0b2ba" testName="JilTests.DeserializeTests.MalformedISO8601(dateString: &quot;\&quot;1999-W01-0\&quot;&quot;, expectedError: &quot;Expected day to be a digit between 1 and 7&quot;)" computerName="SIEBL-4303-04" duration="00:00:00.0010000" startTime="2018-11-11T16:39:15.9490791-06:00" endTime="2018-11-11T16:39:15.9490791-06:00" testType="13cdc9d9-ddb5-4fa4-a97d-d965ccfc6d4b" outcome="Passed" testListId="8c84fa94-04c1-424b-9868-57a2d4851a1d" relativeResultsDirectory="1fc5ede1-38f2-4941-908d-c15bd8a7b9b5" /><UnitTestResult executionId="419885ca-a038-497e-852a-2d6dab8f2ee9" testId="c9c3278d-90d7-46c5-8726-7450844ef1dd" testName="JilTests.DeserializeTests.ISO8601TimeSpan_YearsMonth" computerName="SIEBL-4303-04" duration="00:00:00.0020000" startTime="2018-11-11T16:39:30.6699882-06:00" endTime="2018-11-11T16:39:30.6699882-06:00" testType="13cdc9d9-ddb5-4fa4-a97d-d965ccfc6d4b" outcome="Passed" testListId="8c84fa94-04c1-424b-9868-57a2d4851a1d" relativeResultsDirectory="419885ca-a038-497e-852a-2d6dab8f2ee9" /><UnitTestResult executionId="2855f9ab-dc00-476e-9d23-cb5b6379e5a2" testId="ac89447c-8d41-46b5-85a7-24935e779729" testName="JilTests.SerializeTests.Enums" computerName="SIEBL-4303-04" duration="00:00:00.1440000" startTime="2018-11-11T16:39:23.9138009-06:00" endTime="2018-11-11T16:39:23.9138009-06:00" testType="13cdc9d9-ddb5-4fa4-a97d-d965ccfc6d4b" outcome="Passed" testListId="8c84fa94-04c1-424b-9868-57a2d4851a1d" relativeResultsDirectory="2855f9ab-dc00-476e-9d23-cb5b6379e5a2" /><UnitTestResult executionId="d5808412-755e-4683-9023-5e4504838622" testId="0b3718e6-f086-4d63-902c-38d1c3447693" testName="JilTests.SerializeTests.RFC1123TimeSpans" computerName="SIEBL-4303-04" duration="00:00:00.0080000" startTime="2018-11-11T16:39:17.1889852-06:00" endTime="2018-11-11T16:39:17.1889852-06:00" testType="13cdc9d9-ddb5-4fa4-a97d-d965ccfc6d4b" outcome="Passed" testListId="8c84fa94-04c1-424b-9868-57a2d4851a1d" relativeResultsDirectory="d5808412-755e-4683-9023-5e4504838622" /><UnitTestResult executionId="82b87f25-ea77-459a-9439-eb4cfcd472b9" testId="cb7594aa-c441-45cf-ad4d-a602c21f2bbd" testName="JilTests.DeserializeDynamicTests.FlagsEnum" computerName="SIEBL-4303-04" duration="00:00:00.0680000" startTime="2018-11-11T16:39:19.1594925-06:00" endTime="2018-11-11T16:39:19.1594925-06:00" testType="13cdc9d9-ddb5-4fa4-a97d-d965ccfc6d4b" outcome="Passed" testListId="8c84fa94-04c1-424b-9868-57a2d4851a1d" relativeResultsDirectory="82b87f25-ea77-459a-9439-eb4cfcd472b9" /><UnitTestResult executionId="bd6c64ce-b5ab-4cdb-9182-cab7eab92116" testId="4591c13f-7b44-4f1f-bcb9-4a937e74768e" testName="JilTests.DeserializeTests.Issue227" computerName="SIEBL-4303-04" duration="00:00:00.4300000" startTime="2018-11-11T16:39:20.3266861-06:00" endTime="2018-11-11T16:39:20.3266861-06:00" testType="13cdc9d9-ddb5-4fa4-a97d-d965ccfc6d4b" outcome="Passed" testListId="8c84fa94-04c1-424b-9868-57a2d4851a1d" relativeResultsDirectory="bd6c64ce-b5ab-4cdb-9182-cab7eab92116" /><UnitTestResult executionId="4995f417-e962-4d91-af82-a96f4b0ce14c" testId="7ba96ed4-7fbf-4598-b077-cfc1ce719edd" testName="JilTests.DeserializeTests.IReadOnlyDictionaries" computerName="SIEBL-4303-04" duration="00:00:00.4840000" startTime="2018-11-11T16:39:34.1453087-06:00" endTime="2018-11-11T16:39:34.1453087-06:00" testType="13cdc9d9-ddb5-4fa4-a97d-d965ccfc6d4b" outcome="Passed" testListId="8c84fa94-04c1-424b-9868-57a2d4851a1d" relativeResultsDirectory="4995f417-e962-4d91-af82-a96f4b0ce14c" /><UnitTestResult executionId="1a6bce33-afac-465b-82d9-635da84f9bc9" testId="0d8b4136-cef3-4965-b928-9b68d1c4e4de" testName="JilTests.DeserializeTests.FlagsEnum" computerName="SIEBL-4303-04" duration="00:00:00.0790000" startTime="2018-11-11T16:39:30.8230903-06:00" endTime="2018-11-11T16:39:30.8230903-06:00" testType="13cdc9d9-ddb5-4fa4-a97d-d965ccfc6d4b" outcome="Passed" testListId="8c84fa94-04c1-424b-9868-57a2d4851a1d" relativeResultsDirectory="1a6bce33-afac-465b-82d9-635da84f9bc9" /><UnitTestResult executionId="695de284-a544-454c-862c-da35f41c2d98" testId="cdb1a25b-bf51-4c78-9cef-cbd36914eba9" testName="JilTests.DeserializeDynamicTests.Issue117(input: &quot;-01&quot;, expectedError: &quot;Number cannot have leading zeros&quot;)" computerName="SIEBL-4303-04" duration="00:00:00.0010000" startTime="2018-11-11T16:39:16.2582857-06:00" endTime="2018-11-11T16:39:16.2582857-06:00" testType="13cdc9d9-ddb5-4fa4-a97d-d965ccfc6d4b" outcome="Passed" testListId="8c84fa94-04c1-424b-9868-57a2d4851a1d" relativeResultsDirectory="695de284-a544-454c-862c-da35f41c2d98" /><UnitTestResult executionId="b069fcb1-370e-4066-a5f1-e51410afb1d1" testId="c1d7985f-c487-4392-ab7d-98e7b39da12b" testName="JilTests.UtilsTests.ConstantProperties" computerName="SIEBL-4303-04" duration="00:00:00.0160000" startTime="2018-11-11T16:39:15.7559505-06:00" endTime="2018-11-11T16:39:15.7559505-06:00" testType="13cdc9d9-ddb5-4fa4-a97d-d965ccfc6d4b" outcome="Passed" testListId="8c84fa94-04c1-424b-9868-57a2d4851a1d" relativeResultsDirectory="b069fcb1-370e-4066-a5f1-e51410afb1d1" /><UnitTestResult executionId="3a638105-226b-4045-b1bf-ea1c975096a7" testId="787e2a1c-615e-4904-8e5e-8b2dddc7cefa" testName="JilTests.DeserializeTests.Longs" computerName="SIEBL-4303-04" duration="00:00:00.0010000" startTime="2018-11-11T16:39:24.7745192-06:00" endTime="2018-11-11T16:39:24.7745192-06:00" testType="13cdc9d9-ddb5-4fa4-a97d-d965ccfc6d4b" outcome="Passed" testListId="8c84fa94-04c1-424b-9868-57a2d4851a1d" relativeResultsDirectory="3a638105-226b-4045-b1bf-ea1c975096a7" /><UnitTestResult executionId="ad53a3f2-79ab-4b80-96b2-26d2179226f3" testId="020978c8-5296-4705-b535-239287358b94" testName="JilTests.DeserializeTests.MalformedISO8601(dateString: &quot;\&quot;1999-02-29\&quot;&quot;, expectedError: &quot;ISO8601 date could not be mapped to DateTime&quot;)" computerName="SIEBL-4303-04" duration="00:00:00.0010000" startTime="2018-11-11T16:39:15.8930417-06:00" endTime="2018-11-11T16:39:15.8930417-06:00" testType="13cdc9d9-ddb5-4fa4-a97d-d965ccfc6d4b" outcome="Passed" testListId="8c84fa94-04c1-424b-9868-57a2d4851a1d" relativeResultsDirectory="ad53a3f2-79ab-4b80-96b2-26d2179226f3" /><UnitTestResult executionId="ff08d690-dd70-4192-b91c-40da844e4606" testId="5e470124-9e9d-4254-b0b9-0803fdbc78b0" testName="JilTests.DeserializeDynamicTests.Issue143DateTimeOffsetFractionOverflow" computerName="SIEBL-4303-04" duration="00:00:00.0140000" startTime="2018-11-11T16:39:16.2412744-06:00" endTime="2018-11-11T16:39:16.2412744-06:00" testType="13cdc9d9-ddb5-4fa4-a97d-d965ccfc6d4b" outcome="Passed" testListId="8c84fa94-04c1-424b-9868-57a2d4851a1d" relativeResultsDirectory="ff08d690-dd70-4192-b91c-40da844e4606" /><UnitTestResult executionId="8df75d8b-ef8c-45af-8fc5-265e46dec259" testId="d509802e-f74d-4c7e-be97-e69c388b94fd" testName="JilTests.DeserializeTests.MalformedISO8601(dateString: &quot;\&quot;1900-000\&quot;&quot;, expectedError: &quot;Expected ordinal day to be between 001 and 366&quot;)" computerName="SIEBL-4303-04" duration="00:00:00.0010000" startTime="2018-11-11T16:39:15.9320680-06:00" endTime="2018-11-11T16:39:15.9320680-06:00" testType="13cdc9d9-ddb5-4fa4-a97d-d965ccfc6d4b" outcome="Passed" testListId="8c84fa94-04c1-424b-9868-57a2d4851a1d" relativeResultsDirectory="8df75d8b-ef8c-45af-8fc5-265e46dec259" /><UnitTestResult executionId="5b99a90c-f268-4cff-8b5f-47af81244e78" testId="b8bcd7df-9b38-4f0f-91ee-f7b0415dc46f" testName="JilTests.DeserializeTests.Issue210" computerName="SIEBL-4303-04" duration="00:00:00.1340000" startTime="2018-11-11T16:39:33.1526448-06:00" endTime="2018-11-11T16:39:33.1526448-06:00" testType="13cdc9d9-ddb5-4fa4-a97d-d965ccfc6d4b" outcome="Passed" testListId="8c84fa94-04c1-424b-9868-57a2d4851a1d" relativeResultsDirectory="5b99a90c-f268-4cff-8b5f-47af81244e78" /><UnitTestResult executionId="98918491-a936-4ac6-baf2-36b28e39879f" testId="809c29bc-86d6-4f70-8617-f16c60073fc9" testName="JilTests.DeserializeTests.ISO8601TimeSpan" computerName="SIEBL-4303-04" duration="00:00:00.0560000" startTime="2018-11-11T16:39:22.2798464-06:00" endTime="2018-11-11T16:39:22.2798464-06:00" testType="13cdc9d9-ddb5-4fa4-a97d-d965ccfc6d4b" outcome="Passed" testListId="8c84fa94-04c1-424b-9868-57a2d4851a1d" relativeResultsDirectory="98918491-a936-4ac6-baf2-36b28e39879f" /><UnitTestResult executionId="5aaeea04-5b36-43ec-8e0d-524a6574ba94" testId="9c8f1364-5a54-4831-b937-e0a86ea747e6" testName="JilTests.SerializeTests.ReadOnlyLists" computerName="SIEBL-4303-04" duration="00:00:00.0820000" startTime="2018-11-11T16:39:28.5017365-06:00" endTime="2018-11-11T16:39:28.5017365-06:00" testType="13cdc9d9-ddb5-4fa4-a97d-d965ccfc6d4b" outcome="Passed" testListId="8c84fa94-04c1-424b-9868-57a2d4851a1d" relativeResultsDirectory="5aaeea04-5b36-43ec-8e0d-524a6574ba94" /><UnitTestResult executionId="c3c0ab05-f3d9-4bc6-a497-949aad0da41d" testId="30c895b0-7ec0-4d18-9710-9f059f39c48e" testName="JilTests.SerializeTests.EnumMemberAttributeOverrideWithNoneFlags" computerName="SIEBL-4303-04" duration="00:00:00.0420000" startTime="2018-11-11T16:39:32.8354334-06:00" endTime="2018-11-11T16:39:32.8354334-06:00" testType="13cdc9d9-ddb5-4fa4-a97d-d965ccfc6d4b" outcome="Passed" testListId="8c84fa94-04c1-424b-9868-57a2d4851a1d" relativeResultsDirectory="c3c0ab05-f3d9-4bc6-a497-949aad0da41d" /><UnitTestResult executionId="c4a19b80-0f4a-4241-a1d7-91874721b700" testId="306de263-7b5d-45d6-a764-651d98b0e21b" testName="JilTests.SerializeTests.ConvertEnumsToPrimitives" computerName="SIEBL-4303-04" duration="00:00:02.0880000" startTime="2018-11-11T16:39:32.1479744-06:00" endTime="2018-11-11T16:39:32.1479744-06:00" testType="13cdc9d9-ddb5-4fa4-a97d-d965ccfc6d4b" outcome="Passed" testListId="8c84fa94-04c1-424b-9868-57a2d4851a1d" relativeResultsDirectory="c4a19b80-0f4a-4241-a1d7-91874721b700" /><UnitTestResult executionId="26d79215-5c19-4e25-9acf-3103a0d21aab" testId="e3030deb-28a0-4929-a71b-c5fbf78bd1a2" testName="JilTests.DeserializeTests.Issue143DateTimeOffset" computerName="SIEBL-4303-04" duration="00:00:00.0130000" startTime="2018-11-11T16:39:26.6038255-06:00" endTime="2018-11-11T16:39:26.6038255-06:00" testType="13cdc9d9-ddb5-4fa4-a97d-d965ccfc6d4b" outcome="Passed" testListId="8c84fa94-04c1-424b-9868-57a2d4851a1d" relativeResultsDirectory="26d79215-5c19-4e25-9acf-3103a0d21aab" /><UnitTestResult executionId="c65d739f-6977-47f9-bcf8-7ae3f02b2b00" testId="a811534c-73de-4f35-8222-1003987b2e83" testName="JilTests.DeserializeTests.Issue151" computerName="SIEBL-4303-04" duration="00:00:00.0400000" startTime="2018-11-11T16:39:24.1941319-06:00" endTime="2018-11-11T16:39:24.1941319-06:00" testType="13cdc9d9-ddb5-4fa4-a97d-d965ccfc6d4b" outcome="Passed" testListId="8c84fa94-04c1-424b-9868-57a2d4851a1d" relativeResultsDirectory="c65d739f-6977-47f9-bcf8-7ae3f02b2b00" /><UnitTestResult executionId="57d83e24-2d53-47d1-b114-b11962d067ca" testId="33673a82-e060-49df-bf93-d1bebfbcbe0e" testName="JilTests.SerializeTests.Issue272" computerName="SIEBL-4303-04" duration="00:00:00.0250000" startTime="2018-11-11T16:39:17.3370852-06:00" endTime="2018-11-11T16:39:17.3370852-06:00" testType="13cdc9d9-ddb5-4fa4-a97d-d965ccfc6d4b" outcome="Passed" testListId="8c84fa94-04c1-424b-9868-57a2d4851a1d" relativeResultsDirectory="57d83e24-2d53-47d1-b114-b11962d067ca" /><UnitTestResult executionId="393e9e2a-995d-45e8-9253-8a37b649bca3" testId="db91498c-0571-4d5a-9a77-22cf7e47924a" testName="JilTests.DeserializeDynamicTests.ArrayEnumerator" computerName="SIEBL-4303-04" duration="00:00:00.0040000" startTime="2018-11-11T16:39:18.9933816-06:00" endTime="2018-11-11T16:39:18.9933816-06:00" testType="13cdc9d9-ddb5-4fa4-a97d-d965ccfc6d4b" outcome="Passed" testListId="8c84fa94-04c1-424b-9868-57a2d4851a1d" relativeResultsDirectory="393e9e2a-995d-45e8-9253-8a37b649bca3" /><UnitTestResult executionId="230dee0d-0067-48bd-9c79-3f457e0266fd" testId="22d994de-b4e4-4a6b-8f4c-070ec09f6fbf" testName="JilTests.DeserializeTests.MalformedISO8601(dateString: &quot;\&quot;1999W00\&quot;&quot;, expectedError: &quot;Expected week to be between 01 and 53&quot;)" computerName="SIEBL-4303-04" duration="00:00:00.0010000" startTime="2018-11-11T16:39:15.9160573-06:00" endTime="2018-11-11T16:39:15.9160573-06:00" testType="13cdc9d9-ddb5-4fa4-a97d-d965ccfc6d4b" outcome="Passed" testListId="8c84fa94-04c1-424b-9868-57a2d4851a1d" relativeResultsDirectory="230dee0d-0067-48bd-9c79-3f457e0266fd" /><UnitTestResult executionId="e5ece804-c866-49f6-82c9-99e11d6252a6" testId="1b3bb75a-2c64-4b45-a932-7d3d54e822b8" testName="JilTests.SerializeTests.EnumMembers" computerName="SIEBL-4303-04" duration="00:00:00.0670000" startTime="2018-11-11T16:39:23.6666360-06:00" endTime="2018-11-11T16:39:23.6666360-06:00" testType="13cdc9d9-ddb5-4fa4-a97d-d965ccfc6d4b" outcome="Passed" testListId="8c84fa94-04c1-424b-9868-57a2d4851a1d" relativeResultsDirectory="e5ece804-c866-49f6-82c9-99e11d6252a6" /><UnitTestResult executionId="ebd24733-f45f-43cc-afbc-33cf86eea302" testId="04a7343a-7965-428a-866a-f540fbfb3ceb" testName="JilTests.SerializeTests.DictionaryEncoding" computerName="SIEBL-4303-04" duration="00:00:00.0040000" startTime="2018-11-11T16:39:16.5404737-06:00" endTime="2018-11-11T16:39:16.5404737-06:00" testType="13cdc9d9-ddb5-4fa4-a97d-d965ccfc6d4b" outcome="Passed" testListId="8c84fa94-04c1-424b-9868-57a2d4851a1d" relativeResultsDirectory="ebd24733-f45f-43cc-afbc-33cf86eea302" /><UnitTestResult executionId="ffa9b964-6e32-489a-b412-d6bf8fc5340d" testId="a97f9d45-df19-4407-a3fb-8bc8d534c8a9" testName="JilTests.DeserializeDynamicTests.MemberAccess" computerName="SIEBL-4303-04" duration="00:00:00.0050000" startTime="2018-11-11T16:39:18.9873791-06:00" endTime="2018-11-11T16:39:18.9873791-06:00" testType="13cdc9d9-ddb5-4fa4-a97d-d965ccfc6d4b" outcome="Passed" testListId="8c84fa94-04c1-424b-9868-57a2d4851a1d" relativeResultsDirectory="ffa9b964-6e32-489a-b412-d6bf8fc5340d" /><UnitTestResult executionId="b6250ddc-b3af-4866-bd37-5145450e2d2a" testId="894ef06f-3d70-4e75-a441-26cf500959ba" testName="JilTests.SerializeTests.Issue189" computerName="SIEBL-4303-04" duration="00:00:00.0020000" startTime="2018-11-11T16:39:26.2986215-06:00" endTime="2018-11-11T16:39:26.2986215-06:00" testType="13cdc9d9-ddb5-4fa4-a97d-d965ccfc6d4b" outcome="Passed" testListId="8c84fa94-04c1-424b-9868-57a2d4851a1d" relativeResultsDirectory="b6250ddc-b3af-4866-bd37-5145450e2d2a" /><UnitTestResult executionId="2cbe3909-1a8b-4db5-b3ab-1724d04c81c7" testId="d4bb521d-cd5f-4c44-8296-bfddd54f289b" testName="JilTests.DeserializeDynamicTests.TimeSpans_Microsoft" computerName="SIEBL-4303-04" duration="00:00:00.0720000" startTime="2018-11-11T16:39:19.3266037-06:00" endTime="2018-11-11T16:39:19.3266037-06:00" testType="13cdc9d9-ddb5-4fa4-a97d-d965ccfc6d4b" outcome="Passed" testListId="8c84fa94-04c1-424b-9868-57a2d4851a1d" relativeResultsDirectory="2cbe3909-1a8b-4db5-b3ab-1724d04c81c7" /><UnitTestResult executionId="57ae8808-7b33-4dcc-ae30-3810c4fef607" testId="579b8d9c-f915-4b02-bf27-87dcd9df84da" testName="JilTests.DeserializeTests.MalformedISO8601(dateString: &quot;\&quot;1999-W54\&quot;&quot;, expectedError: &quot;Expected week to be between 01 and 53&quot;)" computerName="SIEBL-4303-04" duration="00:00:00.0010000" startTime="2018-11-11T16:39:15.8620210-06:00" endTime="2018-11-11T16:39:15.8620210-06:00" testType="13cdc9d9-ddb5-4fa4-a97d-d965ccfc6d4b" outcome="Passed" testListId="8c84fa94-04c1-424b-9868-57a2d4851a1d" relativeResultsDirectory="57ae8808-7b33-4dcc-ae30-3810c4fef607" /><UnitTestResult executionId="dfec8f7f-e0c1-45f4-8a26-0a96cdf31388" testId="9cb2c334-9570-49f1-8623-000aacde9fb6" testName="JilTests.DeserializeDynamicTests.String" computerName="SIEBL-4303-04" duration="00:00:00.0020000" startTime="2018-11-11T16:39:19.3286050-06:00" endTime="2018-11-11T16:39:19.3286050-06:00" testType="13cdc9d9-ddb5-4fa4-a97d-d965ccfc6d4b" outcome="Passed" testListId="8c84fa94-04c1-424b-9868-57a2d4851a1d" relativeResultsDirectory="dfec8f7f-e0c1-45f4-8a26-0a96cdf31388" /><UnitTestResult executionId="8538cd89-cf4e-485a-a475-eb880e863425" testId="1408c6be-1a42-4f42-ae68-d9a30a0a45b3" testName="JilTests.SerializeTests.UnspecifiedToUtc" computerName="SIEBL-4303-04" duration="00:00:00.0070000" startTime="2018-11-11T16:39:26.3066269-06:00" endTime="2018-11-11T16:39:26.3066269-06:00" testType="13cdc9d9-ddb5-4fa4-a97d-d965ccfc6d4b" outcome="Passed" testListId="8c84fa94-04c1-424b-9868-57a2d4851a1d" relativeResultsDirectory="8538cd89-cf4e-485a-a475-eb880e863425" /><UnitTestResult executionId="17b64008-f784-4d9b-9742-391f9234e587" testId="486e56e2-6c76-46b5-924a-2253a29e7922" testName="JilTests.DeserializeTests.MalformedISO8601(dateString: &quot;\&quot;1999W010\&quot;&quot;, expectedError: &quot;Expected day to be a digit between 1 and 7&quot;)" computerName="SIEBL-4303-04" duration="00:00:00.0010000" startTime="2018-11-11T16:39:15.9530820-06:00" endTime="2018-11-11T16:39:15.9530820-06:00" testType="13cdc9d9-ddb5-4fa4-a97d-d965ccfc6d4b" outcome="Passed" testListId="8c84fa94-04c1-424b-9868-57a2d4851a1d" relativeResultsDirectory="17b64008-f784-4d9b-9742-391f9234e587" /><UnitTestResult executionId="7149fc6b-568b-475a-9406-5c93930fd0cd" testId="23d01d45-495b-40b1-937b-23a7cbf69ede" testName="JilTests.DeserializeDynamicTests.ShortCircuits" computerName="SIEBL-4303-04" duration="00:00:00.0050000" startTime="2018-11-11T16:39:18.4044783-06:00" endTime="2018-11-11T16:39:18.4044783-06:00" testType="13cdc9d9-ddb5-4fa4-a97d-d965ccfc6d4b" outcome="Passed" testListId="8c84fa94-04c1-424b-9868-57a2d4851a1d" relativeResultsDirectory="7149fc6b-568b-475a-9406-5c93930fd0cd" /><UnitTestResult executionId="0ec5d3a4-76a6-4f6c-a939-a6c1fc65673d" testId="0498b8e1-bf7d-48c5-95c8-3307ad834703" testName="JilTests.BadlySpecifiedTypeTests.DeserializeString" computerName="SIEBL-4303-04" duration="00:00:00.0130000" startTime="2018-11-11T16:39:16.1532156-06:00" endTime="2018-11-11T16:39:16.1532156-06:00" testType="13cdc9d9-ddb5-4fa4-a97d-d965ccfc6d4b" outcome="Passed" testListId="8c84fa94-04c1-424b-9868-57a2d4851a1d" relativeResultsDirectory="0ec5d3a4-76a6-4f6c-a939-a6c1fc65673d" /><UnitTestResult executionId="6f34d202-a77b-49e4-9181-79c359a9ce48" testId="b1c76588-b104-4419-9cc0-a35fc211ef93" testName="JilTests.DeserializeTests.Doubles" computerName="SIEBL-4303-04" duration="00:00:00.0160000" startTime="2018-11-11T16:39:21.5298877-06:00" endTime="2018-11-11T16:39:21.5298877-06:00" testType="13cdc9d9-ddb5-4fa4-a97d-d965ccfc6d4b" outcome="Passed" testListId="8c84fa94-04c1-424b-9868-57a2d4851a1d" relativeResultsDirectory="6f34d202-a77b-49e4-9181-79c359a9ce48" /><UnitTestResult executionId="a29ae670-373a-4755-97a7-2a7b16941965" testId="9aa5b35c-6886-4526-a556-dc25a831d601" testName="JilTests.DeserializeTests.ISO8601WeekDates" computerName="SIEBL-4303-04" duration="00:00:00.0010000" startTime="2018-11-11T16:39:34.1463093-06:00" endTime="2018-11-11T16:39:34.1463093-06:00" testType="13cdc9d9-ddb5-4fa4-a97d-d965ccfc6d4b" outcome="Passed" testListId="8c84fa94-04c1-424b-9868-57a2d4851a1d" relativeResultsDirectory="a29ae670-373a-4755-97a7-2a7b16941965" /><UnitTestResult executionId="fea95be4-1114-4ffa-90b3-8c11bb9659d0" testId="051a3b79-42fb-4d85-aebb-75a1b53bad49" testName="JilTests.DeserializeTests.Shorts" computerName="SIEBL-4303-04" duration="00:00:01.5550000" startTime="2018-11-11T16:39:26.3436516-06:00" endTime="2018-11-11T16:39:26.3436516-06:00" testType="13cdc9d9-ddb5-4fa4-a97d-d965ccfc6d4b" outcome="Passed" testListId="8c84fa94-04c1-424b-9868-57a2d4851a1d" relativeResultsDirectory="fea95be4-1114-4ffa-90b3-8c11bb9659d0" /><UnitTestResult executionId="1885d9fa-e41c-4189-bd92-a90049927f79" testId="62732be3-c07f-4916-9992-619ed1002dfa" testName="JilTests.SerializeTests.ConfigDefaultOptions" computerName="SIEBL-4303-04" duration="00:00:00.0080000" startTime="2018-11-11T16:39:32.6292959-06:00" endTime="2018-11-11T16:39:32.6292959-06:00" testType="13cdc9d9-ddb5-4fa4-a97d-d965ccfc6d4b" outcome="Passed" testListId="8c84fa94-04c1-424b-9868-57a2d4851a1d" relativeResultsDirectory="1885d9fa-e41c-4189-bd92-a90049927f79" /><UnitTestResult executionId="aeded50d-b5a2-428e-bf36-83bb365f3c9c" testId="1b9d7009-d1fa-404e-86e6-cc25db31791a" testName="JilTests.DeserializeTests.BadFloat(input: &quot;1.2E++10&quot;, expectedSnippetAfter: &quot;+10&quot;)" computerName="SIEBL-4303-04" duration="00:00:00.0010000" startTime="2018-11-11T16:39:26.9780752-06:00" endTime="2018-11-11T16:39:26.9780752-06:00" testType="13cdc9d9-ddb5-4fa4-a97d-d965ccfc6d4b" outcome="Passed" testListId="8c84fa94-04c1-424b-9868-57a2d4851a1d" relativeResultsDirectory="aeded50d-b5a2-428e-bf36-83bb365f3c9c" /><UnitTestResult executionId="ea694fdf-a059-4105-aada-416c5402d2a7" testId="5262aeaf-19d6-4101-98a0-eb7e1c7c470b" testName="JilTests.SerializeTests.Primitive" computerName="SIEBL-4303-04" duration="00:00:00.3510000" startTime="2018-11-11T16:39:32.6212902-06:00" endTime="2018-11-11T16:39:32.6212902-06:00" testType="13cdc9d9-ddb5-4fa4-a97d-d965ccfc6d4b" outcome="Passed" testListId="8c84fa94-04c1-424b-9868-57a2d4851a1d" relativeResultsDirectory="ea694fdf-a059-4105-aada-416c5402d2a7" /><UnitTestResult executionId="547d55f6-08f3-4331-8591-1f3e88963cb9" testId="48a70233-5526-4a56-a3a0-eff836d2ff76" testName="JilTests.DeserializeTests.DictionaryNumberKeys" computerName="SIEBL-4303-04" duration="00:00:00.2380000" startTime="2018-11-11T16:39:34.4004783-06:00" endTime="2018-11-11T16:39:34.4004783-06:00" testType="13cdc9d9-ddb5-4fa4-a97d-d965ccfc6d4b" outcome="Passed" testListId="8c84fa94-04c1-424b-9868-57a2d4851a1d" relativeResultsDirectory="547d55f6-08f3-4331-8591-1f3e88963cb9" /><UnitTestResult executionId="04891568-6d69-47a2-9955-56372bc4430a" testId="079ae050-1461-45d8-b9ec-c8c7e207fdb0" testName="JilTests.DeserializeDynamicTests.NewtsoftDateTimeOffsets" computerName="SIEBL-4303-04" duration="00:00:00.0020000" startTime="2018-11-11T16:39:19.5158875-06:00" endTime="2018-11-11T16:39:19.5158875-06:00" testType="13cdc9d9-ddb5-4fa4-a97d-d965ccfc6d4b" outcome="Passed" testListId="8c84fa94-04c1-424b-9868-57a2d4851a1d" relativeResultsDirectory="04891568-6d69-47a2-9955-56372bc4430a" /><UnitTestResult executionId="0a73f533-4f21-44d7-8028-b80fb942dd78" testId="8f05199b-2c9b-426f-b36a-4425182edfe2" testName="JilTests.DeserializeTests.Nullables" computerName="SIEBL-4303-04" duration="00:00:00.0180000" startTime="2018-11-11T16:39:21.2773201-06:00" endTime="2018-11-11T16:39:21.2773201-06:00" testType="13cdc9d9-ddb5-4fa4-a97d-d965ccfc6d4b" outcome="Passed" testListId="8c84fa94-04c1-424b-9868-57a2d4851a1d" relativeResultsDirectory="0a73f533-4f21-44d7-8028-b80fb942dd78" /><UnitTestResult executionId="1bfde843-c4b3-4cf8-a89e-29df44bbfd83" testId="0f737063-8060-4f6e-9ece-56bdb960f763" testName="JilTests.SerializeTests.CharacterEncoding" computerName="SIEBL-4303-04" duration="00:00:00.0240000" startTime="2018-11-11T16:39:32.6763266-06:00" endTime="2018-11-11T16:39:32.6763266-06:00" testType="13cdc9d9-ddb5-4fa4-a97d-d965ccfc6d4b" outcome="Passed" testListId="8c84fa94-04c1-424b-9868-57a2d4851a1d" relativeResultsDirectory="1bfde843-c4b3-4cf8-a89e-29df44bbfd83" /><UnitTestResult executionId="310df0c1-a63e-4871-92e2-1259561ff335" testId="db6eb2ba-6fd9-4fa1-9439-f837f4ec5960" testName="JilTests.SerializeTests.Cyclical" computerName="SIEBL-4303-04" duration="00:00:00.0490000" startTime="2018-11-11T16:39:16.1842360-06:00" endTime="2018-11-11T16:39:16.1842360-06:00" testType="13cdc9d9-ddb5-4fa4-a97d-d965ccfc6d4b" outcome="Passed" testListId="8c84fa94-04c1-424b-9868-57a2d4851a1d" relativeResultsDirectory="310df0c1-a63e-4871-92e2-1259561ff335" /><UnitTestResult executionId="d0b90247-b9ec-4d5e-aa0e-87344d8550bd" testId="89585435-beff-43dc-89b7-5be12862ec5d" testName="JilTests.SerializeTests.RFC1123DateTimes" computerName="SIEBL-4303-04" duration="00:00:00.0760000" startTime="2018-11-11T16:39:28.4186808-06:00" endTime="2018-11-11T16:39:28.4186808-06:00" testType="13cdc9d9-ddb5-4fa4-a97d-d965ccfc6d4b" outcome="Passed" testListId="8c84fa94-04c1-424b-9868-57a2d4851a1d" relativeResultsDirectory="d0b90247-b9ec-4d5e-aa0e-87344d8550bd" /><UnitTestResult executionId="fae57850-af6b-4858-8007-6e28a4f22cb9" testId="b01404d8-13f5-49b2-a9a1-aa84b01ffef4" testName="JilTests.SerializeTests.InfiniteRecursion" computerName="SIEBL-4303-04" duration="00:00:00.0030000" startTime="2018-11-11T16:39:26.3086282-06:00" endTime="2018-11-11T16:39:26.3086282-06:00" testType="13cdc9d9-ddb5-4fa4-a97d-d965ccfc6d4b" outcome="Passed" testListId="8c84fa94-04c1-424b-9868-57a2d4851a1d" relativeResultsDirectory="fae57850-af6b-4858-8007-6e28a4f22cb9" /><UnitTestResult executionId="f312b9b5-6cfc-47fb-a650-f39e2e4b3764" testId="0eb9a8b1-d882-4c93-87e3-5fb778b0542a" testName="JilTests.SerializeTests.LotsOfStrings" computerName="SIEBL-4303-04" duration="00:00:00.0050000" startTime="2018-11-11T16:39:32.2610498-06:00" endTime="2018-11-11T16:39:32.2610498-06:00" testType="13cdc9d9-ddb5-4fa4-a97d-d965ccfc6d4b" outcome="Passed" testListId="8c84fa94-04c1-424b-9868-57a2d4851a1d" relativeResultsDirectory="f312b9b5-6cfc-47fb-a650-f39e2e4b3764" /><UnitTestResult executionId="8bb3134d-caba-45eb-8068-c6caf8a7e3a4" testId="27451bb8-34ce-446a-b32d-703aa9a8e5c6" testName="JilTests.DeserializeDynamicTests.Issue143DateTimeOffset" computerName="SIEBL-4303-04" duration="00:00:00.0010000" startTime="2018-11-11T16:39:19.6059488-06:00" endTime="2018-11-11T16:39:19.6059488-06:00" testType="13cdc9d9-ddb5-4fa4-a97d-d965ccfc6d4b" outcome="Passed" testListId="8c84fa94-04c1-424b-9868-57a2d4851a1d" relativeResultsDirectory="8bb3134d-caba-45eb-8068-c6caf8a7e3a4" /><UnitTestResult executionId="eea57a50-bd55-46bf-b494-761240e166de" testId="5ac0a149-010f-45e3-8054-846d65e7d354" testName="JilTests.SerializeTests.ReuseTypeSerializers" computerName="SIEBL-4303-04" duration="00:00:00.0210000" startTime="2018-11-11T16:39:17.9600713-06:00" endTime="2018-11-11T16:39:17.9600713-06:00" testType="13cdc9d9-ddb5-4fa4-a97d-d965ccfc6d4b" outcome="Passed" testListId="8c84fa94-04c1-424b-9868-57a2d4851a1d" relativeResultsDirectory="eea57a50-bd55-46bf-b494-761240e166de" /><UnitTestResult executionId="19de1e13-7599-4b72-818b-a83caf370770" testId="64188993-9519-4d5c-b973-007a4a586270" testName="JilTests.DeserializeDynamicTests.Issue117(input: &quot;12.&quot;, expectedError: &quot;Expected digit&quot;)" computerName="SIEBL-4303-04" duration="00:00:00.0010000" startTime="2018-11-11T16:39:16.2943094-06:00" endTime="2018-11-11T16:39:16.2943094-06:00" testType="13cdc9d9-ddb5-4fa4-a97d-d965ccfc6d4b" outcome="Passed" testListId="8c84fa94-04c1-424b-9868-57a2d4851a1d" relativeResultsDirectory="19de1e13-7599-4b72-818b-a83caf370770" /><UnitTestResult executionId="123f2ef9-6180-418e-ad4f-b5eb2d2404ba" testId="155ef0f9-d1e3-4bcf-8750-07923196a4b2" testName="JilTests.SerializeTests.Dictionary" computerName="SIEBL-4303-04" duration="00:00:00.0040000" startTime="2018-11-11T16:39:32.6993423-06:00" endTime="2018-11-11T16:39:32.6993423-06:00" testType="13cdc9d9-ddb5-4fa4-a97d-d965ccfc6d4b" outcome="Passed" testListId="8c84fa94-04c1-424b-9868-57a2d4851a1d" relativeResultsDirectory="123f2ef9-6180-418e-ad4f-b5eb2d2404ba" /><UnitTestResult executionId="c0ce46b8-b1fb-4e26-af01-6858387b2fb0" testId="96f4f8cd-51c5-4d3b-bd3f-293ef71bf519" testName="JilTests.DeserializeDynamicTests.LessThan" computerName="SIEBL-4303-04" duration="00:00:00.0040000" startTime="2018-11-11T16:39:18.9653642-06:00" endTime="2018-11-11T16:39:18.9653642-06:00" testType="13cdc9d9-ddb5-4fa4-a97d-d965ccfc6d4b" outcome="Passed" testListId="8c84fa94-04c1-424b-9868-57a2d4851a1d" relativeResultsDirectory="c0ce46b8-b1fb-4e26-af01-6858387b2fb0" /><UnitTestResult executionId="ef28d18b-272f-4918-8bee-f8b08496c6fc" testId="2982bad6-0e58-4345-85ff-6def605e9579" testName="JilTests.DeserializeTests.Guids" computerName="SIEBL-4303-04" duration="00:00:00.0010000" startTime="2018-11-11T16:39:22.1306594-06:00" endTime="2018-11-11T16:39:22.1306594-06:00" testType="13cdc9d9-ddb5-4fa4-a97d-d965ccfc6d4b" outcome="Passed" testListId="8c84fa94-04c1-424b-9868-57a2d4851a1d" relativeResultsDirectory="ef28d18b-272f-4918-8bee-f8b08496c6fc" /><UnitTestResult executionId="d827ebf7-cc80-486d-ae1d-26e8eaab8422" testId="091f3076-3611-405c-b616-7140bc93d8a2" testName="JilTests.DeserializeTests.Issue229" computerName="SIEBL-4303-04" duration="00:00:00.0530000" startTime="2018-11-11T16:39:18.7571142-06:00" endTime="2018-11-11T16:39:18.7571142-06:00" testType="13cdc9d9-ddb5-4fa4-a97d-d965ccfc6d4b" outcome="Passed" testListId="8c84fa94-04c1-424b-9868-57a2d4851a1d" relativeResultsDirectory="d827ebf7-cc80-486d-ae1d-26e8eaab8422" /><UnitTestResult executionId="3d651695-0051-4422-8754-ac2fff844cf3" testId="3382b140-5510-4eb7-b623-8203f0a7ff53" testName="JilTests.DeserializeTests.Issue117_Long" computerName="SIEBL-4303-04" duration="00:00:00.0160000" startTime="2018-11-11T16:39:18.5749930-06:00" endTime="2018-11-11T16:39:18.5749930-06:00" testType="13cdc9d9-ddb5-4fa4-a97d-d965ccfc6d4b" outcome="Passed" testListId="8c84fa94-04c1-424b-9868-57a2d4851a1d" relativeResultsDirectory="3d651695-0051-4422-8754-ac2fff844cf3" /><UnitTestResult executionId="14260f6b-7a79-4a11-b94d-cabd81f183fa" testId="d2d1ed25-dde4-489b-8def-ddc7fa6d6208" testName="JilTests.DeserializeTests.MalformedISO8601(dateString: &quot;\&quot;1999-12-00\&quot;&quot;, expectedError: &quot;Expected day to be between 01 and 31&quot;)" computerName="SIEBL-4303-04" duration="00:00:00.0010000" startTime="2018-11-11T16:39:15.8950430-06:00" endTime="2018-11-11T16:39:15.8950430-06:00" testType="13cdc9d9-ddb5-4fa4-a97d-d965ccfc6d4b" outcome="Passed" testListId="8c84fa94-04c1-424b-9868-57a2d4851a1d" relativeResultsDirectory="14260f6b-7a79-4a11-b94d-cabd81f183fa" /><UnitTestResult executionId="84784ed2-e10e-4d18-85f0-af5e8abbe429" testId="1a575eed-1306-4584-91b7-9239e30a8cab" testName="JilTests.DeserializeDynamicTests.Issue143DateTime" computerName="SIEBL-4303-04" duration="00:00:00.0010000" startTime="2018-11-11T16:39:19.5178888-06:00" endTime="2018-11-11T16:39:19.5178888-06:00" testType="13cdc9d9-ddb5-4fa4-a97d-d965ccfc6d4b" outcome="Passed" testListId="8c84fa94-04c1-424b-9868-57a2d4851a1d" relativeResultsDirectory="84784ed2-e10e-4d18-85f0-af5e8abbe429" /><UnitTestResult executionId="861bb2de-1944-4f1b-864b-16152693e989" testId="907b22bc-0923-4ba5-bd5a-6d168e4083bd" testName="JilTests.DeserializeTests.EnumMemberAttributeDefault" computerName="SIEBL-4303-04" duration="00:00:00.0520000" startTime="2018-11-11T16:39:18.5579810-06:00" endTime="2018-11-11T16:39:18.5579810-06:00" testType="13cdc9d9-ddb5-4fa4-a97d-d965ccfc6d4b" outcome="Passed" testListId="8c84fa94-04c1-424b-9868-57a2d4851a1d" relativeResultsDirectory="861bb2de-1944-4f1b-864b-16152693e989" /><UnitTestResult executionId="78a99aae-c9e4-4a98-b0be-32fce30a97ed" testId="b444ad35-1b23-4a75-a0bf-1ae998dae0a1" testName="JilTests.DeserializeDynamicTests.DynamicTypeConverter" computerName="SIEBL-4303-04" duration="00:00:00.1860000" startTime="2018-11-11T16:39:18.9613615-06:00" endTime="2018-11-11T16:39:18.9613615-06:00" testType="13cdc9d9-ddb5-4fa4-a97d-d965ccfc6d4b" outcome="Passed" testListId="8c84fa94-04c1-424b-9868-57a2d4851a1d" relativeResultsDirectory="78a99aae-c9e4-4a98-b0be-32fce30a97ed" /><UnitTestResult executionId="f294e43e-bba4-485c-8644-a95616891b0a" testId="374aa3f8-1eb1-4295-b950-9cb938c10483" testName="JilTests.DeserializeTests.Issue193" computerName="SIEBL-4303-04" duration="00:00:01.6180000" startTime="2018-11-11T16:39:33.0175546-06:00" endTime="2018-11-11T16:39:33.0175546-06:00" testType="13cdc9d9-ddb5-4fa4-a97d-d965ccfc6d4b" outcome="Passed" testListId="8c84fa94-04c1-424b-9868-57a2d4851a1d" relativeResultsDirectory="f294e43e-bba4-485c-8644-a95616891b0a" /><UnitTestResult executionId="0425e791-b07b-4165-925b-2d30975684db" testId="bcb63893-829a-4809-ae74-5f69c9bd0291" testName="JilTests.DeserializeTests.Issue143DateTimeFractionOverflow" computerName="SIEBL-4303-04" duration="00:00:00.0010000" startTime="2018-11-11T16:39:28.3286207-06:00" endTime="2018-11-11T16:39:28.3286207-06:00" testType="13cdc9d9-ddb5-4fa4-a97d-d965ccfc6d4b" outcome="Passed" testListId="8c84fa94-04c1-424b-9868-57a2d4851a1d" relativeResultsDirectory="0425e791-b07b-4165-925b-2d30975684db" /><UnitTestResult executionId="4b974b69-d516-429c-a5f5-ea6a052d6e26" testId="e04d3b28-0796-4b15-a8c9-4ce06662f04b" testName="JilTests.DeserializeTests.Issue117_Float" computerName="SIEBL-4303-04" duration="00:00:00.0140000" startTime="2018-11-11T16:39:19.8963987-06:00" endTime="2018-11-11T16:39:19.8963987-06:00" testType="13cdc9d9-ddb5-4fa4-a97d-d965ccfc6d4b" outcome="Passed" testListId="8c84fa94-04c1-424b-9868-57a2d4851a1d" relativeResultsDirectory="4b974b69-d516-429c-a5f5-ea6a052d6e26" /><UnitTestResult executionId="5fad72fb-5326-40d2-972e-cf3d002e091f" testId="a080ac8e-4a0c-4104-8a98-29c2766701ee" testName="JilTests.DeserializeDynamicTests.Bool" computerName="SIEBL-4303-04"
[...]
cutionId="64418167-78a4-4888-9a04-56d0fc9b9762" testListId="8c84fa94-04c1-424b-9868-57a2d4851a1d" /><TestEntry testId="6bf077ab-0baa-43ea-9fc2-d1d1eb6c2998" executionId="5d390e5d-140d-48aa-ad84-666d9795c6ee" testListId="8c84fa94-04c1-424b-9868-57a2d4851a1d" /><TestEntry testId="64dd8a7c-6b55-4915-9db7-2a104e846f8c" executionId="c2326b92-eccc-45b2-a38b-ee500d459a1d" testListId="8c84fa94-04c1-424b-9868-57a2d4851a1d" /><TestEntry testId="cc38f37a-1a05-4c69-bd46-6afdfea87e29" executionId="86cdf06e-42fc-4244-a272-63126fc872aa" testListId="8c84fa94-04c1-424b-9868-57a2d4851a1d" /><TestEntry testId="8abcec7f-d796-4c4f-9c0e-e7a85fa5d142" executionId="defa0de9-969e-4fff-a6dd-62c9f8dd6254" testListId="8c84fa94-04c1-424b-9868-57a2d4851a1d" /><TestEntry testId="4568587e-c943-412f-a112-ffc7bafc7157" executionId="4cd8d9e3-3e6b-49bd-b0f5-ff15458a7e98" testListId="8c84fa94-04c1-424b-9868-57a2d4851a1d" /><TestEntry testId="c3673717-5cd4-4a7c-8cbc-823feeb0e058" executionId="dcd556d9-2762-4df8-8c4c-e4438bd5eed4" testListId="8c84fa94-04c1-424b-9868-57a2d4851a1d" /><TestEntry testId="1bd3cd36-033c-4811-835c-42d7cee75b73" executionId="0e0aa646-50f3-4c4c-8757-d3c07fd8c6a3" testListId="8c84fa94-04c1-424b-9868-57a2d4851a1d" /><TestEntry testId="76ce8d16-6570-4451-bc7a-eb52f243f291" executionId="a9f01c75-81a4-463e-8bfc-dc06b1fbbf56" testListId="8c84fa94-04c1-424b-9868-57a2d4851a1d" /><TestEntry testId="b35649f1-3312-4dd8-9154-becbada511a5" executionId="7454ae2e-600c-47e5-953a-9ee1053253d6" testListId="8c84fa94-04c1-424b-9868-57a2d4851a1d" /><TestEntry testId="b557d4ae-2b14-4fa1-b228-53b0e6e170fb" executionId="335e8d8a-8f64-4338-b678-143d55d7991f" testListId="8c84fa94-04c1-424b-9868-57a2d4851a1d" /><TestEntry testId="200d3c6d-9323-438f-b77f-970d61721f62" executionId="9b4f6fe8-d192-4283-b14f-2c7fe3e1229f" testListId="8c84fa94-04c1-424b-9868-57a2d4851a1d" /><TestEntry testId="a3f97cd4-afb9-4c60-8c68-ffe9d1388bbd" executionId="9e5429e6-93ad-42dc-8681-0f85bc4d1d4a" testListId="8c84fa94-04c1-424b-9868-57a2d4851a1d" /><TestEntry testId="317eb5fc-d537-42cd-9068-fccbda67ac3f" executionId="ae55f247-dac5-4d1d-93c0-8322a132db10" testListId="8c84fa94-04c1-424b-9868-57a2d4851a1d" /><TestEntry testId="224237cd-7f98-4529-91f8-6010fed88728" executionId="9487a17d-201f-4785-b3f7-50aba9149751" testListId="8c84fa94-04c1-424b-9868-57a2d4851a1d" /><TestEntry testId="6f6fcb06-aea0-41c1-8648-1fff8829df07" executionId="117a59d9-96bc-40ea-be27-61f81436225d" testListId="8c84fa94-04c1-424b-9868-57a2d4851a1d" /><TestEntry testId="13e7ac64-2368-46d2-a239-02fd458b06a0" executionId="35ef1488-4cf6-4083-843e-7e7296fcc533" testListId="8c84fa94-04c1-424b-9868-57a2d4851a1d" /><TestEntry testId="1d694f66-e4a4-47f7-a1d5-b7a14c30beb9" executionId="a9839b3f-fa65-4382-a1fb-811a98feb559" testListId="8c84fa94-04c1-424b-9868-57a2d4851a1d" /><TestEntry testId="1d8b800c-b323-44d1-9fdd-a49c4081d654" executionId="5817a5a8-6c5d-483b-9ab1-ff3b91e8a367" testListId="8c84fa94-04c1-424b-9868-57a2d4851a1d" /><TestEntry testId="f0da9d43-390b-4dc4-ba65-6b5b018e41a6" executionId="16715bdc-cabf-417c-955b-8082d7f2e9fb" testListId="8c84fa94-04c1-424b-9868-57a2d4851a1d" /><TestEntry testId="efd50759-dc67-44b6-b65d-f47164f21c5e" executionId="151efbb2-b3c3-461f-b970-ae68ab84a97b" testListId="8c84fa94-04c1-424b-9868-57a2d4851a1d" /><TestEntry testId="1a19f641-e046-43bb-92ca-36ab352b51d9" executionId="47e4a50b-fce6-4429-bba5-c4ecd20c795f" testListId="8c84fa94-04c1-424b-9868-57a2d4851a1d" /><TestEntry testId="8c0d81e2-b44b-4c86-af27-f6941aee2112" executionId="ad3ffbe9-0a1d-4931-b449-aeeaba5f54dc" testListId="8c84fa94-04c1-424b-9868-57a2d4851a1d" /><TestEntry testId="0f814496-9a5b-481a-8122-92ac91c8e3e1" executionId="7c1d4582-b4d9-4483-9902-a09d250d6655" testListId="8c84fa94-04c1-424b-9868-57a2d4851a1d" /><TestEntry testId="f7a8d25b-6241-4e39-8505-8dea66744e0e" executionId="38d958bd-575f-42a8-9884-864b83a7a850" testListId="8c84fa94-04c1-424b-9868-57a2d4851a1d" /><TestEntry testId="41733cd4-d6d4-4039-9627-3e6b752c4087" executionId="37103e9a-c88c-41d3-a48d-2937ce3f2b1d" testListId="8c84fa94-04c1-424b-9868-57a2d4851a1d" /><TestEntry testId="2cd12e65-9010-4e82-af50-ffcf3b944c52" executionId="14529c69-0eb3-4793-8beb-e8ff4b31b903" testListId="8c84fa94-04c1-424b-9868-57a2d4851a1d" /><TestEntry testId="89b74017-4ce2-47a6-8926-367a0cfa94db" executionId="9df440a0-c0ba-42a2-8b43-de84901ec4d7" testListId="8c84fa94-04c1-424b-9868-57a2d4851a1d" /><TestEntry testId="718101cb-cf7e-4e5c-b0c1-dd5d735d74f3" executionId="26a9b1ae-c1db-4d40-a057-e18ae221f93d" testListId="8c84fa94-04c1-424b-9868-57a2d4851a1d" /><TestEntry testId="e95cf34b-078f-4406-9ee9-e795e18eba73" executionId="40a845fb-8916-4990-a60d-3599b5b30e57" testListId="8c84fa94-04c1-424b-9868-57a2d4851a1d" /><TestEntry testId="0f6e4940-0a9c-4b35-a924-2747334c3103" executionId="72f6fe76-b42f-4102-8e9c-117d30f34fe9" testListId="8c84fa94-04c1-424b-9868-57a2d4851a1d" /><TestEntry testId="6274b6ba-3d0c-43fa-8ee7-8b822c1da381" executionId="341a2d2f-be28-4b71-a9c3-038ef927c29d" testListId="8c84fa94-04c1-424b-9868-57a2d4851a1d" /><TestEntry testId="655b9763-9c5b-4086-8570-d4561ce7addb" executionId="fc75172d-bc7b-486c-a6f6-f9fc66c9c241" testListId="8c84fa94-04c1-424b-9868-57a2d4851a1d" /><TestEntry testId="8f6a0c76-edf1-4795-96fd-32fbd0e86a79" executionId="fec8cddc-a9db-48cb-94dd-0c844f7bed7e" testListId="8c84fa94-04c1-424b-9868-57a2d4851a1d" /><TestEntry testId="2faf1e1a-a1a7-4a51-9360-46ad4046266c" executionId="c673787d-2843-445f-b8de-8f1551bc7a24" testListId="8c84fa94-04c1-424b-9868-57a2d4851a1d" /><TestEntry testId="f756dd1f-cb3b-4e86-8e77-7bcbff06fecb" executionId="fa43f5c2-f126-4e1b-b984-324d72ab2342" testListId="8c84fa94-04c1-424b-9868-57a2d4851a1d" /><TestEntry testId="4bd77b5d-611f-4142-91f7-1b43322d3f75" executionId="b0f4d9ee-50c8-4af5-92b6-9d8c605b144d" testListId="8c84fa94-04c1-424b-9868-57a2d4851a1d" /><TestEntry testId="1d60d2d7-2b94-4bf7-ad1c-1352081fda66" executionId="f5765c80-ecd6-41a6-a450-4bf79283e448" testListId="8c84fa94-04c1-424b-9868-57a2d4851a1d" /><TestEntry testId="435bb1fd-7386-4115-b600-f6b362207e66" executionId="017d4d93-be50-40c2-bb09-3227e9e94e2a" testListId="8c84fa94-04c1-424b-9868-57a2d4851a1d" /><TestEntry testId="9104ff41-e276-4a82-ac92-b5e915c71289" executionId="95d2c3da-69ee-44b7-85c7-d6f51039c49d" testListId="8c84fa94-04c1-424b-9868-57a2d4851a1d" /><TestEntry testId="fc5f11e2-6527-41d3-87f3-99702224d4e6" executionId="d9bbc48d-6e07-431a-8b29-5458ffd60a04" testListId="8c84fa94-04c1-424b-9868-57a2d4851a1d" /><TestEntry testId="e7aa3860-9ecb-4375-9041-b27a744b26df" executionId="41d52afd-bacc-437f-8894-bc3323fe1b9f" testListId="8c84fa94-04c1-424b-9868-57a2d4851a1d" /><TestEntry testId="89a43b8f-2cc4-4cab-8192-446a4d35bd96" executionId="453c1d5c-029a-413d-9fe1-979ed66e9fc1" testListId="8c84fa94-04c1-424b-9868-57a2d4851a1d" /><TestEntry testId="04d0cb68-3a81-4f99-908c-3b13e8759629" executionId="e6d3e620-8fe1-4696-bdc2-2d787faf35a1" testListId="8c84fa94-04c1-424b-9868-57a2d4851a1d" /><TestEntry testId="5876b27b-2a56-4017-8315-ef8393ec75ab" executionId="ee164d7b-8505-473b-bd2d-92b24202c632" testListId="8c84fa94-04c1-424b-9868-57a2d4851a1d" /><TestEntry testId="afab7327-8841-41da-a9c7-e3af8eac45f9" executionId="e415919e-2924-4029-b19e-e37f3c1ab713" testListId="8c84fa94-04c1-424b-9868-57a2d4851a1d" /><TestEntry testId="474b2980-f430-4f33-b7c8-450a61eebdc9" executionId="58a03359-10ce-4b38-844b-07cdd6f122ae" testListId="8c84fa94-04c1-424b-9868-57a2d4851a1d" /><TestEntry testId="5b47422f-abd0-4131-b664-44092c3702dd" executionId="c83eca83-aa05-451a-b4f5-b87027bf15e5" testListId="8c84fa94-04c1-424b-9868-57a2d4851a1d" /><TestEntry testId="d5f1705c-72e4-4dfa-b79d-a875728dcab1" executionId="2826adec-8b98-4a64-951a-ca43820419db" testListId="8c84fa94-04c1-424b-9868-57a2d4851a1d" /><TestEntry testId="2e1e1c46-e4f6-4f85-8617-4d319dcc6fa3" executionId="b526ab75-53cc-4e84-b25e-d712cff0557f" testListId="8c84fa94-04c1-424b-9868-57a2d4851a1d" /><TestEntry testId="e4d7199e-9a92-4fa4-9a2c-cdf71d1c3d4e" executionId="e3cfc07b-fec7-4f1a-b883-b65ef5583e14" testListId="8c84fa94-04c1-424b-9868-57a2d4851a1d" /><TestEntry testId="0aae9671-d397-43c5-acc4-e37869649e34" executionId="8fe433d6-d215-46f1-ba2c-4ada2416fab2" testListId="8c84fa94-04c1-424b-9868-57a2d4851a1d" /><TestEntry testId="5ce1cf38-1e91-42e5-b95b-b770afdb3077" executionId="0389139d-266a-4b42-be48-3750702f698e" testListId="8c84fa94-04c1-424b-9868-57a2d4851a1d" /><TestEntry testId="ffaaacba-5f80-4f9d-ae63-40ba85745252" executionId="e5ec8e6e-d03f-4560-b1d4-89c61ce395fd" testListId="8c84fa94-04c1-424b-9868-57a2d4851a1d" /><TestEntry testId="92843a5c-cf91-4a6a-b3f4-b947bd389d1f" executionId="3c4763e7-430e-49b4-96bc-96bbac5f4cde" testListId="8c84fa94-04c1-424b-9868-57a2d4851a1d" /><TestEntry testId="e5b9be4c-e3ce-40cc-b372-fb63bf3974c3" executionId="ccc73476-92ce-40d9-8836-80421dcbfa4d" testListId="8c84fa94-04c1-424b-9868-57a2d4851a1d" /><TestEntry testId="25a791d6-b860-4f33-9722-a272b7a4ae64" executionId="a1560dc8-db71-40f8-97ad-e134c388bfc8" testListId="8c84fa94-04c1-424b-9868-57a2d4851a1d" /><TestEntry testId="6b03093f-622d-46c3-83ca-81b6020db9d7" executionId="80cf30ee-b140-4444-9835-35af3f5047a1" testListId="8c84fa94-04c1-424b-9868-57a2d4851a1d" /><TestEntry testId="4ee1b699-10a9-4ed7-9f5f-7b347b05e111" executionId="139d868b-73b8-4879-942a-7672087367fa" testListId="8c84fa94-04c1-424b-9868-57a2d4851a1d" /><TestEntry testId="5a2d7339-05c4-49fa-84ce-4bb6fcac422b" executionId="2a703ce3-c085-4ca5-8c58-69e76cf2fba0" testListId="8c84fa94-04c1-424b-9868-57a2d4851a1d" /><TestEntry testId="c1cf7f66-c743-4ead-a42e-fd5768850e2c" executionId="e858238a-d846-4bfb-8113-70cc82f4ce56" testListId="8c84fa94-04c1-424b-9868-57a2d4851a1d" /><TestEntry testId="246bc1de-703f-4cf8-b8f1-b0ca482c5162" executionId="d7a2720d-fcea-42f3-81b2-df574e6a8a62" testListId="8c84fa94-04c1-424b-9868-57a2d4851a1d" /><TestEntry testId="241686fb-2b6f-4aaa-bdea-7ab5e653b99f" executionId="acaa7d4a-3a97-474f-885b-40b55438f543" testListId="8c84fa94-04c1-424b-9868-57a2d4851a1d" /><TestEntry testId="3073ce52-5b81-4e6b-be0f-1de820407496" executionId="4905d3d3-155e-4ed3-92b0-044e416a6deb" testListId="8c84fa94-04c1-424b-9868-57a2d4851a1d" /><TestEntry testId="9517b1dd-0b53-4a08-b251-1e9f63890d48" executionId="b76b55f5-253b-4e7e-8751-b3a784b2c08a" testListId="8c84fa94-04c1-424b-9868-57a2d4851a1d" /><TestEntry testId="f0455102-f720-4502-adb0-c2b274fff1d8" executionId="347d5ed3-f1d2-4445-8b71-6d647e628c6f" testListId="8c84fa94-04c1-424b-9868-57a2d4851a1d" /><TestEntry testId="a4de15c1-0b99-4573-98e1-f01c3ff712fb" executionId="128d4b7e-d245-4ef1-80ff-cf85033cb2cd" testListId="8c84fa94-04c1-424b-9868-57a2d4851a1d" /><TestEntry testId="8da8f67c-b275-44ac-a1ef-3bcb4229a26d" executionId="868a0abc-142b-41b0-9e3b-da37b40c1ad2" testListId="8c84fa94-04c1-424b-9868-57a2d4851a1d" /><TestEntry testId="dde75086-6d39-47fc-9d7e-065538e4bf8f" executionId="1dd7b0bb-2275-4f32-ae75-a1b404176595" testListId="8c84fa94-04c1-424b-9868-57a2d4851a1d" /><TestEntry testId="4c3dc683-3c86-4590-922b-8962e5093c05" executionId="d8af1185-60fc-4029-9761-53a4f7dd118a" testListId="8c84fa94-04c1-424b-9868-57a2d4851a1d" /><TestEntry testId="10dc3ca0-1be8-4df0-af98-0c959039c3af" executionId="6fa565fe-c74b-4ee3-b3a5-97ab92697622" testListId="8c84fa94-04c1-424b-9868-57a2d4851a1d" /><TestEntry testId="0a910b02-2a9f-43bb-ada4-8067cce10813" executionId="58b3ce2e-a43d-4ff7-bc2e-bb4de896448a" testListId="8c84fa94-04c1-424b-9868-57a2d4851a1d" /><TestEntry testId="66b52850-f6ea-4953-b2fe-a2532d90cae7" executionId="e21fe136-8515-4de5-bab1-a570c818d341" testListId="8c84fa94-04c1-424b-9868-57a2d4851a1d" /><TestEntry testId="ca3c3c58-dfa6-4adf-9313-8a029d3280dd" executionId="dc54661d-ab1a-43a3-bb95-1f83c0c1720a" testListId="8c84fa94-04c1-424b-9868-57a2d4851a1d" /><TestEntry testId="6703af3c-2415-475f-8086-133405271c74" executionId="92bc53c4-9d59-421a-a17d-1a9bf3c07af6" testListId="8c84fa94-04c1-424b-9868-57a2d4851a1d" /><TestEntry testId="cf099113-a477-49af-992e-24a7bcb1de02" executionId="a89ef83a-8b57-41c6-90ca-bc40c08446dc" testListId="8c84fa94-04c1-424b-9868-57a2d4851a1d" /><TestEntry testId="842a3c24-aa84-4d65-926e-95e2f4f92186" executionId="93fe2d99-049f-4034-94d0-22065cab663b" testListId="8c84fa94-04c1-424b-9868-57a2d4851a1d" /><TestEntry testId="d727a331-9742-4b10-a42b-b6c7a7100a60" executionId="369c76ca-59f8-4c26-bb46-11ff71ba6081" testListId="8c84fa94-04c1-424b-9868-57a2d4851a1d" /><TestEntry testId="7296fd32-0b94-471f-b5f1-359b14116fc3" executionId="e0e957ca-9412-4df5-95fe-25fffa05364d" testListId="8c84fa94-04c1-424b-9868-57a2d4851a1d" /><TestEntry testId="15424a12-8e19-49bc-837d-df665c62a5dc" executionId="60ceffd9-98d8-4331-bd82-dbeeefbc9221" testListId="8c84fa94-04c1-424b-9868-57a2d4851a1d" /><TestEntry testId="3380342e-d5d6-41e2-a5c3-f5dc6a4ba0ba" executionId="65d0f171-d7bf-42c7-8c05-197738c5ad3a" testListId="8c84fa94-04c1-424b-9868-57a2d4851a1d" /><TestEntry testId="8a177b66-050e-4738-8ee8-44d1e5b517cd" executionId="a4245788-c1f3-4c14-afe1-75be16e3dc2a" testListId="8c84fa94-04c1-424b-9868-57a2d4851a1d" /><TestEntry testId="b057e937-d1c4-49d5-95b9-0b2150c90278" executionId="8fc53cb1-c3a4-46a9-b3c7-51330c1ec7f2" testListId="8c84fa94-04c1-424b-9868-57a2d4851a1d" /><TestEntry testId="b4f27719-cbff-40d6-a990-f688600ea753" executionId="7040dd57-1c4f-4402-9d71-2a56a9ff9a1c" testListId="8c84fa94-04c1-424b-9868-57a2d4851a1d" /><TestEntry testId="125a7b10-3764-4b0f-976b-a0f720ffc2a2" executionId="935e6258-5836-4b3d-867a-f7b4f3c76fdf" testListId="8c84fa94-04c1-424b-9868-57a2d4851a1d" /><TestEntry testId="3239d01e-ed62-401b-b2ee-de39b0242c8e" executionId="34328819-a41e-4280-89cf-43035da3d2f3" testListId="8c84fa94-04c1-424b-9868-57a2d4851a1d" /><TestEntry testId="f4234000-3a06-40b6-8a9e-73312d7c8332" executionId="67a73d2f-4b27-4c79-99b9-264acf1ec84f" testListId="8c84fa94-04c1-424b-9868-57a2d4851a1d" /><TestEntry testId="68ccb2b5-167f-4c13-bba5-b50ace7dc1cb" executionId="d477c808-8a0f-4f3f-a74c-a1c2e4132c17" testListId="8c84fa94-04c1-424b-9868-57a2d4851a1d" /><TestEntry testId="d10fb385-9af8-4f11-8ebd-2905444c1a50" executionId="572a9181-1800-4415-a166-7dd70e3e3062" testListId="8c84fa94-04c1-424b-9868-57a2d4851a1d" /><TestEntry testId="f32d79d6-25ec-4acd-986b-51b15fdba456" executionId="89672c1b-20d3-4050-ab4b-9dcdb802fd3d" testListId="8c84fa94-04c1-424b-9868-57a2d4851a1d" /><TestEntry testId="94942c98-45e8-48d4-a9bd-d1d0a550248d" executionId="ab0b4282-470f-4e96-9a93-4c502cb4daf2" testListId="8c84fa94-04c1-424b-9868-57a2d4851a1d" /><TestEntry testId="1fd13e50-3510-4968-a305-f17284e8645b" executionId="294ecbab-cb25-43e2-91de-f44a91d276c3" testListId="8c84fa94-04c1-424b-9868-57a2d4851a1d" /><TestEntry testId="55880323-8ff0-4ae1-ba93-c56f54dabb8f" executionId="c1c6a39a-c0d0-4f0b-945a-aff7c84c1ec9" testListId="8c84fa94-04c1-424b-9868-57a2d4851a1d" /><TestEntry testId="9e2777bb-9d3a-4469-9d12-f567dab9a466" executionId="85a156db-e07b-47aa-85dd-279fc0f78452" testListId="8c84fa94-04c1-424b-9868-57a2d4851a1d" /><TestEntry testId="47f352cb-5ff8-40c3-92a2-0700965c605d" executionId="241d2884-2c45-4a65-aea0-09a0dfa29cb2" testListId="8c84fa94-04c1-424b-9868-57a2d4851a1d" /><TestEntry testId="0cc22d3e-f788-4ea5-92bc-1ba0dd23febe" executionId="82658e6e-a8bf-46f0-805e-e587c3327269" testListId="8c84fa94-04c1-424b-9868-57a2d4851a1d" /><TestEntry testId="f29f3d01-beae-4413-a9bf-a01ba6439cc1" executionId="eb8f5957-9c8c-426d-ad94-9902ebce4c29" testListId="8c84fa94-04c1-424b-9868-57a2d4851a1d" /><TestEntry testId="420b42d7-f4fd-4a56-81d3-db5b4a14d29c" executionId="023bc55f-9abe-4069-8684-fcafa9b08991" testListId="8c84fa94-04c1-424b-9868-57a2d4851a1d" /><TestEntry testId="f9723f38-5596-4f78-b6de-50eec6b6a457" executionId="82f6139a-8d57-47ba-9636-3cc880b83c3a" testListId="8c84fa94-04c1-424b-9868-57a2d4851a1d" /><TestEntry testId="1f9eb8bc-ce32-4570-9f73-ca0a37df2597" executionId="4db1135c-fc54-449d-86e6-d68d33d52144" testListId="8c84fa94-04c1-424b-9868-57a2d4851a1d" /><TestEntry testId="7b698c48-4410-46be-8d1c-09a8c81a13a3" executionId="f90239c5-f0a3-4d1f-b548-578109289edd" testListId="8c84fa94-04c1-424b-9868-57a2d4851a1d" /><TestEntry testId="ded0d8a4-452b-4448-9b2f-fe0f5c53d2c3" executionId="7c956115-d8d5-4fd2-bbbe-560d06bf6b0b" testListId="8c84fa94-04c1-424b-9868-57a2d4851a1d" /><TestEntry testId="0339e0ef-2764-4d44-ab76-da98d38b4396" executionId="43d10d05-86ac-4d5c-9fbf-3efb56d82466" testListId="8c84fa94-04c1-424b-9868-57a2d4851a1d" /><TestEntry testId="17e07715-48d4-4ff7-8647-98bb069e09e9" executionId="fb3c396b-57ca-45ae-a852-9c3df5a291b4" testListId="8c84fa94-04c1-424b-9868-57a2d4851a1d" /><TestEntry testId="16fdc77b-8ed1-4af2-9ed5-a21cca7bd038" executionId="03ad0913-1d2e-4561-b870-c3adb1b5baa9" testListId="8c84fa94-04c1-424b-9868-57a2d4851a1d" /><TestEntry testId="a4b07dec-0c50-4d1f-a9f2-56d0400dbcfc" executionId="1e1133cb-c6ed-48f4-ba3b-051378b1131c" testListId="8c84fa94-04c1-424b-9868-57a2d4851a1d" /><TestEntry testId="683f7b28-65df-4b0e-8631-8fd848371745" executionId="56eeb1a6-4c5a-4d59-bfc9-5ff67462b7e7" testListId="8c84fa94-04c1-424b-9868-57a2d4851a1d" /><TestEntry testId="d00fe763-2c01-4d40-b8c7-3d20160e5b52" executionId="9cefde60-8a6a-45e5-9585-de6739352c87" testListId="8c84fa94-04c1-424b-9868-57a2d4851a1d" /><TestEntry testId="d4a4f31c-57ef-4cf0-95ce-70ad59d606b3" executionId="7747fc3a-20c3-49c8-a395-80726844cc17" testListId="8c84fa94-04c1-424b-9868-57a2d4851a1d" /><TestEntry testId="035d26ab-a837-48f5-8faa-cd242e58ce90" executionId="8be43246-2e7d-4ae7-b40d-03bc813f589e" testListId="8c84fa94-04c1-424b-9868-57a2d4851a1d" /><TestEntry testId="a134da24-e20b-41ea-837e-cd3ecb86abc8" executionId="100ef0a7-4fa9-49fc-8944-ad7c70db51ed" testListId="8c84fa94-04c1-424b-9868-57a2d4851a1d" /><TestEntry testId="146284ed-c81b-47b4-aa97-754b1a4c2ae8" executionId="32f81c3f-f045-4a39-a2f5-970a01f57b13" testListId="8c84fa94-04c1-424b-9868-57a2d4851a1d" /><TestEntry testId="1f185857-66cd-442c-a516-22ad3009305f" executionId="66f23a85-5380-407d-9d28-001cdb6e31e3" testListId="8c84fa94-04c1-424b-9868-57a2d4851a1d" /><TestEntry testId="ebd84b51-c528-4dcf-b393-4fa5256c02d8" executionId="cd89c24d-f221-4c12-91b3-cf07377546fa" testListId="8c84fa94-04c1-424b-9868-57a2d4851a1d" /><TestEntry testId="f08843e3-46ba-4538-8b62-28f15652def8" executionId="eb5a63ad-abd2-459e-987f-c9c09243607d" testListId="8c84fa94-04c1-424b-9868-57a2d4851a1d" /></TestEntries><TestLists><TestList name="Results Not in a List" id="8c84fa94-04c1-424b-9868-57a2d4851a1d" /><TestList name="All Loaded Results" id="19431567-8539-422a-85d7-44ee4e166bda" /></TestLists><ResultSummary outcome="Failed"><Counters total="400" executed="400" passed="399" failed="1" error="0" timeout="0" aborted="0" inconclusive="0" passedButRunAborted="0" notRunnable="0" notExecuted="0" disconnected="0" warning="0" completed="0" inProgress="0" pending="0" /><Output><StdOut>[xUnit.net 00:00:00.0030183] xUnit.net VSTest Adapter v2.4.0-beta.1.build3958 (32-bit Desktop .NET 4.0.30319.42000)[xUnit.net 00:00:00.3600209]   Discovering: JilTests[xUnit.net 00:00:00.5930385]   Discovered:  JilTests[xUnit.net 00:00:00.5982311]   Starting:    JilTests[xUnit.net 00:00:02.6614455]       Assert.Equal() Failure[xUnit.net 00:00:02.6615071]                                 ↓ (pos 16)[xUnit.net 00:00:02.6615581]       Expected: -P5562543DT5H13M[xUnit.net 00:00:02.6616034]       Actual:   -P5562543DT5H13M0S[xUnit.net 00:00:02.6616457]                                 ↑ (pos 16)[xUnit.net 00:00:02.6624356]       Stack Trace:[xUnit.net 00:00:02.6661355]         C:\Users\dt-impact\ftsubs\mstest\kevin-montrose_Jil-8a5af0f\JilTests\DynamicSerializationTests.cs(1092,0): at JilTests.DynamicSerializationTests.ISO8601TimeSpans()[xUnit.net 00:00:19.8893572]   Finished:    JilTests</StdOut></Output><RunInfos><RunInfo computerName="SIEBL-4303-04" outcome="Error" timestamp="2018-11-11T16:39:17.5495476-06:00"><Text>[xUnit.net 00:00:02.6605028]     JilTests.DynamicSerializationTests.ISO8601TimeSpans [FAIL]</Text></RunInfo></RunInfos></ResultSummary></TestRun>