<?xml version="1.0" encoding="utf-8"?><TestRun id="f69737db-614c-4f46-84a3-c1768739e855" name="dt-impact@SIEBL-4303-04 2018-11-11 16:39:57" runUser="SIEBL-4303-04\dt-impact" xmlns="http://microsoft.com/schemas/VisualStudio/TeamTest/2010"><Times creation="2018-11-11T16:39:57.4793508-06:00" queuing="2018-11-11T16:39:57.4793508-06:00" start="2018-11-11T16:39:56.1904256-06:00" finish="2018-11-11T16:40:16.8177383-06:00" /><TestSettings name="default" id="51493070-d1af-470e-8a54-8a7d9d365dbe"><Deployment runDeploymentRoot="dt-impact_SIEBL-4303-04_2018-11-11_16_39_57" /></TestSettings><Results><UnitTestResult executionId="7f43b492-3ec2-45ac-978c-9754d6458a69" testId="fcd6a0aa-bbb6-45f4-974f-82519d11ebd4" testName="JilTests.SerializeTests.Issue127" computerName="SIEBL-4303-04" duration="00:00:00.0300000" startTime="2018-11-11T16:40:10.3910171-06:00" endTime="2018-11-11T16:40:10.3910171-06:00" testType="13cdc9d9-ddb5-4fa4-a97d-d965ccfc6d4b" outcome="Passed" testListId="8c84fa94-04c1-424b-9868-57a2d4851a1d" relativeResultsDirectory="7f43b492-3ec2-45ac-978c-9754d6458a69" /><UnitTestResult executionId="ed160453-6424-4d7d-99ad-6831ebf3e07e" testId="ab241326-b994-411b-95f8-2119906d615b" testName="JilTests.DeserializeTests.Issue117_Decimal" computerName="SIEBL-4303-04" duration="00:00:00.0030000" startTime="2018-11-11T16:40:09.9727392-06:00" endTime="2018-11-11T16:40:09.9727392-06:00" testType="13cdc9d9-ddb5-4fa4-a97d-d965ccfc6d4b" outcome="Passed" testListId="8c84fa94-04c1-424b-9868-57a2d4851a1d" relativeResultsDirectory="ed160453-6424-4d7d-99ad-6831ebf3e07e" /><UnitTestResult executionId="eff91ab5-b2e7-4ed6-ad5e-a31acc8c1874" testId="73a48ae4-feec-4e32-a1d3-378245aa2de1" testName="JilTests.DeserializeDynamicTests.Array" computerName="SIEBL-4303-04" duration="00:00:00.0140000" startTime="2018-11-11T16:40:00.2264050-06:00" endTime="2018-11-11T16:40:00.2264050-06:00" testType="13cdc9d9-ddb5-4fa4-a97d-d965ccfc6d4b" outcome="Passed" testListId="8c84fa94-04c1-424b-9868-57a2d4851a1d" relativeResultsDirectory="eff91ab5-b2e7-4ed6-ad5e-a31acc8c1874" /><UnitTestResult executionId="58ae22f8-aeb2-4754-ab5f-be28cc4eab93" testId="e05d64eb-f553-4b89-9511-826769ea8c44" testName="JilTests.DeserializeTests.Issue117_Float" computerName="SIEBL-4303-04" duration="00:00:00.0140000" startTime="2018-11-11T16:40:01.5860386-06:00" endTime="2018-11-11T16:40:01.5860386-06:00" testType="13cdc9d9-ddb5-4fa4-a97d-d965ccfc6d4b" outcome="Passed" testListId="8c84fa94-04c1-424b-9868-57a2d4851a1d" relativeResultsDirectory="58ae22f8-aeb2-4754-ab5f-be28cc4eab93" /><UnitTestResult executionId="083ea5e5-c5e5-45ab-8a48-f750e7c0348a" testId="2fac66f7-9086-4bc1-9c9f-5b7667dbb3c5" testName="JilTests.DeserializeTests.Arrays" computerName="SIEBL-4303-04" duration="00:00:00.0540000" startTime="2018-11-11T16:39:57.6647744-06:00" endTime="2018-11-11T16:39:57.6647744-06:00" testType="13cdc9d9-ddb5-4fa4-a97d-d965ccfc6d4b" outcome="Passed" testListId="8c84fa94-04c1-424b-9868-57a2d4851a1d" relativeResultsDirectory="083ea5e5-c5e5-45ab-8a48-f750e7c0348a" /><UnitTestResult executionId="3da94e21-f92e-4571-9065-a0f0f074f4f9" testId="1c82867a-595a-4240-8891-3109d89e4e4f" testName="JilTests.DeserializeTests.EmptyAnonymousObject" computerName="SIEBL-4303-04" duration="00:00:00.0110000" startTime="2018-11-11T16:40:16.6144030-06:00" endTime="2018-11-11T16:40:16.6144030-06:00" testType="13cdc9d9-ddb5-4fa4-a97d-d965ccfc6d4b" outcome="Passed" testListId="8c84fa94-04c1-424b-9868-57a2d4851a1d" relativeResultsDirectory="3da94e21-f92e-4571-9065-a0f0f074f4f9" /><UnitTestResult executionId="c202a4a5-5094-4571-827b-214f8e107716" testId="075b5eb4-02a7-4848-97b0-27a90691415f" testName="JilTests.DeserializeDynamicTests.LessThanOrEquals" computerName="SIEBL-4303-04" duration="00:00:00.0100000" startTime="2018-11-11T16:40:01.4269325-06:00" endTime="2018-11-11T16:40:01.4269325-06:00" testType="13cdc9d9-ddb5-4fa4-a97d-d965ccfc6d4b" outcome="Passed" testListId="8c84fa94-04c1-424b-9868-57a2d4851a1d" relativeResultsDirectory="c202a4a5-5094-4571-827b-214f8e107716" /><UnitTestResult executionId="fcd3a27d-647e-461f-9543-56cde8896f49" testId="a814e7e3-8bc4-408d-af6a-c69bc6b029ef" testName="JilTests.SerializeTests.EnumMembers" computerName="SIEBL-4303-04" duration="00:00:00.0510000" startTime="2018-11-11T16:40:05.2765292-06:00" endTime="2018-11-11T16:40:05.2765292-06:00" testType="13cdc9d9-ddb5-4fa4-a97d-d965ccfc6d4b" outcome="Passed" testListId="8c84fa94-04c1-424b-9868-57a2d4851a1d" relativeResultsDirectory="fcd3a27d-647e-461f-9543-56cde8896f49" /><UnitTestResult executionId="eac5c2a5-a8f1-41b0-ae36-c81a7ff1ae6b" testId="99719cf9-1f38-4d58-9a34-2bf3ed8cb2fe" testName="JilTests.DeserializeTests.IEnumerableMember" computerName="SIEBL-4303-04" duration="00:00:00.0520000" startTime="2018-11-11T16:40:15.1174053-06:00" endTime="2018-11-11T16:40:15.1174053-06:00" testType="13cdc9d9-ddb5-4fa4-a97d-d965ccfc6d4b" outcome="Passed" testListId="8c84fa94-04c1-424b-9868-57a2d4851a1d" relativeResultsDirectory="eac5c2a5-a8f1-41b0-ae36-c81a7ff1ae6b" /><UnitTestResult executionId="952f0578-3bc2-4f1b-a701-5d04ab68e251" testId="5187a399-b1db-4718-be61-f2a3c033eb30" testName="JilTests.SerializeTests.EnumMemberAttributeOverrideWithNoneFlags" computerName="SIEBL-4303-04" duration="00:00:00.0400000" startTime="2018-11-11T16:40:14.5780436-06:00" endTime="2018-11-11T16:40:14.5780436-06:00" testType="13cdc9d9-ddb5-4fa4-a97d-d965ccfc6d4b" outcome="Passed" testListId="8c84fa94-04c1-424b-9868-57a2d4851a1d" relativeResultsDirectory="952f0578-3bc2-4f1b-a701-5d04ab68e251" /><UnitTestResult executionId="40eaee84-c997-469d-b7e9-749af4064421" testId="b7b8f364-d01c-4fc0-8e40-78d5dc73d710" testName="JilTests.DeserializeDynamicTests.String" computerName="SIEBL-4303-04" duration="00:00:00.0060000" startTime="2018-11-11T16:40:01.0265670-06:00" endTime="2018-11-11T16:40:01.0265670-06:00" testType="13cdc9d9-ddb5-4fa4-a97d-d965ccfc6d4b" outcome="Passed" testListId="8c84fa94-04c1-424b-9868-57a2d4851a1d" relativeResultsDirectory="40eaee84-c997-469d-b7e9-749af4064421" /><UnitTestResult executionId="2716dc6c-8746-4f8c-a624-9206f9a3bfe1" testId="5c8def63-9852-4e6e-b5d0-1f7b00e7d04a" testName="JilTests.DeserializeTests.EnumEscapes" computerName="SIEBL-4303-04" duration="00:00:00.0700000" startTime="2018-11-11T16:40:05.8615945-06:00" endTime="2018-11-11T16:40:05.8615945-06:00" testType="13cdc9d9-ddb5-4fa4-a97d-d965ccfc6d4b" outcome="Passed" testListId="8c84fa94-04c1-424b-9868-57a2d4851a1d" relativeResultsDirectory="2716dc6c-8746-4f8c-a624-9206f9a3bfe1" /><UnitTestResult executionId="2cfcdb4f-66be-414d-8c3c-d5d828ca0a2a" testId="250e33dd-7427-42fb-8c70-52e935ef9e46" testName="JilTests.DeserializeTests.Guids" computerName="SIEBL-4303-04" duration="00:00:00.0010000" startTime="2018-11-11T16:40:03.8437916-06:00" endTime="2018-11-11T16:40:03.8437916-06:00" testType="13cdc9d9-ddb5-4fa4-a97d-d965ccfc6d4b" outcome="Passed" testListId="8c84fa94-04c1-424b-9868-57a2d4851a1d" relativeResultsDirectory="2cfcdb4f-66be-414d-8c3c-d5d828ca0a2a" /><UnitTestResult executionId="e95cc5bd-212f-4884-ba3b-c5d025ae891b" testId="e5c823de-c0e7-4b25-9ab6-7ecd4c0f65da" testName="JilTests.DeserializeDynamicTests.Issue61" computerName="SIEBL-4303-04" duration="00:00:00.0120000" startTime="2018-11-11T16:40:00.2384127-06:00" endTime="2018-11-11T16:40:00.2384127-06:00" testType="13cdc9d9-ddb5-4fa4-a97d-d965ccfc6d4b" outcome="Passed" testListId="8c84fa94-04c1-424b-9868-57a2d4851a1d" relativeResultsDirectory="e95cc5bd-212f-4884-ba3b-c5d025ae891b" /><UnitTestResult executionId="f2dc5787-ec30-4139-807d-4dc463a1ac1b" testId="c50c4655-52c1-4b82-98a7-7f265644d0b7" testName="JilTests.SerializeTests.Issue176" computerName="SIEBL-4303-04" duration="00:00:00.0080000" startTime="2018-11-11T16:40:14.0406853-06:00" endTime="2018-11-11T16:40:14.0406853-06:00" testType="13cdc9d9-ddb5-4fa4-a97d-d965ccfc6d4b" outcome="Passed" testListId="8c84fa94-04c1-424b-9868-57a2d4851a1d" relativeResultsDirectory="f2dc5787-ec30-4139-807d-4dc463a1ac1b" /><UnitTestResult executionId="d2f0362b-db2d-428f-b3df-9edf3571e2b4" testId="7214bb37-a8fc-4976-b818-80c0c41a3cd6" testName="JilTests.SerializeTests.DataMemberName" computerName="SIEBL-4303-04" duration="00:00:00.0030000" startTime="2018-11-11T16:40:10.5281095-06:00" endTime="2018-11-11T16:40:10.5281095-06:00" testType="13cdc9d9-ddb5-4fa4-a97d-d965ccfc6d4b" outcome="Passed" testListId="8c84fa94-04c1-424b-9868-57a2d4851a1d" relativeResultsDirectory="d2f0362b-db2d-428f-b3df-9edf3571e2b4" /><UnitTestResult executionId="7a14d495-94de-43b2-b5b9-40c0ae768cde" testId="4ab7a0ea-2bf7-432d-ac48-4c524bc6637b" testName="JilTests.DeserializeTests.Issue117_Long" computerName="SIEBL-4303-04" duration="00:00:00.0150000" startTime="2018-11-11T16:40:00.2554241-06:00" endTime="2018-11-11T16:40:00.2554241-06:00" testType="13cdc9d9-ddb5-4fa4-a97d-d965ccfc6d4b" outcome="Passed" testListId="8c84fa94-04c1-424b-9868-57a2d4851a1d" relativeResultsDirectory="7a14d495-94de-43b2-b5b9-40c0ae768cde" /><UnitTestResult executionId="9da908a5-8294-447a-9ddc-51232b704a38" testId="018afb13-86c0-4292-9e09-8222f8618213" testName="JilTests.SerializeTests.StringEscapes" computerName="SIEBL-4303-04" duration="00:00:00.0030000" startTime="2018-11-11T16:39:58.3482311-06:00" endTime="2018-11-11T16:39:58.3482311-06:00" testType="13cdc9d9-ddb5-4fa4-a97d-d965ccfc6d4b" outcome="Passed" testListId="8c84fa94-04c1-424b-9868-57a2d4851a1d" relativeResultsDirectory="9da908a5-8294-447a-9ddc-51232b704a38" /><UnitTestResult executionId="871ece8d-c66e-43ae-a55e-e9134b31395c" testId="748a191f-6d58-469f-bd9e-dfeb05815e94" testName="JilTests.SerializeTests.Issue189" computerName="SIEBL-4303-04" duration="00:00:00.0020000" startTime="2018-11-11T16:40:08.0978673-06:00" endTime="2018-11-11T16:40:08.0978673-06:00" testType="13cdc9d9-ddb5-4fa4-a97d-d965ccfc6d4b" outcome="Passed" testListId="8c84fa94-04c1-424b-9868-57a2d4851a1d" relativeResultsDirectory="871ece8d-c66e-43ae-a55e-e9134b31395c" /><UnitTestResult executionId="901f5fc1-3f02-4c47-a2a3-9be83973f74b" testId="3c6a1504-671e-4bd5-9919-3aa961d95eb5" testName="JilTests.DeserializeDynamicTests.SignedSmallNumberTests" computerName="SIEBL-4303-04" duration="00:00:00.0960000" startTime="2018-11-11T16:40:01.5229966-06:00" endTime="2018-11-11T16:40:01.5229966-06:00" testType="13cdc9d9-ddb5-4fa4-a97d-d965ccfc6d4b" outcome="Passed" testListId="8c84fa94-04c1-424b-9868-57a2d4851a1d" relativeResultsDirectory="901f5fc1-3f02-4c47-a2a3-9be83973f74b" /><UnitTestResult executionId="71befeb8-6869-4b32-91dc-17c75104233a" testId="d2fe4122-6924-4487-bd90-d2fbe7d41929" testName="JilTests.SerializeTests.NullArrayElements" computerName="SIEBL-4303-04" duration="00:00:00.0050000" startTime="2018-11-11T16:40:14.5830469-06:00" endTime="2018-11-11T16:40:14.5830469-06:00" testType="13cdc9d9-ddb5-4fa4-a97d-d965ccfc6d4b" outcome="Passed" testListId="8c84fa94-04c1-424b-9868-57a2d4851a1d" relativeResultsDirectory="71befeb8-6869-4b32-91dc-17c75104233a" /><UnitTestResult executionId="401b5670-740d-4991-9983-5adacf9e019f" testId="b82e43b6-c0c5-4505-a037-e7d2761f77ed" testName="JilTests.SerializeTests.DoubleWeirdCulture" computerName="SIEBL-4303-04" duration="00:00:00.0450000" startTime="2018-11-11T16:40:05.3365699-06:00" endTime="2018-11-11T16:40:05.3365699-06:00" testType="13cdc9d9-ddb5-4fa4-a97d-d965ccfc6d4b" outcome="Passed" testListId="8c84fa94-04c1-424b-9868-57a2d4851a1d" relativeResultsDirectory="401b5670-740d-4991-9983-5adacf9e019f" /><UnitTestResult executionId="a751c45a-43c9-406c-a3db-6557348191e3" testId="66e9665d-683f-4cae-a719-fefb91b8e45b" testName="JilTests.DeserializeDynamicTests.RFC1123" computerName="SIEBL-4303-04" duration="00:00:00.0070000" startTime="2018-11-11T16:40:00.1313413-06:00" endTime="2018-11-11T16:40:00.1313413-06:00" testType="13cdc9d9-ddb5-4fa4-a97d-d965ccfc6d4b" outcome="Passed" testListId="8c84fa94-04c1-424b-9868-57a2d4851a1d" relativeResultsDirectory="a751c45a-43c9-406c-a3db-6557348191e3" /><UnitTestResult executionId="87af5c56-b74b-4c56-ab15-73dc6c228d50" testId="d7dddae2-424e-43ec-9808-3d2788ef5890" testName="JilTests.DeserializeTests.MalformedISO8601(dateString: &quot;\&quot;1999-13\&quot;&quot;, expectedError: &quot;Expected month to be between 01 and 12&quot;)" computerName="SIEBL-4303-04" duration="00:00:00.0010000" startTime="2018-11-11T16:39:57.5947277-06:00" endTime="2018-11-11T16:39:57.5947277-06:00" testType="13cdc9d9-ddb5-4fa4-a97d-d965ccfc6d4b" outcome="Passed" testListId="8c84fa94-04c1-424b-9868-57a2d4851a1d" relativeResultsDirectory="87af5c56-b74b-4c56-ab15-73dc6c228d50" /><UnitTestResult executionId="723049a2-c921-4479-80d8-fd8677080da5" testId="d9020617-581a-433a-a4ab-ef36d8bb8472" testName="JilTests.DeserializeTests.PrimitiveWrappers" computerName="SIEBL-4303-04" duration="00:00:00.0120000" startTime="2018-11-11T16:40:15.0653709-06:00" endTime="2018-11-11T16:40:15.0653709-06:00" testType="13cdc9d9-ddb5-4fa4-a97d-d965ccfc6d4b" outcome="Passed" testListId="8c84fa94-04c1-424b-9868-57a2d4851a1d" relativeResultsDirectory="723049a2-c921-4479-80d8-fd8677080da5" /><UnitTestResult executionId="b1d8ead2-bbf1-4984-bd85-0b4173369526" testId="9fd2309b-37cc-4cfe-8e0c-781bd0ce994b" testName="JilTests.DynamicSerializationTests.MicrosoftDateTimeOffsetSelfRoundtrip" computerName="SIEBL-4303-04" duration="00:00:00.9850000" startTime="2018-11-11T16:39:58.2961955-06:00" endTime="2018-11-11T16:39:58.2961955-06:00" testType="13cdc9d9-ddb5-4fa4-a97d-d965ccfc6d4b" outcome="Passed" testListId="8c84fa94-04c1-424b-9868-57a2d4851a1d" relativeResultsDirectory="b1d8ead2-bbf1-4984-bd85-0b4173369526" /><UnitTestResult executionId="a2a02f60-a481-4e91-9ca3-3a6b64665930" testId="b187fc58-588d-4238-98b6-c03f10983982" testName="JilTests.SerializeTests.NullableMembers" computerName="SIEBL-4303-04" duration="00:00:00.0180000" startTime="2018-11-11T16:40:08.2429636-06:00" endTime="2018-11-11T16:40:08.2429636-06:00" testType="13cdc9d9-ddb5-4fa4-a97d-d965ccfc6d4b" outcome="Passed" testListId="8c84fa94-04c1-424b-9868-57a2d4851a1d" relativeResultsDirectory="a2a02f60-a481-4e91-9ca3-3a6b64665930" /><UnitTestResult executionId="f064cef3-bf4a-4c35-abec-fa7da9985f0f" testId="02a64066-1f4d-4c7a-84fa-3fff1aabd5c0" testName="JilTests.DeserializeDynamicTests.Issue134" computerName="SIEBL-4303-04" duration="00:00:00.0020000" startTime="2018-11-11T16:40:01.0315706-06:00" endTime="2018-11-11T16:40:01.0315706-06:00" testType="13cdc9d9-ddb5-4fa4-a97d-d965ccfc6d4b" outcome="Passed" testListId="8c84fa94-04c1-424b-9868-57a2d4851a1d" relativeResultsDirectory="f064cef3-bf4a-4c35-abec-fa7da9985f0f" /><UnitTestResult executionId="8e808185-2f8b-4c0c-b71b-f7f8d7e07679" testId="6940abcc-acfc-466a-ada5-377595ed4564" testName="JilTests.DeserializeDynamicTests.SecondDateTimes" computerName="SIEBL-4303-04" duration="00:00:00.0020000" startTime="2018-11-11T16:40:01.2898419-06:00" endTime="2018-11-11T16:40:01.2898419-06:00" testType="13cdc9d9-ddb5-4fa4-a97d-d965ccfc6d4b" outcome="Passed" testListId="8c84fa94-04c1-424b-9868-57a2d4851a1d" relativeResultsDirectory="8e808185-2f8b-4c0c-b71b-f7f8d7e07679" /><UnitTestResult executionId="54dac31b-128b-48e5-bcd3-1a34e31e273c" testId="4f3fd793-e6b7-4b92-885b-5180a9043236" testName="JilTests.DeserializeTests.MalformedISO8601(dateString: &quot;\&quot;1900-01-01T\&quot;&quot;, expectedError: &quot;ISO8601 time must begin with a 2 character hour&quot;)" computerName="SIEBL-4303-04" duration="00:00:00.0010000" startTime="2018-11-11T16:39:57.5727127-06:00" endTime="2018-11-11T16:39:57.5727127-06:00" testType="13cdc9d9-ddb5-4fa4-a97d-d965ccfc6d4b" outcome="Passed" testListId="8c84fa94-04c1-424b-9868-57a2d4851a1d" relativeResultsDirectory="54dac31b-128b-48e5-bcd3-1a34e31e273c" /><UnitTestResult executionId="efa762fd-0cb8-4680-9c49-ba349ebf50cd" testId="9f162d32-6f90-498a-a0fa-6fa5cda46a27" testName="JilTests.SerializeTests.DictionaryValueType" computerName="SIEBL-4303-04" duration="00:00:00.0410000" startTime="2018-11-11T16:40:05.6737964-06:00" endTime="2018-11-11T16:40:05.6737964-06:00" testType="13cdc9d9-ddb5-4fa4-a97d-d965ccfc6d4b" outcome="Passed" testListId="8c84fa94-04c1-424b-9868-57a2d4851a1d" relativeResultsDirectory="efa762fd-0cb8-4680-9c49-ba349ebf50cd" /><UnitTestResult executionId="4cbb6c99-a36c-415c-9f8a-0fe90fbee873" testId="791ec1ba-a3ed-4e87-bde9-bd8c54615dc7" testName="JilTests.DeserializeTests.IllegalUTF16Char" computerName="SIEBL-4303-04" duration="00:00:00.0010000" startTime="2018-11-11T16:40:02.2599151-06:00" endTime="2018-11-11T16:40:02.2599151-06:00" testType="13cdc9d9-ddb5-4fa4-a97d-d965ccfc6d4b" outcome="Passed" testListId="8c84fa94-04c1-424b-9868-57a2d4851a1d" relativeResultsDirectory="4cbb6c99-a36c-415c-9f8a-0fe90fbee873" /><UnitTestResult executionId="447e776b-60b2-4fc1-b447-927f5760e5c3" testId="9b00a29e-f6d3-4f14-b5a4-f0ae03315c13" testName="JilTests.DeserializeTests.MalformedISO8601(dateString: &quot;\&quot;1900-01-01T19:\&quot;&quot;, expectedError: &quot;Expected minute part of ISO8601 time&quot;)" computerName="SIEBL-4303-04" duration="00:00:00.0010000" startTime="2018-11-11T16:39:57.6367557-06:00" endTime="2018-11-11T16:39:57.6367557-06:00" testType="13cdc9d9-ddb5-4fa4-a97d-d965ccfc6d4b" outcome="Passed" testListId="8c84fa94-04c1-424b-9868-57a2d4851a1d" relativeResultsDirectory="447e776b-60b2-4fc1-b447-927f5760e5c3" /><UnitTestResult executionId="dfaff587-938a-4ddf-bd53-27e43c781ba4" testId="0bf2d420-8757-4901-a1ef-e0ed5758856a" testName="JilTests.BadlySpecifiedTypeTests.DeserializeReader" computerName="SIEBL-4303-04" duration="00:00:00.5430000" startTime="2018-11-11T16:39:57.8559017-06:00" endTime="2018-11-11T16:39:57.8559017-06:00" testType="13cdc9d9-ddb5-4fa4-a97d-d965ccfc6d4b" outcome="Passed" testListId="8c84fa94-04c1-424b-9868-57a2d4851a1d" relativeResultsDirectory="dfaff587-938a-4ddf-bd53-27e43c781ba4" /><UnitTestResult executionId="b79edd60-5147-4351-870c-f56629541cb8" testId="a1b445ce-d17f-49b8-b76e-f381d02d2634" testName="JilTests.DeserializeTests.DeserializeNonGeneric" computerName="SIEBL-4303-04" duration="00:00:00.1270000" startTime="2018-11-11T16:40:03.7847522-06:00" endTime="2018-11-11T16:40:03.7847522-06:00" testType="13cdc9d9-ddb5-4fa4-a97d-d965ccfc6d4b" outcome="Passed" testListId="8c84fa94-04c1-424b-9868-57a2d4851a1d" relativeResultsDirectory="b79edd60-5147-4351-870c-f56629541cb8" /><UnitTestResult executionId="0ea1697e-3e6f-4bcb-9059-21bc36f5a1b9" testId="535cc6c2-14bd-4e96-859f-573faf5ab0d4" testName="JilTests.DeserializeTests.MalformedISO8601(dateString: &quot;\&quot;0000\&quot;&quot;, expectedError: &quot;ISO8601 year 0000 cannot be converted to a DateTim&quot;...)" computerName="SIEBL-4303-04" duration="00:00:00.0010000" startTime="2018-11-11T16:39:57.6397577-06:00" endTime="2018-11-11T16:39:57.6397577-06:00" testType="13cdc9d9-ddb5-4fa4-a97d-d965ccfc6d4b" outcome="Passed" testListId="8c84fa94-04c1-424b-9868-57a2d4851a1d" relativeResultsDirectory="0ea1697e-3e6f-4bcb-9059-21bc36f5a1b9" /><UnitTestResult executionId="180ba8fc-a1bc-4088-9cb2-d6bb35bfeb10" testId="a882472f-5882-4cef-911a-00653b5c3245" testName="JilTests.SerializeTests.LessThan100" computerName="SIEBL-4303-04" duration="00:00:00.0010000" startTime="2018-11-11T16:40:08.2249528-06:00" endTime="2018-11-11T16:40:08.2249528-06:00" testType="13cdc9d9-ddb5-4fa4-a97d-d965ccfc6d4b" outcome="Passed" testListId="8c84fa94-04c1-424b-9868-57a2d4851a1d" relativeResultsDirectory="180ba8fc-a1bc-4088-9cb2-d6bb35bfeb10" /><UnitTestResult executionId="0fd07585-f3b4-4936-82af-930e146e009e" testId="6f755316-d29e-4350-91a5-1f212927d1ac" testName="JilTests.DeserializeDynamicTests.Issue117(input: &quot;-123.&quot;, expectedError: &quot;Expected digit&quot;)" computerName="SIEBL-4303-04" duration="00:00:00.0010000" startTime="2018-11-11T16:39:57.9909918-06:00" endTime="2018-11-11T16:39:57.9909918-06:00" testType="13cdc9d9-ddb5-4fa4-a97d-d965ccfc6d4b" outcome="Passed" testListId="8c84fa94-04c1-424b-9868-57a2d4851a1d" relativeResultsDirectory="0fd07585-f3b4-4936-82af-930e146e009e" /><UnitTestResult executionId="68a05c94-f911-4418-aa7c-3ba8af7d46ad" testId="aa5a01d5-dc66-495b-8a2f-3622883ff5a2" testName="JilTests.DeserializeTests.Issue150" computerName="SIEBL-4303-04" duration="00:00:00.7860000" startTime="2018-11-11T16:40:05.7915462-06:00" endTime="2018-11-11T16:40:05.7915462-06:00" testType="13cdc9d9-ddb5-4fa4-a97d-d965ccfc6d4b" outcome="Passed" testListId="8c84fa94-04c1-424b-9868-57a2d4851a1d" relativeResultsDirectory="68a05c94-f911-4418-aa7c-3ba8af7d46ad" /><UnitTestResult executionId="a9721ddf-5bbf-4537-b588-dbb84916b3bd" testId="ec5a815f-20db-4dd9-a71c-5d89168af70c" testName="JilTests.DeserializeTests.Issue117_Short" computerName="SIEBL-4303-04" duration="00:00:00.0040000" startTime="2018-11-11T16:40:13.2793184-06:00" endTime="2018-11-11T16:40:13.2793184-06:00" testType="13cdc9d9-ddb5-4fa4-a97d-d965ccfc6d4b" outcome="Passed" testListId="8c84fa94-04c1-424b-9868-57a2d4851a1d" relativeResultsDirectory="a9721ddf-5bbf-4537-b588-dbb84916b3bd" /><UnitTestResult executionId="f332471f-4b93-47bf-8694-ec545c5a24ac" testId="3ba0f484-77fb-40d9-a42a-1b75023eeb43" testName="JilTests.DeserializeTests.Interface" computerName="SIEBL-4303-04" duration="00:00:00.1140000" startTime="2018-11-11T16:40:02.1988741-06:00" endTime="2018-11-11T16:40:02.1988741-06:00" testType="13cdc9d9-ddb5-4fa4-a97d-d965ccfc6d4b" outcome="Passed" testListId="8c84fa94-04c1-424b-9868-57a2d4851a1d" relativeResultsDirectory="f332471f-4b93-47bf-8694-ec545c5a24ac" /><UnitTestResult executionId="7330dbf7-c37d-4f4a-a36b-5191c485ac5b" testId="56d5cae8-cc1e-4e6a-b8a5-f479464b8806" testName="JilTests.DeserializeTests.BadEnum" computerName="SIEBL-4303-04" duration="00:00:00.0720000" startTime="2018-11-11T16:40:16.5973913-06:00" endTime="2018-11-11T16:40:16.5973913-06:00" testType="13cdc9d9-ddb5-4fa4-a97d-d965ccfc6d4b" outcome="Passed" testListId="8c84fa94-04c1-424b-9868-57a2d4851a1d" relativeResultsDirectory="7330dbf7-c37d-4f4a-a36b-5191c485ac5b" /><UnitTestResult executionId="1a91b50f-3313-4e90-a516-fa9a21f41137" testId="ec03cddd-fb03-4fb1-962a-7ff8a9abc62f" testName="JilTests.DeserializeTests.MalformedISO8601(dateString: &quot;\&quot;1900-01-01T19:19+00:\&quot;&quot;, expectedError: &quot;Not enough character for ISO8601 timezone offset&quot;)" computerName="SIEBL-4303-04" duration="00:00:00.0010000" startTime="2018-11-11T16:39:57.5767154-06:00" endTime="2018-11-11T16:39:57.5767154-06:00" testType="13cdc9d9-ddb5-4fa4-a97d-d965ccfc6d4b" outcome="Passed" testListId="8c84fa94-04c1-424b-9868-57a2d4851a1d" relativeResultsDirectory="1a91b50f-3313-4e90-a516-fa9a21f41137" /><UnitTestResult executionId="a2d8b005-81e4-4944-9bb4-b2798e147e66" testId="42301be7-d437-4d69-8e24-d3c44c89e756" testName="JilTests.SerializeTests.PrettyPrint" computerName="SIEBL-4303-04" duration="00:00:00.2370000" startTime="2018-11-11T16:40:11.4998668-06:00" endTime="2018-11-11T16:40:11.4998668-06:00" testType="13cdc9d9-ddb5-4fa4-a97d-d965ccfc6d4b" outcome="Passed" testListId="8c84fa94-04c1-424b-9868-57a2d4851a1d" relativeResultsDirectory="a2d8b005-81e4-4944-9bb4-b2798e147e66" /><UnitTestResult executionId="4c4cebf8-75d2-4079-88a8-fe7f1c843fce" testId="1d2d8f71-9f32-4c6d-8994-9f527b562f02" testName="JilTests.DeserializeTests.Issue48" computerName="SIEBL-4303-04" duration="00:00:00.0340000" startTime="2018-11-11T16:40:09.2063593-06:00" endTime="2018-11-11T16:40:09.2063593-06:00" testType="13cdc9d9-ddb5-4fa4-a97d-d965ccfc6d4b" outcome="Passed" testListId="8c84fa94-04c1-424b-9868-57a2d4851a1d" relativeResultsDirectory="4c4cebf8-75d2-4079-88a8-fe7f1c843fce" /><UnitTestResult executionId="80eeff9f-f9ea-485d-aba7-567913cf3ef0" testId="b73f1055-b932-49ff-a634-e87188e83e07" testName="JilTests.DynamicSerializationTests.DynamicObject" computerName="SIEBL-4303-04" duration="00:00:00.0480000" startTime="2018-11-11T16:39:59.2118076-06:00" endTime="2018-11-11T16:39:59.2118076-06:00" testType="13cdc9d9-ddb5-4fa4-a97d-d965ccfc6d4b" outcome="Passed" testListId="8c84fa94-04c1-424b-9868-57a2d4851a1d" relativeResultsDirectory="80eeff9f-f9ea-485d-aba7-567913cf3ef0" /><UnitTestResult executionId="832c865c-dbfe-4be3-adc2-a59a6cd17990" testId="5d3354c4-02bd-4121-a8b0-6eea39f1586d" testName="JilTests.DeserializeTests.MalformedISO8601(dateString: &quot;\&quot;1999W1\&quot;&quot;, expectedError: &quot;Unexpected date string length&quot;)" computerName="SIEBL-4303-04" duration="00:00:00.0010000" startTime="2018-11-11T16:39:57.6057347-06:00" endTime="2018-11-11T16:39:57.6057347-06:00" testType="13cdc9d9-ddb5-4fa4-a97d-d965ccfc6d4b" outcome="Passed" testListId="8c84fa94-04c1-424b-9868-57a2d4851a1d" relativeResultsDirectory="832c865c-dbfe-4be3-adc2-a59a6cd17990" /><UnitTestResult executionId="e5ae7d1f-8f69-4fca-96bf-27f75ca70b50" testId="958f0cec-4071-4844-83a9-ba669916a0cd" testName="JilTests.DeserializeTests.Issue53" computerName="SIEBL-4303-04" duration="00:00:00.0880000" startTime="2018-11-11T16:40:10.2038928-06:00" endTime="2018-11-11T16:40:10.2038928-06:00" testType="13cdc9d9-ddb5-4fa4-a97d-d965ccfc6d4b" outcome="Passed" testListId="8c84fa94-04c1-424b-9868-57a2d4851a1d" relativeResultsDirectory="e5ae7d1f-8f69-4fca-96bf-27f75ca70b50" /><UnitTestResult executionId="2761a79d-d812-43f9-b02f-f123812c226d" testId="e22b6fd4-5e19-4c37-a9c7-17ae6a9c21da" testName="JilTests.SerializeTests.ISO8601TimeSpans" computerName="SIEBL-4303-04" duration="00:00:00.0060000" startTime="2018-11-11T16:40:08.1949312-06:00" endTime="2018-11-11T16:40:08.1949312-06:00" testType="13cdc9d9-ddb5-4fa4-a97d-d965ccfc6d4b" outcome="Failed" testListId="8c84fa94-04c1-424b-9868-57a2d4851a1d" relativeResultsDirectory="2761a79d-d812-43f9-b02f-f123812c226d"><Output><ErrorInfo><Message>Assert.Equal() Failure&#xD;
                          ↓ (pos 16)&#xD;
Expected: P7541099DT23H34M&#xD;
Actual:   P7541099DT23H34M0S&#xD;
                          ↑ (pos 16)</Message><StackTrace>   at JilTests.SerializeTests.ISO8601TimeSpans() in C:\Users\dt-impact\ftsubs\mstest\kevin-montrose_Jil-8a5af0f\JilTests\SerializeTests.cs:line 7676</StackTrace></ErrorInfo></Output></UnitTestResult><UnitTestResult executionId="95f642a7-f2bd-4fba-b8c4-a66d9d91db81" testId="3e6aad9a-6652-4a66-9323-199449150ff2" testName="JilTests.DeserializeDynamicTests.UnsignedSmallNumberTests" computerName="SIEBL-4303-04" duration="00:00:00.1040000" startTime="2018-11-11T16:40:01.4129231-06:00" endTime="2018-11-11T16:40:01.4129231-06:00" testType="13cdc9d9-ddb5-4fa4-a97d-d965ccfc6d4b" outcome="Passed" testListId="8c84fa94-04c1-424b-9868-57a2d4851a1d" relativeResultsDirectory="95f642a7-f2bd-4fba-b8c4-a66d9d91db81" /><UnitTestResult executionId="145ac2af-1fbe-40b9-b3dc-4a9c291055e0" testId="4e49160c-a4df-41cd-b372-d098a11867d6" testName="JilTests.DeserializeTests.EnumMemberAttributeOverrideFlags" computerName="SIEBL-4303-04" duration="00:00:00.0460000" startTime="2018-11-11T16:40:16.5193419-06:00" endTime="2018-11-11T16:40:16.5193419-06:00" testType="13cdc9d9-ddb5-4fa4-a97d-d965ccfc6d4b" outcome="Passed" testListId="8c84fa94-04c1-424b-9868-57a2d4851a1d" relativeResultsDirectory="145ac2af-1fbe-40b9-b3dc-4a9c291055e0" /><UnitTestResult executionId="44d2620a-6695-4266-aa84-8ff5dba1f52e" testId="758c8db7-69bc-4ba5-9e5c-38e7544e8305" testName="JilTests.DeserializeDynamicTests.Subtract" computerName="SIEBL-4303-04" duration="00:00:00.0030000" startTime="2018-11-11T16:40:01.4159254-06:00" endTime="2018-11-11T16:40:01.4159254-06:00" testType="13cdc9d9-ddb5-4fa4-a97d-d965ccfc6d4b" outcome="Passed" testListId="8c84fa94-04c1-424b-9868-57a2d4851a1d" relativeResultsDirectory="44d2620a-6695-4266-aa84-8ff5dba1f52e" /><UnitTestResult executionId="9acd76ff-fe97-4a2c-a55f-06a5e7cb36ab" testId="c24db671-8a22-465f-9c9f-87c1fa80a4f5" testName="JilTests.SerializeTests.PrimitiveWrappers" computerName="SIEBL-4303-04" duration="00:00:00.0340000" startTime="2018-11-11T16:39:58.8775834-06:00" endTime="2018-11-11T16:39:58.8775834-06:00" testType="13cdc9d9-ddb5-4fa4-a97d-d965ccfc6d4b" outcome="Passed" testListId="8c84fa94-04c1-424b-9868-57a2d4851a1d" relativeResultsDirectory="9acd76ff-fe97-4a2c-a55f-06a5e7cb36ab" /><UnitTestResult executionId="a7e597c9-e99b-406c-ac43-4630d768937d" testId="cd885a82-7a47-431a-999e-5ae435cbc422" testName="JilTests.DeepObjectGraphTests.DeepObjectGraphShouldNotBeEmpty" computerName="SIEBL-4303-04" duration="00:00:01" startTime="2018-11-11T16:39:58.3082035-06:00" endTime="2018-11-11T16:39:58.3082035-06:00" testType="13cdc9d9-ddb5-4fa4-a97d-d965ccfc6d4b" outcome="Passed" testListId="8c84fa94-04c1-424b-9868-57a2d4851a1d" relativeResultsDirectory="a7e597c9-e99b-406c-ac43-4630d768937d" /><UnitTestResult executionId="21ef4cb4-705f-45de-9618-3a7b7fda8849" testId="9fc378bb-53c2-466a-9110-f198ee8108af" testName="JilTests.SerializeTests.BadUnions" computerName="SIEBL-4303-04" duration="00:00:00.0310000" startTime="2018-11-11T16:40:13.9380050-06:00" endTime="2018-11-11T16:40:13.9380050-06:00" testType="13cdc9d9-ddb5-4fa4-a97d-d965ccfc6d4b" outcome="Passed" testListId="8c84fa94-04c1-424b-9868-57a2d4851a1d" relativeResultsDirectory="21ef4cb4-705f-45de-9618-3a7b7fda8849" /><UnitTestResult executionId="db070ef8-8cdb-4eaf-9a79-d4ba82953fdb" testId="66b3a85b-cca0-4539-873c-4864137e12f5" testName="JilTests.SerializeTests.List" computerName="SIEBL-4303-04" duration="00:00:00.0100000" startTime="2018-11-11T16:40:08.2642785-06:00" endTime="2018-11-11T16:40:08.2642785-06:00" testType="13cdc9d9-ddb5-4fa4-a97d-d965ccfc6d4b" outcome="Passed" testListId="8c84fa94-04c1-424b-9868-57a2d4851a1d" relativeResultsDirectory="db070ef8-8cdb-4eaf-9a79-d4ba82953fdb" /><UnitTestResult executionId="6db552a4-b06d-464a-a4fa-c30a35e67c0f" testId="1a48d7f8-d0b1-491c-ab32-f6bf0cb6e922" testName="JilTests.DeserializeTests.Overflow" computerName="SIEBL-4303-04" duration="00:00:00.0660000" startTime="2018-11-11T16:40:01.5720293-06:00" endTime="2018-11-11T16:40:01.5720293-06:00" testType="13cdc9d9-ddb5-4fa4-a97d-d965ccfc6d4b" outcome="Passed" testListId="8c84fa94-04c1-424b-9868-57a2d4851a1d" relativeResultsDirectory="6db552a4-b06d-464a-a4fa-c30a35e67c0f" /><UnitTestResult executionId="b3e4466c-b465-4086-a9b7-df2693b22587" testId="3c23e706-e951-493e-892f-0cdf940dafd8" testName="JilTests.DeserializeDynamicTests.Issue117(input: &quot;12.&quot;, expectedError: &quot;Expected digit&quot;)" computerName="SIEBL-4303-04" duration="00:00:00.0010000" startTime="2018-11-11T16:39:58.0080035-06:00" endTime="2018-11-11T16:39:58.0080035-06:00" testType="13cdc9d9-ddb5-4fa4-a97d-d965ccfc6d4b" outcome="Passed" testListId="8c84fa94-04c1-424b-9868-57a2d4851a1d" relativeResultsDirectory="b3e4466c-b465-4086-a9b7-df2693b22587" /><UnitTestResult executionId="b407a68e-7c4e-41e4-9dae-061cf5770e49" testId="a8cab33a-b25c-4d8d-8846-953b81eef2bf" testName="JilTests.DeserializeDynamicTests.Issue143TimeSpan" computerName="SIEBL-4303-04" duration="00:00:00.0110000" startTime="2018-11-11T16:40:00.4214794-06:00" endTime="2018-11-11T16:40:00.4214794-06:00" testType="13cdc9d9-ddb5-4fa4-a97d-d965ccfc6d4b" outcome="Passed" testListId="8c84fa94-04c1-424b-9868-57a2d4851a1d" relativeResultsDirectory="b407a68e-7c4e-41e4-9dae-061cf5770e49" /><UnitTestResult executionId="4ef60a21-65a8-4c85-a4e5-a16c65d889ec" testId="2c827dd0-8c87-4b4d-b691-92f719922b7c" testName="JilTests.EnumFlagsTest.TestEnumFlagsDeserialize" computerName="SIEBL-4303-04" duration="00:00:00.6470000" startTime="2018-11-11T16:39:57.9559684-06:00" endTime="2018-11-11T16:39:57.9559684-06:00" testType="13cdc9d9-ddb5-4fa4-a97d-d965ccfc6d4b" outcome="Passed" testListId="8c84fa94-04c1-424b-9868-57a2d4851a1d" relativeResultsDirectory="4ef60a21-65a8-4c85-a4e5-a16c65d889ec" /><UnitTestResult executionId="f0e1ab2b-e1bd-46a3-ba69-63d39c57ecd6" testId="0861ee73-8dc6-41df-8071-24860f67cb2f" testName="JilTests.DeserializeTests.MalformedISO8601(dateString: &quot;\&quot;1900-999\&quot;&quot;, expectedError: &quot;Expected ordinal day to be between 001 and 366&quot;)" computerName="SIEBL-4303-04" duration="00:00:00.0010000" startTime="2018-11-11T16:39:57.6507648-06:00" endTime="2018-11-11T16:39:57.6507648-06:00" testType="13cdc9d9-ddb5-4fa4-a97d-d965ccfc6d4b" outcome="Passed" testListId="8c84fa94-04c1-424b-9868-57a2d4851a1d" relativeResultsDirectory="f0e1ab2b-e1bd-46a3-ba69-63d39c57ecd6" /><UnitTestResult executionId="7104e381-1887-4afd-8de1-04aa573474b6" testId="fb1f9c3a-e359-40c7-af31-bdc9d8339494" testName="JilTests.SerializeTests.BadDictionaryType" computerName="SIEBL-4303-04" duration="00:00:00.0040000" startTime="2018-11-11T16:40:11.7778294-06:00" endTime="2018-11-11T16:40:11.7778294-06:00" testType="13cdc9d9-ddb5-4fa4-a97d-d965ccfc6d4b" outcome="Passed" testListId="8c84fa94-04c1-424b-9868-57a2d4851a1d" relativeResultsDirectory="7104e381-1887-4afd-8de1-04aa573474b6" /><UnitTestResult executionId="f6ac2ebf-dfae-4795-8737-5c1e136199a3" testId="bd0421f2-4c4e-46ec-bc40-0f75e481ffba" testName="JilTests.DeserializeDynamicTests.Bool" computerName="SIEBL-4303-04" duration="00:00:00.0010000" startTime="2018-11-11T16:40:00.3864551-06:00" endTime="2018-11-11T16:40:00.3864551-06:00" testType="13cdc9d9-ddb5-4fa4-a97d-d965ccfc6d4b" outcome="Passed" testListId="8c84fa94-04c1-424b-9868-57a2d4851a1d" relativeResultsDirectory="f6ac2ebf-dfae-4795-8737-5c1e136199a3" /><UnitTestResult executionId="157b3855-27b1-418d-b355-b1a2ab48194d" testId="684f3f0d-65a1-4fe2-b0a9-d859829d462a" testName="JilTests.DeserializeTests.Issue73" computerName="SIEBL-4303-04" duration="00:00:00.0730000" startTime="2018-11-11T16:40:03.3344512-06:00" endTime="2018-11-11T16:40:03.3344512-06:00" testType="13cdc9d9-ddb5-4fa4-a97d-d965ccfc6d4b" outcome="Passed" testListId="8c84fa94-04c1-424b-9868-57a2d4851a1d" relativeResultsDirectory="157b3855-27b1-418d-b355-b1a2ab48194d" /><UnitTestResult executionId="ad84713b-9925-4070-9e03-b40a49886f13" testId="0c2eab7b-d5d8-4d56-888d-3923dd3bbbde" testName="JilTests.DeserializeDynamicTests.TimeSpans_Microsoft" computerName="SIEBL-4303-04" duration="00:00:00.0610000" startTime="2018-11-11T16:40:01.0198778-06:00" endTime="2018-11-11T16:40:01.0198778-06:00" testType="13cdc9d9-ddb5-4fa4-a97d-d965ccfc6d4b" outcome="Passed" testListId="8c84fa94-04c1-424b-9868-57a2d4851a1d" relativeResultsDirectory="ad84713b-9925-4070-9e03-b40a49886f13" /><UnitTestResult executionId="69e5eae2-5d94-47d9-b9ca-3622ea3e7462" testId="551f31a8-c5b4-4b3d-aa87-31adf1ba2b20" testName="JilTests.DeserializeDynamicTests.FlagsEnum" computerName="SIEBL-4303-04" duration="00:00:00.0710000" startTime="2018-11-11T16:40:00.8407582-06:00" endTime="2018-11-11T16:40:00.8407582-06:00" testType="13cdc9d9-ddb5-4fa4-a97d-d965ccfc6d4b" outcome="Passed" testListId="8c84fa94-04c1-424b-9868-57a2d4851a1d" relativeResultsDirectory="69e5eae2-5d94-47d9-b9ca-3622ea3e7462" /><UnitTestResult executionId="3f14e4bb-f7af-4fe0-9542-f1dfb58f0a70" testId="6b3f12be-8771-4a19-b073-1fdd1b8f6d8e" testName="JilTests.DynamicSerializationTests.MicrosoftTimeSpans" computerName="SIEBL-4303-04" duration="00:00:00.0110000" startTime="2018-11-11T16:39:59.8571598-06:00" endTime="2018-11-11T16:39:59.8571598-06:00" testType="13cdc9d9-ddb5-4fa4-a97d-d965ccfc6d4b" outcome="Passed" testListId="8c84fa94-04c1-424b-9868-57a2d4851a1d" relativeResultsDirectory="3f14e4bb-f7af-4fe0-9542-f1dfb58f0a70" /><UnitTestResult executionId="56ae4ebf-73a1-4b4b-8ca9-6619bdf36b62" testId="67362295-72c8-405a-83f0-feb6e2f17a75" testName="JilTests.EnumFlagsTest.TestEnumFlagsDeserialize2" computerName="SIEBL-4303-04" duration="00:00:00.0010000" startTime="2018-11-11T16:39:58.0360222-06:00" endTime="2018-11-11T16:39:58.0360222-06:00" testType="13cdc9d9-ddb5-4fa4-a97d-d965ccfc6d4b" outcome="Passed" testListId="8c84fa94-04c1-424b-9868-57a2d4851a1d" relativeResultsDirectory="56ae4ebf-73a1-4b4b-8ca9-6619bdf36b62" /><UnitTestResult executionId="07eb66be-34ea-4bd7-a6b3-55b5b5f83d9c" testId="5d9bfba2-be7e-423a-9060-ff6161f3e777" testName="JilTests.DeserializeTests.ISO8601TimeSpan_Weeks" computerName="SIEBL-4303-04" duration="00:00:00.0020000" startTime="2018-11-11T16:40:15.1924554-06:00" endTime="2018-11-11T16:40:15.1924554-06:00" testType="13cdc9d9-ddb5-4fa4-a97d-d965ccfc6d4b" outcome="Passed" testListId="8c84fa94-04c1-424b-9868-57a2d4851a1d" relativeResultsDirectory="07eb66be-34ea-4bd7-a6b3-55b5b5f83d9c" /><UnitTestResult executionId="2684d966-a350-448d-b3c9-14559c03c171" testId="9a33c0e6-38a0-42ac-b80b-585995e70523" testName="JilTests.SerializeTests.ISODateTimes" computerName="SIEBL-4303-04" duration="00:00:00.0390000" startTime="2018-11-11T16:40:05.7295066-06:00" endTime="2018-11-11T16:40:05.7295066-06:00" testType="13cdc9d9-ddb5-4fa4-a97d-d965ccfc6d4b" outcome="Passed" testListId="8c84fa94-04c1-424b-9868-57a2d4851a1d" relativeResultsDirectory="2684d966-a350-448d-b3c9-14559c03c171" /><UnitTestResult executionId="8a9b849d-ff42-4e12-ba79-c73de2d63c53" testId="e518cc9f-be4b-4c75-9a9c-d7c74fdccc32" testName="JilTests.EnumFlagsTest.TestEnumFlagsSerialize" computerName="SIEBL-4303-04" duration="00:00:00.0720000" startTime="2018-11-11T16:39:58.0280168-06:00" endTime="2018-11-11T16:39:58.0280168-06:00" testType="13cdc9d9-ddb5-4fa4-a97d-d965ccfc6d4b" outcome="Passed" testListId="8c84fa94-04c1-424b-9868-57a2d4851a1d" relativeResultsDirectory="8a9b849d-ff42-4e12-ba79-c73de2d63c53" /><UnitTestResult executionId="f57d9981-1a65-4e9d-a5a3-262f551c94f0" testId="7f43ec1e-c85b-4019-bb5a-dde621132589" testName="JilTests.DeserializeDynamicTests.EnumMemberAttributeOverride" computerName="SIEBL-4303-04" duration="00:00:00.0160000" startTime="2018-11-11T16:40:00.7697123-06:00" endTime="2018-11-11T16:40:00.7697123-06:00" testType="13cdc9d9-ddb5-4fa4-a97d-d965ccfc6d4b" outcome="Passed" testListId="8c84fa94-04c1-424b-9868-57a2d4851a1d" relativeResultsDirectory="f57d9981-1a65-4e9d-a5a3-262f551c94f0" /><UnitTestResult executionId="1750332c-8edb-4a1a-9b70-d2052a7f97ff" testId="00c1dc68-8fff-43af-8cf6-a013fbc0bbdb" testName="JilTests.DeserializeDynamicTests.MicrosoftDateTimesWithTimeZones" computerName="SIEBL-4303-04" duration="00:00:02.1060000" startTime="2018-11-11T16:40:00.0813082-06:00" endTime="2018-11-11T16:40:00.0813082-06:00" testType="13cdc9d9-ddb5-4fa4-a97d-d965ccfc6d4b" outcome="Passed" testListId="8c84fa94-04c1-424b-9868-57a2d4851a1d" relativeResultsDirectory="1750332c-8edb-4a1a-9b70-d2052a7f97ff" /><UnitTestResult executionId="c246a7cb-27e9-4e3d-b83a-b0091abcb4e4" testId="c1b265a1-a4d2-47ca-a940-1c15920c6a7c" testName="JilTests.DeserializeTests.MalformedISO8601(dateString: &quot;\&quot;1900000\&quot;&quot;, expectedError: &quot;Expected ordinal day to be between 001 and 366&quot;)" computerName="SIEBL-4303-04" duration="00:00:00.0010000" startTime="2018-11-11T16:39:57.5446943-06:00" endTime="2018-11-11T16:39:57.5446943-06:00" testType="13cdc9d9-ddb5-4fa4-a97d-d965ccfc6d4b" outcome="Passed" testListId="8c84fa94-04c1-424b-9868-57a2d4851a1d" relativeResultsDirectory="c246a7cb-27e9-4e3d-b83a-b0091abcb4e4" /><UnitTestResult executionId="691757a1-1666-46d3-bbdd-ced66f46a117" testId="90fc52fb-45f8-4710-b3e8-5c8778639e30" testName="JilTests.DeserializeTests.BadDouble(input: &quot;1.2E10E10&quot;, expectedSnippetAfter: &quot;E10&quot;)" computerName="SIEBL-4303-04" duration="00:00:00.0010000" startTime="2018-11-11T16:40:14.8282108-06:00" endTime="2018-11-11T16:40:14.8282108-06:00" testType="13cdc9d9-ddb5-4fa4-a97d-d965ccfc6d4b" outcome="Passed" testListId="8c84fa94-04c1-424b-9868-57a2d4851a1d" relativeResultsDirectory="691757a1-1666-46d3-bbdd-ced66f46a117" /><UnitTestResult executionId="59827e0b-ab31-4176-b311-71ecc7cd10d8" testId="8a49a504-dae7-4014-b170-c6d16fc8a77c" testName="JilTests.SerializeTests.ValueTypes" computerName="SIEBL-4303-04" duration="00:00:00.4130000" startTime="2018-11-11T16:39:59.4708360-06:00" endTime="2018-11-11T16:39:59.4708360-06:00" testType="13cdc9d9-ddb5-4fa4-a97d-d965ccfc6d4b" outcome="Passed" testListId="8c84fa94-04c1-424b-9868-57a2d4851a1d" relativeResultsDirectory="59827e0b-ab31-4176-b311-71ecc7cd10d8" /><UnitTestResult executionId="259b9fa2-0d3d-440d-81e3-b184cd28c4a9" testId="a0ea015d-3bf1-4e27-834e-8250e472fc5d" testName="JilTests.DeserializeDynamicTests.DictionaryCoercion" computerName="SIEBL-4303-04" duration="00:00:00.0150000" startTime="2018-11-11T16:40:00.0963194-06:00" endTime="2018-11-11T16:40:00.0963194-06:00" testType="13cdc9d9-ddb5-4fa4-a97d-d965ccfc6d4b" outcome="Passed" testListId="8c84fa94-04c1-424b-9868-57a2d4851a1d" relativeResultsDirectory="259b9fa2-0d3d-440d-81e3-b184cd28c4a9" /><UnitTestResult executionId="6a5b255b-f342-4cb2-9e21-89552265a035" testId="6e4aa0ab-e56c-41c9-98b1-ebcc5700646a" testName="JilTests.DeserializeTests.ParseISO8601" computerName="SIEBL-4303-04" duration="00:00:00.0120000" startTime="2018-11-11T16:40:03.9138378-06:00" endTime="2018-11-11T16:40:03.9138378-06:00" testType="13cdc9d9-ddb5-4fa4-a97d-d965ccfc6d4b" outcome="Passed" testListId="8c84fa94-04c1-424b-9868-57a2d4851a1d" relativeResultsDirectory="6a5b255b-f342-4cb2-9e21-89552265a035" /><UnitTestResult executionId="752b0477-a617-4c13-9ec0-8c46b5324a63" testId="8cb683b2-501b-410d-98c9-da389971037d" testName="JilTests.DeserializeTests.Issue143TimeSpan" computerName="SIEBL-4303-04" duration="00:00:00.0010000" startTime="2018-11-11T16:40:15.9809815-06:00" endTime="2018-11-11T16:40:15.9809815-06:00" testType="13cdc9d9-ddb5-4fa4-a97d-d965ccfc6d4b" outcome="Passed" testListId="8c84fa94-04c1-424b-9868-57a2d4851a1d" relativeResultsDirectory="752b0477-a617-4c13-9ec0-8c46b5324a63" /><UnitTestResult executionId="57331bf3-2c3f-4db0-8d18-0ceffaf81990" testId="b94751fd-f46e-4b9a-8e00-891a6f320d7d" testName="JilTests.DeserializeTests.MalformedISO8601(dateString: &quot;\&quot;1999-W1\&quot;&quot;, expectedError: &quot;Unexpected date string length&quot;)" computerName="SIEBL-4303-04" duration="00:00:00.0010000" startTime="2018-11-11T16:39:57.5466956-06:00" endTime="2018-11-11T16:39:57.5466956-06:00" testType="13cdc9d9-ddb5-4fa4-a97d-d965ccfc6d4b" outcome="Passed" testListId="8c84fa94-04c1-424b-9868-57a2d4851a1d" relativeResultsDirectory="57331bf3-2c3f-4db0-8d18-0ceffaf81990" /><UnitTestResult executionId="b5c94375-3a48-4cf2-b321-d6a9641a3068" testId="c903dd96-617b-442b-a8a3-25e3e3bc242a" testName="JilTests.DeserializeTests.UnionAttributeError" computerName="SIEBL-4303-04" duration="00:00:00.0190000" startTime="2018-11-11T16:40:06.5070242-06:00" endTime="2018-11-11T16:40:06.5070242-06:00" testType="13cdc9d9-ddb5-4fa4-a97d-d965ccfc6d4b" outcome="Passed" testListId="8c84fa94-04c1-424b-9868-57a2d4851a1d" relativeResultsDirectory="b5c94375-3a48-4cf2-b321-d6a9641a3068" /><UnitTestResult executionId="2d9e9a6f-b486-4a7b-bab2-5c042ac84c7c" testId="e86a5011-b757-486e-be5b-2efdc1e2e6d0" testName="JilTests.DeserializeTests.Issue117_ULong" computerName="SIEBL-4303-04" duration="00:00:00.0040000" startTime="2018-11-11T16:40:03.4455250-06:00" endTime="2018-11-11T16:40:03.4455250-06:00" testType="13cdc9d9-ddb5-4fa4-a97d-d965ccfc6d4b" outcome="Passed" testListId="8c84fa94-04c1-424b-9868-57a2d4851a1d" relativeResultsDirectory="2d9e9a6f-b486-4a7b-bab2-5c042ac84c7c" /><UnitTestResult executionId="8894ad07-262d-4cd3-910b-172a9d010f05" testId="66cd7baa-d0ab-462f-9b32-91fc02e1fdd9" testName="JilTests.DeserializeTests.Chars" computerName="SIEBL-4303-04" duration="00:00:00.0140000" startTime="2018-11-11T16:40:05.0052493-06:00" endTime="2018-11-11T16:40:05.0052493-06:00" testType="13cdc9d9-ddb5-4fa4-a97d-d965ccfc6d4b" outcome="Passed" testListId="8c84fa94-04c1-424b-9868-57a2d4851a1d" relativeResultsDirectory="8894ad07-262d-4cd3-910b-172a9d010f05" /><UnitTestResult executionId="4b0d9f5d-ae77-4368-aabe-056558f0131b" testId="e9ce5bd8-ab3b-434c-bf3b-d350c25df664" testName="JilTests.SerializeTests.Issue27" computerName="SIEBL-4303-04" duration="00:00:00.0140000" startTime="2018-11-11T16:40:05.6327682-06:00" endTime="2018-11-11T16:40:05.6327682-06:00" testType="13cdc9d9-ddb5-4fa4-a97d-d965ccfc6d4b" outcome="Passed" testListId="8c84fa94-04c1-424b-9868-57a2d4851a1d" relativeResultsDirectory="4b0d9f5d-ae77-4368-aabe-056558f0131b" /><UnitTestResult executionId="08bd26d0-c5c0-494b-b15e-5216b6d0c1b3" testId="04c43196-8ccd-4327-9c03-f0efa71be6ff" testName="JilTests.UtilsTests.FindRecursiveTypes_DictDict" computerName="SIEBL-4303-04" duration="00:00:00.0540000" startTime="2018-11-11T16:39:57.3745805-06:00" endTime="2018-11-11T16:39:57.3745805-06:00" testType="13cdc9d9-ddb5-4fa4-a97d-d965ccfc6d4b" outcome="Passed" testListId="8c84fa94-04c1-424b-9868-57a2d4851a1d" relativeResultsDirectory="08bd26d0-c5c0-494b-b15e-5216b6d0c1b3" /><UnitTestResult executionId="34c57bd1-2073-420c-bb1b-ea0d5f8a65a7" testId="8440b604-ee9d-46d7-94ae-0f6b4ec0da9e" testName="JilTests.DeserializeTests.Issue151" computerName="SIEBL-4303-04" duration="00:00:00.0490000" startTime="2018-11-11T16:40:05.9106266-06:00" endTime="2018-11-11T16:40:05.9106266-06:00" testType="13cdc9d9-ddb5-4fa4-a97d-d965ccfc6d4b" outcome="Passed" testListId="8c84fa94-04c1-424b-9868-57a2d4851a1d" relativeResultsDirectory="34c57bd1-2073-420c-bb1b-ea0d5f8a65a7" /><UnitTestResult executionId="64cb2e70-87a2-4ed0-8db5-f807d6707f3a" testId="8001df7f-7974-4fb6-89ca-ecf3d3feaca0" testName="JilTests.DeserializeTests.MicrosoftTimeSpan" computerName="SIEBL-4303-04" duration="00:00:00.0090000" startTime="2018-11-11T16:40:15.9739756-06:00" endTime="2018-11-11T16:40:15.9739756-06:00" testType="13cdc9d9-ddb5-4fa4-a97d-d965ccfc6d4b" outcome="Passed" testListId="8c84fa94-04c1-424b-9868-57a2d4851a1d" relativeResultsDirectory="64cb2e70-87a2-4ed0-8db5-f807d6707f3a" /><UnitTestResult executionId="80857579-8623-47d4-8942-4298384eb51f" testId="eaa25d61-eb2c-4672-ae43-140377f889b6" testName="JilTests.DeserializeDynamicTests.ArrayEnumerator" computerName="SIEBL-4303-04" duration="00:00:00.0090000" startTime="2018-11-11T16:40:00.6786501-06:00" endTime="2018-11-11T16:40:00.6786501-06:00" testType="13cdc9d9-ddb5-4fa4-a97d-d965ccfc6d4b" outcome="Passed" testListId="8c84fa94-04c1-424b-9868-57a2d4851a1d" relativeResultsDirectory="80857579-8623-47d4-8942-4298384eb51f" /><UnitTestResult executionId="7076a7c5-dc95-4afa-a569-ffc40e4e318b" testId="349f6e64-e3a5-4b94-9153-3240c04eadbb" testName="JilTests.DeserializeDynamicTests.Issue117(input: &quot;1.&quot;, expectedError: &quot;Expected digit&quot;)" computerName="SIEBL-4303-04" duration="00:00:00.0010000" startTime="2018-11-11T16:39:58.0060018-06:00" endTime="2018-11-11T16:39:58.0060018-06:00" testType="13cdc9d9-ddb5-4fa4-a97d-d965ccfc6d4b" outcome="Passed" testListId="8c84fa94-04c1-424b-9868-57a2d4851a1d" relativeResultsDirectory="7076a7c5-dc95-4afa-a569-ffc40e4e318b" /><UnitTestResult executionId="a37a91a4-0892-4259-a46e-8463ff7a97c7" testId="0f968669-9f80-4cd2-a518-27e1aa1d7e49" testName="JilTests.SerializeTests.Issue258" computerName="SIEBL-4303-04" duration="00:00:00.0430000" startTime="2018-11-11T16:40:11.7748277-06:00" endTime="2018-11-11T16:40:11.7748277-06:00" testType="13cdc9d9-ddb5-4fa4-a97d-d965ccfc6d4b" outcome="Passed" testListId="8c84fa94-04c1-424b-9868-57a2d4851a1d" relativeResultsDirectory="a37a91a4-0892-4259-a46e-8463ff7a97c7" /><UnitTestResult executionId="b284672d-9989-4abb-850a-e9756935a690" testId="d6da1148-3527-40cf-a94c-57553d8390bf" testName="JilTests.DeserializeDynamicTests.MillisecondDateTimes" computerName="SIEBL-4303-04" duration="00:00:00.0070000" startTime="2018-11-11T16:40:00.3834531-06:00" endTime="2018-11-11T16:40:00.3834531-06:00" testType="13cdc9d9-ddb5-4fa4-a97d-d965ccfc6d4b" outcome="Passed" testListId="8c84fa94-04c1-424b-9868-57a2d4851a1d" relativeResultsDirectory="b284672d-9989-4abb-850a-e9756935a690" /><UnitTestResult executionId="943f67e3-6adf-4355-81cc-fa7eb8441f3f" testId="ecac3b15-0c3d-4893-b543-9342dcff69c3" testName="JilTests.SerializeTests.FlagsEnum" computerName="SIEBL-4303-04" duration="00:00:00.0400000" startTime="2018-11-11T16:40:05.2314002-06:00" endTime="2018-11-11T16:40:05.2314002-06:00" testType="13cdc9d9-ddb5-4fa4-a97d-d965ccfc6d4b" outcome="Passed" testListId="8c84fa94-04c1-424b-9868-57a2d4851a1d" relativeResultsDirectory="943f67e3-6adf-4355-81cc-fa7eb8441f3f" /><UnitTestResult executionId="658cc61d-a87e-44c9-912a-78aaa7219728" testId="14c7244f-1def-4045-87fa-398ff255de61" testName="JilTests.DeserializeTests.Doubles" computerName="SIEBL-4303-04" duration="00:00:00.0200000" startTime="2018-11-11T16:40:03.2199959-06:00" endTime="2018-11-11T16:40:03.2199959-06:00" testType="13cdc9d9-ddb5-4fa4-a97d-d965ccfc6d4b" outcome="Passed" testListId="8c84fa94-04c1-424b-9868-57a2d4851a1d" relativeResultsDirectory="658cc61d-a87e-44c9-912a-78aaa7219728" /><UnitTestResult executionId="41115ede-c672-41e5-90c8-b6e3de4233d2" testId="237dcf59-2e91-4d8e-a787-7039aa958e4d" testName="JilTests.SerializeTests.Issue272" computerName="SIEBL-4303-04" duration="00:00:00.0210000" startTime="2018-11-11T16:39:59.0597049-06:00" endTime="2018-11-11T16:39:59.0597049-06:00" testType="13cdc9d9-ddb5-4fa4-a97d-d965ccfc6d4b" outcome="Passed" testListId="8c84fa94-04c1-424b-9868-57a2d4851a1d" relativeResultsDirectory="41115ede-c672-41e5-90c8-b6e3de4233d2" /><UnitTestResult executionId="a3a20a79-ba36-45c1-819d-942db85eca39" testId="1dd602dd-4de9-4a14-ba05-afdd0720baa8" testName="JilTests.DeserializeTests.UnionTypeMisconfiguration" computerName="SIEBL-4303-04" duration="00:00:00.0600000" startTime="2018-11-11T16:40:08.9361785-06:00" endTime="2018-11-11T16:40:08.9361785-06:00" testType="13cdc9d9-ddb5-4fa4-a97d-d965ccfc6d4b" outcome="Passed" testListId="8c84fa94-04c1-424b-9868-57a2d4851a1d" relativeResultsDirectory="a3a20a79-ba36-45c1-819d-942db85eca39" /><UnitTestResult executionId="17e3c2c1-13a0-466f-8314-5b5c73a6fa35" testId="57b68bc1-6ccd-4a0a-a6cf-9a7d2e1b77ce" testName="JilTests.DeserializeTests.Longs" computerName="SIEBL-4303-04" duration="00:00:00.0010000" startTime="2018-11-11T16:40:06.4960181-06:00" endTime="2018-11-11T16:40:06.4960181-06:00" testType="13cdc9d9-ddb5-4fa4-a97d-d965ccfc6d4b" outcome="Passed" testListId="8c84fa94-04c1-424b-9868-57a2d4851a1d" relativeResultsDirectory="17e3c2c1-13a0-466f-8314-5b5c73a6fa35" /><UnitTestResult executionId="1da38885-ea15-4dde-9622-da6c7cfc90c6" testId="ac3f864c-c7d6-4939-a1f3-a3f95f068a51" testName="JilTests.DeserializeDynamicTests.Not" computerName="SIEBL-4303-04" duration="00:00:00.0070000" startTime="2018-11-11T16:40:01.2267989-06:00" endTime="2018-11-11T16:40:01.2267989-06:00" testType="13cdc9d9-ddb5-4fa4-a97d-d965ccfc6d4b" outcome="Passed" testListId="8c84fa94-04c1-424b-9868-57a2d4851a1d" relativeResultsDirectory="1da38885-ea15-4dde-9622-da6c7cfc90c6" /><UnitTestResult executionId="4b4e211c-f52e-45bb-83d0-7a2ed1cf3646" testId="59499d9a-6db1-4051-aaf4-624c8e7a52d2" testName="JilTests.SerializeTests.ReuseTypeSerializers" computerName="SIEBL-4303-04" duration="00:00:00.0120000" startTime="2018-11-11T16:39:59.6780391-06:00" endTime="2018-11-11T16:39:59.6780391-06:00" testType="13cdc9d9-ddb5-4fa4-a97d-d965ccfc6d4b" outcome="Passed" testListId="8c84fa94-04c1-424b-9868-57a2d4851a1d" relativeResultsDirectory="4b4e211c-f52e-45bb-83d0-7a2ed1cf3646" /><UnitTestResult executionId="3318a5fd-452a-4a57-ac4b-3b0148c32906" testId="a3892e76-9b8b-4ce7-b1e3-d8485af671f5" testName="JilTests.SerializeTests.Enumerables" computerName="SIEBL-4303-04" duration="00:00:00.1250000" startTime="2018-11-11T16:39:58.0100045-06:00" endTime="2018-11-11T16:39:58.0100045-06:00" testType="13cdc9d9-ddb5-4fa4-a97d-d965ccfc6d4b" outcome="Passed" testListId="8c84fa94-04c1-424b-9868-57a2d4851a1d" relativeResultsDirectory="3318a5fd-452a-4a57-ac4b-3b0148c32906" /><UnitTestResult executionId="faca77d8-7c3a-4d8d-be8f-c28d3d872df7" testId="427316eb-1db2-4179-99be-6f94c5978fc8" testName="JilTests.DeserializeTests.Nullables" computerName="SIEBL-4303-04" duration="00:00:00.0170000" startTime="2018-11-11T16:40:02.9498153-06:00" endTime="2018-11-11T16:40:02.9498153-06:00" testType="13cdc9d9-ddb5-4fa4-a97d-d965ccfc6d4b" outcome="Passed" testListId="8c84fa94-04c1-424b-9868-57a2d4851a1d" relativeResultsDirectory="faca77d8-7c3a-4d8d-be8f-c28d3d872df7" /><UnitTestResult executionId="2d52ea52-d9f8-4960-b1f3-041c58f6af19" testId="74d6824e-2662-4308-a478-29a7300ff436" testName="JilTests.DeserializeDynamicTests.ShortCircuits" computerName="SIEBL-4303-04" duration="00:00:00.0070000" startTime="2018-11-11T16:40:00.1023237-06:00" endTime="2018-11-11T16:40:00.1023237-06:00" testType="13cdc9d9-ddb5-4fa4-a97d-d965ccfc6d4b" outcome="Passed" testListId="8c84fa94-04c1-424b-9868-57a2d4851a1d" relativeResultsDirectory="2d52ea52-d9f8-4960-b1f3-041c58f6af19" /><UnitTestResult executionId="e3ac4937-b36e-4daa-9880-310b96d36d29" testId="60a06c7c-2387-4b63-bc5e-b345645f5a56" testName="JilTests.DeserializeDynamicTests.NewtsoftDateTimes" computerName="SIEBL-4303-04" duration="00:00:00.0020000" startTime="2018-11-11T16:40:00.4234813-06:00" endTime="2018-11-11T16:40:00.4234813-06:00" testType="13cdc9d9-ddb5-4fa4-a97d-d965ccfc6d4b" outcome="Passed" testListId="8c84fa94-04c1-424b-9868-57a2d4851a1d" relativeResultsDirectory="e3ac4937-b36e-4daa-9880-310b96d36d29" /><UnitTestResult executionId="d7f2d90f-6ad8-49ef-8d9a-1ffdc33d17a4" testId="bce4795b-873f-4ed9-8e82-938e6ad59ac0" testName="JilTests.DeserializeTests.ISets" computerName="SIEBL-4303-04" duration="00:00:00.1990000" startTime="2018-11-11T16:40:02.4522770-06:00" endTime="2018-11-11T16:40:02.4522770-06:00" testType="13cdc9d9-ddb5-4fa4-a97d-d965ccfc6d4b" outcome="Passed" testListId="8c84fa94-04c1-424b-9868-57a2d4851a1d" relativeResultsDirectory="d7f2d90f-6ad8-49ef-8d9a-1ffdc33d17a4" /><UnitTestResult executionId="c3e97757-d7d5-4427-b20c-696e880edf14" testId="002f4ec9-b4fb-47a7-ba1c-a7b17edc6991" testName="JilTests.DynamicSerializationTests.ElasticExampleFailure" computerName="SIEBL-4303-04" duration="00:00:00.4600000" startTime="2018-11-11T16:39:58.8415594-06:00" endTime="2018-11-11T16:39:58.8415594-06:00" testType="13cdc9d9-ddb5-4fa4-a97d-d965ccfc6d4b" outcome="Passed" testListId="8c84fa94-04c1-424b-9868-57a2d4851a1d" relativeResultsDirectory="c3e97757-d7d5-4427-b20c-696e880edf14" /><UnitTestResult executionId="68230317-4bdb-4828-8475-35a2607ffb51" testId="836efef4-5f9f-4e52-af0f-61d680566b8f" testName="JilTests.DeserializeTests.Issue143DateTimeOffsetFractionOverflow" computerName="SIEBL-4303-04" duration="00:00:00.0010000" startTime="2018-11-11T16:40:12.5781329-06:00" endTime="2018-11-11T16:40:12.5781329-06:00" testType="13cdc9d9-ddb5-4fa4-a97d-d965ccfc6d4b" outcome="Passed" testListId="8c84fa94-04c1-424b-9868-57a2d4851a1d" relativeResultsDirectory="68230317-4bdb-4828-8475-35a2607ffb51" /><UnitTestResult executionId="25d99e03-14eb-488f-ad86-fa2c0852cb12" testId="22b2f2eb-aa5f-47d0-a50e-59a066007ffe" testName="JilTests.DeserializeDynamicTests.DateTimeOffsets" computerName="SIEBL-4303-04" duration="00:00:00.0080000" startTime="2018-11-11T16:40:00.1243381-06:00" endTime="2018-11-11T16:40:00.1243381-06:00" testType="13cdc9d9-ddb5-4fa4-a97d-d965ccfc6d4b" outcome="Passed" testListId="8c84fa94-04c1-424b-9868-57a2d4851a1d" relativeResultsDirectory="25d99e03-14eb-488f-ad86-fa2c0852cb12" /><UnitTestResult executionId="73d81a4d-f099-4544-8540-b54edc33a9df" testId="3a0a29f0-db59-49a4-acd4-299be1dfad0d" testName="JilTests.SerializeTests.SerializeDynamicToString" computerName="SIEBL-4303-04" duration="00:00:00.0010000" startTime="2018-11-11T16:40:11.8268618-06:00" endTime="2018-11-11T16:40:11.8268618-06:00" testType="13cdc9d9-ddb5-4fa4-a97d-d965ccfc6d4b" outcome="Passed" testListId="8c84fa94-04c1-424b-9868-57a2d4851a1d" relativeResultsDirectory="73d81a4d-f099-4544-8540-b54edc33a9df" /><UnitTestResult executionId="02d3a3fd-12f4-46f2-ba52-33887bd2403b" testId="2dd9d97a-9de5-432e-86e7-4b85eb5179ff" testName="JilTests.SerializeTests.MillsecondsTimeSpans" computerName="SIEBL-4303-04" duration="00:00:00.0030000" startTime="2018-11-11T16:40:08.1128783-06:00" endTime="2018-11-11T16:40:08.1128783-06:00" testType="13cdc9d9-ddb5-4fa4-a97d-d965ccfc6d4b" outcome="Passed" testListId="8c84fa94-04c1-424b-9868-57a2d4851a1d" relativeResultsDirectory="02d3a3fd-12f4-46f2-ba52-33887bd2403b" /><UnitTestResult executionId="f71b6b24-cb1a-43dc-afa1-c6716b139c4c" testId="747b9026-a2ea-481e-8270-0d50e8787d44" testName="JilTests.DeserializeTests.NullEmptyMembers" computerName="SIEBL-4303-04" duration="00:00:00.0520000" startTime="2018-11-11T16:40:02.2509094-06:00" endTime="2018-11-11T16:40:02.2509094-06:00" testType="13cdc9d9-ddb5-4fa4-a97d-d965ccfc6d4b" outcome="Passed" testListId="8c84fa94-04c1-424b-9868-57a2d4851a1d" relativeResultsDirectory="f71b6b24-cb1a-43dc-afa1-c6716b139c4c" /><UnitTestResult executionId="456aa34d-62e8-430c-8936-a4b34243d922" testId="6bd997b2-8dfc-456a-91af-ad237401a42e" testName="JilTests.SerializeTests.Issue42" computerName="SIEBL-4303-04" duration="00:00:00.0460000" startTime="2018-11-11T16:39:58.2821864-06:00" endTime="2018-11-11T16:39:58.2821864-06:00" testType="13cdc9d9-ddb5-4fa4-a97d-d965ccfc6d4b" outcome="Passed" testListId="8c84fa94-04c1-424b-9868-57a2d4851a1d" relativeResultsDirectory="456aa34d-62e8-430c-8936-a4b34243d922" /><UnitTestResult executionId="7d9330ed-027f-4ddc-81f5-13b4138e421b" testId="34fdba56-0915-4ac6-8ebc-7444985b1045" testName="JilTests.DeserializeTests.ComplicatedDiscriminateUnion" computerName="SIEBL-4303-04" duration="00:00:00.4990000" startTime="2018-11-11T16:40:13.2753158-06:00" endTime="2018-11-11T16:40:13.2753158-06:00" testType="13cdc9d9-ddb5-4fa4-a97d-d965ccfc6d4b" outcome="Passed" testListId="8c84fa94-04c1-424b-9868-57a2d4851a1d" relativeResultsDirectory="7d9330ed-027f-4ddc-81f5-13b4138e421b" /><UnitTestResult executionId="4b8dd92d-8bdf-47be-9794-963db1dc1d48" testId="9a0acc6d-5d46-4080-ac24-30ecd1f53121" testName="JilTests.DeserializeTests.DateTimeOffsets" computerName="SIEBL-4303-04" duration="00:00:00.0050000" startTime="2018-11-11T16:40:16.6023956-06:00" endTime="2018-11-11T16:40:16.6023956-06:00" testType="13cdc9d9-ddb5-4fa4-a97d-d965ccfc6d4b" outcome="Passed" testListId="8c84fa94-04c1-424b-9868-57a2d4851a1d" relativeResultsDirectory="4b8dd92d-8bdf-47be-9794-963db1dc1d48" /><UnitTestResult executionId="5956619d-a433-43b8-b066-2a514331afda" testId="71b1627a-e11c-48ff-9733-39b7f36cd860" testName="JilTests.DeserializeTests.Issue126" computerName="SIEBL-4303-04" duration="00:00:00.0070000" startTime="2018-11-11T16:40:12.6882061-06:00" endTime="2018-11-11T16:40:12.6882061-06:00" testType="13cdc9d9-ddb5-4fa4-a97d-d965ccfc6d4b" outcome="Passed" testListId="8c84fa94-04c1-424b-9868-57a2d4851a1d" relativeResultsDirectory="5956619d-a433-43b8-b066-2a514331afda" /><UnitTestResult executionId="64535b11-a91a-4551-bcde-1955be6fef75" testId="70e37fc0-4b49-4915-ab1f-3bf9c8f903d2" testName="JilTests.DeserializeTests.SecondDateTimes" computerName="SIEBL-4303-04" duration="00:00:00.0020000" startTime="2018-11-11T16:40:09.0922832-06:00" endTime="2018-11-11T16:40:09.0922832-06:00" testType="13cdc9d9-ddb5-4fa4-a97d-d965ccfc6d4b" outcome="Passed" testListId="8c84fa94-04c1-424b-9868-57a2d4851a1d" relativeResultsDirectory="64535b11-a91a-4551-bcde-1955be6fef75" /><UnitTestResult executionId="ea5e4f62-26aa-4d45-8831-24a7300ea7fd" testId="f46a025e-993e-494a-aae4-c92df87506f4" testName="JilTests.SerializeTests.EnumDictionaryKeys" computerName="SIEBL-4303-04" duration="00:00:00.2410000" startTime="2018-11-11T16:39:57.8048679-06:00" endTime="2018-11-11T16:39:57.8048679-06:00" testType="13cdc9d9-ddb5-4fa4-a97d-d965ccfc6d4b" outcome="Passed" testListId="8c84fa94-04c1-424b-9868-57a2d4851a1d" relativeResultsDirectory="ea5e4f62-26aa-4d45-8831-24a7300ea7fd" /><UnitTestResult executionId="6a890b1c-d0a8-47a0-a73a-b880289ed6fd" testId="f12edbf1-837f-4f0c-b45d-01108c75c8b7" testName="JilTests.DeserializeTests.Issue143DateTime" computerName="SIEBL-4303-04" duration="00:00:00.0010000" startTime="2018-11-11T16:40:03.4475263-06:00" endTime="2018-11-11T16:40:03.4475263-06:00" testType="13cdc9d9-ddb5-4fa4-a97d-d965ccfc6d4b" outcome="Passed" testListId="8c84fa94-04c1-424b-9868-57a2d4851a1d" relativeResultsDirectory="6a890b1c-d0a8-47a0-a73a-b880289ed6fd" /><UnitTestResult executionId="96c91898-5b5f-4308-8d3a-6f061181e3ae" testId="0145753c-37d3-45b9-8cf2-c6a3cec8b8c8" testName="JilTests.DeserializeDynamicTests.ObjectEnumeration" computerName="SIEBL-4303-04" duration="00:00:00.0060000" startTime="2018-11-11T16:40:00.6576360-06:00" endTime="2018-11-11T16:40:00.6576360-06:00" testType="13cdc9d9-ddb5-4fa4-a97d-d965ccfc6d4b" outcome="Passed" testListId="8c84fa94-04c1-424b-9868-57a2d4851a1d" relativeResultsDirectory="96c91898-5b5f-4308-8d3a-6f061181e3ae" /><UnitTestResult executionId="c07d91be-04b4-43a1-a0f0-1fdb1ca8d81f" testId="329ad279-f397-49af-8211-0b56d1340d26" testName="JilTests.DeserializeTests.BadFloat(input: &quot;1.2.3.4.5.6&quot;, expectedSnippetAfter: &quot;.3.4.5.6&quot;)" computerName="SIEBL-4303-04" duration="00:00:00.0010000" startTime="2018-11-11T16:40:08.8013186-06:00" endTime="2018-11-11T16:40:08.8013186-06:00" testType="13cdc9d9-ddb5-4fa4-a97d-d965ccfc6d4b" outcome="Passed" testListId="8c84fa94-04c1-424b-9868-57a2d4851a1d" relativeResultsDirectory="c07d91be-04b4-43a1-a0f0-1fdb1ca8d81f" /><UnitTestResult executionId="deeec965-ad12-4551-910d-bd62b7fb3386" testId="c4bc8ea9-a24c-4bdd-a844-8608ebce4074" testName="JilTests.DeserializeDynamicTests.TimeSpans_ISO8601" computerName="SIEBL-4303-04" duration="00:00:00.0750000" startTime="2018-11-11T16:40:00.7547008-06:00" endTime="2018-11-11T16:40:00.7547008-06:00" testType="13cdc9d9-ddb5-4fa4-a97d-d965ccfc6d4b" outcome="Passed" testListId="8c84fa94-04c1-424b-9868-57a2d4851a1d" relativeResultsDirectory="deeec965-ad12-4551-910d-bd62b7fb3386" /><UnitTestResult executionId="15f8adc1-bbb1-41ec-beb9-b93796ab12d0" testId="d6e432cb-2a3c-42b9-ba50-82376f0d741c" testName="JilTests.DeserializeTests.MalformedISO8601(dateString: &quot;\&quot;1900999\&quot;&quot;, expectedError: &quot;Expected ordinal day to be between 001 and 366&quot;)" computerName="SIEBL-4303-04" duration="00:00:00.0010000" startTime="2018-11-11T16:39:57.5537003-06:00" endTime="2018-11-11T16:39:57.5537003-06:00" testType="13cdc9d9-ddb5-4fa4-a97d-d965ccfc6d4b" outcome="Passed" testListId="8c84fa94-04c1-424b-9868-57a2d4851a1d" relativeResultsDirectory="15f8adc1-bbb1-41ec-beb9-b93796ab12d0" /><UnitTestResult executionId="0d068e9a-0958-4d92-ac4d-1baef08c3c77" testId="481d368c-9a2c-4b2b-ab71-099a07459d9b" testName="JilTests.DeserializeDynamicTests.MemberAccess" computerName="SIEBL-4303-04" duration="00:00:00.0040000" startTime="2018-11-11T16:40:00.6696441-06:00" endTime="2018-11-11T16:40:00.6696441-06:00" testType="13cdc9d9-ddb5-4fa4-a97d-d965ccfc6d4b" outcome="Passed" testListId="8c84fa94-04c1-424b-9868-57a2d4851a1d" relativeResultsDirectory="0d068e9a-0958-4d92-ac4d-1baef08c3c77" /><UnitTestResult executionId="615e7e56-40af-467b-9806-b45ede630267" testId="f63c46c4-7718-428c-b110-4be0c5f7c5c8" testName="JilTests.DeserializeTests.FlagsEnum" computerName="SIEBL-4303-04" duration="00:00:00.0830000" startTime="2018-11-11T16:40:12.7717351-06:00" endTime="2018-11-11T16:40:12.7717351-06:00" testType="13cdc9d9-ddb5-4fa4-a97d-d965ccfc6d4b" outcome="Passed" testListId="8c84fa94-04c1-424b-9868-57a2d4851a1d" relativeResultsDirectory="615e7e56-40af-467b-9806-b45ede630267" /><UnitTestResult executionId="2173bc89-9e5a-43e9-94b9-3a36609f237a" testId="8e61ef91-35f2-43c0-977a-aa3785a9d5cf" testName="JilTests.SerializeTests.Issue270" computerName="SIEBL-4303-04" duration="00:00:00.0560000" startTime="2018-11-11T16:40:10.1928852-06:00" endTime="2018-11-11T16:40:10.1928852-06:00" testType="13cdc9d9-ddb5-4fa4-a97d-d965ccfc6d4b" outcome="Passed" testListId="8c84fa94-04c1-424b-9868-57a2d4851a1d" relativeResultsDirectory="2173bc89-9e5a-43e9-94b9-3a36609f237a" /><UnitTestResult executionId="d46e1b4c-3099-455f-9946-65f0d2cfb147" testId="d8e9cc50-8188-4806-b521-b5047df2a350" testName="JilTests.DeserializeDynamicTests.Issue117(input: &quot;-001&quot;, expectedError: &quot;Number cannot have leading zeros&quot;)" computerName="SIEBL-4303-04" duration="00:00:00.0010000" startTime="2018-11-11T16:39:57.9749811-06:00" endTime="2018-11-11T16:39:57.9749811-06:00" testType="13cdc9d9-ddb5-4fa4-a97d-d965ccfc6d4b" outcome="Passed" testListId="8c84fa94-04c1-424b-9868-57a2d4851a1d" relativeResultsDirectory="d46e1b4c-3099-455f-9946-65f0d2cfb147" /><UnitTestResult executionId="6f92f087-744c-466a-b5da-d74eea2d0159" testId="2cf941ae-706b-45c2-a589-872ee0ac713e" testName="JilTests.DeserializeDynamicTests.UnaryPlus" computerName="SIEBL-4303-04" duration="00:00:00.0060000" startTime="2018-11-11T16:40:01.2958450-06:00" endTime="2018-11-11T16:40:01.2958450-06:00" testType="13cdc9d9-ddb5-4fa4-a97d-d965ccfc6d4b" outcome="Passed" testListId="8c84fa94-04c1-424b-9868-57a2d4851a1d" relativeResultsDirectory="6f92f087-744c-466a-b5da-d74eea2d0159" /><UnitTestResult executionId="f50eaaca-9b13-4244-a65a-df2bc1611cc5" testId="881cd49e-6f95-40b2-b880-d653a0b20283" testName="JilTests.DeserializeTests.ValueTypes" computerName="SIEBL-4303-04" duration="00:00:00.0550000" startTime="2018-11-11T16:40:03.1859807-06:00" endTime="2018-11-11T16:40:03.1859807-06:00" testType="13cdc9d9-ddb5-4fa4-a97d-d965ccfc6d4b" outcome="Passed" testListId="8c84fa94-04c1-424b-9868-57a2d4851a1d" relativeResultsDirectory="f50eaaca-9b13-4244-a65a-df2bc1611cc5" /><UnitTestResult executionId="0931f562-a530-4bad-9747-867adddeddb2" testId="b6336469-9a5e-48b4-ae9d-8ff963275f98" testName="JilTests.DeserializeDynamicTests.NotEquals" computerName="SIEBL-4303-04" duration="00:00:00.0450000" startTime="2018-11-11T16:40:01.0766013-06:00" endTime="2018-11-11T16:40:01.0766013-06:00" testType="13cdc9d9-ddb5-4fa4-a97d-d965ccfc6d4b" outcome="Passed" testListId="8c84fa94-04c1-424b-9868-57a2d4851a1d" relativeResultsDirectory="0931f562-a530-4bad-9747-867adddeddb2" /><UnitTestResult executionId="b201c6b1-0f3c-4320-ab5e-4504981fe217" testId="fcd24897-9bf9-4774-b008-3c4cbe8638d3" testName="JilTests.SerializeTests.Issue275" computerName="SIEBL-4303-04" duration="00:00:00.0610000" startTime="2018-11-11T16:39:58.3432271-06:00" endTime="2018-11-11T16:39:58.3432271-06:00" testType="13cdc9d9-ddb5-4fa4-a97d-d965ccfc6d4b" outcome="Passed" testListId="8c84fa94-04c1-424b-9868-57a2d4851a1d" relativeResultsDirectory="b201c6b1-0f3c-4320-ab5e-4504981fe217" /><UnitTestResult executionId="0a6a0023-68d7-4cf5-ad89-db5a02d6c370" testId="82740498-47ba-455d-8e72-5de0c0432aa3" testName="JilTests.DeserializeTests.NonDiscriminantUnion" computerName="SIEBL-4303-04" duration="00:00:00.0340000" startTime="2018-11-11T16:40:10.2489229-06:00" endTime="2018-11-11T16:40:10.2489229-06:00" testType="13cdc9d9-ddb5-4fa4-a97d-d965ccfc6d4b" outcome="Passed" testListId="8c84fa94-04c1-424b-9868-57a2d4851a1d" relativeResultsDirectory="0a6a0023-68d7-4cf5-ad89-db5a02d6c370" /><UnitTestResult executionId="18313c7c-7782-47b0-9fad-2c27dcf0d36b" testId="6e00b463-6657-4d44-afba-c295c318eed9" testName="JilTests.SerializeTests.Issue101" computerName="SIEBL-4303-04" duration="00:00:00.0080000" startTime="2018-11-11T16:39:58.9366240-06:00" endTime="2018-11-11T16:39:58.9366240-06:00" testType="13cdc9d9-ddb5-4fa4-a97d-d965ccfc6d4b" outcome="Passed" testListId="8c84fa94-04c1-424b-9868-57a2d4851a1d" relativeResultsDirectory="18313c7c-7782-47b0-9fad-2c27dcf0d36b" /><UnitTestResult executionId="6c076e02-6494-409b-89ba-d0b27be7b962" testId="9901c48c-3b2e-45a8-9e1a-4f0c91282517" testName="JilTests.DeserializeDynamicTests.LessThan" computerName="SIEBL-4303-04" duration="00:00:00.0060000" startTime="2018-11-11T16:40:00.6526333-06:00" endTime="2018-11-11T16:40:00.6526333-06:00" testType="13cdc9d9-ddb5-4fa4-a97d-d965ccfc6d4b" outcome="Passed" testListId="8c84fa94-04c1-424b-9868-57a2d4851a1d" relativeResultsDirectory="6c076e02-6494-409b-89ba-d0b27be7b962" /><UnitTestResult executionId="050f87ae-32fe-4cc5-8781-c9b23fe566b2" testId="7ca14811-e3af-4220-9fed-2099b4336e4a" testName="JilTests.DeserializeTests.Issue203" computerName="SIEBL-4303-04" duration="00:00:00.0960000" startTime="2018-11-11T16:40:00.1903810-06:00" endTime="2018-11-11T16:40:00.1903810-06:00" testType="13cdc9d9-ddb5-4fa4-a97d-d965ccfc6d4b" outcome="Passed" testListId="8c84fa94-04c1-424b-9868-57a2d4851a1d" relativeResultsDirectory="050f87ae-32fe-4cc5-8781-c9b23fe566b2" /><UnitTestResult executionId="31632a38-10f7-4145-a559-2ec7b187974d" testId="fc009ac5-71c5-41f8-a901-6ba91918522e" testName="JilTests.DeserializeDynamicTests.NewtsoftDateTimeOffsets" computerName="SIEBL-4303-04" duration="00:00:00.0020000" startTime="2018-11-11T16:40:01.2177929-06:00" endTime="2018-11-11T16:40:01.2177929-06:00" testType="13cdc9d9-ddb5-4fa4-a97d-d965ccfc6d4b" outcome="Passed" testListId="8c84fa94-04c1-424b-9868-57a2d4851a1d" relativeResultsDirectory="31632a38-10f7-4145-a559-2ec7b187974d" /><UnitTestResult executionId="35a274cf-2fb8-44c3-9d38-047560b672fc" testId="f7c2d1e9-b8da-4955-975a-5d02263f290f" testName="JilTests.DeserializeTests.Floats" computerName="SIEBL-4303-04" duration="00:00:00.0130000" startTime="2018-11-11T16:40:03.1999828-06:00" endTime="2018-11-11T16:40:03.1999828-06:00" testType="13cdc9d9-ddb5-4fa4-a97d-d965ccfc6d4b" outcome="Passed" testListId="8c84fa94-04c1-424b-9868-57a2d4851a1d" relativeResultsDirectory="35a274cf-2fb8-44c3-9d38-047560b672fc" /><UnitTestResult executionId="b69b34ab-9d56-496f-808a-89b0082a8525" testId="1c075023-ce3d-4e4d-ab51-b0c03ac6beb3" testName="JilTests.DeserializeDynamicTests.Issue117(input: &quot;001&quot;, expectedError: &quot;Number cannot have leading zeros&quot;)" computerName="SIEBL-4303-04" duration="00:00:00.0010000" startTime="2018-11-11T16:39:58.0030001-06:00" endTime="2018-11-11T16:39:58.0030001-06:00" testType="13cdc9d9-ddb5-4fa4-a97d-d965ccfc6d4b" outcome="Passed" testListId="8c84fa94-04c1-424b-9868-57a2d4851a1d" relativeResultsDirectory="b69b34ab-9d56-496f-808a-89b0082a8525" /><UnitTestResult executionId="aad57b6b-46f0-451e-a63d-8cf54adda775" testId="480b2a4d-02ec-4cb5-800c-b5b8120ed780" testName="JilTests.DeserializeTests.MalformedISO8601(dateString: &quot;\&quot;1999-W01-8\&quot;&quot;, expectedError: &quot;Expected day to be a digit between 1 and 7&quot;)" computerName="SIEBL-4303-04" duration="00:00:00.0010000" startTime="2018-11-11T16:39:57.5687103-06:00" endTime="2018-11-11T16:39:57.5687103-06:00" testType="13cdc9d9-ddb5-4fa4-a97d-d965ccfc6d4b" outcome="Passed" testListId="8c84fa94-04c1-424b-9868-57a2d4851a1d" relativeResultsDirectory="aad57b6b-46f0-451e-a63d-8cf54adda775" /><UnitTestResult executionId="6dbc3735-a207-4fd9-aeb2-5df9000e58b4" testId="8ea5a281-36cd-416a-907e-b6fb4bdc7278" testName="JilTests.DeserializeTests.MalformedISO8601(dateString: &quot;\&quot;1999W018\&quot;&quot;, expectedError: &quot;Expected day to be a digit between 1 and 7&quot;)" computerName="SIEBL-4303-04" duration="00:00:00.2330000" startTime="2018-11-11T16:39:57.5426930-06:00" endTime="2018-11-11T16:39:57.5426930-06:00" testType="13cdc9d9-ddb5-4fa4-a97d-d965ccfc6d4b" outcome="Passed" testListId="8c84fa94-04c1-424b-9868-57a2d4851a1d" relativeResultsDirectory="6dbc3735-a207-4fd9-aeb2-5df9000e58b4" /><UnitTestResult executionId="a7157d33-f440-4304-a964-8bbe95d3584c" testId="e2d1cdcd-0ccc-47f0-8b64-c15a7f8faa1e" testName="JilTests.DeserializeTests.Issue225" computerName="SIEBL-4303-04" duration="00:00:00.0840000" startTime="2018-11-11T16:40:00.3394802-06:00" endTime="2018-11-11T16:40:00.3394802-06:00" testType="13cdc9d9-ddb5-4fa4-a97d-d965ccfc6d4b" outcome="Passed" testListId="8c84fa94-04c1-424b-9868-57a2d4851a1d" relativeResultsDirectory="a7157d33-f440-4304-a964-8bbe95d3584c" /><UnitTestResult executionId="e658976a-990d-4c88-a763-3f1e11ca302a" testId="ebaf8643-268b-4b1f-8154-b084e38e5f58" testName="JilTests.DeserializeDynamicTests.Issue117(input: &quot;-01&quot;, expectedError: &quot;Number cannot have leading zeros&quot;)" computerName="SIEBL-4303-04" duration="00:00:00.0010000" startTime="2018-11-11T16:39:57.9869894-06:00" endTime="2018-11-11T16:39:57.9869894-06:00" testType="13cdc9d9-ddb5-4fa4-a97d-d965ccfc6d4b" outcome="Passed" testListId="8c84fa94-04c1-424b-9868-57a2d4851a1d" relativeResultsDirectory="e658976a-990d-4c88-a763-3f1e11ca302a" /><UnitTestResult executionId="42b61042-cd00-42d1-8dab-bbd405a2cea2" testId="5aa6e53f-6bb4-4102-a067-ccca620e0ea1" testName="JilTests.SerializeTests.DateTimeFormats" computerName="SIEBL-4303-04" duration="00:00:00.0260000" startTime="2018-11-11T16:40:05.6177572-06:00" endTime="2018-11-11T16:40:05.6177572-06:00" testType="13cdc9d9-ddb5-4fa4-a97d-d965ccfc6d4b" outcome="Passed" testListId="8c84fa94-04c1-424b-9868-57a2d4851a1d" relativeResultsDirectory="42b61042-cd00-42d1-8dab-bbd405a2cea2" /><UnitTestResult executionId="95a24b3e-5232-4038-b328-5ebe170a62fc" testId="ae88577e-da1a-4de1-976b-a59ec50db314" testName="JilTests.DeserializeDynamicTests.TimeSpans_Milliseconds" computerName="SIEBL-4303-04" duration="00:00:00.0750000" startTime="2018-11-11T16:40:01.2157913-06:00" endTime="2018-11-11T16:40:01.2157913-06:00" testType="13cdc9d9-ddb5-4fa4-a97d-d965ccfc6d4b" outcome="Passed" testListId="8c84fa94-04c1-424b-9868-57a2d4851a1d" relativeResultsDirectory="95a24b3e-5232-4038-b328-5ebe170a62fc" /><UnitTestResult executionId="1d0e6fde-6801-43da-b53d-037091a8643d" testId="23ded3bb-da8a-4727-9934-263be1ac68a8" testName="JilTests.DeserializeTests.MalformedISO8601(dateString: &quot;\&quot;19000101T1234:56\&quot;&quot;, expectedError: &quot;Unexpected separator in ISO8601 time&quot;)" computerName="SIEBL-4303-04" duration="00:00:00.0030000" startTime="2018-11-11T16:39:57.5667087-06:00" endTime="2018-11-11T16:39:57.5667087-06:00" testType="13cdc9d9-ddb5-4fa4-a97d-d965ccfc6d4b" outcome="Passed" testListId="8c84fa94-04c1-424b-9868-57a2d4851a1d" relativeResultsDirectory="1d0e6fde-6801-43da-b53d-037091a8643d" /><UnitTestResult executionId="bb0f54f5-bf21-4a3a-9e7b-ad0f07c6d2e2" testId="8aae11bd-bab3-4a51-a2f1-a933a6c85dba" testName="JilTests.DeserializeDynamicTests.IEnumerableDynamic" computerName="SIEBL-4303-04" duration="00:00:00.0070000" startTime="2018-11-11T16:40:01.5300012-06:00" endTime="2018-11-11T16:40:01.5300012-06:00" testType="13cdc9d9-ddb5-4fa4-a97d-d965ccfc6d4b" outcome="Passed" testListId="8c84fa94-04c1-424b-9868-57a2d4851a1d" relativeResultsDirectory="bb0f54f5-bf21-4a3a-9e7b-ad0f07c6d2e2" /><UnitTestResult executionId="26ea5e5c-97cd-4e03-afe1-c9d924d5015f" testId="34dacddd-e8aa-46c6-baf0-2996674a987f" testName="JilTests.SerializeTests.Issue231" computerName="SIEBL-4303-04" duration="00:00:00.0060000" startTime="2018-11-11T16:40:13.9440090-06:00" endTime="2018-11-11T16:40:13.9440090-06:00" testType="13cdc9d9-ddb5-4fa4-a97d-d965ccfc6d4b" outcome="Passed" testListId="8c84fa94-04c1-424b-9868-57a2d4851a1d" relativeResultsDirectory="26ea5e5c-97cd-4e03-afe1-c9d924d5015f" /><UnitTestResult executionId="c9301696-8b67-4327-ae6a-2f49acede28f" testId="a6b27658-b968-4532-bc66-f767cdba2c92" testName="JilTests.SerializeTests.ConditionalSerialization" computerName="SIEBL-4303-04" duration="00:00:00.0290000" startTime="2018-11-11T16:39:58.9056033-06:00" endTime="2018-11-11T16:39:58.9056033-06:00" testType="13cdc9d9-ddb5-4fa4-a97d-d965ccfc6d4b" outcome="Passed" testListId="8c84fa94-04c1-424b-9868-57a2d4851a1d" relativeResultsDirectory="c9301696-8b67-4327-ae6a-2f49acede28f" /><UnitTestResult executionId="fdf8c523-12e6-4701-bf86-6c348ff1bfa7" testId="8ff01d35-8e93-4197-8dde-e7d14fc05f5d" testName="JilTests.DeserializeTests.MalformedISO8601(dateString: &quot;\&quot;1900-01-01T12:34:56.123456789+00:00\&quot;&quot;, expectedError: &quot;ISO8601 date is too long, expected 33 characters o&quot;...)" computerName="SIEBL-4303-04" duration="00:00:00.0010000" startTime="2018-11-11T16:39:57.5927264-06:00" endTime="2018-11-11T16:39:57.5927264-06:00" testType="13cdc9d9-ddb5-4fa4-a97d-d965ccfc6d4b" outcome="Passed" testListId="8c84fa94-04c1-424b-9868-57a2d4851a1d" relativeResultsDirectory="fdf8c523-12e6-4701-bf86-6c348ff1bfa7" /><UnitTestResult executionId="baa2ca0b-4813-4815-a0ad-88e3df797dce" testId="c2add2f1-bd29-4f9a-8ad0-6a04541583c5" testName="JilTests.UtilsTests.Issue119" computerName="SIEBL-4303-04" duration="00:00:00.0010000" startTime="2018-11-11T16:39:57.4316189-06:00" endTime="2018-11-11T16:39:57.4316189-06:00" testType="13cdc9d9-ddb5-4fa4-a97d-d965ccfc6d4b" outcome="Passed" testListId="8c84fa94-04c1-424b-9868-57a2d4851a1d" relativeResultsDirectory="baa2ca0b-4813-4815-a0ad-88e3df797dce" /><UnitTestResult executionId="6b9ee2ed-ea9a-4c01-ae60-68de957aa059" testId="4cc57edf-0afe-4fe6-8c23-4db23ab5a6bd" testName="JilTests.SerializeTests.IReadOnlyDictionary" computerName="SIEBL-4303-04" duration="00:00:00.0020000" startTime="2018-11-11T16:40:11.8418724-06:00" endTime="2018-11-11T16:40:11.8418724-06:00" testType="13cdc9d9-ddb5-4fa4-a97d-d965ccfc6d4b" outcome="Passed" testListId="8c84fa94-04c1-424b-9868-57a2d4851a1d" relativeResultsDirectory="6b9ee2ed-ea9a-4c01-ae60-68de957aa059" /><UnitTestResult executionId="88090b16-d072-4f35-8076-b1de09d08770" testId="e845cca4-cde6-4cdb-b919-574111e5176f" testName="JilTests.DynamicSerializationTests.ISO8601DateTimeOffsetSelfRoundtrip" computerName="SIEBL-4303-04" duration="00:00:00.0120000" startTime="2018-11-11T16:39:59.8461522-06:00" endTime="2018-11-11T16:39:59.8461522-06:00" testType="13cdc9d9-ddb5-4fa4-a97d-d965ccfc6d4b" outcome="Passed" testListId="8c84fa94-04c1-424b-9868-57a2d4851a1d" relativeResultsDirectory="88090b16-d072-4f35-8076-b1de09d08770" /><UnitTestResult executionId="7db3bd35-7dc1-4b83-8243-29e6740973e1" testId="bea7cd04-8431-4cd7-bda2-415c2f840974" testName="JilTests.DeserializeTests.Issue143DateTimeOffset" computerName="SIEBL-4303-04" duration="00:00:00.0070000" startTime="2018-11-11T16:40:08.4523576-06:00" endTime="2018-11-11T16:40:08.4523576-06:00" testType="13cdc9d9-ddb5-4fa4-a97d-d965ccfc6d4b" outcome="Passed" testListId="8c84fa94-04c1-424b-9868-57a2d4851a1d" relativeResultsDirectory="7db3bd35-7dc1-4b83-8243-29e6740973e1" /><UnitTestResult executionId="7f311676-14d9-4b39-ac5f-3f8f22b199ae" testId="bab5cd4c-af2c-439f-acf9-0f3d468b4400" testName="JilTests.DeserializeTests.IReadOnlyLists" computerName="SIEBL-4303-04" duration="00:00:00.1860000" startTime="2018-11-11T16:40:03.6566674-06:00" endTime="2018-11-11T16:40:03.6566674-06:00" testType="13cdc9d9-ddb5-4fa4-a97d-d965ccfc6d4b" outcome="Passed" testListId="8c84fa94-04c1-424b-9868-57a2d4851a1d" relativeResultsDirectory="7f311676-14d9-4b39-ac5f-3f8f22b199ae" /><UnitTestResult executionId="0b82c2a9-4c95-4697-a555-9e2ae1741e00" testId="2e770ece-25e0-49c3-b319-2bc86da0eb3a" testName="JilTests.DeserializeTests.EmptyMembers" computerName="SIEBL-4303-04" duration="00:00:00.0190000" startTime="2018-11-11T16:40:09.1513223-06:00" endTime="2018-11-11T16:40:09.1513223-06:00" testType="13cdc9d9-ddb5-4fa4-a97d-d965ccfc6d4b" outcome="Passed" testListId="8c84fa94-04c1-424b-9868-57a2d4851a1d" relativeResultsDirectory="0b82c2a9-4c95-4697-a555-9e2ae1741e00" /><UnitTestResult executionId="d87b34d9-8a43-4a34-ab90-4edf56cafc64" testId="9fd834b4-433a-48ac-b367-00e92bcf040c" testName="JilTests.DeserializeTests.MalformedISO8601(dateString: &quot;\&quot;1900-01-01T19:19+\&quot;&quot;, expectedError: &quot;Expected hour part of ISO8601 timezone offset&quot;)" computerName="SIEBL-4303-04" duration="00:00:00.0010000" startTime="2018-11-11T16:39:57.5747143-06:00" endTime="2018-11-11T16:39:57.5747143-06:00" testType="13cdc9d9-ddb5-4fa4-a97d-d965ccfc6d4b" outcome="Passed" testListId="8c84fa94-04c1-424b-9868-57a2d4851a1d" relativeResultsDirectory="d87b34d9-8a43-4a34-ab90-4edf56cafc64" /><UnitTestResult executionId="33272996-e78a-4924-9a52-4bc644d755b7" testId="8d8d8786-8e25-4d01-ae50-6c8cab0a03bf" testName="JilTests.SerializeTests.InnerLists" computerName="SIEBL-4303-04" duration="00:00:00.0140000" startTime="2018-11-11T16:40:05.6878040-06:00" endTime="2018-11-11T16:40:05.6878040-06:00" testType="13cdc9d9-ddb5-4fa4-a97d-d965ccfc6d4b" outcome="Passed" testListId="8c84fa94-04c1-424b-9868-57a2d4851a1d" relativeResultsDirectory="33272996-e78a-4924-9a52-4bc644d755b7" /><UnitTestResult executionId="f9306a98-71c0-44bd-901b-f24cf2a5ab0e" testId="fd649b96-ff3a-48c3-a773-f22409ce602c" testName="JilTests.DeserializeTests.Issue117_Int" computerName="SIEBL-4303-04" duration="00:00:00.0040000" startTime="2018-11-11T16:40:12.7757378-06:00" endTime="2018-11-11T16:40:12.7757378-06:00" testType="13cdc9d9-ddb5-4fa4-
[...]
-9eda-4c68-b2ae-06cdbbe3f082" executionId="aae407ea-f1df-4d58-aff0-547e632434bf" testListId="8c84fa94-04c1-424b-9868-57a2d4851a1d" /><TestEntry testId="bf611c6d-270b-4bc3-926a-865f1fc6e012" executionId="40150e92-f662-4f3a-aba9-27fb0773f462" testListId="8c84fa94-04c1-424b-9868-57a2d4851a1d" /><TestEntry testId="87ba74ae-b890-4e07-b2da-50e039295db8" executionId="f5cbf6ea-6fff-4b4a-9ee2-0299227d56d6" testListId="8c84fa94-04c1-424b-9868-57a2d4851a1d" /><TestEntry testId="13110eab-c5f2-4846-abe4-7a0fd0d54460" executionId="2f82631e-c25d-4030-a143-2d06bad1d23b" testListId="8c84fa94-04c1-424b-9868-57a2d4851a1d" /><TestEntry testId="ccfce602-3a1a-4fb8-8604-c0fce474c608" executionId="021cb806-73e2-47f8-bb27-1f0e0e2a426d" testListId="8c84fa94-04c1-424b-9868-57a2d4851a1d" /><TestEntry testId="4ba79096-9df7-42a1-82c4-200bfb9500cf" executionId="021ea747-6ca2-47c3-a52b-57d89dac3a2d" testListId="8c84fa94-04c1-424b-9868-57a2d4851a1d" /><TestEntry testId="39be32f8-dc9f-425b-8453-140afc9f285c" executionId="2d226ace-8c7f-42e2-9935-0d01274c860b" testListId="8c84fa94-04c1-424b-9868-57a2d4851a1d" /><TestEntry testId="e54be728-854d-4a13-8b44-ff78dc951814" executionId="af276e94-b0a7-4d07-ad28-7a17c47b9be8" testListId="8c84fa94-04c1-424b-9868-57a2d4851a1d" /><TestEntry testId="7426a749-6817-4238-928d-802333130ca0" executionId="714198e3-6284-414c-a473-cbb22e31d3eb" testListId="8c84fa94-04c1-424b-9868-57a2d4851a1d" /><TestEntry testId="f298590a-3ab3-449b-8a1c-d85ce94a3a19" executionId="e97dd185-b76d-4a51-8e79-5240875dde79" testListId="8c84fa94-04c1-424b-9868-57a2d4851a1d" /><TestEntry testId="d049ffa0-9096-461a-9845-58d54c4e585a" executionId="516b517d-8759-424c-9841-688bb212c7d2" testListId="8c84fa94-04c1-424b-9868-57a2d4851a1d" /><TestEntry testId="83c3fc49-74b1-46c0-871a-c650d2cd881a" executionId="8e214f10-f61a-4bab-9df3-bfec58ccbcbd" testListId="8c84fa94-04c1-424b-9868-57a2d4851a1d" /><TestEntry testId="4266c89d-4cf0-47a2-8fbb-8d8bda208618" executionId="441ed364-45f5-4d94-aeb5-f112fbdddf76" testListId="8c84fa94-04c1-424b-9868-57a2d4851a1d" /><TestEntry testId="72a77ef3-c2a7-4146-a6b4-edac3211baa3" executionId="58c07260-6b85-4611-b796-3c1a2c06309b" testListId="8c84fa94-04c1-424b-9868-57a2d4851a1d" /><TestEntry testId="605ea7c3-9284-41dc-a949-55f685774443" executionId="aa2658b0-ed77-4d3d-88be-3cca2d8bfea7" testListId="8c84fa94-04c1-424b-9868-57a2d4851a1d" /><TestEntry testId="3a801021-50f9-4677-a00f-423f56f54ca8" executionId="252ac74e-87ef-4492-8b8a-05207a73da95" testListId="8c84fa94-04c1-424b-9868-57a2d4851a1d" /><TestEntry testId="52414869-90c5-40ad-a18d-f93596c51364" executionId="2a06e587-11a5-4999-a4ff-2c8e72bccdf8" testListId="8c84fa94-04c1-424b-9868-57a2d4851a1d" /><TestEntry testId="76f6d3c4-dbbb-49e5-bd39-ca4fe5863d8e" executionId="8bd01baf-0c1d-40bf-b1fe-3d3950fa3bdb" testListId="8c84fa94-04c1-424b-9868-57a2d4851a1d" /><TestEntry testId="86974da9-e494-4933-b0a4-e71bfecc0e1c" executionId="f68a2c40-5654-4c5c-93fa-71349f246532" testListId="8c84fa94-04c1-424b-9868-57a2d4851a1d" /><TestEntry testId="99872699-80c8-45a3-a817-c9836e9349d6" executionId="0a030c39-f879-436d-b310-a35a0d5888c8" testListId="8c84fa94-04c1-424b-9868-57a2d4851a1d" /><TestEntry testId="8faad530-af01-4132-a061-71ade896145c" executionId="d67d57eb-5afd-40de-8860-060639f522de" testListId="8c84fa94-04c1-424b-9868-57a2d4851a1d" /><TestEntry testId="1fdfb46a-50f4-46cf-9545-65c3927df611" executionId="7f38724a-2e8e-473c-80c5-e84091936710" testListId="8c84fa94-04c1-424b-9868-57a2d4851a1d" /><TestEntry testId="e4831e3b-a90a-45b0-a1c1-0f51af8ed7d8" executionId="2f47a9fe-5f99-46dc-a25e-8f5e73e4af7b" testListId="8c84fa94-04c1-424b-9868-57a2d4851a1d" /><TestEntry testId="44529866-2b60-434c-9a1e-130e33514068" executionId="9e4235d3-ebc3-46c4-a8d9-bed295a809af" testListId="8c84fa94-04c1-424b-9868-57a2d4851a1d" /><TestEntry testId="de691fa7-8b9c-4d25-9676-9f8ecae86bff" executionId="acad5dea-5698-4530-8901-92c0b7b2d191" testListId="8c84fa94-04c1-424b-9868-57a2d4851a1d" /><TestEntry testId="1f780f3a-b038-4342-b50b-6ba72abd6f8b" executionId="2df6b73c-f6bd-4b12-a021-b9ebbe091f07" testListId="8c84fa94-04c1-424b-9868-57a2d4851a1d" /><TestEntry testId="fc3d16fe-223c-496b-9c33-0add59c09b51" executionId="68fbb1fd-efa0-4e51-9470-51ebf040ed06" testListId="8c84fa94-04c1-424b-9868-57a2d4851a1d" /><TestEntry testId="dc0562d4-b4af-49ce-abe2-476358a25426" executionId="fae125bf-9269-4b3b-b84e-c00e5b785373" testListId="8c84fa94-04c1-424b-9868-57a2d4851a1d" /><TestEntry testId="440cf48b-6d8f-474f-8fc4-2fb89f9b64a6" executionId="d79d7bd1-a013-4e14-8441-3553e72f653d" testListId="8c84fa94-04c1-424b-9868-57a2d4851a1d" /><TestEntry testId="7bede591-2dee-4269-ad62-1703d9afbfc9" executionId="9b963ee1-1cf1-4499-91ee-34dedf674d48" testListId="8c84fa94-04c1-424b-9868-57a2d4851a1d" /><TestEntry testId="4ba27865-a032-4280-b281-569c1c6e7beb" executionId="a2ed1263-d2ea-4833-b0a6-d7ee057de509" testListId="8c84fa94-04c1-424b-9868-57a2d4851a1d" /><TestEntry testId="e4a515d3-76f6-4edb-8181-796a5f455890" executionId="48aea768-ee20-41e8-a671-36166038c271" testListId="8c84fa94-04c1-424b-9868-57a2d4851a1d" /><TestEntry testId="bae2c743-9256-4492-b1ab-e23ef80aaecc" executionId="ba2ad6ed-aeb6-4fb2-ab62-cee2959c8517" testListId="8c84fa94-04c1-424b-9868-57a2d4851a1d" /><TestEntry testId="e1a88c8f-9406-4bd5-869b-e8f20dd44d84" executionId="75471631-e66f-4457-aa9b-3e3113d6ba80" testListId="8c84fa94-04c1-424b-9868-57a2d4851a1d" /><TestEntry testId="daad5d61-f787-44be-9a83-dcb7e01a5501" executionId="1e72692c-e850-4357-b048-a2ee318c581f" testListId="8c84fa94-04c1-424b-9868-57a2d4851a1d" /><TestEntry testId="80e2cf68-53c5-4c38-bd51-536aa98d9cc7" executionId="fdc431d0-7ecc-4851-bee3-0c14ba8d1388" testListId="8c84fa94-04c1-424b-9868-57a2d4851a1d" /><TestEntry testId="3602839a-ea02-4edc-9691-735fbdfd5bc3" executionId="3770559e-7b47-4b7b-8d08-6811809f65b3" testListId="8c84fa94-04c1-424b-9868-57a2d4851a1d" /><TestEntry testId="32ed176d-d554-40ac-b2f9-5ac4b02a6607" executionId="294dd9a7-4321-4ec8-b002-a3a6594d0fbd" testListId="8c84fa94-04c1-424b-9868-57a2d4851a1d" /><TestEntry testId="44efc72a-1810-4b1b-a450-b8c07708e29b" executionId="8c57b7a9-c8ce-4f84-b1e8-c517bbe117ab" testListId="8c84fa94-04c1-424b-9868-57a2d4851a1d" /><TestEntry testId="7904f66b-6e3d-4946-80f7-07df24560f2b" executionId="b25c4e06-be75-460c-bc1b-b02e15ea38fc" testListId="8c84fa94-04c1-424b-9868-57a2d4851a1d" /><TestEntry testId="5cdf2edd-3bce-43f1-a377-dab9ad184f21" executionId="275b67a2-5fd0-410b-a9ad-99c377984ace" testListId="8c84fa94-04c1-424b-9868-57a2d4851a1d" /><TestEntry testId="f6d133df-bf9d-4885-8b22-db43ef676277" executionId="39488bf8-48d4-4820-986b-014026d4ab03" testListId="8c84fa94-04c1-424b-9868-57a2d4851a1d" /><TestEntry testId="58ff4eeb-8e38-4fdc-827a-f5bf4b9ae57d" executionId="849d4c7b-91e6-49fc-bce5-c28a6b6efe5b" testListId="8c84fa94-04c1-424b-9868-57a2d4851a1d" /><TestEntry testId="0d81955e-ff91-4cc2-b57d-dbcc465bb693" executionId="f0f9f2be-c829-4242-abb7-1d4ecf6d764c" testListId="8c84fa94-04c1-424b-9868-57a2d4851a1d" /><TestEntry testId="5cbba7b6-95cd-479c-955e-0fa35a5de88a" executionId="f344a2b6-92bb-49e1-92be-e14755095596" testListId="8c84fa94-04c1-424b-9868-57a2d4851a1d" /><TestEntry testId="a200a0ba-6a00-4ed1-b632-69a77be427dc" executionId="b55d7888-51cc-4c52-87cd-09e0931840c3" testListId="8c84fa94-04c1-424b-9868-57a2d4851a1d" /><TestEntry testId="504c8e9e-af2e-4452-9f42-777464e84b7c" executionId="e110e005-9233-40b7-a711-d488f6047129" testListId="8c84fa94-04c1-424b-9868-57a2d4851a1d" /><TestEntry testId="240b94e9-6ce0-43f6-978d-bc5ded581a59" executionId="c1cb6f16-fd3b-4031-bca7-28ab5a6a7023" testListId="8c84fa94-04c1-424b-9868-57a2d4851a1d" /><TestEntry testId="fe99d31c-17f3-48d4-ab86-184d39e9e95f" executionId="933bb1c7-a779-439f-a827-027a5b993afe" testListId="8c84fa94-04c1-424b-9868-57a2d4851a1d" /><TestEntry testId="d9ef2d93-bcfc-495d-999a-a12c2e785f05" executionId="74ff906b-e9b6-4bcf-bf96-599fd55b3929" testListId="8c84fa94-04c1-424b-9868-57a2d4851a1d" /><TestEntry testId="28505b6c-b6b3-4e27-abe3-7b8dc2183fbd" executionId="74114748-86e6-44fd-a916-d335d0202a89" testListId="8c84fa94-04c1-424b-9868-57a2d4851a1d" /><TestEntry testId="dbbe54a5-7880-4f6e-9184-df0cb02e8d32" executionId="8f4ad936-3963-43e0-854a-c66a0ca180ba" testListId="8c84fa94-04c1-424b-9868-57a2d4851a1d" /><TestEntry testId="94d80bee-bce8-459a-a63a-7964e1c411cf" executionId="39fb652c-2d3e-4f60-8cfb-b1f15fa71b84" testListId="8c84fa94-04c1-424b-9868-57a2d4851a1d" /><TestEntry testId="7f2aa7b9-d04d-466a-82ce-d7896bba4975" executionId="1263c966-8fb2-40cf-a719-650cce4881e2" testListId="8c84fa94-04c1-424b-9868-57a2d4851a1d" /><TestEntry testId="fbad49a0-145f-40b0-8a89-b330e915e4ea" executionId="66cb3684-c5d6-46dd-905e-14cdd69c1b7e" testListId="8c84fa94-04c1-424b-9868-57a2d4851a1d" /><TestEntry testId="30aa9bdc-da71-4a5a-8364-dfa7ed4abe2a" executionId="64a776d8-e840-4ac1-8332-ce35b435be34" testListId="8c84fa94-04c1-424b-9868-57a2d4851a1d" /><TestEntry testId="be9aa9c7-2cb1-4be9-974d-a3bb21ff69c1" executionId="300cabec-c540-413e-b787-b3f2dc303f1e" testListId="8c84fa94-04c1-424b-9868-57a2d4851a1d" /><TestEntry testId="c22a836f-5dd6-4700-95b0-6a52a31fbe56" executionId="30336087-659c-44bc-a5e6-ce4f475cad64" testListId="8c84fa94-04c1-424b-9868-57a2d4851a1d" /><TestEntry testId="c6c3b2e2-15d9-4193-9ae2-ea146a2171ad" executionId="57f6f169-adcd-4627-a328-4eaf0832a6e2" testListId="8c84fa94-04c1-424b-9868-57a2d4851a1d" /><TestEntry testId="04d3a627-7edf-4bfc-baf7-a4043a60d5cb" executionId="4c6b9000-afb6-47c8-b8f2-da2b7699e669" testListId="8c84fa94-04c1-424b-9868-57a2d4851a1d" /><TestEntry testId="e07e02a0-c9e7-4527-b6c3-00a28576dcfb" executionId="14749df9-5749-4118-a119-3a773d49f280" testListId="8c84fa94-04c1-424b-9868-57a2d4851a1d" /><TestEntry testId="8c168b63-7f91-46bf-874a-22487a1444fd" executionId="a1d76701-c61e-4ab2-8d7a-89cd8f47998d" testListId="8c84fa94-04c1-424b-9868-57a2d4851a1d" /><TestEntry testId="023b6abb-26e7-4af2-b56b-9b4a1d0d88d6" executionId="34803730-e1c3-47d2-bfd5-fe1305c5579a" testListId="8c84fa94-04c1-424b-9868-57a2d4851a1d" /><TestEntry testId="e3bea424-b51a-42df-965c-d9157c69e609" executionId="db20cce1-3b38-4cab-814e-b1fcb2bff527" testListId="8c84fa94-04c1-424b-9868-57a2d4851a1d" /><TestEntry testId="8f7280e0-262b-4e8a-8865-c11789618b11" executionId="7cbf3839-b5c8-4a7f-98ae-29119f658f09" testListId="8c84fa94-04c1-424b-9868-57a2d4851a1d" /><TestEntry testId="e0b56e54-8d0d-41d1-ad43-9d7f0cd3ace2" executionId="c1575e81-18cd-46c8-9f21-803d9828d413" testListId="8c84fa94-04c1-424b-9868-57a2d4851a1d" /><TestEntry testId="c6258512-4128-48bd-84e5-17b08b11c74f" executionId="70ba6c21-a55b-4b12-98a9-2770816ba04a" testListId="8c84fa94-04c1-424b-9868-57a2d4851a1d" /><TestEntry testId="73927710-2273-4b55-882f-9e238e5a9ff6" executionId="34dfe228-79ed-4c32-ab4e-ed7906cfde10" testListId="8c84fa94-04c1-424b-9868-57a2d4851a1d" /><TestEntry testId="089625f5-7f55-474d-a5d0-b2ece3a40b1f" executionId="725dde5a-ad3d-4669-957d-eb4d7055f21c" testListId="8c84fa94-04c1-424b-9868-57a2d4851a1d" /><TestEntry testId="5cdb2a8e-0b8f-4296-83d3-15bae9c8325f" executionId="e50ab850-a0b0-4571-bc01-dda48cf6400b" testListId="8c84fa94-04c1-424b-9868-57a2d4851a1d" /><TestEntry testId="02bb1a11-51f1-4fdd-a1fe-9b345cc285ef" executionId="42fa2287-83c2-4f9b-a377-a27f56fdaad1" testListId="8c84fa94-04c1-424b-9868-57a2d4851a1d" /><TestEntry testId="28e815fd-cf02-4210-b0f6-bd6c04e33d21" executionId="474ab352-58c9-4bfe-b8e0-6a14a75f57c5" testListId="8c84fa94-04c1-424b-9868-57a2d4851a1d" /><TestEntry testId="6a9943f4-8ad8-47dc-b48d-931c2c503e61" executionId="dfdc1d4a-76d9-4223-9e78-87ae567e6ced" testListId="8c84fa94-04c1-424b-9868-57a2d4851a1d" /><TestEntry testId="cf027dc9-2f00-45a0-90ad-92f0d0254636" executionId="d5423e4b-4ab3-486e-bc6c-022a9ea7b17d" testListId="8c84fa94-04c1-424b-9868-57a2d4851a1d" /><TestEntry testId="0253553b-b66b-4ab6-a57a-f6e7d23aaac5" executionId="5d5fed40-3947-427d-bc3e-4dc641f4a41d" testListId="8c84fa94-04c1-424b-9868-57a2d4851a1d" /><TestEntry testId="c3292c27-420c-49b2-a7fd-50ce654d36e7" executionId="b89e00ee-f605-4875-8ad7-cacd4100f49a" testListId="8c84fa94-04c1-424b-9868-57a2d4851a1d" /><TestEntry testId="da54450a-8e5c-40bb-b5b6-4c5c0b6b5c65" executionId="d19ab3ee-a469-4ea1-b02b-766e4b3c46fa" testListId="8c84fa94-04c1-424b-9868-57a2d4851a1d" /><TestEntry testId="237c35df-abf0-4f7b-9a8d-56c8893704f4" executionId="9bc56757-82ed-4009-ac58-9ece9854161f" testListId="8c84fa94-04c1-424b-9868-57a2d4851a1d" /><TestEntry testId="3c5e8ba8-5666-4034-85ed-02256b3d8002" executionId="c78c556b-62b1-4128-aa46-a788b6e07de7" testListId="8c84fa94-04c1-424b-9868-57a2d4851a1d" /><TestEntry testId="e65efee7-7bf3-4460-83a3-3f538b2cb355" executionId="b112c6ae-5417-4e7f-a4f6-2e147846ad22" testListId="8c84fa94-04c1-424b-9868-57a2d4851a1d" /><TestEntry testId="fe5a425c-5375-4d12-aac6-50a11d751ca0" executionId="19d4cdd2-959e-4ac2-927b-3f4e0819d27c" testListId="8c84fa94-04c1-424b-9868-57a2d4851a1d" /><TestEntry testId="2786488c-c271-47a0-b6d6-83becfbabaee" executionId="a0912e75-e6a8-44b5-8605-8200b3d97b1d" testListId="8c84fa94-04c1-424b-9868-57a2d4851a1d" /><TestEntry testId="592c1b3e-00c6-430b-bd31-fe5c7540f398" executionId="cb74c02e-dc0a-4299-94bf-64d6d71c31db" testListId="8c84fa94-04c1-424b-9868-57a2d4851a1d" /><TestEntry testId="538dda9a-c866-4d23-83f2-073d54a687aa" executionId="c2b75b00-0f42-401f-97e4-f589478022cf" testListId="8c84fa94-04c1-424b-9868-57a2d4851a1d" /><TestEntry testId="67860690-6b63-4efb-9921-958b6c1f37e9" executionId="05ab29e5-bff9-47d4-a55e-301374345fc4" testListId="8c84fa94-04c1-424b-9868-57a2d4851a1d" /><TestEntry testId="e79315ec-25f4-4eb8-a228-431b3a77d813" executionId="9e5101f0-5b02-4f56-9765-a0664252e194" testListId="8c84fa94-04c1-424b-9868-57a2d4851a1d" /><TestEntry testId="f78834e4-4621-449f-98d6-c08f0190e0b7" executionId="886e3f16-2474-4362-9628-58b85c16013b" testListId="8c84fa94-04c1-424b-9868-57a2d4851a1d" /><TestEntry testId="2d029237-e721-404e-9f91-7eb46a889bd9" executionId="bfa4f08a-ed78-4fea-9d17-bfb6b8109294" testListId="8c84fa94-04c1-424b-9868-57a2d4851a1d" /><TestEntry testId="ff04cec0-028e-4bbd-91c0-11ab69cc57db" executionId="930b2c75-6897-4772-a67d-81b43b06cc71" testListId="8c84fa94-04c1-424b-9868-57a2d4851a1d" /><TestEntry testId="05e4fe6a-dc2e-45d1-911d-5f8200eadb11" executionId="5742265b-5923-449c-b595-001a6e07e5ea" testListId="8c84fa94-04c1-424b-9868-57a2d4851a1d" /><TestEntry testId="d93f81ba-1584-4aef-8c84-ae8c0ac1bbf3" executionId="5ad7c718-5cac-462d-b272-6662d0cae074" testListId="8c84fa94-04c1-424b-9868-57a2d4851a1d" /><TestEntry testId="a6f0d568-f0d9-470e-afa8-c95581f58d32" executionId="1d813443-8e1f-4f45-a16e-7fd15c71c737" testListId="8c84fa94-04c1-424b-9868-57a2d4851a1d" /><TestEntry testId="9d0821a6-6f69-4443-b707-fa9fdbf63b9c" executionId="f182ab6d-5dd5-4707-a8c8-50f53258d169" testListId="8c84fa94-04c1-424b-9868-57a2d4851a1d" /><TestEntry testId="7c3469d3-8140-40b0-98cc-f2ce652055f8" executionId="0505ecd6-766e-407a-9546-48251c1bee38" testListId="8c84fa94-04c1-424b-9868-57a2d4851a1d" /><TestEntry testId="be56b37a-f465-4c36-b490-01dfe3abe991" executionId="227bd306-8613-45e8-bd42-6ca13b864848" testListId="8c84fa94-04c1-424b-9868-57a2d4851a1d" /><TestEntry testId="0732ee22-7363-40a9-a3bd-6b1421d77eba" executionId="54e19dfc-5777-4809-85ec-198a574845dd" testListId="8c84fa94-04c1-424b-9868-57a2d4851a1d" /><TestEntry testId="a5d20af4-983f-494a-ae72-5197235d1f09" executionId="06336e3a-790c-4d68-9fb0-71cbd4b4affa" testListId="8c84fa94-04c1-424b-9868-57a2d4851a1d" /><TestEntry testId="6bdb9844-f142-4de6-a1a6-cef7ba062fc8" executionId="dbcb1d90-49d9-497d-913e-e47b42e16b02" testListId="8c84fa94-04c1-424b-9868-57a2d4851a1d" /><TestEntry testId="28fa0271-a783-41a9-b2b5-54a1dd3cebb7" executionId="a780d72d-510f-4432-afaa-20836f713bbe" testListId="8c84fa94-04c1-424b-9868-57a2d4851a1d" /><TestEntry testId="77939ef1-b3fc-40a4-9cc9-4b351ece55f2" executionId="29d99b17-4c32-4cfe-a7db-aa1e96c182e8" testListId="8c84fa94-04c1-424b-9868-57a2d4851a1d" /><TestEntry testId="58768ae1-75ed-48e0-815a-4800cd959891" executionId="00a64588-c4b5-4333-99b4-a83d4a0842ed" testListId="8c84fa94-04c1-424b-9868-57a2d4851a1d" /><TestEntry testId="bb077bb9-d3d0-4ac2-aff7-5f8b74eb3d79" executionId="d11bde65-5cfd-4a4d-b8c9-cac912b48bc5" testListId="8c84fa94-04c1-424b-9868-57a2d4851a1d" /><TestEntry testId="8139cd85-3945-4602-8cf1-55a3cd7cba81" executionId="0f85de4d-d45a-4de6-aa4a-e1fe919ddd13" testListId="8c84fa94-04c1-424b-9868-57a2d4851a1d" /><TestEntry testId="37a74254-e9f9-4528-88e9-183c8c7f45ed" executionId="3f0807cf-d2e5-4722-93c1-bb3207ca1bcb" testListId="8c84fa94-04c1-424b-9868-57a2d4851a1d" /><TestEntry testId="4ff0f8b3-4930-4a64-a177-1a1bd9889ea9" executionId="d65baca0-cf95-42ea-ba79-1b3e4d1d9536" testListId="8c84fa94-04c1-424b-9868-57a2d4851a1d" /><TestEntry testId="f3980254-b764-4d3a-8060-6912f0408667" executionId="ae82867a-0b96-4a4f-877c-bc1e5f99e764" testListId="8c84fa94-04c1-424b-9868-57a2d4851a1d" /><TestEntry testId="40f72425-a147-4ebf-bca0-3d1b5d774dce" executionId="298eae69-321c-4d43-ab7b-5a3dd34bb2ce" testListId="8c84fa94-04c1-424b-9868-57a2d4851a1d" /><TestEntry testId="a3d9308a-d2f8-4dd0-afc8-9bceeb7f5ccd" executionId="c9d18edd-a336-411a-97ef-b4a39db49194" testListId="8c84fa94-04c1-424b-9868-57a2d4851a1d" /><TestEntry testId="d0b24e80-5814-4a92-999e-9afc1235b646" executionId="1e35c419-9fb6-4811-b5fc-3dda8d44fee9" testListId="8c84fa94-04c1-424b-9868-57a2d4851a1d" /><TestEntry testId="02d0c886-53b5-4015-bf61-747ed83d4fa5" executionId="6810145e-b0ca-4f6d-81e2-a3998c1d1e6b" testListId="8c84fa94-04c1-424b-9868-57a2d4851a1d" /><TestEntry testId="dd17fa8c-abaa-4f71-b60a-c5b4d146b40d" executionId="f57b33ff-ee48-4e5d-8da6-242edb1a60ce" testListId="8c84fa94-04c1-424b-9868-57a2d4851a1d" /><TestEntry testId="ceb136d0-9443-4cf4-abc0-4c541974eb9f" executionId="7473f2b0-97c8-4302-b554-9f6c0e48c459" testListId="8c84fa94-04c1-424b-9868-57a2d4851a1d" /><TestEntry testId="791def74-a01b-44ee-af12-3a01599d225c" executionId="4371ebdc-3575-4046-ac2e-1ffeb1266297" testListId="8c84fa94-04c1-424b-9868-57a2d4851a1d" /><TestEntry testId="3630bf20-1f48-4f45-b4de-a043cab6fe9a" executionId="37bd928f-a2b9-4572-a123-cf9f0243dfee" testListId="8c84fa94-04c1-424b-9868-57a2d4851a1d" /><TestEntry testId="a041c9fe-0cdf-428f-9af8-7edd12140891" executionId="769a530c-f18d-4ffc-800f-909e72f436f2" testListId="8c84fa94-04c1-424b-9868-57a2d4851a1d" /></TestEntries><TestLists><TestList name="Results Not in a List" id="8c84fa94-04c1-424b-9868-57a2d4851a1d" /><TestList name="All Loaded Results" id="19431567-8539-422a-85d7-44ee4e166bda" /></TestLists><ResultSummary outcome="Failed"><Counters total="400" executed="400" passed="399" failed="1" error="0" timeout="0" aborted="0" inconclusive="0" passedButRunAborted="0" notRunnable="0" notExecuted="0" disconnected="0" warning="0" completed="0" inProgress="0" pending="0" /><Output><StdOut>[xUnit.net 00:00:00.0029663] xUnit.net VSTest Adapter v2.4.0-beta.1.build3958 (32-bit Desktop .NET 4.0.30319.42000)[xUnit.net 00:00:00.3003545]   Discovering: JilTests[xUnit.net 00:00:00.5463042]   Discovered:  JilTests[xUnit.net 00:00:00.5500635]   Starting:    JilTests[xUnit.net 00:00:11.5604167]       Assert.Equal() Failure[xUnit.net 00:00:11.5604620]                                 ↓ (pos 16)[xUnit.net 00:00:11.5605076]       Expected: P7541099DT23H34M[xUnit.net 00:00:11.5605523]       Actual:   P7541099DT23H34M0S[xUnit.net 00:00:11.5605954]                                 ↑ (pos 16)[xUnit.net 00:00:11.5613359]       Stack Trace:[xUnit.net 00:00:11.5620287]         C:\Users\dt-impact\ftsubs\mstest\kevin-montrose_Jil-8a5af0f\JilTests\SerializeTests.cs(7676,0): at JilTests.SerializeTests.ISO8601TimeSpans()[xUnit.net 00:00:19.9897382]   Finished:    JilTests</StdOut></Output><RunInfos><RunInfo computerName="SIEBL-4303-04" outcome="Error" timestamp="2018-11-11T16:40:08.1925609-06:00"><Text>[xUnit.net 00:00:11.5595404]     JilTests.SerializeTests.ISO8601TimeSpans [FAIL]</Text></RunInfo></RunInfos></ResultSummary></TestRun>