<?xml version="1.0" encoding="utf-8"?><TestRun id="f69f5650-e8d2-4ecd-b985-933c37c15dc5" name="dt-impact@SIEBL-4303-04 2018-11-13 01:06:49" runUser="SIEBL-4303-04\dt-impact" xmlns="http://microsoft.com/schemas/VisualStudio/TeamTest/2010"><Times creation="2018-11-13T01:06:49.4826847-06:00" queuing="2018-11-13T01:06:49.4826850-06:00" start="2018-11-13T01:06:48.1942575-06:00" finish="2018-11-13T01:07:08.6063937-06:00" /><TestSettings name="default" id="72086e5c-93c3-4e6d-bbf4-6187d65a890f"><Deployment runDeploymentRoot="dt-impact_SIEBL-4303-04_2018-11-13_01_06_49" /></TestSettings><Results><UnitTestResult executionId="654cb5e8-da03-4c20-acb3-5d446715bfa1" testId="f0708501-de4a-4da3-bd30-e5d0110ed381" testName="JilTests.SerializeTests.FlagsEnum" computerName="SIEBL-4303-04" duration="00:00:00.0400000" startTime="2018-11-13T01:06:57.2040273-06:00" endTime="2018-11-13T01:06:57.2040273-06:00" testType="13cdc9d9-ddb5-4fa4-a97d-d965ccfc6d4b" outcome="Passed" testListId="8c84fa94-04c1-424b-9868-57a2d4851a1d" relativeResultsDirectory="654cb5e8-da03-4c20-acb3-5d446715bfa1" /><UnitTestResult executionId="8a0ad433-5de9-4375-8cf4-59f41dedd708" testId="e74ea006-3a0a-4d0a-aa9c-b9d6e0ab905e" testName="JilTests.DeserializeTests.EmptyEnum" computerName="SIEBL-4303-04" duration="00:00:00.0760000" startTime="2018-11-13T01:07:06.8733040-06:00" endTime="2018-11-13T01:07:06.8733040-06:00" testType="13cdc9d9-ddb5-4fa4-a97d-d965ccfc6d4b" outcome="Passed" testListId="8c84fa94-04c1-424b-9868-57a2d4851a1d" relativeResultsDirectory="8a0ad433-5de9-4375-8cf4-59f41dedd708" /><UnitTestResult executionId="10e81737-5930-4abb-8e77-3564bfb4d5e1" testId="d8f2df25-ab47-4a53-b4c6-e49ca568f9c3" testName="JilTests.DynamicSerializationTests.ISO8601DateTimeOffsetSelfRoundtrip" computerName="SIEBL-4303-04" duration="00:00:00.0080000" startTime="2018-11-13T01:06:51.8119817-06:00" endTime="2018-11-13T01:06:51.8119817-06:00" testType="13cdc9d9-ddb5-4fa4-a97d-d965ccfc6d4b" outcome="Passed" testListId="8c84fa94-04c1-424b-9868-57a2d4851a1d" relativeResultsDirectory="10e81737-5930-4abb-8e77-3564bfb4d5e1" /><UnitTestResult executionId="f839c2a2-76a9-4eaa-84b4-c794aec28be3" testId="c52ed49f-2844-423b-98ad-7fb96ade9e0e" testName="JilTests.DeserializeTests.IReadOnlyDictionaryNumberKeys" computerName="SIEBL-4303-04" duration="00:00:00.2450000" startTime="2018-11-13T01:07:07.2775695-06:00" endTime="2018-11-13T01:07:07.2775695-06:00" testType="13cdc9d9-ddb5-4fa4-a97d-d965ccfc6d4b" outcome="Passed" testListId="8c84fa94-04c1-424b-9868-57a2d4851a1d" relativeResultsDirectory="f839c2a2-76a9-4eaa-84b4-c794aec28be3" /><UnitTestResult executionId="2563a056-19c3-4b4c-937d-ffa90e5126a8" testId="caafff78-7507-45e3-b096-c039044fe94d" testName="JilTests.DeserializeTests.SeekNotSupported" computerName="SIEBL-4303-04" duration="00:00:00.0380000" startTime="2018-11-13T01:06:55.3533272-06:00" endTime="2018-11-13T01:06:55.3533272-06:00" testType="13cdc9d9-ddb5-4fa4-a97d-d965ccfc6d4b" outcome="Passed" testListId="8c84fa94-04c1-424b-9868-57a2d4851a1d" relativeResultsDirectory="2563a056-19c3-4b4c-937d-ffa90e5126a8" /><UnitTestResult executionId="1c6d0003-f167-493c-b6c4-07b48b02b3b4" testId="d9e5a9e3-920f-49e0-b0d9-661fb7b66ef4" testName="JilTests.SerializeTests.NaNFails" computerName="SIEBL-4303-04" duration="00:00:00.0710000" startTime="2018-11-13T01:06:50.4892553-06:00" endTime="2018-11-13T01:06:50.4892553-06:00" testType="13cdc9d9-ddb5-4fa4-a97d-d965ccfc6d4b" outcome="Passed" testListId="8c84fa94-04c1-424b-9868-57a2d4851a1d" relativeResultsDirectory="1c6d0003-f167-493c-b6c4-07b48b02b3b4" /><UnitTestResult executionId="6c984139-1d8d-49f3-940d-19c58f2fc7ee" testId="2224e7c4-6cb8-4b35-9dd1-dc602f1cf280" testName="JilTests.SerializeTests.EnumMemberAttributeOverride" computerName="SIEBL-4303-04" duration="00:00:00.0310000" startTime="2018-11-13T01:07:00.0350288-06:00" endTime="2018-11-13T01:07:00.0350288-06:00" testType="13cdc9d9-ddb5-4fa4-a97d-d965ccfc6d4b" outcome="Passed" testListId="8c84fa94-04c1-424b-9868-57a2d4851a1d" relativeResultsDirectory="6c984139-1d8d-49f3-940d-19c58f2fc7ee" /><UnitTestResult executionId="461b3e4e-e1f2-4414-bf2d-e4da667a75cd" testId="db2b0d91-b877-471b-a167-da1b53e20e2d" testName="JilTests.UtilsTests.UnionConfigs" computerName="SIEBL-4303-04" duration="00:00:01.0580000" startTime="2018-11-13T01:06:50.4702423-06:00" endTime="2018-11-13T01:06:50.4702423-06:00" testType="13cdc9d9-ddb5-4fa4-a97d-d965ccfc6d4b" outcome="Passed" testListId="8c84fa94-04c1-424b-9868-57a2d4851a1d" relativeResultsDirectory="461b3e4e-e1f2-4414-bf2d-e4da667a75cd" /><UnitTestResult executionId="e391ec2d-db9e-4483-94f1-c5b8f86e34cd" testId="d6de7477-35da-42d6-8fbc-1fc39dc82719" testName="JilTests.DeserializeTests.BadDouble(input: &quot;1.2.3.4.5.6&quot;, expectedSnippetAfter: &quot;.3.4.5.6&quot;)" computerName="SIEBL-4303-04" duration="00:00:00.0010000" startTime="2018-11-13T01:07:06.6691636-06:00" endTime="2018-11-13T01:07:06.6691636-06:00" testType="13cdc9d9-ddb5-4fa4-a97d-d965ccfc6d4b" outcome="Passed" testListId="8c84fa94-04c1-424b-9868-57a2d4851a1d" relativeResultsDirectory="e391ec2d-db9e-4483-94f1-c5b8f86e34cd" /><UnitTestResult executionId="b2543be2-4005-4f27-b18c-90022f06e32b" testId="9be5a5ee-be82-4d08-97a2-d832cc909baa" testName="JilTests.DeserializeTests.MalformedISO8601(dateString: &quot;\&quot;1999W010\&quot;&quot;, expectedError: &quot;Expected day to be a digit between 1 and 7&quot;)" computerName="SIEBL-4303-04" duration="00:00:00.0010000" startTime="2018-11-13T01:06:49.6495976-06:00" endTime="2018-11-13T01:06:49.6495976-06:00" testType="13cdc9d9-ddb5-4fa4-a97d-d965ccfc6d4b" outcome="Passed" testListId="8c84fa94-04c1-424b-9868-57a2d4851a1d" relativeResultsDirectory="b2543be2-4005-4f27-b18c-90022f06e32b" /><UnitTestResult executionId="052de7d0-aee8-4116-8fad-6f297591fcd9" testId="1e725ddf-5032-4f1a-be47-4cfcc335deea" testName="JilTests.SerializeTests.TestSerializationNameFormatsSerialization" computerName="SIEBL-4303-04" duration="00:00:00.0100000" startTime="2018-11-13T01:07:03.7492309-06:00" endTime="2018-11-13T01:07:03.7492309-06:00" testType="13cdc9d9-ddb5-4fa4-a97d-d965ccfc6d4b" outcome="Passed" testListId="8c84fa94-04c1-424b-9868-57a2d4851a1d" relativeResultsDirectory="052de7d0-aee8-4116-8fad-6f297591fcd9" /><UnitTestResult executionId="5a822195-deee-4d40-80a6-f0beed3e3916" testId="225b44ae-8f47-4954-8e0b-afea2aa4a9a6" testName="JilTests.DeserializeDynamicTests.UnaryPlus" computerName="SIEBL-4303-04" duration="00:00:00.0120000" startTime="2018-11-13T01:06:53.3373407-06:00" endTime="2018-11-13T01:06:53.3373407-06:00" testType="13cdc9d9-ddb5-4fa4-a97d-d965ccfc6d4b" outcome="Passed" testListId="8c84fa94-04c1-424b-9868-57a2d4851a1d" relativeResultsDirectory="5a822195-deee-4d40-80a6-f0beed3e3916" /><UnitTestResult executionId="edd7e62b-e86e-42df-85f2-d0f2f35dfeec" testId="3cb3f473-5708-4881-a5e9-64bd772ec52d" testName="JilTests.DeserializeDynamicTests.Issue117(input: &quot;-1.&quot;, expectedError: &quot;Expected digit&quot;)" computerName="SIEBL-4303-04" duration="00:00:00.0010000" startTime="2018-11-13T01:06:49.9658080-06:00" endTime="2018-11-13T01:06:49.9658080-06:00" testType="13cdc9d9-ddb5-4fa4-a97d-d965ccfc6d4b" outcome="Passed" testListId="8c84fa94-04c1-424b-9868-57a2d4851a1d" relativeResultsDirectory="edd7e62b-e86e-42df-85f2-d0f2f35dfeec" /><UnitTestResult executionId="61c33a22-0ce9-43a5-86cf-a9ddb5c40eb0" testId="f528e064-19f2-4fd6-be3a-5908691ffa77" testName="JilTests.DeserializeDynamicTests.Issue143DateTimeOffset" computerName="SIEBL-4303-04" duration="00:00:00.0010000" startTime="2018-11-13T01:06:53.3343387-06:00" endTime="2018-11-13T01:06:53.3343387-06:00" testType="13cdc9d9-ddb5-4fa4-a97d-d965ccfc6d4b" outcome="Passed" testListId="8c84fa94-04c1-424b-9868-57a2d4851a1d" relativeResultsDirectory="61c33a22-0ce9-43a5-86cf-a9ddb5c40eb0" /><UnitTestResult executionId="2a1ab84c-fc7e-453d-a592-fa83c1081bbc" testId="ef05772f-14c7-4ce7-88c2-eadd9475888a" testName="JilTests.DeserializeDynamicTests.Not" computerName="SIEBL-4303-04" duration="00:00:00.0050000" startTime="2018-11-13T01:06:53.2562866-06:00" endTime="2018-11-13T01:06:53.2562866-06:00" testType="13cdc9d9-ddb5-4fa4-a97d-d965ccfc6d4b" outcome="Passed" testListId="8c84fa94-04c1-424b-9868-57a2d4851a1d" relativeResultsDirectory="2a1ab84c-fc7e-453d-a592-fa83c1081bbc" /><UnitTestResult executionId="5ed32941-a1fd-43c2-8cbb-4d04cc0e4390" testId="a4abfa02-7b49-4f02-80bf-f47b79a96573" testName="JilTests.DeserializeDynamicTests.Issue117(input: &quot;-01&quot;, expectedError: &quot;Number cannot have leading zeros&quot;)" computerName="SIEBL-4303-04" duration="00:00:00.0010000" startTime="2018-11-13T01:06:49.9527993-06:00" endTime="2018-11-13T01:06:49.9527993-06:00" testType="13cdc9d9-ddb5-4fa4-a97d-d965ccfc6d4b" outcome="Passed" testListId="8c84fa94-04c1-424b-9868-57a2d4851a1d" relativeResultsDirectory="5ed32941-a1fd-43c2-8cbb-4d04cc0e4390" /><UnitTestResult executionId="8b5dfa45-5352-40b0-92c1-5da5cb6ae0c8" testId="855966e8-7187-4fa7-85c4-51c6320c11a7" testName="JilTests.DeserializeDynamicTests.Negate" computerName="SIEBL-4303-04" duration="00:00:00.0030000" startTime="2018-11-13T01:06:52.2612812-06:00" endTime="2018-11-13T01:06:52.2612812-06:00" testType="13cdc9d9-ddb5-4fa4-a97d-d965ccfc6d4b" outcome="Passed" testListId="8c84fa94-04c1-424b-9868-57a2d4851a1d" relativeResultsDirectory="8b5dfa45-5352-40b0-92c1-5da5cb6ae0c8" /><UnitTestResult executionId="e1262b39-641f-4760-ac19-92ad87bd9a33" testId="39af8a30-95e5-4e3d-997a-86935506bab0" testName="JilTests.SerializeTests.ExcludingNulls" computerName="SIEBL-4303-04" duration="00:00:00.0350000" startTime="2018-11-13T01:07:03.1248157-06:00" endTime="2018-11-13T01:07:03.1248157-06:00" testType="13cdc9d9-ddb5-4fa4-a97d-d965ccfc6d4b" outcome="Passed" testListId="8c84fa94-04c1-424b-9868-57a2d4851a1d" relativeResultsDirectory="e1262b39-641f-4760-ac19-92ad87bd9a33" /><UnitTestResult executionId="6b521df1-0e2a-4354-ae25-300270669e2b" testId="25929a93-810a-43c4-8a12-58abdc2f35dc" testName="JilTests.DeserializeTests.ExpectedEndOfStream" computerName="SIEBL-4303-04" duration="00:00:00.0630000" startTime="2018-11-13T01:06:55.9584625-06:00" endTime="2018-11-13T01:06:55.9584625-06:00" testType="13cdc9d9-ddb5-4fa4-a97d-d965ccfc6d4b" outcome="Passed" testListId="8c84fa94-04c1-424b-9868-57a2d4851a1d" relativeResultsDirectory="6b521df1-0e2a-4354-ae25-300270669e2b" /><UnitTestResult executionId="04231543-6040-4890-8132-99efa1049ef0" testId="5d363e6a-aa6e-4cb6-8988-5a26d4182478" testName="JilTests.DeserializeTests.Issue117_Int" computerName="SIEBL-4303-04" duration="00:00:00.0040000" startTime="2018-11-13T01:07:04.6228144-06:00" endTime="2018-11-13T01:07:04.6228144-06:00" testType="13cdc9d9-ddb5-4fa4-a97d-d965ccfc6d4b" outcome="Passed" testListId="8c84fa94-04c1-424b-9868-57a2d4851a1d" relativeResultsDirectory="04231543-6040-4890-8132-99efa1049ef0" /><UnitTestResult executionId="ba8fdcac-8b8c-48e5-a45b-13cb2458cbc4" testId="c4bda080-dd18-4ccb-8ffb-0d8266bb7581" testName="JilTests.DeserializeTests.ISO8601TimeSpan" computerName="SIEBL-4303-04" duration="00:00:00.0530000" startTime="2018-11-13T01:06:56.0935542-06:00" endTime="2018-11-13T01:06:56.0935542-06:00" testType="13cdc9d9-ddb5-4fa4-a97d-d965ccfc6d4b" outcome="Passed" testListId="8c84fa94-04c1-424b-9868-57a2d4851a1d" relativeResultsDirectory="ba8fdcac-8b8c-48e5-a45b-13cb2458cbc4" /><UnitTestResult executionId="bd5921c7-3c43-401f-9287-82b34025e27e" testId="309b8e28-92bd-43a2-b6f3-98e9c78d6f8e" testName="JilTests.DynamicSerializationTests.NullArrayElements" computerName="SIEBL-4303-04" duration="00:00:00.0130000" startTime="2018-11-13T01:06:51.2063332-06:00" endTime="2018-11-13T01:06:51.2063332-06:00" testType="13cdc9d9-ddb5-4fa4-a97d-d965ccfc6d4b" outcome="Passed" testListId="8c84fa94-04c1-424b-9868-57a2d4851a1d" relativeResultsDirectory="bd5921c7-3c43-401f-9287-82b34025e27e" /><UnitTestResult executionId="9a651454-3169-4211-bbe2-74351f5d3715" testId="e1b720ba-a344-4e26-b881-1488e9e5d1ac" testName="JilTests.SerializeTests.EmptyEnum" computerName="SIEBL-4303-04" duration="00:00:00.0700000" startTime="2018-11-13T01:07:05.9412930-06:00" endTime="2018-11-13T01:07:05.9412930-06:00" testType="13cdc9d9-ddb5-4fa4-a97d-d965ccfc6d4b" outcome="Passed" testListId="8c84fa94-04c1-424b-9868-57a2d4851a1d" relativeResultsDirectory="9a651454-3169-4211-bbe2-74351f5d3715" /><UnitTestResult executionId="3899d93b-e728-444c-8ae3-c787ce260621" testId="6703dcae-4f19-4664-a935-939c553ba281" testName="JilTests.SerializeTests.SerializeDynamicToString" computerName="SIEBL-4303-04" duration="00:00:00.0010000" startTime="2018-11-13T01:07:03.7402264-06:00" endTime="2018-11-13T01:07:03.7402264-06:00" testType="13cdc9d9-ddb5-4fa4-a97d-d965ccfc6d4b" outcome="Passed" testListId="8c84fa94-04c1-424b-9868-57a2d4851a1d" relativeResultsDirectory="3899d93b-e728-444c-8ae3-c787ce260621" /><UnitTestResult executionId="ecea4638-81c2-4f30-a384-e69a24d92c9c" testId="e37a6b25-3fb2-4f71-a7f8-858db187e464" testName="JilTests.DeserializeDynamicTests.Issue117(input: &quot;-001&quot;, expectedError: &quot;Number cannot have leading zeros&quot;)" computerName="SIEBL-4303-04" duration="00:00:00.0010000" startTime="2018-11-13T01:06:49.9517986-06:00" endTime="2018-11-13T01:06:49.9517986-06:00" testType="13cdc9d9-ddb5-4fa4-a97d-d965ccfc6d4b" outcome="Passed" testListId="8c84fa94-04c1-424b-9868-57a2d4851a1d" relativeResultsDirectory="ecea4638-81c2-4f30-a384-e69a24d92c9c" /><UnitTestResult executionId="1cbe74e5-31af-4024-b77e-606d2e19f1d7" testId="e68d607d-785e-4f18-b4a8-8a8558c6a5e3" testName="JilTests.DeserializeTests.Longs" computerName="SIEBL-4303-04" duration="00:00:00.0010000" startTime="2018-11-13T01:06:58.5620964-06:00" endTime="2018-11-13T01:06:58.5620964-06:00" testType="13cdc9d9-ddb5-4fa4-a97d-d965ccfc6d4b" outcome="Passed" testListId="8c84fa94-04c1-424b-9868-57a2d4851a1d" relativeResultsDirectory="1cbe74e5-31af-4024-b77e-606d2e19f1d7" /><UnitTestResult executionId="da8f3077-4b30-47db-bdb2-9f5975402be8" testId="545649ef-9303-4749-9dab-c97f54eb3a78" testName="JilTests.DeserializeDynamicTests.Nullables" computerName="SIEBL-4303-04" duration="00:00:00.0630000" startTime="2018-11-13T01:06:53.3203290-06:00" endTime="2018-11-13T01:06:53.3203290-06:00" testType="13cdc9d9-ddb5-4fa4-a97d-d965ccfc6d4b" outcome="Passed" testListId="8c84fa94-04c1-424b-9868-57a2d4851a1d" relativeResultsDirectory="da8f3077-4b30-47db-bdb2-9f5975402be8" /><UnitTestResult executionId="71bf3cfc-dd4b-46e7-a215-62ad78162440" testId="abd18b4b-a9fc-4fa3-9af7-a76aded4ad55" testName="JilTests.DeserializeTests.UInts" computerName="SIEBL-4303-04" duration="00:00:00.0020000" startTime="2018-11-13T01:07:00.7921714-06:00" endTime="2018-11-13T01:07:00.7921714-06:00" testType="13cdc9d9-ddb5-4fa4-a97d-d965ccfc6d4b" outcome="Passed" testListId="8c84fa94-04c1-424b-9868-57a2d4851a1d" relativeResultsDirectory="71bf3cfc-dd4b-46e7-a215-62ad78162440" /><UnitTestResult executionId="921e1e45-a8a2-4bbf-9476-31f49ccdfdae" testId="ca446213-0686-4735-b100-56626a77e42e" testName="JilTests.DeserializeTests.BadFloat(input: &quot;1.2.3.4.5.6&quot;, expectedSnippetAfter: &quot;.3.4.5.6&quot;)" computerName="SIEBL-4303-04" duration="00:00:00.0010000" startTime="2018-11-13T01:07:00.7191227-06:00" endTime="2018-11-13T01:07:00.7191227-06:00" testType="13cdc9d9-ddb5-4fa4-a97d-d965ccfc6d4b" outcome="Passed" testListId="8c84fa94-04c1-424b-9868-57a2d4851a1d" relativeResultsDirectory="921e1e45-a8a2-4bbf-9476-31f49ccdfdae" /><UnitTestResult executionId="b2a62881-8431-4c3e-884d-f5a28e946397" testId="8b280018-74fe-4e6e-bdc3-55ea0d68ea20" testName="JilTests.DeserializeTests.MalformedISO8601(dateString: &quot;\&quot;1999-13\&quot;&quot;, expectedError: &quot;Expected month to be between 01 and 12&quot;)" computerName="SIEBL-4303-04" duration="00:00:00.0010000" startTime="2018-11-13T01:06:49.5925589-06:00" endTime="2018-11-13T01:06:49.5925589-06:00" testType="13cdc9d9-ddb5-4fa4-a97d-d965ccfc6d4b" outcome="Passed" testListId="8c84fa94-04c1-424b-9868-57a2d4851a1d" relativeResultsDirectory="b2a62881-8431-4c3e-884d-f5a28e946397" /><UnitTestResult executionId="359b02c9-2258-436a-a248-13e6f711227a" testId="d510b047-fdd0-4db5-91f5-09fa1bf94658" testName="JilTests.SerializeTests.IReadOnlyDictionary" computerName="SIEBL-4303-04" duration="00:00:00.0060000" startTime="2018-11-13T01:07:03.7552355-06:00" endTime="2018-11-13T01:07:03.7552355-06:00" testType="13cdc9d9-ddb5-4fa4-a97d-d965ccfc6d4b" outcome="Passed" testListId="8c84fa94-04c1-424b-9868-57a2d4851a1d" relativeResultsDirectory="359b02c9-2258-436a-a248-13e6f711227a" /><UnitTestResult executionId="9590e994-4830-4d0d-a389-ec8053299382" testId="92fb1a3a-bfc2-4210-b7e0-0604676c8eea" testName="JilTests.SerializeTests.Issue27" computerName="SIEBL-4303-04" duration="00:00:00.0120000" startTime="2018-11-13T01:06:57.5412529-06:00" endTime="2018-11-13T01:06:57.5412529-06:00" testType="13cdc9d9-ddb5-4fa4-a97d-d965ccfc6d4b" outcome="Passed" testListId="8c84fa94-04c1-424b-9868-57a2d4851a1d" relativeResultsDirectory="9590e994-4830-4d0d-a389-ec8053299382" /><UnitTestResult executionId="d790cf46-14ec-4f51-bd33-c3b7a49c2bfc" testId="c486760a-962b-4086-996f-63a9a34d5ac8" testName="JilTests.DeserializeTests.AnonObjects" computerName="SIEBL-4303-04" duration="00:00:00.4160000" startTime="2018-11-13T01:06:55.0274751-06:00" endTime="2018-11-13T01:06:55.0274751-06:00" testType="13cdc9d9-ddb5-4fa4-a97d-d965ccfc6d4b" outcome="Passed" testListId="8c84fa94-04c1-424b-9868-57a2d4851a1d" relativeResultsDirectory="d790cf46-14ec-4f51-bd33-c3b7a49c2bfc" /><UnitTestResult executionId="ba15e9ce-87b6-4ae4-8437-907bc7e7b54c" testId="bbff203c-a631-456f-9ff6-cf4fcd945490" testName="JilTests.SerializeTests.BadDictionaryType" computerName="SIEBL-4303-04" duration="00:00:00.0030000" startTime="2018-11-13T01:07:03.6761821-06:00" endTime="2018-11-13T01:07:03.6761821-06:00" testType="13cdc9d9-ddb5-4fa4-a97d-d965ccfc6d4b" outcome="Passed" testListId="8c84fa94-04c1-424b-9868-57a2d4851a1d" relativeResultsDirectory="ba15e9ce-87b6-4ae4-8437-907bc7e7b54c" /><UnitTestResult executionId="549a02c3-8d26-44be-be29-a6564ec6ff4e" testId="02160a7c-a9e6-460d-8f4c-afd0ce793b5c" testName="JilTests.SerializeTests.IntegerDictionaryKeys" computerName="SIEBL-4303-04" duration="00:00:00.0220000" startTime="2018-11-13T01:07:03.6301523-06:00" endTime="2018-11-13T01:07:03.6301523-06:00" testType="13cdc9d9-ddb5-4fa4-a97d-d965ccfc6d4b" outcome="Passed" testListId="8c84fa94-04c1-424b-9868-57a2d4851a1d" relativeResultsDirectory="549a02c3-8d26-44be-be29-a6564ec6ff4e" /><UnitTestResult executionId="0ef57bfe-f9ee-4815-b42a-596064cdb746" testId="9c397995-98fb-4e4b-a2a9-065f96e1e294" testName="JilTests.DeserializeTests.MissingConstructor" computerName="SIEBL-4303-04" duration="00:00:00.0110000" startTime="2018-11-13T01:06:52.5133353-06:00" endTime="2018-11-13T01:06:52.5133353-06:00" testType="13cdc9d9-ddb5-4fa4-a97d-d965ccfc6d4b" outcome="Passed" testListId="8c84fa94-04c1-424b-9868-57a2d4851a1d" relativeResultsDirectory="0ef57bfe-f9ee-4815-b42a-596064cdb746" /><UnitTestResult executionId="023b186c-15b0-4408-8be5-86040434ea5f" testId="3f4dfeb8-9faa-47a3-88b0-9d7bc2f955f9" testName="JilTests.DeserializeDynamicTests.EqualsTest" computerName="SIEBL-4303-04" duration="00:00:00.0680000" startTime="2018-11-13T01:06:52.3383320-06:00" endTime="2018-11-13T01:06:52.3383320-06:00" testType="13cdc9d9-ddb5-4fa4-a97d-d965ccfc6d4b" outcome="Passed" testListId="8c84fa94-04c1-424b-9868-57a2d4851a1d" relativeResultsDirectory="023b186c-15b0-4408-8be5-86040434ea5f" /><UnitTestResult executionId="a399e3f7-501a-4514-a628-3928b3d99488" testId="c530bfb5-26f7-4421-9cca-19b228cbd94e" testName="JilTests.DeserializeDynamicTests.Issue117(input: &quot;-123.&quot;, expectedError: &quot;Expected digit&quot;)" computerName="SIEBL-4303-04" duration="00:00:00.0010000" startTime="2018-11-13T01:06:49.9608046-06:00" endTime="2018-11-13T01:06:49.9608046-06:00" testType="13cdc9d9-ddb5-4fa4-a97d-d965ccfc6d4b" outcome="Passed" testListId="8c84fa94-04c1-424b-9868-57a2d4851a1d" relativeResultsDirectory="a399e3f7-501a-4514-a628-3928b3d99488" /><UnitTestResult executionId="418f2e9f-f059-476e-9c2a-ccea3273c2fa" testId="eb145a59-9193-49cb-ae49-c146a85ba6ca" testName="JilTests.DeserializeTests.BadDecimal(input: &quot;1.2E10E10&quot;, expectedSnippetAfter: &quot;E10&quot;)" computerName="SIEBL-4303-04" duration="00:00:00.0010000" startTime="2018-11-13T01:07:00.3678542-06:00" endTime="2018-11-13T01:07:00.3678542-06:00" testType="13cdc9d9-ddb5-4fa4-a97d-d965ccfc6d4b" outcome="Passed" testListId="8c84fa94-04c1-424b-9868-57a2d4851a1d" relativeResultsDirectory="418f2e9f-f059-476e-9c2a-ccea3273c2fa" /><UnitTestResult executionId="e047ba5e-2345-4e90-b0ac-096f636bdcc1" testId="1957d6eb-37f7-4591-ad38-0f016b4dfb3a" testName="JilTests.DeserializeDynamicTests.Issue117(input: &quot;01&quot;, expectedError: &quot;Number cannot have leading zeros&quot;)" computerName="SIEBL-4303-04" duration="00:00:00.0010000" startTime="2018-11-13T01:06:49.9578026-06:00" endTime="2018-11-13T01:06:49.9578026-06:00" testType="13cdc9d9-ddb5-4fa4-a97d-d965ccfc6d4b" outcome="Passed" testListId="8c84fa94-04c1-424b-9868-57a2d4851a1d" relativeResultsDirectory="e047ba5e-2345-4e90-b0ac-096f636bdcc1" /><UnitTestResult executionId="3aeb1fbf-a9b5-4493-b12e-00e372ef72e2" testId="591798d7-cd0a-45b2-aa44-e64e95b42053" testName="JilTests.DeserializeTests.PrimitiveWrappers" computerName="SIEBL-4303-04" duration="00:00:00.0120000" startTime="2018-11-13T01:07:06.8863085-06:00" endTime="2018-11-13T01:07:06.8863085-06:00" testType="13cdc9d9-ddb5-4fa4-a97d-d965ccfc6d4b" outcome="Passed" testListId="8c84fa94-04c1-424b-9868-57a2d4851a1d" relativeResultsDirectory="3aeb1fbf-a9b5-4493-b12e-00e372ef72e2" /><UnitTestResult executionId="0b644d0c-2fa9-4454-848b-00b4b8893707" testId="178dcb1e-a7ec-4dc5-9f52-599802f0c669" testName="JilTests.DeserializeTests.PrivateConstructor_List" computerName="SIEBL-4303-04" duration="00:00:00.0180000" startTime="2018-11-13T01:06:52.1321941-06:00" endTime="2018-11-13T01:06:52.1321941-06:00" testType="13cdc9d9-ddb5-4fa4-a97d-d965ccfc6d4b" outcome="Passed" testListId="8c84fa94-04c1-424b-9868-57a2d4851a1d" relativeResultsDirectory="0b644d0c-2fa9-4454-848b-00b4b8893707" /><UnitTestResult executionId="56979a87-f548-473f-84e1-8fbb5d3985e4" testId="c16b113d-e5b6-4292-a00b-6cb7af0efccd" testName="JilTests.DynamicSerializationTests.ExpandoObject" computerName="SIEBL-4303-04" duration="00:00:00.0140000" startTime="2018-11-13T01:06:51.0432243-06:00" endTime="2018-11-13T01:06:51.0432243-06:00" testType="13cdc9d9-ddb5-4fa4-a97d-d965ccfc6d4b" outcome="Passed" testListId="8c84fa94-04c1-424b-9868-57a2d4851a1d" relativeResultsDirectory="56979a87-f548-473f-84e1-8fbb5d3985e4" /><UnitTestResult executionId="c6700127-8f01-4c30-aee2-3fcb0cb905ea" testId="da71bc76-b3de-4f08-955c-4cef6542e4ec" testName="JilTests.DeserializeDynamicTests.Issue134" computerName="SIEBL-4303-04" duration="00:00:00.0090000" startTime="2018-11-13T01:06:53.0789535-06:00" endTime="2018-11-13T01:06:53.0789535-06:00" testType="13cdc9d9-ddb5-4fa4-a97d-d965ccfc6d4b" outcome="Passed" testListId="8c84fa94-04c1-424b-9868-57a2d4851a1d" relativeResultsDirectory="c6700127-8f01-4c30-aee2-3fcb0cb905ea" /><UnitTestResult executionId="f04a0534-51d8-459d-b5e3-8760d451ba3e" testId="d0192eae-3e94-446d-b88c-4eb3c8e2a8f0" testName="JilTests.DynamicSerializationTests.Issue150" computerName="SIEBL-4303-04" duration="00:00:00.1320000" startTime="2018-11-13T01:06:51.9760899-06:00" endTime="2018-11-13T01:06:51.9760899-06:00" testType="13cdc9d9-ddb5-4fa4-a97d-d965ccfc6d4b" outcome="Passed" testListId="8c84fa94-04c1-424b-9868-57a2d4851a1d" relativeResultsDirectory="f04a0534-51d8-459d-b5e3-8760d451ba3e" /><UnitTestResult executionId="8dd58973-6ed0-43f2-a682-68f41c504c73" testId="4c3c9c34-570d-4d07-8702-7a72b9a19304" testName="JilTests.DeserializeTests.InfoFailure" computerName="SIEBL-4303-04" duration="00:00:00.1870000" startTime="2018-11-13T01:06:55.2296090-06:00" endTime="2018-11-13T01:06:55.2296090-06:00" testType="13cdc9d9-ddb5-4fa4-a97d-d965ccfc6d4b" outcome="Passed" testListId="8c84fa94-04c1-424b-9868-57a2d4851a1d" relativeResultsDirectory="8dd58973-6ed0-43f2-a682-68f41c504c73" /><UnitTestResult executionId="659b12bc-e03c-44a6-a034-5e7ca80a226c" testId="b5935b30-c144-4ad8-b743-66929bf21fed" testName="JilTests.DeserializeDynamicTests.Issue143DateTimeOffsetFractionOverflow" computerName="SIEBL-4303-04" duration="00:00:00.0190000" startTime="2018-11-13T01:06:49.9357879-06:00" endTime="2018-11-13T01:06:49.9357879-06:00" testType="13cdc9d9-ddb5-4fa4-a97d-d965ccfc6d4b" outcome="Passed" testListId="8c84fa94-04c1-424b-9868-57a2d4851a1d" relativeResultsDirectory="659b12bc-e03c-44a6-a034-5e7ca80a226c" /><UnitTestResult executionId="85590f10-8ba4-41cb-8fea-ffbf6cdc886c" testId="27b90b8e-ffd2-4da0-82d2-bb2c8d6bdb2d" testName="JilTests.DeserializeDynamicTests.ObjectEnumeration" computerName="SIEBL-4303-04" duration="00:00:00.0040000" startTime="2018-11-13T01:06:52.6734425-06:00" endTime="2018-11-13T01:06:52.6734425-06:00" testType="13cdc9d9-ddb5-4fa4-a97d-d965ccfc6d4b" outcome="Passed" testListId="8c84fa94-04c1-424b-9868-57a2d4851a1d" relativeResultsDirectory="85590f10-8ba4-41cb-8fea-ffbf6cdc886c" /><UnitTestResult executionId="729aafd0-a61f-4429-93d7-eb1054462e99" testId="4e8dc0d4-f434-4233-9561-3967506e2b60" testName="JilTests.SerializeTests.IntegerDictionaryKeysWithoutNulls" computerName="SIEBL-4303-04" duration="00:00:00.0720000" startTime="2018-11-13T01:06:51.6584717-06:00" endTime="2018-11-13T01:06:51.6584717-06:00" testType="13cdc9d9-ddb5-4fa4-a97d-d965ccfc6d4b" outcome="Passed" testListId="8c84fa94-04c1-424b-9868-57a2d4851a1d" relativeResultsDirectory="729aafd0-a61f-4429-93d7-eb1054462e99" /><UnitTestResult executionId="104263b5-944a-4b6b-91b1-399e0abc24e3" testId="013ce11b-50a6-4d99-b201-21714ab060f0" testName="JilTests.SerializeTests.DictionaryEncoding" computerName="SIEBL-4303-04" duration="00:00:00.0070000" startTime="2018-11-13T01:06:50.2339869-06:00" endTime="2018-11-13T01:06:50.2339869-06:00" testType="13cdc9d9-ddb5-4fa4-a97d-d965ccfc6d4b" outcome="Passed" testListId="8c84fa94-04c1-424b-9868-57a2d4851a1d" relativeResultsDirectory="104263b5-944a-4b6b-91b1-399e0abc24e3" /><UnitTestResult executionId="3099ab2b-d16b-490e-a946-8154a7006a1b" testId="0441f4d3-df85-478e-a4a4-888aa6fc2cc4" testName="JilTests.DeserializeTests.MillisecondsTimeSpan" computerName="SIEBL-4303-04" duration="00:00:00.0200000" startTime="2018-11-13T01:07:04.2915943-06:00" endTime="2018-11-13T01:07:04.2915943-06:00" testType="13cdc9d9-ddb5-4fa4-a97d-d965ccfc6d4b" outcome="Passed" testListId="8c84fa94-04c1-424b-9868-57a2d4851a1d" relativeResultsDirectory="3099ab2b-d16b-490e-a946-8154a7006a1b" /><UnitTestResult executionId="37fb6b5a-1a97-45e9-af1a-02bdf02a28b5" testId="79256b3e-ae0b-43da-91fb-036c66454e62" testName="JilTests.DynamicSerializationTests.TopLevelNulls" computerName="SIEBL-4303-04" duration="00:00:00.0520000" startTime="2018-11-13T01:06:51.1352861-06:00" endTime="2018-11-13T01:06:51.1352861-06:00" testType="13cdc9d9-ddb5-4fa4-a97d-d965ccfc6d4b" outcome="Passed" testListId="8c84fa94-04c1-424b-9868-57a2d4851a1d" relativeResultsDirectory="37fb6b5a-1a97-45e9-af1a-02bdf02a28b5" /><UnitTestResult executionId="9636e8ab-044c-48fa-8205-7f24c0605011" testId="050fdcbc-7c21-49a7-bfcc-1380e64a036d" testName="JilTests.UtilsTests.PublicInterfaces" computerName="SIEBL-4303-04" duration="00:00:00.0060000" startTime="2018-11-13T01:06:49.4384561-06:00" endTime="2018-11-13T01:06:49.4384561-06:00" testType="13cdc9d9-ddb5-4fa4-a97d-d965ccfc6d4b" outcome="Passed" testListId="8c84fa94-04c1-424b-9868-57a2d4851a1d" relativeResultsDirectory="9636e8ab-044c-48fa-8205-7f24c0605011" /><UnitTestResult executionId="c2acf2fc-b1dd-4797-afd4-67b1c14cf0ac" testId="368260c2-cd79-400f-a195-623f780ec2b5" testName="JilTests.SerializeTests.Issue42" computerName="SIEBL-4303-04" duration="00:00:00.0460000" startTime="2018-11-13T01:06:50.2820196-06:00" endTime="2018-11-13T01:06:50.2820196-06:00" testType="13cdc9d9-ddb5-4fa4-a97d-d965ccfc6d4b" outcome="Passed" testListId="8c84fa94-04c1-424b-9868-57a2d4851a1d" relativeResultsDirectory="c2acf2fc-b1dd-4797-afd4-67b1c14cf0ac" /><UnitTestResult executionId="e38b7da1-0e29-4ae5-a256-98ffa4f75bef" testId="10f927db-ce3b-40f3-b3e3-49c37276bb53" testName="JilTests.DeserializeTests.UnionTypeIndication" computerName="SIEBL-4303-04" duration="00:00:00.0940000" startTime="2018-11-13T01:06:55.5524589-06:00" endTime="2018-11-13T01:06:55.5524589-06:00" testType="13cdc9d9-ddb5-4fa4-a97d-d965ccfc6d4b" outcome="Passed" testListId="8c84fa94-04c1-424b-9868-57a2d4851a1d" relativeResultsDirectory="e38b7da1-0e29-4ae5-a256-98ffa4f75bef" /><UnitTestResult executionId="d30b5bd2-64a3-4cc3-9dde-b464deb361f0" testId="2b088dcb-3a2d-47ab-9797-7e3096ba914a" testName="JilTests.DeserializeTests.Guids" computerName="SIEBL-4303-04" duration="00:00:00.0010000" startTime="2018-11-13T01:06:55.9674685-06:00" endTime="2018-11-13T01:06:55.9674685-06:00" testType="13cdc9d9-ddb5-4fa4-a97d-d965ccfc6d4b" outcome="Passed" testListId="8c84fa94-04c1-424b-9868-57a2d4851a1d" relativeResultsDirectory="d30b5bd2-64a3-4cc3-9dde-b464deb361f0" /><UnitTestResult executionId="ff71f69b-74ee-4b3f-8d7a-003b0c127fca" testId="3006e2d4-d5bd-4c25-a1d2-5f4e9660b914" testName="JilTests.UtilsTests.FindReusedTypes_ListList" computerName="SIEBL-4303-04" duration="00:00:00.0020000" startTime="2018-11-13T01:06:49.4364548-06:00" endTime="2018-11-13T01:06:49.4364548-06:00" testType="13cdc9d9-ddb5-4fa4-a97d-d965ccfc6d4b" outcome="Passed" testListId="8c84fa94-04c1-424b-9868-57a2d4851a1d" relativeResultsDirectory="ff71f69b-74ee-4b3f-8d7a-003b0c127fca" /><UnitTestResult executionId="d47484b1-e2ae-4b94-a5e7-c4d6d69f25de" testId="cd45cc48-f609-4493-9e0a-c19313a65c40" testName="JilTests.SerializeTests.DoubleConstantWeirdCulture" computerName="SIEBL-4303-04" duration="00:00:00.0030000" startTime="2018-11-13T01:07:05.8342215-06:00" endTime="2018-11-13T01:07:05.8342215-06:00" testType="13cdc9d9-ddb5-4fa4-a97d-d965ccfc6d4b" outcome="Passed" testListId="8c84fa94-04c1-424b-9868-57a2d4851a1d" relativeResultsDirectory="d47484b1-e2ae-4b94-a5e7-c4d6d69f25de" /><UnitTestResult executionId="af73723e-8159-4ca1-ba51-1b2ced648f8d" testId="5226cb5f-3aef-468e-9039-2bdfc316c60c" testName="JilTests.SerializeTests.AllocationlessVsNormalDictionaries" computerName="SIEBL-4303-04" duration="00:00:00.0200000" startTime="2018-11-13T01:07:06.4570226-06:00" endTime="2018-11-13T01:07:06.4570226-06:00" testType="13cdc9d9-ddb5-4fa4-a97d-d965ccfc6d4b" outcome="Passed" testListId="8c84fa94-04c1-424b-9868-57a2d4851a1d" relativeResultsDirectory="af73723e-8159-4ca1-ba51-1b2ced648f8d" /><UnitTestResult executionId="d286ce2c-1f45-4cbb-9d00-72a089937021" testId="c69ae0c5-8fb2-4a04-af7f-bd34be711f37" testName="JilTests.SerializeTests.ConfigDefaultOptions" computerName="SIEBL-4303-04" duration="00:00:00.0080000" startTime="2018-11-13T01:07:06.3035347-06:00" endTime="2018-11-13T01:07:06.3035347-06:00" testType="13cdc9d9-ddb5-4fa4-a97d-d965ccfc6d4b" outcome="Passed" testListId="8c84fa94-04c1-424b-9868-57a2d4851a1d" relativeResultsDirectory="d286ce2c-1f45-4cbb-9d00-72a089937021" /><UnitTestResult executionId="588faf31-5c2d-4de9-a03d-ed72dd390ab4" testId="f6b3c0c0-08a4-4d1d-aca9-70ae5bb5dec5" testName="JilTests.DeserializeTests.MalformedISO8601(dateString: &quot;\&quot;1900999\&quot;&quot;, expectedError: &quot;Expected ordinal day to be between 001 and 366&quot;)" computerName="SIEBL-4303-04" duration="00:00:00.0010000" startTime="2018-11-13T01:06:49.5605376-06:00" endTime="2018-11-13T01:06:49.5605376-06:00" testType="13cdc9d9-ddb5-4fa4-a97d-d965ccfc6d4b" outcome="Passed" testListId="8c84fa94-04c1-424b-9868-57a2d4851a1d" relativeResultsDirectory="588faf31-5c2d-4de9-a03d-ed72dd390ab4" /><UnitTestResult executionId="12526e19-55cd-4ac9-a1b8-1123bea498a0" testId="2f618f18-3912-4e0b-b00c-32ff61ef7785" testName="JilTests.DeserializeTests.Issue48" computerName="SIEBL-4303-04" duration="00:00:00.0270000" startTime="2018-11-13T01:07:01.1107774-06:00" endTime="2018-11-13T01:07:01.1107774-06:00" testType="13cdc9d9-ddb5-4fa4-a97d-d965ccfc6d4b" outcome="Passed" testListId="8c84fa94-04c1-424b-9868-57a2d4851a1d" relativeResultsDirectory="12526e19-55cd-4ac9-a1b8-1123bea498a0" /><UnitTestResult executionId="61610704-0789-480c-907c-d77f1523c84b" testId="96213a74-71b7-42d0-9656-8a2c6166de0b" testName="JilTests.DeserializeTests.MultipleNullableDiscriminantUnion" computerName="SIEBL-4303-04" duration="00:00:01.0610000" startTime="2018-11-13T01:06:53.5746655-06:00" endTime="2018-11-13T01:06:53.5746655-06:00" testType="13cdc9d9-ddb5-4fa4-a97d-d965ccfc6d4b" outcome="Passed" testListId="8c84fa94-04c1-424b-9868-57a2d4851a1d" relativeResultsDirectory="61610704-0789-480c-907c-d77f1523c84b" /><UnitTestResult executionId="ebad6077-73e4-4c9f-81c1-cdccfbe3a26c" testId="979d440b-07cc-46ef-8e99-de09109d9ab7" testName="JilTests.DeserializeTests.Overflow" computerName="SIEBL-4303-04" duration="00:00:00.0630000" startTime="2018-11-13T01:06:53.6377073-06:00" endTime="2018-11-13T01:06:53.6377073-06:00" testType="13cdc9d9-ddb5-4fa4-a97d-d965ccfc6d4b" outcome="Passed" testListId="8c84fa94-04c1-424b-9868-57a2d4851a1d" relativeResultsDirectory="ebad6077-73e4-4c9f-81c1-cdccfbe3a26c" /><UnitTestResult executionId="c52b9cb4-e1a9-4450-9248-ef0785ac9230" testId="9602fd1b-8c6e-4641-b8b9-ebe8ada88e77" testName="JilTests.DeserializeDynamicTests.GreaterThanOrEquals" computerName="SIEBL-4303-04" duration="00:00:00.0090000" startTime="2018-11-13T01:06:53.3453463-06:00" endTime="2018-11-13T01:06:53.3453463-06:00" testType="13cdc9d9-ddb5-4fa4-a97d-d965ccfc6d4b" outcome="Passed" testListId="8c84fa94-04c1-424b-9868-57a2d4851a1d" relativeResultsDirectory="c52b9cb4-e1a9-4450-9248-ef0785ac9230" /><UnitTestResult executionId="b55037f8-267f-4e73-a428-2dc85ca13975" testId="376caebc-a1d8-4c46-8a3d-ebb7119bfa62" testName="JilTests.DeserializeTests.Issue203" computerName="SIEBL-4303-04" duration="00:00:00.1070000" startTime="2018-11-13T01:06:52.2412675-06:00" endTime="2018-11-13T01:06:52.2412675-06:00" testType="13cdc9d9-ddb5-4fa4-a97d-d965ccfc6d4b" outcome="Passed" testListId="8c84fa94-04c1-424b-9868-57a2d4851a1d" relativeResultsDirectory="b55037f8-267f-4e73-a428-2dc85ca13975" /><UnitTestResult executionId="47132951-03b4-4fdc-8881-9a0e590860df" testId="e5a2afa0-1c2d-40b5-96bb-5ef1a02a1f66" testName="JilTests.SerializeTests.BadUnions" computerName="SIEBL-4303-04" duration="00:00:00.0290000" startTime="2018-11-13T01:07:05.8632415-06:00" endTime="2018-11-13T01:07:05.8632415-06:00" testType="13cdc9d9-ddb5-4fa4-a97d-d965ccfc6d4b" outcome="Passed" testListId="8c84fa94-04c1-424b-9868-57a2d4851a1d" relativeResultsDirectory="47132951-03b4-4fdc-8881-9a0e590860df" /><UnitTestResult executionId="c7ee9baf-0a24-43cc-bd5f-6bbf636659de" testId="3bff02a9-13bd-460a-92b1-2c270cdc3a5d" testName="JilTests.DeserializeTests.Issue86" computerName="SIEBL-4303-04" duration="00:00:00.0120000" startTime="2018-11-13T01:07:04.3876581-06:00" endTime="2018-11-13T01:07:04.3876581-06:00" testType="13cdc9d9-ddb5-4fa4-a97d-d965ccfc6d4b" outcome="Passed" testListId="8c84fa94-04c1-424b-9868-57a2d4851a1d" relativeResultsDirectory="c7ee9baf-0a24-43cc-bd5f-6bbf636659de" /><UnitTestResult executionId="9a17cb76-a0b8-42ea-b312-70495b302957" testId="5cb26d87-db5b-4375-a712-e1634c0e8d36" testName="JilTests.DeserializeTests.MalformedISO8601(dateString: &quot;\&quot;1900-999\&quot;&quot;, expectedError: &quot;Expected ordinal day to be between 001 and 366&quot;)" computerName="SIEBL-4303-04" duration="00:00:00.0010000" startTime="2018-11-13T01:06:49.6405910-06:00" endTime="2018-11-13T01:06:49.6405910-06:00" testType="13cdc9d9-ddb5-4fa4-a97d-d965ccfc6d4b" outcome="Passed" testListId="8c84fa94-04c1-424b-9868-57a2d4851a1d" relativeResultsDirectory="9a17cb76-a0b8-42ea-b312-70495b302957" /><UnitTestResult executionId="6cfd20a2-27ff-4148-9a2d-26b6895010ef" testId="613eb5cb-0948-4c19-b7aa-ff22301c564d" testName="JilTests.DeserializeDynamicTests.NewtsoftDateTimeOffsets" computerName="SIEBL-4303-04" duration="00:00:00.0020000" startTime="2018-11-13T01:06:53.2492816-06:00" endTime="2018-11-13T01:06:53.2492816-06:00" testType="13cdc9d9-ddb5-4fa4-a97d-d965ccfc6d4b" outcome="Passed" testListId="8c84fa94-04c1-424b-9868-57a2d4851a1d" relativeResultsDirectory="6cfd20a2-27ff-4148-9a2d-26b6895010ef" /><UnitTestResult executionId="73074311-cc43-4b7a-9508-689730ed1d69" testId="1ae727bd-2a56-4ac9-9c20-6bb693d263c9" testName="JilTests.DeserializeDynamicTests.Indexer" computerName="SIEBL-4303-04" duration="00:00:00.0110000" startTime="2018-11-13T01:06:52.1391991-06:00" endTime="2018-11-13T01:06:52.1391991-06:00" testType="13cdc9d9-ddb5-4fa4-a97d-d965ccfc6d4b" outcome="Passed" testListId="8c84fa94-04c1-424b-9868-57a2d4851a1d" relativeResultsDirectory="73074311-cc43-4b7a-9508-689730ed1d69" /><UnitTestResult executionId="aab50f68-e90f-4b50-a7f0-6584a94e79fb" testId="67ae965b-0b8a-47f5-84fb-7f3414878010" testName="JilTests.DeserializeTests.Issue143DateTimeFractionOverflow" computerName="SIEBL-4303-04" duration="00:00:00.0010000" startTime="2018-11-13T01:07:02.0557054-06:00" endTime="2018-11-13T01:07:02.0557054-06:00" testType="13cdc9d9-ddb5-4fa4-a97d-d965ccfc6d4b" outcome="Passed" testListId="8c84fa94-04c1-424b-9868-57a2d4851a1d" relativeResultsDirectory="aab50f68-e90f-4b50-a7f0-6584a94e79fb" /><UnitTestResult executionId="f145ebb8-d137-4920-8b12-09f0df09c651" testId="5aea8416-79b4-43fc-a96e-e076a4624a52" testName="JilTests.DeserializeTests.Issue53" computerName="SIEBL-4303-04" duration="00:00:00.0710000" startTime="2018-11-13T01:07:02.0547044-06:00" endTime="2018-11-13T01:07:02.0547044-06:00" testType="13cdc9d9-ddb5-4fa4-a97d-d965ccfc6d4b" outcome="Passed" testListId="8c84fa94-04c1-424b-9868-57a2d4851a1d" relativeResultsDirectory="f145ebb8-d137-4920-8b12-09f0df09c651" /><UnitTestResult executionId="11e1f765-8db1-4ac4-9a8a-04b1aa27ed85" testId="21d49288-f355-4646-800e-b44e2872f2e7" testName="JilTests.SerializeTests.ConditionalSerialization" computerName="SIEBL-4303-04" duration="00:00:00.0240000" startTime="2018-11-13T01:06:50.8931375-06:00" endTime="2018-11-13T01:06:50.8931375-06:00" testType="13cdc9d9-ddb5-4fa4-a97d-d965ccfc6d4b" outcome="Passed" testListId="8c84fa94-04c1-424b-9868-57a2d4851a1d" relativeResultsDirectory="11e1f765-8db1-4ac4-9a8a-04b1aa27ed85" /><UnitTestResult executionId="afeea966-6740-44a5-a631-3cad1712023b" testId="1fb18bce-8095-422b-b28b-a9bb01f75049" testName="JilTests.EnumFlagsTest.TestEnumFlagsDeserialize3" computerName="SIEBL-4303-04" duration="00:00:00.0010000" startTime="2018-11-13T01:06:50.0708781-06:00" endTime="2018-11-13T01:06:50.0708781-06:00" testType="13cdc9d9-ddb5-4fa4-a97d-d965ccfc6d4b" outcome="Passed" testListId="8c84fa94-04c1-424b-9868-57a2d4851a1d" relativeResultsDirectory="afeea966-6740-44a5-a631-3cad1712023b" /><UnitTestResult executionId="0b14135d-a520-44da-967d-9b34f0e175fb" testId="b1a708af-ded7-480d-ae13-fb851c4a8784" testName="JilTests.DeserializeTests.Shorts" computerName="SIEBL-4303-04" duration="00:00:01.4580000" startTime="2018-11-13T01:07:00.0410331-06:00" endTime="2018-11-13T01:07:00.0410331-06:00" testType="13cdc9d9-ddb5-4fa4-a97d-d965ccfc6d4b" outcome="Passed" testListId="8c84fa94-04c1-424b-9868-57a2d4851a1d" relativeResultsDirectory="0b14135d-a520-44da-967d-9b34f0e175fb" /><UnitTestResult executionId="b41c0a35-282a-437c-b387-08aa1ce981e8" testId="5ce854bc-d711-4366-9ada-f2f9dc4e8bdc" testName="JilTests.DeserializeTests.MalformedISO8601(dateString: &quot;\&quot;1900-366\&quot;&quot;, expectedError: &quot;Ordinal day can only be 366 in a leap year&quot;)" computerName="SIEBL-4303-04" duration="00:00:00.0010000" startTime="2018-11-13T01:06:49.6275829-06:00" endTime="2018-11-13T01:06:49.6275829-06:00" testType="13cdc9d9-ddb5-4fa4-a97d-d965ccfc6d4b" outcome="Passed" testListId="8c84fa94-04c1-424b-9868-57a2d4851a1d" relativeResultsDirectory="b41c0a35-282a-437c-b387-08aa1ce981e8" /><UnitTestResult executionId="634b3bf9-c0f7-4859-8190-996f3146a135" testId="211516a6-02e1-4c2c-99a6-56c2c86417cb" testName="JilTests.UtilsTests.ConstantProperties" computerName="SIEBL-4303-04" duration="00:00:00.0170000" startTime="2018-11-13T01:06:49.4504641-06:00" endTime="2018-11-13T01:06:49.4504641-06:00" testType="13cdc9d9-ddb5-4fa4-a97d-d965ccfc6d4b" outcome="Passed" testListId="8c84fa94-04c1-424b-9868-57a2d4851a1d" relativeResultsDirectory="634b3bf9-c0f7-4859-8190-996f3146a135" /><UnitTestResult executionId="62c33720-2cdb-4201-9171-207b9821b137" testId="ce9248e4-188f-403e-a90d-d4e3462c357e" testName="JilTests.DeserializeTests.Issue235" computerName="SIEBL-4303-04" duration="00:00:00.0010000" startTime="2018-11-13T01:07:08.3072569-06:00" endTime="2018-11-13T01:07:08.3072569-06:00" testType="13cdc9d9-ddb5-4fa4-a97d-d965ccfc6d4b" outcome="Passed" testListId="8c84fa94-04c1-424b-9868-57a2d4851a1d" relativeResultsDirectory="62c33720-2cdb-4201-9171-207b9821b137" /><UnitTestResult executionId="ea0d022d-3415-4f49-a77f-72ad6362c0c8" testId="93dfe8d4-0776-4ff5-a329-2803ffc7368c" testName="JilTests.DeserializeDynamicTests.Issue143DateTimeFractionOverflow" computerName="SIEBL-4303-04" duration="00:00:00.0010000" startTime="2018-11-13T01:06:53.3223306-06:00" endTime="2018-11-13T01:06:53.3223306-06:00" testType="13cdc9d9-ddb5-4fa4-a97d-d965ccfc6d4b" outcome="Passed" testListId="8c84fa94-04c1-424b-9868-57a2d4851a1d" relativeResultsDirectory="ea0d022d-3415-4f49-a77f-72ad6362c0c8" /><UnitTestResult executionId="8818de60-ed58-43dc-859e-f3161289fdd5" testId="f4e441b2-7088-4a50-8aef-8902496ea093" testName="JilTests.SerializeTests.ValueTypes" computerName="SIEBL-4303-04" duration="00:00:00.3940000" startTime="2018-11-13T01:06:51.4475201-06:00" endTime="2018-11-13T01:06:51.4475201-06:00" testType="13cdc9d9-ddb5-4fa4-a97d-d965ccfc6d4b" outcome="Passed" testListId="8c84fa94-04c1-424b-9868-57a2d4851a1d" relativeResultsDirectory="8818de60-ed58-43dc-859e-f3161289fdd5" /><UnitTestResult executionId="f095bc20-39b7-4b9e-9f0f-de8acda069da" testId="7c64698b-5b32-4800-b6a9-852c7ec846bd" testName="JilTests.DeserializeTests.ISets" computerName="SIEBL-4303-04" duration="00:00:00.1910000" startTime="2018-11-13T01:06:54.5430209-06:00" endTime="2018-11-13T01:06:54.5430209-06:00" testType="13cdc9d9-ddb5-4fa4-a97d-d965ccfc6d4b" outcome="Passed" testListId="8c84fa94-04c1-424b-9868-57a2d4851a1d" relativeResultsDirectory="f095bc20-39b7-4b9e-9f0f-de8acda069da" /><UnitTestResult executionId="076c4136-9853-432e-94db-8537237c3c65" testId="cc7dfe26-0b2e-4b3e-8e48-cf93d902c99f" testName="JilTests.DeserializeDynamicTests.EmptyArrayWithSpace" computerName="SIEBL-4303-04" duration="00:00:00.0020000" startTime="2018-11-13T01:06:53.0699474-06:00" endTime="2018-11-13T01:06:53.0699474-06:00" testType="13cdc9d9-ddb5-4fa4-a97d-d965ccfc6d4b" outcome="Passed" testListId="8c84fa94-04c1-424b-9868-57a2d4851a1d" relativeResultsDirectory="076c4136-9853-432e-94db-8537237c3c65" /><UnitTestResult executionId="4b4ccc56-3871-4475-a9a0-95beabd0ddb1" testId="7bf8978f-d1b8-4be1-b930-6d942a95fb6c" testName="JilTests.DeserializeTests.FlagsEnum" computerName="SIEBL-4303-04" duration="00:00:00.1040000" startTime="2018-11-13T01:07:04.6188111-06:00" endTime="2018-11-13T01:07:04.6188111-06:00" testType="13cdc9d9-ddb5-4fa4-a97d-d965ccfc6d4b" outcome="Passed" testListId="8c84fa94-04c1-424b-9868-57a2d4851a1d" relativeResultsDirectory="4b4ccc56-3871-4475-a9a0-95beabd0ddb1" /><UnitTestResult executionId="87154233-3942-41f9-bee6-af92651d42d4" testId="39a0c381-bd15-4405-8370-654fd1442cf2" testName="JilTests.DeserializeDynamicTests.TimeSpans_Seconds" computerName="SIEBL-4303-04" duration="00:00:00.6100000" startTime="2018-11-13T01:06:49.9157749-06:00" endTime="2018-11-13T01:06:49.9157749-06:00" testType="13cdc9d9-ddb5-4fa4-a97d-d965ccfc6d4b" outcome="Passed" testListId="8c84fa94-04c1-424b-9868-57a2d4851a1d" relativeResultsDirectory="87154233-3942-41f9-bee6-af92651d42d4" /><UnitTestResult executionId="1375b174-720b-4eb2-8b05-2fbcae488607" testId="123e1688-bd71-41a0-b1b1-99861bd91558" testName="JilTests.SerializeTests.EnumMemberAttributeOverrideFlags" computerName="SIEBL-4303-04" duration="00:00:00.0350000" startTime="2018-11-13T01:06:59.9970028-06:00" endTime="2018-11-13T01:06:59.9970028-06:00" testType="13cdc9d9-ddb5-4fa4-a97d-d965ccfc6d4b" outcome="Passed" testListId="8c84fa94-04c1-424b-9868-57a2d4851a1d" relativeResultsDirectory="1375b174-720b-4eb2-8b05-2fbcae488607" /><UnitTestResult executionId="86841448-cf20-4686-8a63-1bae0fac8908" testId="dce88beb-320e-4e95-95b5-cde79b1059cb" testName="JilTests.DeserializeDynamicTests.NotEquals" computerName="SIEBL-4303-04" duration="00:00:00.0320000" startTime="2018-11-13T01:06:53.1109751-06:00" endTime="2018-11-13T01:06:53.1109751-06:00" testType="13cdc9d9-ddb5-4fa4-a97d-d965ccfc6d4b" outcome="Passed" testListId="8c84fa94-04c1-424b-9868-57a2d4851a1d" relativeResultsDirectory="86841448-cf20-4686-8a63-1bae0fac8908" /><UnitTestResult executionId="d64c69a3-e3c6-4cad-8dd5-1ae7778ebc2b" testId="5f689a85-666d-4c1d-8016-f0134d978edd" testName="JilTests.DeserializeDynamicTests.And" computerName="SIEBL-4303-04" duration="00:00:00.0490000" startTime="2018-11-13T01:06:52.3883657-06:00" endTime="2018-11-13T01:06:52.3883657-06:00" testType="13cdc9d9-ddb5-4fa4-a97d-d965ccfc6d4b" outcome="Passed" testListId="8c84fa94-04c1-424b-9868-57a2d4851a1d" relativeResultsDirectory="d64c69a3-e3c6-4cad-8dd5-1ae7778ebc2b" /><UnitTestResult executionId="e0480fd7-d636-4332-91b5-dd93be088362" testId="62a7f1e3-e7a8-4790-8428-90ac57013e96" testName="JilTests.SerializeTests.SerializeToString" computerName="SIEBL-4303-04" duration="00:00:00.0020000" startTime="2018-11-13T01:06:57.6273082-06:00" endTime="2018-11-13T01:06:57.6273082-06:00" testType="13cdc9d9-ddb5-4fa4-a97d-d965ccfc6d4b" outcome="Passed" testListId="8c84fa94-04c1-424b-9868-57a2d4851a1d" relativeResultsDirectory="e0480fd7-d636-4332-91b5-dd93be088362" /><UnitTestResult executionId="6d92ab6a-e2cb-4037-a3b6-de1c5aa8d152" testId="eab596af-3186-4783-84e4-829168051ade" testName="JilTests.DeserializeTests.EmptyMembers" computerName="SIEBL-4303-04" duration="00:00:00.0210000" startTime="2018-11-13T01:07:01.0679642-06:00" endTime="2018-11-13T01:07:01.0679642-06:00" testType="13cdc9d9-ddb5-4fa4-a97d-d965ccfc6d4b" outcome="Passed" testListId="8c84fa94-04c1-424b-9868-57a2d4851a1d" relativeResultsDirectory="6d92ab6a-e2cb-4037-a3b6-de1c5aa8d152" /><UnitTestResult executionId="a27f44ed-9480-4a94-a359-f1456838a4a7" testId="a3644eb7-815e-4518-a0a8-c6be1c11c7c6" testName="JilTests.DeserializeDynamicTests.RFC1123" computerName="SIEBL-4303-04" duration="00:00:00.0060000" startTime="2018-11-13T01:06:52.1572108-06:00" endTime="2018-11-13T01:06:52.1572108-06:00" testType="13cdc9d9-ddb5-4fa4-a97d-d965ccfc6d4b" outcome="Passed" testListId="8c84fa94-04c1-424b-9868-57a2d4851a1d" relativeResultsDirectory="a27f44ed-9480-4a94-a359-f1456838a4a7" /><UnitTestResult executionId="a21bc53e-a130-4e5e-a06a-3cbab5b96aac" testId="5ba67794-dd33-46fc-9a22-3d1caa3a8e75" testName="JilTests.DeserializeTests.MalformedISO8601(dateString: &quot;\&quot;1900-01-01T19:19+\&quot;&quot;, expectedError: &quot;Expected hour part of ISO8601 timezone offset&quot;)" computerName="SIEBL-4303-04" duration="00:00:00.0010000" startTime="2018-11-13T01:06:49.5705442-06:00" endTime="2018-11-13T01:06:49.5705442-06:00" testType="13cdc9d9-ddb5-4fa4-a97d-d965ccfc6d4b" outcome="Passed" testListId="8c84fa94-04c1-424b-9868-57a2d4851a1d" relativeResultsDirectory="a21bc53e-a130-4e5e-a06a-3cbab5b96aac" /><UnitTestResult executionId="292cf6c0-79eb-40b0-96b7-bb8436684e6a" testId="c431c572-f1ed-45ab-8d98-7490a3544a5f" testName="JilTests.DeserializeTests.Issue143TimeSpan" computerName="SIEBL-4303-04" duration="00:00:00.0010000" startTime="2018-11-13T01:07:07.8199330-06:00" endTime="2018-11-13T01:07:07.8199330-06:00" testType="13cdc9d9-ddb5-4fa4-a97d-d965ccfc6d4b" outcome="Passed" testListId="8c84fa94-04c1-424b-9868-57a2d4851a1d" relativeResultsDirectory="292cf6c0-79eb-40b0-96b7-bb8436684e6a" /><UnitTestResult executionId="6aeb5ee1-2298-4464-b4a4-cf245aa4a1df" testId="f0ca917c-52cb-4e0e-865b-dd24c0168e04" testName="JilTests.DeserializeTests.Issue210" computerName="SIEBL-4303-04" duration="00:00:00.1320000" startTime="2018-11-13T01:07:06.7972496-06:00" endTime="2018-11-13T01:07:06.7972496-06:00" testType="13cdc9d9-ddb5-4fa4-a97d-d965ccfc6d4b" outcome="Passed" testListId="8c84fa94-04c1-424b-9868-57a2d4851a1d" relativeResultsDirectory="6aeb5ee1-2298-4464-b4a4-cf245aa4a1df" /><UnitTestResult executionId="b0fbd093-068d-4996-af9e-bcad276ad6a4" testId="a35e25cf-6ae1-427e-818d-5336c8a57cb6" testName="JilTests.DeserializeTests.MalformedISO8601(dateString: &quot;\&quot;1999W018\&quot;&quot;, expectedError: &quot;Expected day to be a digit between 1 and 7&quot;)" computerName="SIEBL-4303-04" duration="00:00:00.2380000" startTime="2018-11-13T01:06:49.5415246-06:00" endTime="2018-11-13T01:06:49.5415246-06:00" testType="13cdc9d9-ddb5-4fa4-a97d-d965ccfc6d4b" outcome="Passed" testListId="8c84fa94-04c1-424b-9868-57a2d4851a1d" relativeResultsDirectory="b0fbd093-068d-4996-af9e-bcad276ad6a4" /><UnitTestResult executionId="d252d0d7-6084-4320-90e6-04f1b303ab79" testId="80867401-df04-4862-98e6-328e3433bd2d" testName="JilTests.SerializeTests.Issue165_2" computerName="SIEBL-4303-04" duration="00:00:00.0010000" startTime="2018-11-13T01:07:03.5631076-06:00" endTime="2018-11-13T01:07:03.5631076-06:00" testType="13cdc9d9-ddb5-4fa4-a97d-d965ccfc6d4b" outcome="Passed" testListId="8c84fa94-04c1-424b-9868-57a2d4851a1d" relativeResultsDirectory="d252d0d7-6084-4320-90e6-04f1b303ab79" /><UnitTestResult executionId="e95f6791-7564-4e55-a181-4f74fba0f897" testId="c1bac2e7-465d-4661-ad52-1d7980497362" testName="JilTests.DeserializeTests.MalformedISO8601(dateString: &quot;\&quot;1999-W01-0\&quot;&quot;, expectedError: &quot;Expected day to be a digit between 1 and 7&quot;)" computerName="SIEBL-4303-04" duration="00:00:00.0010000" startTime="2018-11-13T01:06:49.6385896-06:00" endTime="2018-11-13T01:06:49.6385896-06:00" testType="13cdc9d9-ddb5-4fa4-a97d-d965ccfc6d4b" outcome="Passed" testListId="8c84fa94-04c1-424b-9868-57a2d4851a1d" relativeResultsDirectory="e95f6791-7564-4e55-a181-4f74fba0f897" /><UnitTestResult executionId="a6168c96-7ec0-4268-9798-608814ad38e6" testId="789a78a8-1997-458e-a602-9754c2ce164d" testName="JilTests.SerializeTests.EnumDictionaryKeys" computerName="SIEBL-4303-04" duration="00:00:00.2310000" startTime="2018-11-13T01:06:49.7806847-06:00" endTime="2018-11-13T01:06:49.7806847-06:00" testType="13cdc9d9-ddb5-4fa4-a97d-d965ccfc6d4b" outcome="Passed" testListId="8c84fa94-04c1-424b-9868-57a2d4851a1d" relativeResultsDirectory="a6168c96-7ec0-4268-9798-608814ad38e6" /><UnitTestResult executionId="e972419e-925e-454d-b906-8bfc0c1ac6bb" testId="9597ce31-c9cd-4b73-b2c1-07148b328308" testName="JilTests.SerializeTests.StringEscapes" computerName="SIEBL-4303-04" duration="00:00:00.0050000" startTime="2018-11-13T01:06:50.3390573-06:00" endTime="2018-11-13T01:06:50.3390573-06:00" testType="13cdc9d9-ddb5-4fa4-a97d-d965ccfc6d4b" outcome="Passed" testListId="8c84fa94-04c1-424b-9868-57a2d4851a1d" relativeResultsDirectory="e972419e-925e-454d-b906-8bfc0c1ac6bb" /><UnitTestResult executionId="ad7ca8ea-5574-462f-a925-4b9830acc744" testId="99711672-f08a-4173-b7f3-d29f40c5d9a6" testName="JilTests.SerializeTests.JilDirectiveAttributeTest" computerName="SIEBL-4303-04" duration="00:00:00.0020000" startTime="2018-11-13T01:07:03.5711120-06:00" endTime="2018-11-13T01:07:03.5711120-06:00" testType="13cdc9d9-ddb5-4fa4-a97d-d965ccfc6d4b" outcome="Passed" testListId="8c84fa94-04c1-424b-9868-57a2d4851a1d" relativeResultsDirectory="ad7ca8ea-5574-462f-a925-4b9830acc744" /><UnitTestResult executionId="3c10e9cb-28b5-49ec-99ca-799ec62a34ff" testId="407a9c15-a8d5-4059-b1b0-143dfbe16075" testName="JilTests.SerializeTests.RFC1123TimeSpans" computerName="SIEBL-4303-04" duration="00:00:00.0110000" startTime="2018-11-13T01:06:50.9071353-06:00" endTime="2018-11-13T01:06:50.9071353-06:00" testType="13cdc9d9-ddb5-4fa4-a97d-d965ccfc6d4b" outcome="Passed" testListId="8c84fa94-04c1-424b-9868-57a2d4851a1d" relativeResultsDirectory="3c10e9cb-28b5-49ec-99ca-799ec62a34ff" /><UnitTestResult executionId="c1700f71-6e83-40f5-bf4f-d7186758f526" testId="0f49a292-c8fa-466c-a9bf-6de1187812eb" testName="JilTests.DeserializeTests.Issue117_UInt" computerName="SIEBL-4303-04" duration="00:00:00.0030000" startTime="2018-11-13T01:07:07.0043888-06:00" endTime="2018-11-13T01:07:07.0043888-06:00" testType="13cdc9d9-ddb5-4fa4-a97d-d965ccfc6d4b" outcome="Passed" testListId="8c84fa94-04c1-424b-9868-57a2d4851a1d" relativeResultsDirectory="c1700f71-6e83-40f5-bf4f-d7186758f526" /><UnitTestResult executionId="256aee6b-9a5e-4230-80ca-72404d8550d8" testId="807fda15-34d5-41ed-bc50-6aea9abca1b9" testName="JilTests.DeserializeDynamicTests.DateTimeOffsets" computerName="SIEBL-4303-04" duration="00:00:00.0130000" startTime="2018-11-13T01:06:52.1522075-06:00" endTime="2018-11-13T01:06:52.1522075-06:00" testType="13cdc9d9-ddb5-4fa4-a97d-d965ccfc6d4b" outcome="Passed" testListId="8c84fa94-04c1-424b-9868-57a2d4851a1d" relativeResultsDirectory="256aee6b-9a5e-4230-80ca-72404d8550d8" /><UnitTestResult executionId="5f433972-ae8f-4b33-ab22-1266c028fd89" testId="1d363e2f-88e3-4321-9a61-6f282e662dcb" testName="JilTests.SerializeTests.ConvertEnumsToPrimitives" computerName="SIEBL-4303-04" duration="00:00:02.0760000" startTime="2018-11-13T01:07:05.8312195-06:00" endTime="2018-11-13T01:07:05.8312195-06:00" testType="13cdc9d9-ddb5-4fa4-a97d-d965ccfc6d4b" outcome="Passed" testListId="8c84fa94-04c1-424b-9868-57a2d4851a1d" relativeResultsDirectory="5f433972-ae8f-4b33-ab22-1266c028fd89" /><UnitTestResult executionId="162951b5-ad3c-4247-aac4-4b940800a8b8" testId="eae53097-2898-4e9d-b3b7-acacbf919a89" testName="JilTests.DeserializeTests.MalformedISO8601(dateString: &quot;\&quot;1900-01-01T12:34:56.123456789+00:00\&quot;&quot;, expectedError: &quot;ISO8601 date is too long, expected 33 characters o&quot;...)" computerName="SIEBL-4303-04" duration="00:00:00.0010000" startTime="2018-11-13T01:06:49.5905576-06:00" endTime="2018-11-13T01:06:49.5905576-06:00" testType="13cdc9d9-ddb5-4fa4-a97d-d965ccfc6d4b" outcome="Passed" testListId="8c84fa94-04c1-424b-9868-57a2d4851a1d" relativeResultsDirectory="162951b5-ad3c-4247-aac4-4b940800a8b8" /><UnitTestResult executionId="54555003-fde9-4680-b861-2d5c0dead38d" testId="8e9470d4-ba4b-4bdb-9228-097f98945139" testName="JilTests.SerializeTests.AllOptions" computerName="SIEBL-4303-04" duration="00:00:00.7440000" startTime="2018-11-13T01:07:03.0897906-06:00" endTime="2018-11-13T01:07:03.0897906-06:00" testType="13cdc9d9-ddb5-4fa4-a97d-d965ccfc6d4b" outcome="Passed" testListId="8c84fa94-04c1-424b-9868-57a2d4851a1d" relativeResultsDirectory="54555003-fde9-4680-b861-2d5c0dead38d" /><UnitTestResult executionId="c4fbe777-e32b-4c43-8090-998c8c74f843" testId="78713f15-f0fc-4230-80c6-4ba2ba8048aa" testName="JilTests.DeserializeTests.Nullables" computerName="SIEBL-4303-04" duration="00:00:00.0150000" startTime="2018-11-13T01:06:55.0424857-06:00" endTime="2018-11-13T01:06:55.0424857-06:00" testType="13cdc9d9-ddb5-4fa4-a97d-d965ccfc6d4b" outcome="Passed" testListId="8c84fa94-04c1-424b-9868-57a2d4851a1d" relativeResultsDirectory="c4fbe777-e32b-4c43-8090-998c8c74f843" /><UnitTestResult executionId="b671593d-cb32-4a45-a9ef-85a5a6ef38f6" testId="c121374c-914c-4adb-ad97-ba1cf54b1d07" testName="JilTests.DeserializeTests.Issue43" computerName="SIEBL-4303-04" duration="00:00:00.0020000" startTime="2018-11-13T01:06:55.3153003-06:00" endTime="2018-11-13T01:06:55.3153003-06:00" testType="13cdc9d9-ddb5-4fa4-a97d-d965ccfc6d4b" outcome="Passed" testListId="8c84fa94-04c1-424b-9868-57a2d4851a1d" relativeResultsDirectory="b671593d-cb32-4a45-a9ef-85a5a6ef38f6" /><UnitTestResult executionId="aa8fa81d-7b55-43c8-afdf-e26c21d052e0" testId="7c77f658-8dbd-49d3-b84c-6cdfead91170" testName="JilTests.DeserializeTests.Objects" computerName="SIEBL-4303-04" duration="00:00:00.1310000" startTime="2018-11-13T01:06:49.7586698-06:00" endTime="2018-11-13T01:06:49.7586698-06:00" testType="13cdc9d9-ddb5-4fa4-a97d-d965ccfc6d4b" outcome="Passed" testListId="8c84fa94-04c1-424b-9868-57a2d4851a1d" relativeResultsDirectory="aa8fa81d-7b55-43c8-afdf-e26c21d052e0" /><UnitTestResult executionId="1a4f8ac8-7ad9-4e0e-96e3-3a69de2dbdbd" testId="1ab69ba2-a51d-46a4-8482-e84726d27d7a" testName="JilTests.DeserializeTests.MalformedISO8601(dateString: &quot;\&quot;1900-01-01T19:19+00:\&quot;&quot;, expectedError: &quot;Not enough character for ISO8601 timezone offset&quot;)" computerName="SIEBL-4303-04" duration="00:00:00.0010000" startTime="2018-11-13T01:06:49.5725453-06:00" endTime="2018-11-13T01:06:49.5725453-06:00" testType="13cdc9d9-ddb5-4fa4-a97d-d965ccfc6d4b" outcome="Passed" testListId="8c84fa94-04c1-424b-9868-57a2d4851a1d" relativeResultsDirectory="1a4f8ac8-7ad9-4e0e-96e3-3a69de2dbdbd" /><UnitTestResult executionId="a8ee53d2-3a5c-47ab-b7ef-fef94fa29695" testId="2475c9d6-d06b-470e-b830-79664e356074" testName="JilTests.DeserializeTests.Issue126" computerName="SIEBL-4303-04" duration="00:00:00.0010000" startTime="2018-11-13T01:07:04.5147420-06:00" endTime="2018-11-13T01:07:04.5147420-06:00" testType="13cdc9d9-ddb5-4fa4-a97d-d965ccfc6d4b" outcome="Passed" testListId="8c84fa94-04c1-424b-9868-57a2d4851a1d" relativeResultsDirectory="a8ee53d2-3a5c-47ab-b7ef-fef94fa29695" /><UnitTestResult executionId="b2443456-baee-4ae2-95be-55d7c7c3dcb2" testId="5db498c4-dbd4-4cce-8b8a-d10c1e6be9ff" testName="JilTests.DynamicSerializationTests.Issue200" computerName="SIEBL-4303-04" duration="00:00:00.0230000" startTime="2018-11-13T01:06:51.0202096-06:00" endTime="2018-11-13T01:06:51.0202096-06:00" testType="13cdc9d9-ddb5-4fa4-a97d-d965ccfc6d4b" outcome="Passed" testListId="8c84fa94-04c1-424b-9868-57a2d4851a1d" relativeResultsDirectory="b2443456-baee-4ae2-95be-55d7c7c3dcb2" /><UnitTestResult executionId="45186ad9-9a32-4040-886b-0951dc3b751b" testId="b48517bd-6b50-4936-b50b-50bc46ac5402" testName="JilTests.DeserializeDynamicTests.DynamicTypeConverter" computerName="SIEBL-4303-04" duration="00:00:00.1790000" startTime="2018-11-13T01:06:52.6654359-06:00" endTime="2018-11-13T01:06:52.6654359-06:00" testType="13cdc9d9-ddb5-4fa4-a97d-d965ccfc6d4b" outcome="Passed" testListId="8c84fa94-04c1-424b-9868-57a2d4851a1d" relativeResultsDirectory="45186ad9-9a32-4040-886b-0951dc3b751b" /><UnitTestResult executionId="a93eb7ba-c34e-4f8e-97a2-e81006664504" testId="77a83cf4-53c2-4732-8fa8-858c7ca37a43" testName="JilTests.SerializeTests.OddNullRef" computerName="SIEBL-4303-04" duration="00:00:00.1390000" startTime="2018-11-13T01:06:51.5864236-06:00" endTime="2018-11-13T01:06:51.5864236-06:00" testType="13cdc9d9-ddb5-4fa4-a97d-d965ccfc6d4b" outcome="Passed" testListId="8c84fa94-04c1-424b-9868-57a2d4851a1d" relativeResultsDirectory="a93eb7ba-c34e-4f8e-97a2-e81006664504" /><UnitTestResult executionId="02709833-a66e-45c4-9b26-c95e203b2256" testId="56223933-6504-42dc-9b01-1bff3d990cae" testName="JilTests.DeserializeDynamicTests.Issue143TimeSpanFractionOverflow" computerName="SIEBL-4303-04" duration="00:00:00.0010000" startTime="2018-11-13T01:06:53.3473482-06:00" endTime="2018-11-13T01:06:53.3473482-06:00" testType="13cdc9d9-ddb5-4fa4-a97d-d965ccfc6d4b" outcome="Passed" testListId="8c84fa94-04c1-424b-9868-57a2d4851a1d" relativeResultsDirectory="02709833-a66e-45c4-9b26-c95e203b2256" /><UnitTestResult executionId="18d40cd1-75e6-4ea2-8bc4-772f94792529" testId="abf38161-6c81-4db0-a717-77249e00020b" testName="JilTests.DeserializeTests.DictionaryEnumKeys" computerName="SIEBL-4303-04" duration="00:00:00.2120000" startTime="2018-11-13T01:07:08.3062563-06:00" endTime="2018-11-13T01:07:08.3062563-06:00" testType="13cdc9d9-ddb5-4fa4-a97d-d965ccfc6d4b" outcome="Passed" testListId="8c84fa94-04c1-424b-9868-57a2d4851a1d" relativeResultsDirectory="18d40cd1-75e6-4ea2-8bc4-772f94792529" /><UnitTestResult executionId="6e0acbcd-7b74-4f8f-ae6f-ec2debcb97a2" testId="79579120-5dae-46d6-a0f2-44168c663a33" testName="JilTests.SerializeTests.MillsecondsTimeSpans" computerName="SIEBL-4303-04" duration="00:00:00.0030000" startTime="2018-11-13T01:06:59.9389638-06:00" endTime="2018-11-13T01:06:59.9389638-06:00" testType="13cdc9d9-ddb5-4fa4-a97d-d965ccfc6d4b" outcome="Passed" testListId="8c84fa94-04c1-424b-9868-57a2d4851a1d" relativeResultsDirectory="6e0acbcd-7b74-4f8f-ae6f-ec2debcb97a2" /><UnitTestResult executionId="029863fc-d41d-4064-8635-4e8e6d3308a2" testId="e305bddd-fff0-4ecd-b5b7-8a18b37e4831" testName="JilTests.UtilsTests.FieldOffsetsInMemory" computerName="SIEBL-4303-04" duration="00:00:00.0020000" startTime="2018-11-13T01:06:50.4772488-06:00" endTime="2018-11-13T01:06:50.4772488-06:00" testType="13cdc9d9-ddb5-4fa4-a97d-d965ccfc6d4b" outcome="Passed" testListId="8c84fa94-04c1-424b-9868-57a2d4851a1d" relativeResultsDirectory="029863fc-d41d-4064-8635-4e8e6d3308a2" /><UnitTestResult executionId="2247f940-d37f-4c93-805a-ef0f41d72b0d" testId="20f3ff85-cd6e-4185-b128-93801a4f4456" testName="JilTests.DeserializeTests.MalformedISO8601(dateString: &quot;\&quot;19000101T1234:56\&quot;&quot;, expectedError: &quot;Unexpected separator in ISO8601 time&quot;)" computerName="SIEBL-4303-04" duration="00:00:00.0030000" startTime="2018-11-13T01:06:49.5625389-06:00" endTime="2018-11-13T01:06:49.5625389-06:00" testType="13cdc9d9-ddb5-4fa4-a97d-d965ccfc6d4b" outcome="Passed" testListId="8c84fa94-04c1-424b-9868-57a2d4851a1d" relativeResultsDirectory="2247f940-d37f-4c93-805a-ef0f41d72b0d" /><UnitTestResult executionId="fc0b12ac-355d-4658-9260-480387a589ff" testId="5d6f36a3-fff0-4a13-a511-ef513e5215f2" testName="JilTests.DeserializeDynamicTests.Guids" computerName="SIEBL-4303-04" duration="00:00:00.0010000" startTime="2018-11-13T01:06:52.9673164-06:00" endTime="2018-11-13T01:06:52.9673164-06:00" testType="13cdc9d9-ddb5-4fa4-a97d-d965ccfc6d4b" outcome="Passed" testListId="8c84fa94-04c1-424b-9868-57a2d4851a1d" relativeResultsDirectory="fc0b12ac-355d-4658-9260-480387a589ff" /><UnitTestResult executionId="c684e291-2eb5-4852-9600-e7844eb06315" testId="fb898c1e-0559-480a-ae2f-649023e62bdc" testName="JilTests.DynamicSerializationTests.Issue224" computerName="SIEBL-4303-04" duration="00:00:00.1550000" startTime="2018-11-13T01:06:50.9881876-06:00" endTime="2018-11-13T01:06:50.9881876-06:00" testType="13cdc9d9-ddb5-4fa4-a97d-d965ccfc6d4b" outcome="Passed" testListId="8c84fa94-04c1-424b-9868-57a2d4851a1d" relativeResultsDirectory="c684e291-2eb5-4852-9600-e7844eb06315" /><UnitTestResult executionId="d6592f9e-d48e-4ba5-98b2-7345ff6215a7" testId="71137a76-c87e-4487-a8c1-12fea1259bd6" testName="JilTests.DynamicSerializationTests.Issue87" computerName="SIEBL-4303-04" duration="00:00:00.0140000" startTime="2018-11-13T01:06:51.4695369-06:00" endTime="2018-11-13T01:06:51.4695369-06:00" testType="13cdc9d9-ddb5-4fa4-a97d-d965ccfc6d4b" outcome="Passed" testListId="8c84fa94-04c1-424b-9868-57a2d4851a1d" relativeResultsDirectory="d6592f9e-d48e-4ba5-98b2-7345ff6215a7" /><UnitTestResult executionId="7b07a46f-7b1e-49cd-9534-8f1bcdbd9acc" testId="e8cf5d09-c241-43ae-a8cc-df837f326a43" testName="JilTests.DeserializeTests.AnonNulls" computerName="SIEBL-4303-04" duration="00:00:00.0650000" startTime="2018-11-13T01:07:00.9138596-06:00" endTime="2018-11-13T01:07:00.9138596-06:00" testType="13cdc9d9-ddb5-4fa4-a97d-d965ccfc6d4b" outcome="Passed" testListId="8c84fa94-04c1-424b-9868-57a2d4851a1d" relativeResultsDirectory="7b07a46f-7b1e-49cd-9534-8f1bcdbd9acc" /><UnitTestResult executionId="9b7d031b-e843-43c6-8b6b-b17a62c265ef" testId="9b8962ad-5008-413f-9d21-0853c5c98e97" testName="JilTests.DeserializeTests.Issue162" computerName="SIEBL-4303-04" duration="00:00:00.0070000" startTime="2018-11-13T01:07:00.3838622-06:00" endTime="2018-11-13T01:07:00.3838622-06:00" testType="13cdc9d9-ddb5-4fa4-a97d-d965ccfc6d4b" outcome="Passed" testListId="8c84fa94-04c1-424b-9868-57a2d4851a1d" relativeResultsDirectory="9b7d031b-e843-43c6-8b6b-b17a62c265ef" /><UnitTestResult executionId="08b0202e-c5d4-4499-a646-99b3af27811b" testId="d3376635-9a54-4ebd-989e-1017217fe723" testName="JilTests.EnumFlagsTest.TestEnumFlagsSerialize" computerName="SIEBL-4303-04" duration="00:00:00.0930000" startTime="2018-11-13T01:06:50.0668754-06:00" endTime="2018-11-13T01:06:50.0668754-06:00" testType="13cdc9d9-ddb5-4fa4-a97d-d965ccfc6d4b" outcome="Passed" testListId="8c84fa94-04c1-424b-9868-57a2d4851a1d" relativeResultsDirectory="08b0202e-c5d4-4499-a646-99b3af27811b" /><UnitTestResult executionId="a427d94a-bf6d-4a5a-abea-71e54608a25a" testId="d537d471-9125-45b1-a096-e124f1b930b4" testName="JilTests.SerializeTests.ExcludeNulls" computerName="SIEBL-4303-04" duration="00:00:00.0690000" startTime="2018-11-13T01:06:50.1039001-06:00" endTime="2018-11-13T01:06:50.1039001-06:00" testType="13cdc9d9-ddb5-4fa4-a97d-d965ccfc6d4b" outcome="Passed" testListId="8c84fa94-04c1-424b-9868-57a2d4851a1d" relativeResultsDirectory="a427d94a-bf6d-4a5a-abea-71e54608a25a" /><UnitTestResult executionId="a42b330a-787f-41b1-9d81-8c796a169206" testId="103c7f62-602c-4c7b-8b71-37ea2bc932d2" testName="JilTests.DeserializeTests.Floats" computerName="SIEBL-4303-04" duration="00:00:00.0120000" startTime="2018-11-13T01:06:55.2956543-06:00" endTime="2018-11-13T01:06:55.2956543-06:00" testType="13cdc9d9-ddb5-4fa4-a97d-d965ccfc6d4b" outcome="Passed" testListId="8c84fa94-04c1-424b-9868-57a2d4851a1d" relativeResultsDirectory="a42b330a-787f-41b1-9d81-8c796a169206" /><UnitTestResult executionId="d7a21973-93da-48b8-9f53-2603ce50c392" testId="184994f0-a737-4858-a0db-d672e1896ae5" testName="JilTests.DynamicSerializationTests.DynamicObject" computerName="SIEBL-4303-04" duration="00:00:00.0440000" startTime="2018-11-13T01:06:51.1793164-06:00" endTime="2018-11-13T01:06:51.1793164-06:00" testType="13cdc9d9-ddb5-4fa4-a97d-d965ccfc6d4b" outcome="Passed" testListId="8c84fa94-04c1-424b-9868-57a2d4851a1d" relativeResultsDirectory="d7a21973-93da-48b8-9f53-2603ce50c392" /><UnitTestResult executionId="4ab55866-fc9b-4767-8bf5-106df3a0574e" testId="3403c7bd-35c3-47d2-b91c-729fb46a11ab" testName="JilTests.DeserializeTests.ConvertEnumsToPrimitives" computerName="SIEBL-4303-04" duration="00:00:00.8750000" startTime="2018-11-13T01:06:57.0589295-06:00" endTime="2018-11-13T01:06:57.0589295-06:00" testType="13cdc9d9-ddb5-4fa4-a97d-d965ccfc6d4b" outcome="Passed" testListId="8c84fa94-04c1-424b-9868-57a2d4851a1d" relativeResultsDirectory="4ab55866-fc9b-4767-8bf5-106df3a0574e" /><UnitTestResult executionId="226e1109-2f75-463f-ac9d-089ef1752dd0" testId="7e214138-546a-4561-8051-81bf56762c36" testName="JilTests.DeserializeTests.Issue151" computerName="SIEBL-4303-04" duration="00:00:00.0430000" startTime="2018-11-13T01:06:57.9094742-06:00" endTime="2018-11-13T01:06:57.9094742-06:00" testType="13cdc9d9-ddb5-4fa4-a97d-d965ccfc6d4b" outcome="Passed" testListId="8c84fa94-04c1-424b-9868-57a2d4851a1d" relativeResultsDirectory="226e1109-2f75-463f-ac9d-089ef1752dd0" /><UnitTestResult executionId="5046cbd0-b96d-4954-9dda-3e9ca63bdc77" testId="05efba4c-0344-4aca-8481-34fc3789847a" testName="JilTests.SerializeTests.Issue176" computerName="SIEBL-4303-04" duration="00:00:00.0090000" startTime="2018-11-13T01:07:05.9553023-06:00" endTime="2018-11-13T01:07:05.9553023-06:00" testType="13cdc9d9-ddb5-4fa4-a97d-d965ccfc6d4b" outcome="Passed" testListId="8c84fa94-04c1-424b-9868-57a2d4851a1d" relativeResultsDirectory="5046cbd0-b96d-4954-9dda-3e9ca63bdc77" /><UnitTestResult executionId="0f2f4833-bbb2-48d1-899c-ae25ab1bee6b" testId="4887f4bf-c383-49d2-8555-a6543ff7f61c" testName="JilTests.DeserializeTests.IReadOnlyDictionaries" computerName="SIEBL-4303-04" duration="00:00:00.5220000" startTime="2018-11-13T01:07:07.8019197-06:00" endTime="2018-11-13T01:07:07.8019197-06:00" testType="13cdc9d9-ddb5-4fa4-a97d-d965ccfc6d4b" outcome="Passed" testListId="8c84fa94-04c1-424b-9868-57a2d4851a1d" relativeResultsDirectory="0f2f4833-bbb2-48d1-899c-ae25ab1bee6b" /><UnitTestResult executionId="5c2dbfcf-3dfa-4c93-9e53-3487fb96b7cd" testId="053e8c34-1c45-4ff4-b9e6-ea7c1f6304b2" testName="JilTests.DeserializeDynamicTests.TimeSpans_Milliseconds" computerName="SIEBL-4303-04" duration="00:00:00.0770000" startTime="2018-11-13T01:06:53.2482812-06:00" endTime="2018-11-13T01:06:53.2482812-06:00" testType="13cdc9d9-ddb5-4fa4-a97d-d965ccfc6d4b" outcome="Passed" testListId="8c84fa94-04c1-424b-9868-57a2d4851a1d" relativeResultsDirectory="5c2dbfcf-3dfa-4c93-9e53-3487fb96b7cd" /><UnitTestResult executionId="0ad8d67b-9ff6-412e-829e-b9b7380e67c5" testId="42ad8f24-ae2f-41c8-b14f-e4f431ff0b7a" testName="JilTests.DynamicSerializationTests.Issue230" computerName="SIEBL-4303-04" duration="00:00:00.0050000" startTime="2018-11-13T01:06:51.8039754-06:00" endTime="2018-11-13T01:06:51.8039754-06:00" testType="13cdc9d9-ddb5-4fa4-a97d-d965ccfc6d4b" outcome="Passed" testListId="8c84fa94-04c1-424b-9868-57a2d4851a1d" relativeResultsDirectory="0ad8d67b-9ff6-412e-829e-b9b7380e67c5" /><UnitTestResult executionId="d6ca88ac-4440-4f3b-b4be-5213ff793d8e" testId="a7c06ed9-4a4d-49b8-9071-a06bd7244c84" testName="JilTests.DynamicSerializationTests.ExcludingNulls" computerName="SIEBL-4303-04" duration="00:00:00.0410000" startTime="2018-11-13T01:06:50.3441585-06:00" endTime="2018-11-13T01:06:50.3441585-06:00" testType="13cdc9d9-ddb5-4fa4-a97d-d965ccfc6d4b" outcome="Passed" testListId="8c84fa94-04c1-424b-9868-57a2d4851a1d" relativeResultsDirectory="d6ca88ac-4440-4f3b-b4be-5213ff793d8e" /><UnitTestResult executionId="051d27d7-256e-4244-9f07-092f5d529257" testId="b32c8515-3c41-42d8-949c-13b0ecd16eaf" testName="JilTests.EnumFlagsTest.TestEnumFlagsDeserialize2" computerName="SIEBL-4303-04" duration="00:00:00.0010000" startTime="2018-11-13T01:06:50.0688767-06:00" endTime="2018-11-13T01:06:50.0688767-06:00" testType="13cdc9d9-ddb5-4fa4-a97d-d965ccfc6d4b" outcome="Passed" testListId="8c84fa94-04c1-424b-9868-57a2d4851a1d" relativeResultsDirectory="051d27d7-256e-4244-9f07-092f5d529257" /><UnitTestResult executionId="bc58de65-ae83-44a6-a23e-c7fe2253ee01" testId="a9339725-946f-46af-96c5-5c5797d7a51a" testName="JilTests.DeserializeTests.EmptyAnonymousObject" computerName="SIEBL-4303-04" duration="00:00:00.0090000" startTime="2018-11-13T01:07:08.4083259-06:00" endTime="2018-11-13T01:07:08.4083259-06:00" testType="13cdc9d9-ddb5-4fa4-a97d-d965ccfc6d4b" outcome="Passed" testListId="8c84fa94-04c1-424b-9868-57a2d4851a1d" relativeResultsDirectory="bc58de65-ae83-44a6-a23e-c7fe2253ee01" /><UnitTestResult executionId="a51856bf-3b18-48b0-896b-eae2cd746eb4" testId="4bf0750b-4fdb-4b59-96b2-a195cad1625d" testName="JilTests.SerializeTests.StringsAndChars" computerName="SIEBL-4303-04" duration="00:00:00.0070000" startTime="2018-11-13T01:07:00.0660489-06:00" endTime="2018-11-13T01:07:00.0660489-06:00" testType="13cdc9d9-ddb5-4fa4-a97d-d965ccfc6d4b" outcome="Passed" testListId="8c84fa94-04c1-424b-9868-57a2d4851a1d" relativeResultsDirectory="a51856bf-3b18-48b0-896b-eae2cd746eb4" /><UnitTestResult executionId="4a15146f-447c-4a99-ba16-b3ea6e9be3a0" testId="87f0360f-c862-4f63-9749-c5ca0829938f" testName="JilTests.DeserializeDynamicTests.SignedSmallNumberTests" computerName="SIEBL-4303-04" duration="00:00:00.0980000" startTime="2018-11-13T01:06:53.5706638-06:00" endTime="2018-11-13T01:06:53.5706638-06:00" testType="13cdc9d9-ddb5-4fa4-a97d-d965ccfc6d4b" outcome="Passed" testListId="8c84fa94-04c1-424b-9868-57a2d4851a1d" relativeResultsDirectory="4a15146f-447c-4a99-ba16-b3ea6e9be3a0" /><UnitTestResult executionId="180ff4f2-4e00-4995-a74e-683b501674f5" testId="93f72f70-f243-42a8-823a-38695f5d04fa" testName="JilTests.SerializeTests.Issue150" computerName="SIEBL-4303-04" duration="00:00:00.1040000" startTime="2018-11-13T01:06:51.0292168-06:00" endTime="2018-11-13T01:06:51.0292168-06:00" testType="13cdc9d9-ddb5-4fa4-a97d-d965ccfc6d4b" outcome="Passed" testListId="8c84fa94-04c1-424b-9868-57a2d4851a1d" relativeResultsDirectory="180ff4f2-4e00-4995-a74e-683b501674f5" /><UnitTestResult executionId="a792ae95-aa94-4cf4-9667-a3c39c34f259" testId="8e89aff2-2de5-4940-9955-df8793afcb49" testName="JilTests.SerializeTests.Issue275" computerName="SIEBL-4303-04" duration="00:00:00.0540000" startTime="2018-11-13T01:06:50.3350544-06:00" endTime="2018-11-13T01:06:50.3350544-06:00" testType="13cdc9d9-ddb5-4fa4-a97d-d965ccfc6d4b" outcome="Passed" testListId="8c84fa94-04c1-424b-9868-57a2d4851a1d" relativeResultsDirectory="a792ae95-aa94-4cf4-9667-a3c39c34f259" /><UnitTestResult executionId="2846eae8-dda5-4534-8037-d5af94c11970" testId="0ffa3859-72ac-4e95-b463-c440e8464a27" testName="JilTests.SerializeTests.EnumMemberAttributeOverrideWithNoneFlags" computerName="SIEBL-4303-04" duration="00:00:00.0410000" startTime="2018-11-13T01:07:06.4960481-06:00" endTime="2018-11-13T01:07:06.4960481-06:00" testType="13cdc9d9-ddb5-4fa4-a97d-d965ccfc6d4b" outcome="Passed" testListId="8c84fa94-04c1-424b-9868-57a2d4851a1d" relativeResultsDirectory="2846eae8-dda5-4534-8037-d5af94c11970" /><UnitTestResult executionId="4c1f4f43-01b4-4763-92ae-c7e7dcfe096e" testId="c01a4742-5bfe-4e1f-9441-48fddb21078a" testName="JilTests.DynamicSerializationTests.ElasticExampleFailure" computerName="SIEBL-4303-04" duration="00:00:00.4930000" startTime="2018-11-13T01:06:50.8330974-06:00" endTime="2018-11-13T01:06:50.8330974-06:00" testType="13cdc9d9-ddb5-4fa4-a97d-d965ccfc6d4b" outcome="Passed" testListId="8c84fa94-04c1-424b-9868-57a2d4851a1d" relativeResultsDirectory="4c1f4f43-01b4-4763-92ae-c7e7dcfe096e" /><UnitTestResult executionId="04399871-cbd9-4042-b573-a5e0ee06f90f" testId="bc44fd95-7e44-4fae-83bb-44ed2686e8ed" testName="JilTests.DeserializeTests.Enums" computerName="SIEBL-4303-04" duration="00:00:00.0750000" startTime="2018-11-13T01:06:54.1712199-06:00" endTime="2018-11-13T01:06:54.1712199-06:00" testType="13cdc9d9-ddb5-4fa4-a97d-d965ccfc6d4b" outcome="Passed" testListId="8c84fa94-04c1-424b-9868-57a2d4851a1d" relativeResultsDirectory="04399871-cbd9-4042-b573-a5e0ee06f90f" /><UnitTestResult executionId="283dbe21-dd8b-4769-9125-7d7f8e69e31b" testId="f04b39d4-e8c3-4f9a-bbd0-d0eb557b5665" testName="JilTests.DeserializeDynamicTests.Issue143TimeSpan" computerName="SIEBL-4303-04" duration="00:00:00.0040000" startTime="2018-11-13T01:06:52.4328113-06:00" endTime="2018-11-13T01:06:52.4328113-06:00" testType="13cdc9d9-ddb5-4fa4-a97d-d965ccfc6d4b" outcome="Passed" testListId="8c84fa94-04c1-424b-9868-57a2d4851a1d" relativeResultsDirectory="283dbe21-dd8b-4769-9125-7d7f8e69e31b" /><UnitTestResult executionId="83cf96f4-0aaa-435d-ab6d-1d3f06780fac" testId="a78c2cfa-af7d-42b9-b56e-1e03dc7f3ddb" testName="JilTests.DeserializeTests.IReadOnlyDictionaryEnumKeys" computerName="SIEBL-4303-04" duration="00:00:00.4640000" startTime="2018-11-13T01:06:58.3740279-06:00" endTime="2018-11-13T01:06:58.3740279-06:00" testType="13cdc9d9-ddb5-4fa4-a97d-d965ccfc6d4b" outcome="Passed" testListId="8c84fa94-04c1-424b-9868-57a2d4851a1d" relativeResultsDirectory="83cf96f4-0aaa-435d-ab6d-1d3f06780fac" /><UnitTestResult executionId="209ce72a-5549-45c1-b4f3-3351153155b5" testId="ca551964-12ec-49ed-9d33-242dc79c5f59" testName="JilTests.DeserializeTests.MalformedISO8601(dateString: &quot;\&quot;0000\&quot;&quot;, expectedError: &quot;ISO8601 year 0000 cannot be converted to a DateTim&quot;...)" computerName="SIEBL-4303-04" duration="00:00:00.0010000" startTime="2018-11-13T01:06:49.6345870-06:00" endTime="2018-11-13T01:06:49.6345870-06:00" testType="13cdc9d9-ddb5-4fa4-a97d-d965ccfc6d4b" outcome="Passed" testListId="8c84fa94-04c1-424b-9868-57a2d4851a1d" relativeResultsDirectory="209ce72a-5549-45c1-b4f3-3351153155b5" /><UnitTestResult executionId="f3d36a2e-5a18-43ab-9568-1cdbbba378a3" testId="7a9bd937-5e9a-4e06-984d-e9be0729848b" testName="JilTests.DeserializeTests.MalformedISO8601(dateString: &quot;\&quot;1999-12-00\&quot;&quot;, expectedError: &quot;Expected day to be between 01 and 31&quot;)" computerName="SIEBL-4303-04" duration="00:00:00.0010000" startTime="2018-11-13T01:06:49.5865549-06:00" endTime="2018-11-13T01:06:49.5865549-06:00" testType="13cdc9d9-ddb5-4fa4-a97d-d965ccfc6d4b" outcome="Passed" testListId="8c84fa94-04c1-424b-9868-57a2d4851a1d" relativeResultsDirectory="f3d36a2e-5a18-43ab-9568-1cdbbba378a3" /><UnitTestResult executionId="dcc82fef-3c80-46e2-966d-bf3d1599bf91" testId="b4a18e51-6bf1-4c40-8993-4784b25080ba" testName="JilTests.SerializeTests.Issue231" computerName="SIEBL-4303-04" duration="00:00:00.0080000" startTime="2018-11-13T01:07:05.8702459-06:00" endTime="2018-11-13T01:07:05.8702459-06:00" testType="13cdc9d9-ddb5-4fa4-a97d-d965ccfc6d4b" outcome="Passed" testListId="8c84fa94-04c1-424b-9868-57a2d4851a1d" relativeResultsDirectory="dcc82fef-3c80-46e2-966d-bf3d1599bf91" /><UnitTestResult executionId="8b6698b8-4a41-4db4-9cc6-43afbc831d76" testId="f7fb8a51-c961-4f19-99b3-c511584a2a6e" testName="JilTests.SerializeTests.DiscriminantUnionsWithUnionType" computerName="SIEBL-4303-04" duration="00:00:05.4260000" startTime="2018-11-13T01:06:57.1159688-06:00" endTime="2018-11-13T01:06:57.1159688-06:00" testType="13cdc9d9-ddb5-4fa4-a97d-d965ccfc6d4b" outcome="Passed" testListId="8c84fa94-04c1-424b-9868-57a2d4851a1d" relativeResultsDirectory="8b6698b8-4a41-4db4-9cc6-43afbc831d76" /><UnitTestResult executionId="f14c4998-14f6-42b6-b9a3-c77c10ecbd63" testId="6d6478ad-8b8d-49da-95a2-dd163baa16fe" testName="JilTests.SerializeTests.DictionaryValueType" computerName="SIEBL-4303-04" duration="00:00:00.0760000" startTime="2018-11-13T01:06:57.6173012-06:00" endTime="2018-11-13T01:06:57.6173012-06:00" testType="13cdc9d9-ddb5-4fa4-a97d-d965ccfc6d4b" outcome="Passed" testListId="8c84fa94-04c1-424b-9868-57a2d4851a1d" relativeResultsDirectory="f14c4998-14f6-42b6-b9a3-c77c10ecbd63" /><UnitTestResult executionId="77e5f0c2-861f-42fe-a35b-4c414ce6d946" testId="b36903e0-1bc9-4cd1-abcd-208b6d7f703c" testName="JilTests.DeserializeTests.Interface" computerName="SIEBL-4303-04" duration="00:00:00.1120000" startTime="2018-11-13T01:06:54.2832937-06:00" endTime="2018-11-13T01:06:54.2832937-06:00" testType="13cdc9d9-ddb5-4fa4-a97d-d965ccfc6d4b" outcome="Passed" testListId="8c84fa94-04c1-424b-9868-57a2d4851a1d" relativeResultsDirectory="77e5f0c2-861f-42fe-a35b-4c414ce6d946" /><UnitTestResult executionId="dcaf8b90-0b08-4b70-85b1-7186ca8e944e" testId="977a73e0-4fdd-4eec-b02c-926bb0139a24" testName="JilTests.SerializeTests.UnspecifiedToLocal" computerName="SIEBL-4303-04" duration="00:00:00.0070000" startTime="2018-11-13T01:06:51.6774877-06:00" endTime="2018-11-13T01:06:51.6774877-06:00" testType="13cdc9d9-ddb5-4fa4-a97d-d965ccfc6d4b" outcome="Passed" testListId="8c84fa94-04c1-424b-9868-57a2d4851a1d" relativeResultsDirectory="dcaf8b90-0b08-4b70-85b1-7186ca8e944e" /><UnitTestResult executionId="890a7d1e-4cae-4c5b-955a-2a0861f261e2" testId="680ebf4f-f069-47c0-9f49-f6a64a6a312a" testName="JilTests.DeserializeTests.CaseInsensitiveEnums" computerName="SIEBL-4303-04" duration="00:00:00.0740000" startTime="2018-11-13T01:07:00.7891697-06:00" endTime="2018-11-13T01:07:00.7891697-06:00" testType="13cdc9d9-ddb5-4fa4-a97d-d965ccfc6d4b" outcome="Passed" testListId="8c84fa94-04c1-424b-9868-57a2d4851a1d" relativeResultsDirectory="890a7d1e-4cae-4c5b-955a-2a0861f261e2" /><UnitTestResult executionId="396cea0c-8973-447f-8eb0-36860bb33865" testId="14692031-741c-4485-8141-7ad690b4ce95" testName="JilTests.DeserializeTests.ILists" computerName="SIEBL-4303-04" duration="00:00:00.1870000" startTime="2018-11-13T01:06:58.5610954-06:00" endTime="2018-11-13T01:06:58.5610954-06:00" testType="13cdc9d9-ddb5-4fa4-a97d-d965ccfc6d4b" outcome="Passed" testListId="8c84fa94-04c1-424b-9868-57a2d4851a1d" relativeResultsDirectory="396cea0c-8973-447f-8eb0-36860bb33865" /><UnitTestResult executionId="14b56480-42f5-45a1-b2ae-00eeb364323c" testId="8cfa03f5-d0d3-46e4-99cc-f0fc9d1bc160" testName="JilTests.SerializeTests.MicrosoftDateTimeOffsets" computerName="SIEBL-4303-04" duration="00:00:00.0020000" startTime="2018-11-13T01:07:02.1799971-06:00" endTime="2018-11-13T01:07:02.1799971-06:00" testType="13cdc9d9-ddb5-4fa4-a97d-d965ccfc6d4b" outco
[...]
9360528-7258-49c7-954c-c72d6b8b4f53" testListId="8c84fa94-04c1-424b-9868-57a2d4851a1d" /><TestEntry testId="1e99afe6-3499-4184-a799-c89b20ae067e" executionId="d35a6cb5-0cdb-4668-94a7-e0265016ffec" testListId="8c84fa94-04c1-424b-9868-57a2d4851a1d" /><TestEntry testId="a64138bf-9f93-4c9e-b462-85874142e58b" executionId="96456f55-df72-4f41-80a9-8524819a2353" testListId="8c84fa94-04c1-424b-9868-57a2d4851a1d" /><TestEntry testId="803ba899-53a3-4b52-ad42-bb0d71a9fab0" executionId="5bb400d9-408c-4e21-8020-a31cf36c678d" testListId="8c84fa94-04c1-424b-9868-57a2d4851a1d" /><TestEntry testId="63d36f51-771f-4c73-94ee-c977e1475061" executionId="373db666-d548-4a09-8b59-ebd6ce8a6e99" testListId="8c84fa94-04c1-424b-9868-57a2d4851a1d" /><TestEntry testId="c0384fc7-8ebe-4f4c-99c5-308f28355af0" executionId="3a54b590-525b-4c2a-a263-b5d18f675e71" testListId="8c84fa94-04c1-424b-9868-57a2d4851a1d" /><TestEntry testId="eb706267-8161-495c-8bc5-a65158a5facd" executionId="14d6687f-b73e-44fd-aba4-2d9901ff9539" testListId="8c84fa94-04c1-424b-9868-57a2d4851a1d" /><TestEntry testId="4be1808f-6ba7-4f78-b99e-6275f10fd89c" executionId="f6331feb-98a0-4f9c-8fa0-533b86ae088c" testListId="8c84fa94-04c1-424b-9868-57a2d4851a1d" /><TestEntry testId="a0f16c7d-54b9-4b33-9a38-e50448795103" executionId="7ec15fa8-8f56-4393-b1ec-669c24c85346" testListId="8c84fa94-04c1-424b-9868-57a2d4851a1d" /><TestEntry testId="bd0c5c48-ca01-4376-ab88-81edf589f46d" executionId="d0967dbb-0404-456f-8f54-927005d0263f" testListId="8c84fa94-04c1-424b-9868-57a2d4851a1d" /><TestEntry testId="44a23519-d237-4fc3-8dd3-76940f2d02a8" executionId="15d3493a-27a2-41f8-b896-fea9e7c6ad60" testListId="8c84fa94-04c1-424b-9868-57a2d4851a1d" /><TestEntry testId="bbe5e0d3-afa7-49e9-984e-128592f48982" executionId="9393836f-8493-4443-a2fe-50febdd9aa84" testListId="8c84fa94-04c1-424b-9868-57a2d4851a1d" /><TestEntry testId="6a067884-b741-45e4-922e-5da9d1fabe06" executionId="8b80acc1-af2c-4abf-b13a-641aa47d99b4" testListId="8c84fa94-04c1-424b-9868-57a2d4851a1d" /><TestEntry testId="1b4c2f92-66a6-492a-9312-e211b77b4e6b" executionId="e3ecf8dc-a716-408a-977c-dfbb701530f1" testListId="8c84fa94-04c1-424b-9868-57a2d4851a1d" /><TestEntry testId="6cf6b3f1-812a-4939-8c38-647db5b6594a" executionId="e1c11a68-71df-4c03-a524-11833c2d0676" testListId="8c84fa94-04c1-424b-9868-57a2d4851a1d" /><TestEntry testId="99350d7c-b5d3-4eeb-a869-af00521b0e93" executionId="dc7edbdb-97a7-440c-85dd-49b8d56a8a77" testListId="8c84fa94-04c1-424b-9868-57a2d4851a1d" /><TestEntry testId="d331ac5f-98ca-4352-a0e3-f9b0d3f2b326" executionId="0b3bec18-5ec4-49f0-8f93-bf91950f72fe" testListId="8c84fa94-04c1-424b-9868-57a2d4851a1d" /><TestEntry testId="c956e6c1-bbaf-4f83-83e8-475fe619184b" executionId="11482f02-8213-4f97-ba59-07af1a6aa52e" testListId="8c84fa94-04c1-424b-9868-57a2d4851a1d" /><TestEntry testId="10d8e601-ad48-4140-acd3-b7a56ed73d5c" executionId="200f4505-f61f-457a-9e13-08b6371dfd79" testListId="8c84fa94-04c1-424b-9868-57a2d4851a1d" /><TestEntry testId="1e354849-888d-43a2-a659-e8baab3ccbf3" executionId="07193c75-e966-4995-a25f-20b45dda63e3" testListId="8c84fa94-04c1-424b-9868-57a2d4851a1d" /><TestEntry testId="faaf48c9-8c01-4f3a-af5b-487e6fe5de9b" executionId="97fb5548-5edc-4fd9-9c29-445fc2a9371f" testListId="8c84fa94-04c1-424b-9868-57a2d4851a1d" /><TestEntry testId="391954dc-7ba1-4db3-b11c-df9592422535" executionId="049f8984-92de-41dd-96ae-dca1824a48a8" testListId="8c84fa94-04c1-424b-9868-57a2d4851a1d" /><TestEntry testId="b4297d36-6fdf-441f-84e1-0877e86c62e0" executionId="de581a3e-03bc-4096-8f9d-6f2355c15b51" testListId="8c84fa94-04c1-424b-9868-57a2d4851a1d" /><TestEntry testId="00dfd8ef-2f4a-488d-b4e9-4dbd083163ec" executionId="9f494066-7c4c-4972-bb93-5df0feb099c6" testListId="8c84fa94-04c1-424b-9868-57a2d4851a1d" /><TestEntry testId="cc961938-b98b-4fc6-9891-244e6505f24e" executionId="dbed5b31-41c6-49cb-8fdd-27c0d417c4d1" testListId="8c84fa94-04c1-424b-9868-57a2d4851a1d" /><TestEntry testId="c139b87f-afc6-404a-ba31-0e8180a4f662" executionId="8580b433-89da-41e7-93bf-1e904ebaf086" testListId="8c84fa94-04c1-424b-9868-57a2d4851a1d" /><TestEntry testId="2e42f75b-2467-4119-90a7-4f9c95187458" executionId="50a10d65-f96a-462b-a4ee-7edf6eb0fa91" testListId="8c84fa94-04c1-424b-9868-57a2d4851a1d" /><TestEntry testId="f750cdbe-0fac-408f-8460-c823dfbba740" executionId="4bfe09c0-b95c-436a-8678-05d6c157a24d" testListId="8c84fa94-04c1-424b-9868-57a2d4851a1d" /><TestEntry testId="4abc3550-b2c4-4501-801f-5d948222ce4a" executionId="e279032d-5cf5-4eed-b2a4-85ae47b78d7b" testListId="8c84fa94-04c1-424b-9868-57a2d4851a1d" /><TestEntry testId="56c66e23-7a69-4584-8f64-6e96ecbc4494" executionId="debdacd8-fd16-48f2-a7df-ab736d455bb4" testListId="8c84fa94-04c1-424b-9868-57a2d4851a1d" /><TestEntry testId="52f2ca8b-d34f-4d1b-aadf-b950ebcde1ff" executionId="9e455691-5c58-49d8-ae9a-35f2fc2c12f1" testListId="8c84fa94-04c1-424b-9868-57a2d4851a1d" /><TestEntry testId="0002ae38-5938-47ba-a644-c7694b00ff71" executionId="e284195e-43a6-46b1-8fce-da008a88da3b" testListId="8c84fa94-04c1-424b-9868-57a2d4851a1d" /><TestEntry testId="bd6ef054-0fba-4656-8544-635bd42ae773" executionId="1ee32287-cbc5-464b-b500-f2ec5e92f8e9" testListId="8c84fa94-04c1-424b-9868-57a2d4851a1d" /><TestEntry testId="df5f38c0-d08e-458f-a793-561883a8f0ec" executionId="1ecef77e-e0e3-4e3b-8bb6-a481caed97bb" testListId="8c84fa94-04c1-424b-9868-57a2d4851a1d" /><TestEntry testId="d04efd7f-c398-445c-a18c-59388adda57d" executionId="54ac0afe-c965-46f4-a968-892fdd488a4c" testListId="8c84fa94-04c1-424b-9868-57a2d4851a1d" /><TestEntry testId="87ff4070-1056-467e-ab54-539660c1365b" executionId="c2323537-76db-42d1-b6b3-452d7eaceee8" testListId="8c84fa94-04c1-424b-9868-57a2d4851a1d" /><TestEntry testId="2c32ab76-fd9f-4924-932f-0728f031ad1c" executionId="5a4addce-6abd-43b0-b5f0-8daff9c6b0e3" testListId="8c84fa94-04c1-424b-9868-57a2d4851a1d" /><TestEntry testId="347e88f7-6aa9-4063-a650-2eebe67a99fa" executionId="bc38ded5-34e3-46eb-ab79-06d70828e1e4" testListId="8c84fa94-04c1-424b-9868-57a2d4851a1d" /><TestEntry testId="67d417d4-c4fb-4ffc-937e-7693cc310efb" executionId="ec3891d9-1764-4e99-879c-670c76def124" testListId="8c84fa94-04c1-424b-9868-57a2d4851a1d" /><TestEntry testId="4ef0cdc8-70aa-4681-8460-de1206a2b307" executionId="0f23de52-7d1f-433c-99b3-e9e7c3e0f7a3" testListId="8c84fa94-04c1-424b-9868-57a2d4851a1d" /><TestEntry testId="be4c27d1-5b37-49c9-b85b-9940e6f842ca" executionId="78b31c15-fbd6-42ba-8990-9944af9d0cb1" testListId="8c84fa94-04c1-424b-9868-57a2d4851a1d" /><TestEntry testId="ce2d03c6-970f-4a6c-9568-816189e323a7" executionId="46040f71-e60c-4e81-a78e-10cfb636927c" testListId="8c84fa94-04c1-424b-9868-57a2d4851a1d" /><TestEntry testId="97613af3-a1a2-40b1-9274-591ec6569b4a" executionId="3599d9c9-4f39-4b35-a34d-8c3b9a608118" testListId="8c84fa94-04c1-424b-9868-57a2d4851a1d" /><TestEntry testId="9ee996ff-4985-44bf-9da0-fa0961622157" executionId="e7ff1447-b305-4e26-a988-ff437b56fb1a" testListId="8c84fa94-04c1-424b-9868-57a2d4851a1d" /><TestEntry testId="241120a2-6bc1-4ce1-b74d-bd93b1dd0fd5" executionId="7657be5e-e006-47dd-bf40-dd2d83194fff" testListId="8c84fa94-04c1-424b-9868-57a2d4851a1d" /><TestEntry testId="ad4d9efe-7961-4bb6-baf5-d2f9ecfc5a7b" executionId="e23ee04e-b48b-40f8-9995-7324d2a82fad" testListId="8c84fa94-04c1-424b-9868-57a2d4851a1d" /><TestEntry testId="86e6b71f-dc57-43c4-8448-19b216a376a7" executionId="cf4a26a0-b6ad-4c51-b4a9-aacbdf675052" testListId="8c84fa94-04c1-424b-9868-57a2d4851a1d" /><TestEntry testId="cdb26b49-0e6f-492d-aa1c-8bb5a9e67071" executionId="94182f57-b6ee-43de-960f-ac8621f1919a" testListId="8c84fa94-04c1-424b-9868-57a2d4851a1d" /><TestEntry testId="bc07f30f-5618-48ec-8063-e94a2bd470dd" executionId="609bec7b-4a3e-4a41-8604-56252e64971e" testListId="8c84fa94-04c1-424b-9868-57a2d4851a1d" /><TestEntry testId="5350b61f-467d-4a0b-8821-389dad02cac6" executionId="ed75ca68-4a5c-412f-9074-62a144d37498" testListId="8c84fa94-04c1-424b-9868-57a2d4851a1d" /><TestEntry testId="0f018871-488c-4f58-a4ef-79e6e0e6ee9f" executionId="286a22dc-9d9c-4eae-99f1-9badbf00c181" testListId="8c84fa94-04c1-424b-9868-57a2d4851a1d" /><TestEntry testId="09c7d1bf-e678-4b5d-a888-c2c7528e5404" executionId="c569f571-9c36-4abc-be25-842c36d4fb77" testListId="8c84fa94-04c1-424b-9868-57a2d4851a1d" /><TestEntry testId="2d23537c-9380-4e6a-b2d3-94e6594c3256" executionId="34bb7d6c-3d74-4480-9ccb-2f42566f2ec8" testListId="8c84fa94-04c1-424b-9868-57a2d4851a1d" /><TestEntry testId="4309dab5-451b-486c-816f-58f841abc2f8" executionId="98925caf-b568-46bc-a7b4-b7c5bf2e47b0" testListId="8c84fa94-04c1-424b-9868-57a2d4851a1d" /><TestEntry testId="ac7f4e62-3ffa-4ffc-a1a9-fc6e7f9fc0b9" executionId="153e84ff-f769-45e0-9d44-44a175e70278" testListId="8c84fa94-04c1-424b-9868-57a2d4851a1d" /><TestEntry testId="f0236ade-a880-4597-984f-31d7664f0b3f" executionId="071eeb3c-6e69-4dc9-9ffc-61d0ba8a967d" testListId="8c84fa94-04c1-424b-9868-57a2d4851a1d" /><TestEntry testId="783b42e8-fe08-4fd6-83b0-807257e753ff" executionId="45b50d01-1a7b-41c3-a29f-32077f5df3cb" testListId="8c84fa94-04c1-424b-9868-57a2d4851a1d" /><TestEntry testId="85e2e1c3-e5cc-455f-82ce-835c80f0c094" executionId="800c6d22-bc8f-4cb9-a2bc-cc0c6b5ab815" testListId="8c84fa94-04c1-424b-9868-57a2d4851a1d" /><TestEntry testId="672d70d2-e818-490d-bf9a-f0addd884304" executionId="e502d796-d37d-4ce5-a25c-ee946b942d98" testListId="8c84fa94-04c1-424b-9868-57a2d4851a1d" /><TestEntry testId="dd38a4fa-7220-4b81-9ea1-35d8bbb58772" executionId="2dde87b7-0bf3-4905-946a-c8a113291185" testListId="8c84fa94-04c1-424b-9868-57a2d4851a1d" /><TestEntry testId="25abd38d-cd26-4a20-88c8-039d2cd56407" executionId="06eafb2a-61f3-47bb-929d-33ef7211208e" testListId="8c84fa94-04c1-424b-9868-57a2d4851a1d" /><TestEntry testId="4feeaab8-bdb9-44ba-88c4-62b8303bccc5" executionId="3f9116bb-69e9-4896-af47-8319f8cd2e46" testListId="8c84fa94-04c1-424b-9868-57a2d4851a1d" /><TestEntry testId="04f25683-3060-4ce0-8502-b3afc935b0af" executionId="324b8484-a81b-44f4-8530-6d56582e38f8" testListId="8c84fa94-04c1-424b-9868-57a2d4851a1d" /><TestEntry testId="c974673d-685c-48de-8d01-779bc936427f" executionId="897c7542-1d88-4f8a-b776-90562c2d2254" testListId="8c84fa94-04c1-424b-9868-57a2d4851a1d" /><TestEntry testId="3166b0c2-dc44-44a2-8656-7f97222b1ed0" executionId="47a461ba-cc30-4ca6-9e5b-1034bc3e9b76" testListId="8c84fa94-04c1-424b-9868-57a2d4851a1d" /><TestEntry testId="9467479c-3311-4821-a0b2-f7e72823ece0" executionId="00a7846f-4907-47c9-a2dc-e94ef2d0b2d8" testListId="8c84fa94-04c1-424b-9868-57a2d4851a1d" /><TestEntry testId="e6ee3e69-c36b-4f51-a9fc-472ab5c64964" executionId="0c82c555-f464-4eb5-83e3-157cc12e9c97" testListId="8c84fa94-04c1-424b-9868-57a2d4851a1d" /><TestEntry testId="86333e89-d82b-4438-a2db-0212722fe619" executionId="f1e46d67-7e02-49bc-813e-b79a8352997d" testListId="8c84fa94-04c1-424b-9868-57a2d4851a1d" /><TestEntry testId="ab4da737-a819-4a77-82d5-fe489cb9632a" executionId="8f69e79e-71cb-48f7-8ac3-e38918867e48" testListId="8c84fa94-04c1-424b-9868-57a2d4851a1d" /><TestEntry testId="fe8e0ce7-ff61-4c4e-a073-7dbf5b854c34" executionId="94c1494f-daff-4b5b-8234-6d59a813b9ed" testListId="8c84fa94-04c1-424b-9868-57a2d4851a1d" /><TestEntry testId="23ea7a78-24b6-4f95-8fb7-59b9b348e5cb" executionId="94b2df1e-f80a-4533-aaaa-861132834430" testListId="8c84fa94-04c1-424b-9868-57a2d4851a1d" /><TestEntry testId="4cad912b-1829-4a03-a91e-3db73d45477b" executionId="befed6e5-ba1a-4aac-a33a-b68df947e9da" testListId="8c84fa94-04c1-424b-9868-57a2d4851a1d" /><TestEntry testId="b5fc7a76-b7a5-4a66-b96f-7681a49fc0c4" executionId="b41607ae-66eb-4988-b2a4-a207972ee0d1" testListId="8c84fa94-04c1-424b-9868-57a2d4851a1d" /><TestEntry testId="1f12f1bc-b309-429e-9419-ea5f7236337b" executionId="7db9a7cd-e51c-4ae1-bb8b-a244543e8e1a" testListId="8c84fa94-04c1-424b-9868-57a2d4851a1d" /><TestEntry testId="1f312333-44ea-4d83-90a0-50355abbf151" executionId="b0f402aa-46d7-4a89-a08d-85f59a8d16af" testListId="8c84fa94-04c1-424b-9868-57a2d4851a1d" /><TestEntry testId="5fc3970d-e202-4164-95b1-34b37d45aa94" executionId="36cae4dd-a580-4c20-8607-c1a995f9f704" testListId="8c84fa94-04c1-424b-9868-57a2d4851a1d" /><TestEntry testId="f4b92fe0-8e5a-4115-8b48-17d9af36b073" executionId="b32d7861-9c22-4ad4-83fe-203f2d488437" testListId="8c84fa94-04c1-424b-9868-57a2d4851a1d" /><TestEntry testId="5d5f46b6-64c9-4fb2-ab1d-614bc0fab860" executionId="4771b836-e2b0-4836-9677-ce74188ae086" testListId="8c84fa94-04c1-424b-9868-57a2d4851a1d" /><TestEntry testId="f6bfaea5-7eb0-4e3e-a934-7cdebe626394" executionId="58cdd59a-dae7-46a8-b594-2521955d34e1" testListId="8c84fa94-04c1-424b-9868-57a2d4851a1d" /><TestEntry testId="d49c3405-8239-4772-9785-aeecb0469dc3" executionId="a13cfd28-5894-449f-a134-cf8bbd3a6f09" testListId="8c84fa94-04c1-424b-9868-57a2d4851a1d" /><TestEntry testId="a7582535-bae5-4bd1-8cff-211bc86ab8c2" executionId="7bdc472e-6bdd-4832-b611-b9371e3d28be" testListId="8c84fa94-04c1-424b-9868-57a2d4851a1d" /><TestEntry testId="79de9aab-ab6d-4520-9d4a-0c700b04fe5b" executionId="f89d34e8-dd54-4450-93ab-32e6f164b759" testListId="8c84fa94-04c1-424b-9868-57a2d4851a1d" /><TestEntry testId="63f778e6-76cc-4ff4-b062-99f876241851" executionId="b6ec7ed6-32cd-49ed-945b-89e1491bd2dd" testListId="8c84fa94-04c1-424b-9868-57a2d4851a1d" /><TestEntry testId="3252f2aa-b0bb-41ea-bdad-747886803662" executionId="f83c2cf2-213a-47d1-a347-7987691d8616" testListId="8c84fa94-04c1-424b-9868-57a2d4851a1d" /><TestEntry testId="27a964d0-ca3b-42f2-9513-306a760fde78" executionId="8cd3dbc9-a806-4a78-8faa-280d86ee249a" testListId="8c84fa94-04c1-424b-9868-57a2d4851a1d" /><TestEntry testId="8135efa0-60aa-40da-a509-ad1752fdf076" executionId="31526836-1bd5-4a66-aba3-840c8892bc07" testListId="8c84fa94-04c1-424b-9868-57a2d4851a1d" /><TestEntry testId="62d6ea3c-1c47-449b-a1c6-87e66f7b616a" executionId="a07f0dfe-911c-4a11-a157-b59a2612cfb2" testListId="8c84fa94-04c1-424b-9868-57a2d4851a1d" /><TestEntry testId="6c592dd7-8634-4513-a62e-d40cf7f0694e" executionId="848751c5-39a1-49bc-9906-a87e908c8fd9" testListId="8c84fa94-04c1-424b-9868-57a2d4851a1d" /><TestEntry testId="bf2fc541-3366-4ee9-939f-77c20dad6a7a" executionId="f9674336-6b8f-41c8-ade8-8e2e180afe17" testListId="8c84fa94-04c1-424b-9868-57a2d4851a1d" /><TestEntry testId="f0cfa33d-efde-4769-99be-1803bd3a4fb5" executionId="7a7bcdfa-d18e-4e6a-8090-dd6d935cee78" testListId="8c84fa94-04c1-424b-9868-57a2d4851a1d" /><TestEntry testId="a00cda59-08d9-4d0f-b154-da528181709c" executionId="f569ce39-54af-475e-8aee-3ab55cdfb13c" testListId="8c84fa94-04c1-424b-9868-57a2d4851a1d" /><TestEntry testId="eec3f3a1-bcdc-4808-83e5-ad2cb2de0a21" executionId="f5eb94c4-eac6-4798-a8d5-5395b67b58e5" testListId="8c84fa94-04c1-424b-9868-57a2d4851a1d" /><TestEntry testId="b5683a36-ce3a-4904-beb2-2827ebbc9167" executionId="33e03188-82de-494e-9834-c8de2b5742db" testListId="8c84fa94-04c1-424b-9868-57a2d4851a1d" /><TestEntry testId="57705c2e-da17-42f3-a296-93c6e45e439c" executionId="651159cd-b6fe-4f75-913a-047e9cc73b57" testListId="8c84fa94-04c1-424b-9868-57a2d4851a1d" /><TestEntry testId="e7c454e8-2611-43c2-bc00-7ef54337f5fb" executionId="81ad7cdc-088b-4e00-8f86-23869e957dbd" testListId="8c84fa94-04c1-424b-9868-57a2d4851a1d" /><TestEntry testId="11642092-9430-41c3-800c-84cef26f1051" executionId="184241cf-b370-4b78-80f5-045fdefb4a84" testListId="8c84fa94-04c1-424b-9868-57a2d4851a1d" /><TestEntry testId="7ffac395-35b0-4b0f-abdf-4a5bc52b9a8b" executionId="813e7eb8-55cb-433d-a8bc-50c9eab2f3af" testListId="8c84fa94-04c1-424b-9868-57a2d4851a1d" /><TestEntry testId="1cc53e60-8e4a-46d3-94e9-8b0c582f8cb8" executionId="8f199da4-a607-4668-9911-f9869ba4817b" testListId="8c84fa94-04c1-424b-9868-57a2d4851a1d" /><TestEntry testId="93b73441-4558-4464-b22c-f567b971d5c5" executionId="5fa86b70-96f5-40a1-8a02-88a1b3ba0463" testListId="8c84fa94-04c1-424b-9868-57a2d4851a1d" /><TestEntry testId="bb98c01f-accb-4b3c-b180-056bd8769a68" executionId="da7a7a35-0eb7-4759-aea6-f8b948825c13" testListId="8c84fa94-04c1-424b-9868-57a2d4851a1d" /><TestEntry testId="bf5189e4-3da7-454f-a22c-79d097f1d82e" executionId="c7d68f42-71f4-435f-9a7b-b5ac657a87fa" testListId="8c84fa94-04c1-424b-9868-57a2d4851a1d" /><TestEntry testId="bedc7259-e258-4091-929e-445235b66357" executionId="a96f91aa-f3c3-4587-a5b0-9d365b1a63f8" testListId="8c84fa94-04c1-424b-9868-57a2d4851a1d" /><TestEntry testId="bab2314a-ec53-4354-a7c0-8f64bad9d879" executionId="3bc1e797-e99f-4c72-b43b-c91725da5b16" testListId="8c84fa94-04c1-424b-9868-57a2d4851a1d" /><TestEntry testId="dd4845f7-5d3f-4026-9247-d8295f6325ae" executionId="811278ba-71d1-404b-a8fd-018a5f0a84b4" testListId="8c84fa94-04c1-424b-9868-57a2d4851a1d" /><TestEntry testId="3aa4291f-ef75-4688-966c-9ea1ff035d81" executionId="3d5c2327-02ff-4aeb-af69-bb2a7ddb05bc" testListId="8c84fa94-04c1-424b-9868-57a2d4851a1d" /><TestEntry testId="39c5ef77-74e5-4795-a8f0-803e994922dd" executionId="bae44390-bbe6-4d8a-8c83-3a7326606132" testListId="8c84fa94-04c1-424b-9868-57a2d4851a1d" /><TestEntry testId="a242063a-1354-4dfa-81e3-b46917e717a1" executionId="34e92001-b8c4-4048-b343-3f03b5d54764" testListId="8c84fa94-04c1-424b-9868-57a2d4851a1d" /><TestEntry testId="b53e1d0a-b63f-449a-91e3-0090e178c39f" executionId="34a269ad-d688-4c47-a3fd-326d95081860" testListId="8c84fa94-04c1-424b-9868-57a2d4851a1d" /><TestEntry testId="ad566697-9ad2-4c84-b911-3a3d4c1457b3" executionId="08a41fa8-c1af-4e1d-94eb-9d89476fb19f" testListId="8c84fa94-04c1-424b-9868-57a2d4851a1d" /><TestEntry testId="82faf6b7-0ec6-486f-b6bf-98bbbd95669a" executionId="71254d5e-59b4-41a5-ac75-2e42a29805bb" testListId="8c84fa94-04c1-424b-9868-57a2d4851a1d" /><TestEntry testId="1028773a-8f63-4e40-a871-29ea77372222" executionId="5b301f52-55b5-4e98-9e17-20318010a690" testListId="8c84fa94-04c1-424b-9868-57a2d4851a1d" /><TestEntry testId="10dd0004-18f4-4e8a-8bb7-b8b549f0e6b1" executionId="b404f7d3-8d3c-4a19-ac18-11140ec3e07c" testListId="8c84fa94-04c1-424b-9868-57a2d4851a1d" /><TestEntry testId="cbfd07df-f4cd-482e-9f5f-4ed3f8d0aae9" executionId="95d6c117-87f1-40f6-8bec-a7adf838bd43" testListId="8c84fa94-04c1-424b-9868-57a2d4851a1d" /><TestEntry testId="4e31120f-d8f7-4ba0-9420-03289ae9c3fd" executionId="5ae88980-6311-414d-9060-c2d8d147befd" testListId="8c84fa94-04c1-424b-9868-57a2d4851a1d" /><TestEntry testId="b04657f5-4b16-45ff-8067-8d35bedfe6d0" executionId="d6f95f60-802e-40ae-baf9-ba56c35b1b34" testListId="8c84fa94-04c1-424b-9868-57a2d4851a1d" /></TestEntries><TestLists><TestList name="Results Not in a List" id="8c84fa94-04c1-424b-9868-57a2d4851a1d" /><TestList name="All Loaded Results" id="19431567-8539-422a-85d7-44ee4e166bda" /></TestLists><ResultSummary outcome="Failed"><Counters total="400" executed="400" passed="399" failed="1" error="0" timeout="0" aborted="0" inconclusive="0" passedButRunAborted="0" notRunnable="0" notExecuted="0" disconnected="0" warning="0" completed="0" inProgress="0" pending="0" /><Output><StdOut>[xUnit.net 00:00:00.0029691] xUnit.net VSTest Adapter v2.4.0-beta.1.build3958 (32-bit Desktop .NET 4.0.30319.42000)[xUnit.net 00:00:00.3029710]   Discovering: JilTests[xUnit.net 00:00:00.5116690]   Discovered:  JilTests[xUnit.net 00:00:00.5155123]   Starting:    JilTests[xUnit.net 00:00:08.6777309]       Assert.Equal() Failure[xUnit.net 00:00:08.6777723]                                        ↓ (pos 26)[xUnit.net 00:00:08.6778049]       Expected: ···11-13T01:06:57.2980900-06:00"[xUnit.net 00:00:08.6778314]       Actual:   ···11-13T01:06:57.29809-06:00"[xUnit.net 00:00:08.6778568]                                        ↑ (pos 26)[xUnit.net 00:00:08.6784584]       Stack Trace:[xUnit.net 00:00:08.6791095]         C:\Users\dt-impact\ftsubs\mstest\kevin-montrose_Jil-8a5af0f\JilTests\SerializeTests.cs(8151,0): at JilTests.SerializeTests.ISO8601WithOffset()[xUnit.net 00:00:19.7537925]   Finished:    JilTests</StdOut></Output><RunInfos><RunInfo computerName="SIEBL-4303-04" outcome="Error" timestamp="2018-11-13T01:06:57.3384647-06:00"><Text>[xUnit.net 00:00:08.6768549]     JilTests.SerializeTests.ISO8601WithOffset [FAIL]</Text></RunInfo></RunInfos></ResultSummary></TestRun>